[0.851s] Invoking command in '/home/zzw/ws02_tools/src/py02_rosbag': PYTHONPATH=/home/zzw/ws02_tools/build/py02_rosbag/prefix_override:/home/zzw/ws02_tools/install/py02_rosbag/lib/python3.10/site-packages:${PYTHONPATH} /usr/bin/python3 setup.py egg_info --egg-base ../../build/py02_rosbag build --build-base /home/zzw/ws02_tools/build/py02_rosbag/build install --record /home/zzw/ws02_tools/build/py02_rosbag/install.log --single-version-externally-managed
[1.169s] running egg_info
[1.169s] writing ../../build/py02_rosbag/py02_rosbag.egg-info/PKG-INFO
[1.170s] writing dependency_links to ../../build/py02_rosbag/py02_rosbag.egg-info/dependency_links.txt
[1.170s] writing entry points to ../../build/py02_rosbag/py02_rosbag.egg-info/entry_points.txt
[1.170s] writing requirements to ../../build/py02_rosbag/py02_rosbag.egg-info/requires.txt
[1.171s] writing top-level names to ../../build/py02_rosbag/py02_rosbag.egg-info/top_level.txt
[1.173s] reading manifest file '../../build/py02_rosbag/py02_rosbag.egg-info/SOURCES.txt'
[1.174s] writing manifest file '../../build/py02_rosbag/py02_rosbag.egg-info/SOURCES.txt'
[1.174s] running build
[1.175s] running build_py
[1.175s] running install
[1.176s] /usr/lib/python3/dist-packages/setuptools/command/install.py:34: SetuptoolsDeprecationWarning: setup.py install is deprecated. Use build and pip and other standards-based tools.
[1.176s]   warnings.warn(
[1.176s] running install_lib
[1.176s] running install_data
[1.177s] running install_egg_info
[1.179s] removing '/home/zzw/ws02_tools/install/py02_rosbag/lib/python3.10/site-packages/py02_rosbag-0.0.0-py3.10.egg-info' (and everything under it)
[1.180s] Copying ../../build/py02_rosbag/py02_rosbag.egg-info to /home/zzw/ws02_tools/install/py02_rosbag/lib/python3.10/site-packages/py02_rosbag-0.0.0-py3.10.egg-info
[1.184s] running install_scripts
[1.210s] Installing demo01_writer_py script to /home/zzw/ws02_tools/install/py02_rosbag/lib/py02_rosbag
[1.211s] Installing demo02_reader_py script to /home/zzw/ws02_tools/install/py02_rosbag/lib/py02_rosbag
[1.212s] writing list of installed files to '/home/zzw/ws02_tools/build/py02_rosbag/install.log'
[1.260s] Invoked command in '/home/zzw/ws02_tools/src/py02_rosbag' returned '0': PYTHONPATH=/home/zzw/ws02_tools/build/py02_rosbag/prefix_override:/home/zzw/ws02_tools/install/py02_rosbag/lib/python3.10/site-packages:${PYTHONPATH} /usr/bin/python3 setup.py egg_info --egg-base ../../build/py02_rosbag build --build-base /home/zzw/ws02_tools/build/py02_rosbag/build install --record /home/zzw/ws02_tools/build/py02_rosbag/install.log --single-version-externally-managed
