[0.559s] DEBUG:colcon:Command line arguments: ['/usr/bin/colcon', 'build', '--packages-select', 'py05_exercise']
[0.559s] DEBUG:colcon:Parsed command line arguments: Namespace(log_base=None, log_level=None, verb_name='build', build_base='build', install_base='install', merge_install=False, symlink_install=False, test_result_base=None, continue_on_error=False, executor='parallel', parallel_workers=8, event_handlers=None, ignore_user_meta=False, metas=['./colcon.meta'], base_paths=['.'], packages_ignore=None, packages_ignore_regex=None, paths=None, packages_up_to=None, packages_up_to_regex=None, packages_above=None, packages_above_and_dependencies=None, packages_above_depth=None, packages_select_by_dep=None, packages_skip_by_dep=None, packages_skip_up_to=None, packages_select_build_failed=False, packages_skip_build_finished=False, packages_select_test_failures=False, packages_skip_test_passed=False, packages_select=['py05_exercise'], packages_skip=None, packages_select_regex=None, packages_skip_regex=None, packages_start=None, packages_end=None, allow_overriding=[], cmake_args=None, cmake_target=None, cmake_target_skip_unavailable=False, cmake_clean_cache=False, cmake_clean_first=False, cmake_force_configure=False, ament_cmake_args=None, catkin_cmake_args=None, catkin_skip_building_tests=False, verb_parser=<colcon_defaults.argument_parser.defaults.DefaultArgumentsDecorator object at 0x7f789a5b7d90>, verb_extension=<colcon_core.verb.build.BuildVerb object at 0x7f789adf6170>, main=<bound method BuildVerb.main of <colcon_core.verb.build.BuildVerb object at 0x7f789adf6170>>)
[0.603s] Level 1:colcon.colcon_core.package_discovery:discover_packages(colcon_meta) check parameters
[0.603s] Level 1:colcon.colcon_core.package_discovery:discover_packages(recursive) check parameters
[0.604s] Level 1:colcon.colcon_core.package_discovery:discover_packages(ignore) check parameters
[0.604s] Level 1:colcon.colcon_core.package_discovery:discover_packages(path) check parameters
[0.604s] Level 1:colcon.colcon_core.package_discovery:discover_packages(colcon_meta) discover
[0.604s] Level 1:colcon.colcon_core.package_discovery:discover_packages(recursive) discover
[0.604s] INFO:colcon.colcon_core.package_discovery:Crawling recursively for packages in '/home/zzw/ws02_tools'
[0.604s] Level 1:colcon.colcon_core.package_identification:_identify(.) by extensions ['ignore', 'ignore_ament_install']
[0.604s] Level 1:colcon.colcon_core.package_identification:_identify(.) by extension 'ignore'
[0.604s] Level 1:colcon.colcon_core.package_identification:_identify(.) by extension 'ignore_ament_install'
[0.604s] Level 1:colcon.colcon_core.package_identification:_identify(.) by extensions ['colcon_pkg']
[0.604s] Level 1:colcon.colcon_core.package_identification:_identify(.) by extension 'colcon_pkg'
[0.604s] Level 1:colcon.colcon_core.package_identification:_identify(.) by extensions ['colcon_meta']
[0.604s] Level 1:colcon.colcon_core.package_identification:_identify(.) by extension 'colcon_meta'
[0.604s] Level 1:colcon.colcon_core.package_identification:_identify(.) by extensions ['ros']
[0.604s] Level 1:colcon.colcon_core.package_identification:_identify(.) by extension 'ros'
[0.616s] Level 1:colcon.colcon_core.package_identification:_identify(.) by extensions ['cmake', 'python']
[0.616s] Level 1:colcon.colcon_core.package_identification:_identify(.) by extension 'cmake'
[0.616s] Level 1:colcon.colcon_core.package_identification:_identify(.) by extension 'python'
[0.616s] Level 1:colcon.colcon_core.package_identification:_identify(.) by extensions ['python_setup_py']
[0.616s] Level 1:colcon.colcon_core.package_identification:_identify(.) by extension 'python_setup_py'
[0.617s] Level 1:colcon.colcon_core.package_identification:_identify(build) by extensions ['ignore', 'ignore_ament_install']
[0.617s] Level 1:colcon.colcon_core.package_identification:_identify(build) by extension 'ignore'
[0.617s] Level 1:colcon.colcon_core.package_identification:_identify(build) ignored
[0.617s] Level 1:colcon.colcon_core.package_identification:_identify(install) by extensions ['ignore', 'ignore_ament_install']
[0.617s] Level 1:colcon.colcon_core.package_identification:_identify(install) by extension 'ignore'
[0.617s] Level 1:colcon.colcon_core.package_identification:_identify(install) ignored
[0.617s] Level 1:colcon.colcon_core.package_identification:_identify(log) by extensions ['ignore', 'ignore_ament_install']
[0.617s] Level 1:colcon.colcon_core.package_identification:_identify(log) by extension 'ignore'
[0.617s] Level 1:colcon.colcon_core.package_identification:_identify(log) ignored
[0.617s] Level 1:colcon.colcon_core.package_identification:_identify(my_bag) by extensions ['ignore', 'ignore_ament_install']
[0.617s] Level 1:colcon.colcon_core.package_identification:_identify(my_bag) by extension 'ignore'
[0.617s] Level 1:colcon.colcon_core.package_identification:_identify(my_bag) by extension 'ignore_ament_install'
[0.618s] Level 1:colcon.colcon_core.package_identification:_identify(my_bag) by extensions ['colcon_pkg']
[0.618s] Level 1:colcon.colcon_core.package_identification:_identify(my_bag) by extension 'colcon_pkg'
[0.618s] Level 1:colcon.colcon_core.package_identification:_identify(my_bag) by extensions ['colcon_meta']
[0.618s] Level 1:colcon.colcon_core.package_identification:_identify(my_bag) by extension 'colcon_meta'
[0.618s] Level 1:colcon.colcon_core.package_identification:_identify(my_bag) by extensions ['ros']
[0.618s] Level 1:colcon.colcon_core.package_identification:_identify(my_bag) by extension 'ros'
[0.618s] Level 1:colcon.colcon_core.package_identification:_identify(my_bag) by extensions ['cmake', 'python']
[0.618s] Level 1:colcon.colcon_core.package_identification:_identify(my_bag) by extension 'cmake'
[0.618s] Level 1:colcon.colcon_core.package_identification:_identify(my_bag) by extension 'python'
[0.618s] Level 1:colcon.colcon_core.package_identification:_identify(my_bag) by extensions ['python_setup_py']
[0.618s] Level 1:colcon.colcon_core.package_identification:_identify(my_bag) by extension 'python_setup_py'
[0.618s] Level 1:colcon.colcon_core.package_identification:_identify(my_bag_py) by extensions ['ignore', 'ignore_ament_install']
[0.618s] Level 1:colcon.colcon_core.package_identification:_identify(my_bag_py) by extension 'ignore'
[0.618s] Level 1:colcon.colcon_core.package_identification:_identify(my_bag_py) by extension 'ignore_ament_install'
[0.618s] Level 1:colcon.colcon_core.package_identification:_identify(my_bag_py) by extensions ['colcon_pkg']
[0.618s] Level 1:colcon.colcon_core.package_identification:_identify(my_bag_py) by extension 'colcon_pkg'
[0.618s] Level 1:colcon.colcon_core.package_identification:_identify(my_bag_py) by extensions ['colcon_meta']
[0.618s] Level 1:colcon.colcon_core.package_identification:_identify(my_bag_py) by extension 'colcon_meta'
[0.618s] Level 1:colcon.colcon_core.package_identification:_identify(my_bag_py) by extensions ['ros']
[0.618s] Level 1:colcon.colcon_core.package_identification:_identify(my_bag_py) by extension 'ros'
[0.618s] Level 1:colcon.colcon_core.package_identification:_identify(my_bag_py) by extensions ['cmake', 'python']
[0.618s] Level 1:colcon.colcon_core.package_identification:_identify(my_bag_py) by extension 'cmake'
[0.619s] Level 1:colcon.colcon_core.package_identification:_identify(my_bag_py) by extension 'python'
[0.619s] Level 1:colcon.colcon_core.package_identification:_identify(my_bag_py) by extensions ['python_setup_py']
[0.619s] Level 1:colcon.colcon_core.package_identification:_identify(my_bag_py) by extension 'python_setup_py'
[0.619s] Level 1:colcon.colcon_core.package_identification:_identify(src) by extensions ['ignore', 'ignore_ament_install']
[0.619s] Level 1:colcon.colcon_core.package_identification:_identify(src) by extension 'ignore'
[0.619s] Level 1:colcon.colcon_core.package_identification:_identify(src) by extension 'ignore_ament_install'
[0.619s] Level 1:colcon.colcon_core.package_identification:_identify(src) by extensions ['colcon_pkg']
[0.619s] Level 1:colcon.colcon_core.package_identification:_identify(src) by extension 'colcon_pkg'
[0.619s] Level 1:colcon.colcon_core.package_identification:_identify(src) by extensions ['colcon_meta']
[0.619s] Level 1:colcon.colcon_core.package_identification:_identify(src) by extension 'colcon_meta'
[0.619s] Level 1:colcon.colcon_core.package_identification:_identify(src) by extensions ['ros']
[0.619s] Level 1:colcon.colcon_core.package_identification:_identify(src) by extension 'ros'
[0.619s] Level 1:colcon.colcon_core.package_identification:_identify(src) by extensions ['cmake', 'python']
[0.619s] Level 1:colcon.colcon_core.package_identification:_identify(src) by extension 'cmake'
[0.619s] Level 1:colcon.colcon_core.package_identification:_identify(src) by extension 'python'
[0.619s] Level 1:colcon.colcon_core.package_identification:_identify(src) by extensions ['python_setup_py']
[0.619s] Level 1:colcon.colcon_core.package_identification:_identify(src) by extension 'python_setup_py'
[0.619s] Level 1:colcon.colcon_core.package_identification:_identify(src/cpp01_launch) by extensions ['ignore', 'ignore_ament_install']
[0.619s] Level 1:colcon.colcon_core.package_identification:_identify(src/cpp01_launch) by extension 'ignore'
[0.619s] Level 1:colcon.colcon_core.package_identification:_identify(src/cpp01_launch) by extension 'ignore_ament_install'
[0.620s] Level 1:colcon.colcon_core.package_identification:_identify(src/cpp01_launch) by extensions ['colcon_pkg']
[0.620s] Level 1:colcon.colcon_core.package_identification:_identify(src/cpp01_launch) by extension 'colcon_pkg'
[0.620s] Level 1:colcon.colcon_core.package_identification:_identify(src/cpp01_launch) by extensions ['colcon_meta']
[0.620s] Level 1:colcon.colcon_core.package_identification:_identify(src/cpp01_launch) by extension 'colcon_meta'
[0.620s] Level 1:colcon.colcon_core.package_identification:_identify(src/cpp01_launch) by extensions ['ros']
[0.620s] Level 1:colcon.colcon_core.package_identification:_identify(src/cpp01_launch) by extension 'ros'
[0.623s] DEBUG:colcon.colcon_core.package_identification:Package 'src/cpp01_launch' with type 'ros.ament_cmake' and name 'cpp01_launch'
[0.623s] Level 1:colcon.colcon_core.package_identification:_identify(src/cpp02_rosbag) by extensions ['ignore', 'ignore_ament_install']
[0.623s] Level 1:colcon.colcon_core.package_identification:_identify(src/cpp02_rosbag) by extension 'ignore'
[0.623s] Level 1:colcon.colcon_core.package_identification:_identify(src/cpp02_rosbag) by extension 'ignore_ament_install'
[0.623s] Level 1:colcon.colcon_core.package_identification:_identify(src/cpp02_rosbag) by extensions ['colcon_pkg']
[0.623s] Level 1:colcon.colcon_core.package_identification:_identify(src/cpp02_rosbag) by extension 'colcon_pkg'
[0.623s] Level 1:colcon.colcon_core.package_identification:_identify(src/cpp02_rosbag) by extensions ['colcon_meta']
[0.623s] Level 1:colcon.colcon_core.package_identification:_identify(src/cpp02_rosbag) by extension 'colcon_meta'
[0.623s] Level 1:colcon.colcon_core.package_identification:_identify(src/cpp02_rosbag) by extensions ['ros']
[0.623s] Level 1:colcon.colcon_core.package_identification:_identify(src/cpp02_rosbag) by extension 'ros'
[0.624s] DEBUG:colcon.colcon_core.package_identification:Package 'src/cpp02_rosbag' with type 'ros.ament_cmake' and name 'cpp02_rosbag'
[0.624s] Level 1:colcon.colcon_core.package_identification:_identify(src/cpp03_tf_broadcaster) by extensions ['ignore', 'ignore_ament_install']
[0.624s] Level 1:colcon.colcon_core.package_identification:_identify(src/cpp03_tf_broadcaster) by extension 'ignore'
[0.624s] Level 1:colcon.colcon_core.package_identification:_identify(src/cpp03_tf_broadcaster) by extension 'ignore_ament_install'
[0.624s] Level 1:colcon.colcon_core.package_identification:_identify(src/cpp03_tf_broadcaster) by extensions ['colcon_pkg']
[0.624s] Level 1:colcon.colcon_core.package_identification:_identify(src/cpp03_tf_broadcaster) by extension 'colcon_pkg'
[0.624s] Level 1:colcon.colcon_core.package_identification:_identify(src/cpp03_tf_broadcaster) by extensions ['colcon_meta']
[0.625s] Level 1:colcon.colcon_core.package_identification:_identify(src/cpp03_tf_broadcaster) by extension 'colcon_meta'
[0.625s] Level 1:colcon.colcon_core.package_identification:_identify(src/cpp03_tf_broadcaster) by extensions ['ros']
[0.625s] Level 1:colcon.colcon_core.package_identification:_identify(src/cpp03_tf_broadcaster) by extension 'ros'
[0.625s] DEBUG:colcon.colcon_core.package_identification:Package 'src/cpp03_tf_broadcaster' with type 'ros.ament_cmake' and name 'cpp03_tf_broadcaster'
[0.626s] Level 1:colcon.colcon_core.package_identification:_identify(src/cpp04_tf_listener) by extensions ['ignore', 'ignore_ament_install']
[0.626s] Level 1:colcon.colcon_core.package_identification:_identify(src/cpp04_tf_listener) by extension 'ignore'
[0.626s] Level 1:colcon.colcon_core.package_identification:_identify(src/cpp04_tf_listener) by extension 'ignore_ament_install'
[0.626s] Level 1:colcon.colcon_core.package_identification:_identify(src/cpp04_tf_listener) by extensions ['colcon_pkg']
[0.626s] Level 1:colcon.colcon_core.package_identification:_identify(src/cpp04_tf_listener) by extension 'colcon_pkg'
[0.626s] Level 1:colcon.colcon_core.package_identification:_identify(src/cpp04_tf_listener) by extensions ['colcon_meta']
[0.626s] Level 1:colcon.colcon_core.package_identification:_identify(src/cpp04_tf_listener) by extension 'colcon_meta'
[0.626s] Level 1:colcon.colcon_core.package_identification:_identify(src/cpp04_tf_listener) by extensions ['ros']
[0.626s] Level 1:colcon.colcon_core.package_identification:_identify(src/cpp04_tf_listener) by extension 'ros'
[0.627s] DEBUG:colcon.colcon_core.package_identification:Package 'src/cpp04_tf_listener' with type 'ros.ament_cmake' and name 'cpp04_tf_listener'
[0.627s] Level 1:colcon.colcon_core.package_identification:_identify(src/cpp05_exercise) by extensions ['ignore', 'ignore_ament_install']
[0.627s] Level 1:colcon.colcon_core.package_identification:_identify(src/cpp05_exercise) by extension 'ignore'
[0.627s] Level 1:colcon.colcon_core.package_identification:_identify(src/cpp05_exercise) by extension 'ignore_ament_install'
[0.627s] Level 1:colcon.colcon_core.package_identification:_identify(src/cpp05_exercise) by extensions ['colcon_pkg']
[0.627s] Level 1:colcon.colcon_core.package_identification:_identify(src/cpp05_exercise) by extension 'colcon_pkg'
[0.627s] Level 1:colcon.colcon_core.package_identification:_identify(src/cpp05_exercise) by extensions ['colcon_meta']
[0.627s] Level 1:colcon.colcon_core.package_identification:_identify(src/cpp05_exercise) by extension 'colcon_meta'
[0.627s] Level 1:colcon.colcon_core.package_identification:_identify(src/cpp05_exercise) by extensions ['ros']
[0.627s] Level 1:colcon.colcon_core.package_identification:_identify(src/cpp05_exercise) by extension 'ros'
[0.628s] DEBUG:colcon.colcon_core.package_identification:Package 'src/cpp05_exercise' with type 'ros.ament_cmake' and name 'cpp05_exercise'
[0.628s] Level 1:colcon.colcon_core.package_identification:_identify(src/py01_launch) by extensions ['ignore', 'ignore_ament_install']
[0.629s] Level 1:colcon.colcon_core.package_identification:_identify(src/py01_launch) by extension 'ignore'
[0.629s] Level 1:colcon.colcon_core.package_identification:_identify(src/py01_launch) by extension 'ignore_ament_install'
[0.629s] Level 1:colcon.colcon_core.package_identification:_identify(src/py01_launch) by extensions ['colcon_pkg']
[0.629s] Level 1:colcon.colcon_core.package_identification:_identify(src/py01_launch) by extension 'colcon_pkg'
[0.629s] Level 1:colcon.colcon_core.package_identification:_identify(src/py01_launch) by extensions ['colcon_meta']
[0.629s] Level 1:colcon.colcon_core.package_identification:_identify(src/py01_launch) by extension 'colcon_meta'
[0.629s] Level 1:colcon.colcon_core.package_identification:_identify(src/py01_launch) by extensions ['ros']
[0.629s] Level 1:colcon.colcon_core.package_identification:_identify(src/py01_launch) by extension 'ros'
[0.630s] DEBUG:colcon.colcon_core.package_identification:Package 'src/py01_launch' with type 'ros.ament_python' and name 'py01_launch'
[0.630s] Level 1:colcon.colcon_core.package_identification:_identify(src/py02_rosbag) by extensions ['ignore', 'ignore_ament_install']
[0.630s] Level 1:colcon.colcon_core.package_identification:_identify(src/py02_rosbag) by extension 'ignore'
[0.630s] Level 1:colcon.colcon_core.package_identification:_identify(src/py02_rosbag) by extension 'ignore_ament_install'
[0.630s] Level 1:colcon.colcon_core.package_identification:_identify(src/py02_rosbag) by extensions ['colcon_pkg']
[0.630s] Level 1:colcon.colcon_core.package_identification:_identify(src/py02_rosbag) by extension 'colcon_pkg'
[0.630s] Level 1:colcon.colcon_core.package_identification:_identify(src/py02_rosbag) by extensions ['colcon_meta']
[0.630s] Level 1:colcon.colcon_core.package_identification:_identify(src/py02_rosbag) by extension 'colcon_meta'
[0.630s] Level 1:colcon.colcon_core.package_identification:_identify(src/py02_rosbag) by extensions ['ros']
[0.630s] Level 1:colcon.colcon_core.package_identification:_identify(src/py02_rosbag) by extension 'ros'
[0.631s] DEBUG:colcon.colcon_core.package_identification:Package 'src/py02_rosbag' with type 'ros.ament_python' and name 'py02_rosbag'
[0.631s] Level 1:colcon.colcon_core.package_identification:_identify(src/py03_tf_broadcaster) by extensions ['ignore', 'ignore_ament_install']
[0.631s] Level 1:colcon.colcon_core.package_identification:_identify(src/py03_tf_broadcaster) by extension 'ignore'
[0.631s] Level 1:colcon.colcon_core.package_identification:_identify(src/py03_tf_broadcaster) by extension 'ignore_ament_install'
[0.631s] Level 1:colcon.colcon_core.package_identification:_identify(src/py03_tf_broadcaster) by extensions ['colcon_pkg']
[0.631s] Level 1:colcon.colcon_core.package_identification:_identify(src/py03_tf_broadcaster) by extension 'colcon_pkg'
[0.632s] Level 1:colcon.colcon_core.package_identification:_identify(src/py03_tf_broadcaster) by extensions ['colcon_meta']
[0.632s] Level 1:colcon.colcon_core.package_identification:_identify(src/py03_tf_broadcaster) by extension 'colcon_meta'
[0.632s] Level 1:colcon.colcon_core.package_identification:_identify(src/py03_tf_broadcaster) by extensions ['ros']
[0.632s] Level 1:colcon.colcon_core.package_identification:_identify(src/py03_tf_broadcaster) by extension 'ros'
[0.633s] DEBUG:colcon.colcon_core.package_identification:Package 'src/py03_tf_broadcaster' with type 'ros.ament_python' and name 'py03_tf_broadcaster'
[0.633s] Level 1:colcon.colcon_core.package_identification:_identify(src/py04_tf_listener) by extensions ['ignore', 'ignore_ament_install']
[0.633s] Level 1:colcon.colcon_core.package_identification:_identify(src/py04_tf_listener) by extension 'ignore'
[0.633s] Level 1:colcon.colcon_core.package_identification:_identify(src/py04_tf_listener) by extension 'ignore_ament_install'
[0.633s] Level 1:colcon.colcon_core.package_identification:_identify(src/py04_tf_listener) by extensions ['colcon_pkg']
[0.633s] Level 1:colcon.colcon_core.package_identification:_identify(src/py04_tf_listener) by extension 'colcon_pkg'
[0.633s] Level 1:colcon.colcon_core.package_identification:_identify(src/py04_tf_listener) by extensions ['colcon_meta']
[0.633s] Level 1:colcon.colcon_core.package_identification:_identify(src/py04_tf_listener) by extension 'colcon_meta'
[0.633s] Level 1:colcon.colcon_core.package_identification:_identify(src/py04_tf_listener) by extensions ['ros']
[0.633s] Level 1:colcon.colcon_core.package_identification:_identify(src/py04_tf_listener) by extension 'ros'
[0.634s] DEBUG:colcon.colcon_core.package_identification:Package 'src/py04_tf_listener' with type 'ros.ament_python' and name 'py04_tf_listener'
[0.634s] Level 1:colcon.colcon_core.package_identification:_identify(src/py05_exercise) by extensions ['ignore', 'ignore_ament_install']
[0.634s] Level 1:colcon.colcon_core.package_identification:_identify(src/py05_exercise) by extension 'ignore'
[0.634s] Level 1:colcon.colcon_core.package_identification:_identify(src/py05_exercise) by extension 'ignore_ament_install'
[0.634s] Level 1:colcon.colcon_core.package_identification:_identify(src/py05_exercise) by extensions ['colcon_pkg']
[0.634s] Level 1:colcon.colcon_core.package_identification:_identify(src/py05_exercise) by extension 'colcon_pkg'
[0.634s] Level 1:colcon.colcon_core.package_identification:_identify(src/py05_exercise) by extensions ['colcon_meta']
[0.634s] Level 1:colcon.colcon_core.package_identification:_identify(src/py05_exercise) by extension 'colcon_meta'
[0.634s] Level 1:colcon.colcon_core.package_identification:_identify(src/py05_exercise) by extensions ['ros']
[0.634s] Level 1:colcon.colcon_core.package_identification:_identify(src/py05_exercise) by extension 'ros'
[0.635s] DEBUG:colcon.colcon_core.package_identification:Package 'src/py05_exercise' with type 'ros.ament_python' and name 'py05_exercise'
[0.636s] Level 1:colcon.colcon_core.package_discovery:discover_packages(recursive) using defaults
[0.636s] Level 1:colcon.colcon_core.package_discovery:discover_packages(ignore) discover
[0.636s] Level 1:colcon.colcon_core.package_discovery:discover_packages(ignore) using defaults
[0.636s] Level 1:colcon.colcon_core.package_discovery:discover_packages(path) discover
[0.636s] Level 1:colcon.colcon_core.package_discovery:discover_packages(path) using defaults
[0.671s] INFO:colcon.colcon_core.package_selection:Skipping not selected package 'cpp01_launch' in 'src/cpp01_launch'
[0.671s] INFO:colcon.colcon_core.package_selection:Skipping not selected package 'cpp02_rosbag' in 'src/cpp02_rosbag'
[0.671s] INFO:colcon.colcon_core.package_selection:Skipping not selected package 'cpp03_tf_broadcaster' in 'src/cpp03_tf_broadcaster'
[0.671s] INFO:colcon.colcon_core.package_selection:Skipping not selected package 'cpp04_tf_listener' in 'src/cpp04_tf_listener'
[0.671s] INFO:colcon.colcon_core.package_selection:Skipping not selected package 'cpp05_exercise' in 'src/cpp05_exercise'
[0.671s] INFO:colcon.colcon_core.package_selection:Skipping not selected package 'py01_launch' in 'src/py01_launch'
[0.671s] INFO:colcon.colcon_core.package_selection:Skipping not selected package 'py02_rosbag' in 'src/py02_rosbag'
[0.671s] INFO:colcon.colcon_core.package_selection:Skipping not selected package 'py03_tf_broadcaster' in 'src/py03_tf_broadcaster'
[0.671s] INFO:colcon.colcon_core.package_selection:Skipping not selected package 'py04_tf_listener' in 'src/py04_tf_listener'
[0.672s] Level 1:colcon.colcon_core.package_discovery:discover_packages(prefix_path) check parameters
[0.672s] Level 1:colcon.colcon_core.package_discovery:discover_packages(prefix_path) discover
[0.676s] DEBUG:colcon.colcon_installed_package_information.package_discovery:Found 10 installed packages in /home/zzw/ws02_tools/install
[0.678s] DEBUG:colcon.colcon_installed_package_information.package_discovery:Found 404 installed packages in /opt/ros/humble
[0.681s] Level 1:colcon.colcon_core.package_discovery:discover_packages(prefix_path) using defaults
[0.766s] Level 5:colcon.colcon_core.verb:set package 'py05_exercise' build argument 'cmake_args' from command line to 'None'
[0.766s] Level 5:colcon.colcon_core.verb:set package 'py05_exercise' build argument 'cmake_target' from command line to 'None'
[0.766s] Level 5:colcon.colcon_core.verb:set package 'py05_exercise' build argument 'cmake_target_skip_unavailable' from command line to 'False'
[0.766s] Level 5:colcon.colcon_core.verb:set package 'py05_exercise' build argument 'cmake_clean_cache' from command line to 'False'
[0.766s] Level 5:colcon.colcon_core.verb:set package 'py05_exercise' build argument 'cmake_clean_first' from command line to 'False'
[0.766s] Level 5:colcon.colcon_core.verb:set package 'py05_exercise' build argument 'cmake_force_configure' from command line to 'False'
[0.766s] Level 5:colcon.colcon_core.verb:set package 'py05_exercise' build argument 'ament_cmake_args' from command line to 'None'
[0.766s] Level 5:colcon.colcon_core.verb:set package 'py05_exercise' build argument 'catkin_cmake_args' from command line to 'None'
[0.766s] Level 5:colcon.colcon_core.verb:set package 'py05_exercise' build argument 'catkin_skip_building_tests' from command line to 'False'
[0.766s] DEBUG:colcon.colcon_core.verb:Building package 'py05_exercise' with the following arguments: {'ament_cmake_args': None, 'build_base': '/home/zzw/ws02_tools/build/py05_exercise', 'catkin_cmake_args': None, 'catkin_skip_building_tests': False, 'cmake_args': None, 'cmake_clean_cache': False, 'cmake_clean_first': False, 'cmake_force_configure': False, 'cmake_target': None, 'cmake_target_skip_unavailable': False, 'install_base': '/home/zzw/ws02_tools/install/py05_exercise', 'merge_install': False, 'path': '/home/zzw/ws02_tools/src/py05_exercise', 'symlink_install': False, 'test_result_base': None}
[0.767s] INFO:colcon.colcon_core.executor:Executing jobs using 'parallel' executor
[0.771s] DEBUG:colcon.colcon_parallel_executor.executor.parallel:run_until_complete
[0.771s] INFO:colcon.colcon_ros.task.ament_python.build:Building ROS package in '/home/zzw/ws02_tools/src/py05_exercise' with build type 'ament_python'
[0.772s] Level 1:colcon.colcon_core.shell:create_environment_hook('py05_exercise', 'ament_prefix_path')
[0.784s] INFO:colcon.colcon_core.plugin_system:Skipping extension 'colcon_core.shell.bat': Not used on non-Windows systems
[0.785s] INFO:colcon.colcon_core.shell:Creating environment hook '/home/zzw/ws02_tools/install/py05_exercise/share/py05_exercise/hook/ament_prefix_path.ps1'
[0.786s] INFO:colcon.colcon_core.shell:Creating environment descriptor '/home/zzw/ws02_tools/install/py05_exercise/share/py05_exercise/hook/ament_prefix_path.dsv'
[0.786s] INFO:colcon.colcon_core.shell:Creating environment hook '/home/zzw/ws02_tools/install/py05_exercise/share/py05_exercise/hook/ament_prefix_path.sh'
[0.789s] INFO:colcon.colcon_core.shell:Skip shell extension 'powershell' for command environment: Not usable outside of PowerShell
[0.789s] DEBUG:colcon.colcon_core.shell:Skip shell extension 'dsv' for command environment
[1.101s] INFO:colcon.colcon_core.task.python.build:Building Python package in '/home/zzw/ws02_tools/src/py05_exercise'
[1.103s] INFO:colcon.colcon_core.shell:Skip shell extension 'powershell' for command environment: Not usable outside of PowerShell
[1.103s] DEBUG:colcon.colcon_core.shell:Skip shell extension 'dsv' for command environment
[1.523s] DEBUG:colcon.colcon_core.event_handler.log_command:Invoking command in '/home/zzw/ws02_tools/src/py05_exercise': PYTHONPATH=/home/zzw/ws02_tools/build/py05_exercise/prefix_override:/home/zzw/ws02_tools/install/py05_exercise/lib/python3.10/site-packages:${PYTHONPATH} /usr/bin/python3 setup.py egg_info --egg-base ../../build/py05_exercise build --build-base /home/zzw/ws02_tools/build/py05_exercise/build install --record /home/zzw/ws02_tools/build/py05_exercise/install.log --single-version-externally-managed
[1.871s] DEBUG:colcon.colcon_core.event_handler.log_command:Invoked command in '/home/zzw/ws02_tools/src/py05_exercise' returned '0': PYTHONPATH=/home/zzw/ws02_tools/build/py05_exercise/prefix_override:/home/zzw/ws02_tools/install/py05_exercise/lib/python3.10/site-packages:${PYTHONPATH} /usr/bin/python3 setup.py egg_info --egg-base ../../build/py05_exercise build --build-base /home/zzw/ws02_tools/build/py05_exercise/build install --record /home/zzw/ws02_tools/build/py05_exercise/install.log --single-version-externally-managed
[1.879s] Level 1:colcon.colcon_core.environment:checking '/home/zzw/ws02_tools/install/py05_exercise' for CMake module files
[1.880s] Level 1:colcon.colcon_core.environment:checking '/home/zzw/ws02_tools/install/py05_exercise' for CMake config files
[1.881s] Level 1:colcon.colcon_core.environment:checking '/home/zzw/ws02_tools/install/py05_exercise/lib'
[1.881s] Level 1:colcon.colcon_core.environment:checking '/home/zzw/ws02_tools/install/py05_exercise/bin'
[1.881s] Level 1:colcon.colcon_core.environment:checking '/home/zzw/ws02_tools/install/py05_exercise/lib/pkgconfig/py05_exercise.pc'
[1.881s] Level 1:colcon.colcon_core.environment:checking '/home/zzw/ws02_tools/install/py05_exercise/lib/python3.10/site-packages'
[1.882s] Level 1:colcon.colcon_core.shell:create_environment_hook('py05_exercise', 'pythonpath')
[1.884s] INFO:colcon.colcon_core.shell:Creating environment hook '/home/zzw/ws02_tools/install/py05_exercise/share/py05_exercise/hook/pythonpath.ps1'
[1.885s] INFO:colcon.colcon_core.shell:Creating environment descriptor '/home/zzw/ws02_tools/install/py05_exercise/share/py05_exercise/hook/pythonpath.dsv'
[1.886s] INFO:colcon.colcon_core.shell:Creating environment hook '/home/zzw/ws02_tools/install/py05_exercise/share/py05_exercise/hook/pythonpath.sh'
[1.887s] Level 1:colcon.colcon_core.environment:checking '/home/zzw/ws02_tools/install/py05_exercise/bin'
[1.887s] Level 1:colcon.colcon_core.environment:create_environment_scripts_only(py05_exercise)
[1.889s] INFO:colcon.colcon_core.shell:Creating package script '/home/zzw/ws02_tools/install/py05_exercise/share/py05_exercise/package.ps1'
[1.890s] INFO:colcon.colcon_core.shell:Creating package descriptor '/home/zzw/ws02_tools/install/py05_exercise/share/py05_exercise/package.dsv'
[1.891s] INFO:colcon.colcon_core.shell:Creating package script '/home/zzw/ws02_tools/install/py05_exercise/share/py05_exercise/package.sh'
[1.892s] INFO:colcon.colcon_core.shell:Creating package script '/home/zzw/ws02_tools/install/py05_exercise/share/py05_exercise/package.bash'
[1.892s] INFO:colcon.colcon_core.shell:Creating package script '/home/zzw/ws02_tools/install/py05_exercise/share/py05_exercise/package.zsh'
[1.893s] Level 1:colcon.colcon_core.environment:create_file_with_runtime_dependencies(/home/zzw/ws02_tools/install/py05_exercise/share/colcon-core/packages/py05_exercise)
[1.894s] DEBUG:colcon.colcon_parallel_executor.executor.parallel:closing loop
[1.895s] DEBUG:colcon.colcon_parallel_executor.executor.parallel:loop closed
[1.895s] DEBUG:colcon.colcon_parallel_executor.executor.parallel:run_until_complete finished with '0'
[1.895s] DEBUG:colcon.colcon_core.event_reactor:joining thread
[1.905s] INFO:colcon.colcon_core.plugin_system:Skipping extension 'colcon_notification.desktop_notification.terminal_notifier': Not used on non-Darwin systems
[1.905s] INFO:colcon.colcon_core.plugin_system:Skipping extension 'colcon_notification.desktop_notification.win32': Not used on non-Windows systems
[1.905s] INFO:colcon.colcon_notification.desktop_notification:Sending desktop notification using 'notify2'
[1.917s] DEBUG:colcon.colcon_core.event_reactor:joined thread
[1.920s] INFO:colcon.colcon_core.shell:Creating prefix script '/home/zzw/ws02_tools/install/local_setup.ps1'
[1.922s] INFO:colcon.colcon_core.shell:Creating prefix util module '/home/zzw/ws02_tools/install/_local_setup_util_ps1.py'
[1.924s] INFO:colcon.colcon_core.shell:Creating prefix chain script '/home/zzw/ws02_tools/install/setup.ps1'
[1.926s] INFO:colcon.colcon_core.shell:Creating prefix script '/home/zzw/ws02_tools/install/local_setup.sh'
[1.927s] INFO:colcon.colcon_core.shell:Creating prefix util module '/home/zzw/ws02_tools/install/_local_setup_util_sh.py'
[1.927s] INFO:colcon.colcon_core.shell:Creating prefix chain script '/home/zzw/ws02_tools/install/setup.sh'
[1.930s] INFO:colcon.colcon_core.shell:Creating prefix script '/home/zzw/ws02_tools/install/local_setup.bash'
[1.931s] INFO:colcon.colcon_core.shell:Creating prefix chain script '/home/zzw/ws02_tools/install/setup.bash'
[1.936s] INFO:colcon.colcon_core.shell:Creating prefix script '/home/zzw/ws02_tools/install/local_setup.zsh'
[1.937s] INFO:colcon.colcon_core.shell:Creating prefix chain script '/home/zzw/ws02_tools/install/setup.zsh'
