[0.081s] Invoking command in '/home/zzw/ws02_tools/build/cpp06_urdf': CMAKE_PREFIX_PATH=/opt/ros/humble /usr/bin/cmake /home/zzw/ws02_tools/src/cpp06_urdf -DCMAKE_INSTALL_PREFIX=/home/zzw/ws02_tools/install/cpp06_urdf
[1.777s] -- The C compiler identification is GNU 11.3.0
[4.126s] -- The CXX compiler identification is GNU 11.3.0
[5.385s] -- Detecting C compiler ABI info
[6.126s] -- Detecting C compiler ABI info - done
[6.137s] -- Check for working C compiler: /usr/bin/cc - skipped
[6.137s] -- Detecting C compile features
[6.168s] -- Detecting C compile features - done
[6.175s] -- Detecting CXX compiler ABI info
[6.800s] -- Detecting CXX compiler ABI info - done
[6.810s] -- Check for working CXX compiler: /usr/bin/c++ - skipped
[6.810s] -- Detecting CXX compile features
[6.811s] -- Detecting CXX compile features - done
[6.982s] -- Found ament_cmake: 1.3.3 (/opt/ros/humble/share/ament_cmake/cmake)
[7.375s] -- Found Python3: /usr/bin/python3.10 (found version "3.10.6") found components: Interpreter 
[7.747s] -- Found ament_lint_auto: 0.12.5 (/opt/ros/humble/share/ament_lint_auto/cmake)
[7.979s] -- Added test 'lint_cmake' to check CMake code style
[7.982s] -- Added test 'xmllint' to check XML markup files
[7.988s] -- Configuring done
[7.992s] -- Generating done
[7.993s] -- Build files have been written to: /home/zzw/ws02_tools/build/cpp06_urdf
[7.999s] Invoked command in '/home/zzw/ws02_tools/build/cpp06_urdf' returned '0': CMAKE_PREFIX_PATH=/opt/ros/humble /usr/bin/cmake /home/zzw/ws02_tools/src/cpp06_urdf -DCMAKE_INSTALL_PREFIX=/home/zzw/ws02_tools/install/cpp06_urdf
[8.003s] Invoking command in '/home/zzw/ws02_tools/build/cpp06_urdf': CMAKE_PREFIX_PATH=/opt/ros/humble /usr/bin/cmake --build /home/zzw/ws02_tools/build/cpp06_urdf -- -j8 -l8
[8.046s] Invoked command in '/home/zzw/ws02_tools/build/cpp06_urdf' returned '0': CMAKE_PREFIX_PATH=/opt/ros/humble /usr/bin/cmake --build /home/zzw/ws02_tools/build/cpp06_urdf -- -j8 -l8
[8.080s] Invoking command in '/home/zzw/ws02_tools/build/cpp06_urdf': CMAKE_PREFIX_PATH=/opt/ros/humble /usr/bin/cmake --install /home/zzw/ws02_tools/build/cpp06_urdf
[8.086s] -- Install configuration: ""
[8.086s] -- Installing: /home/zzw/ws02_tools/install/cpp06_urdf/share/cpp06_urdf/launch
[8.087s] -- Installing: /home/zzw/ws02_tools/install/cpp06_urdf/share/cpp06_urdf/rviz
[8.087s] -- Installing: /home/zzw/ws02_tools/install/cpp06_urdf/share/cpp06_urdf/urdf
[8.089s] -- Installing: /home/zzw/ws02_tools/install/cpp06_urdf/share/cpp06_urdf/urdf/urdf
[8.089s] -- Installing: /home/zzw/ws02_tools/install/cpp06_urdf/share/cpp06_urdf/urdf/xacro
[8.089s] -- Installing: /home/zzw/ws02_tools/install/cpp06_urdf/share/cpp06_urdf/meshes
[8.089s] -- Installing: /home/zzw/ws02_tools/install/cpp06_urdf/share/ament_index/resource_index/package_run_dependencies/cpp06_urdf
[8.090s] -- Installing: /home/zzw/ws02_tools/install/cpp06_urdf/share/ament_index/resource_index/parent_prefix_path/cpp06_urdf
[8.091s] -- Installing: /home/zzw/ws02_tools/install/cpp06_urdf/share/cpp06_urdf/environment/ament_prefix_path.sh
[8.091s] -- Installing: /home/zzw/ws02_tools/install/cpp06_urdf/share/cpp06_urdf/environment/ament_prefix_path.dsv
[8.091s] -- Installing: /home/zzw/ws02_tools/install/cpp06_urdf/share/cpp06_urdf/environment/path.sh
[8.092s] -- Installing: /home/zzw/ws02_tools/install/cpp06_urdf/share/cpp06_urdf/environment/path.dsv
[8.093s] -- Installing: /home/zzw/ws02_tools/install/cpp06_urdf/share/cpp06_urdf/local_setup.bash
[8.094s] -- Installing: /home/zzw/ws02_tools/install/cpp06_urdf/share/cpp06_urdf/local_setup.sh
[8.094s] -- Installing: /home/zzw/ws02_tools/install/cpp06_urdf/share/cpp06_urdf/local_setup.zsh
[8.094s] -- Installing: /home/zzw/ws02_tools/install/cpp06_urdf/share/cpp06_urdf/local_setup.dsv
[8.095s] -- Installing: /home/zzw/ws02_tools/install/cpp06_urdf/share/cpp06_urdf/package.dsv
[8.095s] -- Installing: /home/zzw/ws02_tools/install/cpp06_urdf/share/ament_index/resource_index/packages/cpp06_urdf
[8.096s] -- Installing: /home/zzw/ws02_tools/install/cpp06_urdf/share/cpp06_urdf/cmake/cpp06_urdfConfig.cmake
[8.096s] -- Installing: /home/zzw/ws02_tools/install/cpp06_urdf/share/cpp06_urdf/cmake/cpp06_urdfConfig-version.cmake
[8.096s] -- Installing: /home/zzw/ws02_tools/install/cpp06_urdf/share/cpp06_urdf/package.xml
[8.100s] Invoked command in '/home/zzw/ws02_tools/build/cpp06_urdf' returned '0': CMAKE_PREFIX_PATH=/opt/ros/humble /usr/bin/cmake --install /home/zzw/ws02_tools/build/cpp06_urdf
