[4.536s] DEBUG:colcon:Command line arguments: ['/usr/bin/colcon', 'build']
[4.536s] DEBUG:colcon:Parsed command line arguments: Namespace(log_base=None, log_level=None, verb_name='build', build_base='build', install_base='install', merge_install=False, symlink_install=False, test_result_base=None, continue_on_error=False, executor='parallel', parallel_workers=8, event_handlers=None, ignore_user_meta=False, metas=['./colcon.meta'], base_paths=['.'], packages_ignore=None, packages_ignore_regex=None, paths=None, packages_up_to=None, packages_up_to_regex=None, packages_above=None, packages_above_and_dependencies=None, packages_above_depth=None, packages_select_by_dep=None, packages_skip_by_dep=None, packages_skip_up_to=None, packages_select_build_failed=False, packages_skip_build_finished=False, packages_select_test_failures=False, packages_skip_test_passed=False, packages_select=None, packages_skip=None, packages_select_regex=None, packages_skip_regex=None, packages_start=None, packages_end=None, allow_overriding=[], cmake_args=None, cmake_target=None, cmake_target_skip_unavailable=False, cmake_clean_cache=False, cmake_clean_first=False, cmake_force_configure=False, ament_cmake_args=None, catkin_cmake_args=None, catkin_skip_building_tests=False, verb_parser=<colcon_defaults.argument_parser.defaults.DefaultArgumentsDecorator object at 0x7f402d2645e0>, verb_extension=<colcon_core.verb.build.BuildVerb object at 0x7f402dbe06a0>, main=<bound method BuildVerb.main of <colcon_core.verb.build.BuildVerb object at 0x7f402dbe06a0>>)
[4.683s] Level 1:colcon.colcon_core.package_discovery:discover_packages(colcon_meta) check parameters
[4.683s] Level 1:colcon.colcon_core.package_discovery:discover_packages(recursive) check parameters
[4.684s] Level 1:colcon.colcon_core.package_discovery:discover_packages(ignore) check parameters
[4.684s] Level 1:colcon.colcon_core.package_discovery:discover_packages(path) check parameters
[4.684s] Level 1:colcon.colcon_core.package_discovery:discover_packages(colcon_meta) discover
[4.684s] Level 1:colcon.colcon_core.package_discovery:discover_packages(recursive) discover
[4.684s] INFO:colcon.colcon_core.package_discovery:Crawling recursively for packages in '/home/zzw/ws02_tools'
[4.684s] Level 1:colcon.colcon_core.package_identification:_identify(.) by extensions ['ignore', 'ignore_ament_install']
[4.684s] Level 1:colcon.colcon_core.package_identification:_identify(.) by extension 'ignore'
[4.685s] Level 1:colcon.colcon_core.package_identification:_identify(.) by extension 'ignore_ament_install'
[4.685s] Level 1:colcon.colcon_core.package_identification:_identify(.) by extensions ['colcon_pkg']
[4.685s] Level 1:colcon.colcon_core.package_identification:_identify(.) by extension 'colcon_pkg'
[4.685s] Level 1:colcon.colcon_core.package_identification:_identify(.) by extensions ['colcon_meta']
[4.685s] Level 1:colcon.colcon_core.package_identification:_identify(.) by extension 'colcon_meta'
[4.685s] Level 1:colcon.colcon_core.package_identification:_identify(.) by extensions ['ros']
[4.685s] Level 1:colcon.colcon_core.package_identification:_identify(.) by extension 'ros'
[4.748s] Level 1:colcon.colcon_core.package_identification:_identify(.) by extensions ['cmake', 'python']
[4.749s] Level 1:colcon.colcon_core.package_identification:_identify(.) by extension 'cmake'
[4.749s] Level 1:colcon.colcon_core.package_identification:_identify(.) by extension 'python'
[4.749s] Level 1:colcon.colcon_core.package_identification:_identify(.) by extensions ['python_setup_py']
[4.749s] Level 1:colcon.colcon_core.package_identification:_identify(.) by extension 'python_setup_py'
[4.749s] Level 1:colcon.colcon_core.package_identification:_identify(build) by extensions ['ignore', 'ignore_ament_install']
[4.749s] Level 1:colcon.colcon_core.package_identification:_identify(build) by extension 'ignore'
[4.749s] Level 1:colcon.colcon_core.package_identification:_identify(build) ignored
[4.750s] Level 1:colcon.colcon_core.package_identification:_identify(install) by extensions ['ignore', 'ignore_ament_install']
[4.750s] Level 1:colcon.colcon_core.package_identification:_identify(install) by extension 'ignore'
[4.750s] Level 1:colcon.colcon_core.package_identification:_identify(install) ignored
[4.750s] Level 1:colcon.colcon_core.package_identification:_identify(log) by extensions ['ignore', 'ignore_ament_install']
[4.750s] Level 1:colcon.colcon_core.package_identification:_identify(log) by extension 'ignore'
[4.750s] Level 1:colcon.colcon_core.package_identification:_identify(log) ignored
[4.750s] Level 1:colcon.colcon_core.package_identification:_identify(src) by extensions ['ignore', 'ignore_ament_install']
[4.750s] Level 1:colcon.colcon_core.package_identification:_identify(src) by extension 'ignore'
[4.750s] Level 1:colcon.colcon_core.package_identification:_identify(src) by extension 'ignore_ament_install'
[4.751s] Level 1:colcon.colcon_core.package_identification:_identify(src) by extensions ['colcon_pkg']
[4.751s] Level 1:colcon.colcon_core.package_identification:_identify(src) by extension 'colcon_pkg'
[4.751s] Level 1:colcon.colcon_core.package_identification:_identify(src) by extensions ['colcon_meta']
[4.751s] Level 1:colcon.colcon_core.package_identification:_identify(src) by extension 'colcon_meta'
[4.751s] Level 1:colcon.colcon_core.package_identification:_identify(src) by extensions ['ros']
[4.751s] Level 1:colcon.colcon_core.package_identification:_identify(src) by extension 'ros'
[4.751s] Level 1:colcon.colcon_core.package_identification:_identify(src) by extensions ['cmake', 'python']
[4.751s] Level 1:colcon.colcon_core.package_identification:_identify(src) by extension 'cmake'
[4.751s] Level 1:colcon.colcon_core.package_identification:_identify(src) by extension 'python'
[4.751s] Level 1:colcon.colcon_core.package_identification:_identify(src) by extensions ['python_setup_py']
[4.751s] Level 1:colcon.colcon_core.package_identification:_identify(src) by extension 'python_setup_py'
[4.751s] Level 1:colcon.colcon_core.package_identification:_identify(src/cpp01_launch) by extensions ['ignore', 'ignore_ament_install']
[4.752s] Level 1:colcon.colcon_core.package_identification:_identify(src/cpp01_launch) by extension 'ignore'
[4.752s] Level 1:colcon.colcon_core.package_identification:_identify(src/cpp01_launch) by extension 'ignore_ament_install'
[4.752s] Level 1:colcon.colcon_core.package_identification:_identify(src/cpp01_launch) by extensions ['colcon_pkg']
[4.752s] Level 1:colcon.colcon_core.package_identification:_identify(src/cpp01_launch) by extension 'colcon_pkg'
[4.752s] Level 1:colcon.colcon_core.package_identification:_identify(src/cpp01_launch) by extensions ['colcon_meta']
[4.752s] Level 1:colcon.colcon_core.package_identification:_identify(src/cpp01_launch) by extension 'colcon_meta'
[4.752s] Level 1:colcon.colcon_core.package_identification:_identify(src/cpp01_launch) by extensions ['ros']
[4.752s] Level 1:colcon.colcon_core.package_identification:_identify(src/cpp01_launch) by extension 'ros'
[4.774s] DEBUG:colcon.colcon_core.package_identification:Package 'src/cpp01_launch' with type 'ros.ament_cmake' and name 'cpp01_launch'
[4.774s] Level 1:colcon.colcon_core.package_identification:_identify(src/py01_launch) by extensions ['ignore', 'ignore_ament_install']
[4.774s] Level 1:colcon.colcon_core.package_identification:_identify(src/py01_launch) by extension 'ignore'
[4.774s] Level 1:colcon.colcon_core.package_identification:_identify(src/py01_launch) by extension 'ignore_ament_install'
[4.774s] Level 1:colcon.colcon_core.package_identification:_identify(src/py01_launch) by extensions ['colcon_pkg']
[4.775s] Level 1:colcon.colcon_core.package_identification:_identify(src/py01_launch) by extension 'colcon_pkg'
[4.775s] Level 1:colcon.colcon_core.package_identification:_identify(src/py01_launch) by extensions ['colcon_meta']
[4.775s] Level 1:colcon.colcon_core.package_identification:_identify(src/py01_launch) by extension 'colcon_meta'
[4.775s] Level 1:colcon.colcon_core.package_identification:_identify(src/py01_launch) by extensions ['ros']
[4.775s] Level 1:colcon.colcon_core.package_identification:_identify(src/py01_launch) by extension 'ros'
[4.776s] DEBUG:colcon.colcon_core.package_identification:Package 'src/py01_launch' with type 'ros.ament_python' and name 'py01_launch'
[4.776s] Level 1:colcon.colcon_core.package_discovery:discover_packages(recursive) using defaults
[4.776s] Level 1:colcon.colcon_core.package_discovery:discover_packages(ignore) discover
[4.776s] Level 1:colcon.colcon_core.package_discovery:discover_packages(ignore) using defaults
[4.776s] Level 1:colcon.colcon_core.package_discovery:discover_packages(path) discover
[4.776s] Level 1:colcon.colcon_core.package_discovery:discover_packages(path) using defaults
[4.882s] Level 1:colcon.colcon_core.package_discovery:discover_packages(prefix_path) check parameters
[4.882s] Level 1:colcon.colcon_core.package_discovery:discover_packages(prefix_path) discover
[4.889s] DEBUG:colcon.colcon_installed_package_information.package_discovery:Found 327 installed packages in /opt/ros/humble
[4.891s] Level 1:colcon.colcon_core.package_discovery:discover_packages(prefix_path) using defaults
[4.961s] Level 5:colcon.colcon_core.verb:set package 'cpp01_launch' build argument 'cmake_args' from command line to 'None'
[4.961s] Level 5:colcon.colcon_core.verb:set package 'cpp01_launch' build argument 'cmake_target' from command line to 'None'
[4.961s] Level 5:colcon.colcon_core.verb:set package 'cpp01_launch' build argument 'cmake_target_skip_unavailable' from command line to 'False'
[4.961s] Level 5:colcon.colcon_core.verb:set package 'cpp01_launch' build argument 'cmake_clean_cache' from command line to 'False'
[4.961s] Level 5:colcon.colcon_core.verb:set package 'cpp01_launch' build argument 'cmake_clean_first' from command line to 'False'
[4.961s] Level 5:colcon.colcon_core.verb:set package 'cpp01_launch' build argument 'cmake_force_configure' from command line to 'False'
[4.961s] Level 5:colcon.colcon_core.verb:set package 'cpp01_launch' build argument 'ament_cmake_args' from command line to 'None'
[4.961s] Level 5:colcon.colcon_core.verb:set package 'cpp01_launch' build argument 'catkin_cmake_args' from command line to 'None'
[4.961s] Level 5:colcon.colcon_core.verb:set package 'cpp01_launch' build argument 'catkin_skip_building_tests' from command line to 'False'
[4.961s] DEBUG:colcon.colcon_core.verb:Building package 'cpp01_launch' with the following arguments: {'ament_cmake_args': None, 'build_base': '/home/zzw/ws02_tools/build/cpp01_launch', 'catkin_cmake_args': None, 'catkin_skip_building_tests': False, 'cmake_args': None, 'cmake_clean_cache': False, 'cmake_clean_first': False, 'cmake_force_configure': False, 'cmake_target': None, 'cmake_target_skip_unavailable': False, 'install_base': '/home/zzw/ws02_tools/install/cpp01_launch', 'merge_install': False, 'path': '/home/zzw/ws02_tools/src/cpp01_launch', 'symlink_install': False, 'test_result_base': None}
[4.962s] Level 5:colcon.colcon_core.verb:set package 'py01_launch' build argument 'cmake_args' from command line to 'None'
[4.962s] Level 5:colcon.colcon_core.verb:set package 'py01_launch' build argument 'cmake_target' from command line to 'None'
[4.963s] Level 5:colcon.colcon_core.verb:set package 'py01_launch' build argument 'cmake_target_skip_unavailable' from command line to 'False'
[4.963s] Level 5:colcon.colcon_core.verb:set package 'py01_launch' build argument 'cmake_clean_cache' from command line to 'False'
[4.963s] Level 5:colcon.colcon_core.verb:set package 'py01_launch' build argument 'cmake_clean_first' from command line to 'False'
[4.963s] Level 5:colcon.colcon_core.verb:set package 'py01_launch' build argument 'cmake_force_configure' from command line to 'False'
[4.963s] Level 5:colcon.colcon_core.verb:set package 'py01_launch' build argument 'ament_cmake_args' from command line to 'None'
[4.963s] Level 5:colcon.colcon_core.verb:set package 'py01_launch' build argument 'catkin_cmake_args' from command line to 'None'
[4.963s] Level 5:colcon.colcon_core.verb:set package 'py01_launch' build argument 'catkin_skip_building_tests' from command line to 'False'
[4.963s] DEBUG:colcon.colcon_core.verb:Building package 'py01_launch' with the following arguments: {'ament_cmake_args': None, 'build_base': '/home/zzw/ws02_tools/build/py01_launch', 'catkin_cmake_args': None, 'catkin_skip_building_tests': False, 'cmake_args': None, 'cmake_clean_cache': False, 'cmake_clean_first': False, 'cmake_force_configure': False, 'cmake_target': None, 'cmake_target_skip_unavailable': False, 'install_base': '/home/zzw/ws02_tools/install/py01_launch', 'merge_install': False, 'path': '/home/zzw/ws02_tools/src/py01_launch', 'symlink_install': False, 'test_result_base': None}
[4.964s] INFO:colcon.colcon_core.executor:Executing jobs using 'parallel' executor
[4.969s] DEBUG:colcon.colcon_parallel_executor.executor.parallel:run_until_complete
[4.969s] INFO:colcon.colcon_ros.task.ament_cmake.build:Building ROS package in '/home/zzw/ws02_tools/src/cpp01_launch' with build type 'ament_cmake'
[4.969s] INFO:colcon.colcon_cmake.task.cmake.build:Building CMake package in '/home/zzw/ws02_tools/src/cpp01_launch'
[4.982s] INFO:colcon.colcon_core.plugin_system:Skipping extension 'colcon_core.shell.bat': Not used on non-Windows systems
[4.983s] INFO:colcon.colcon_core.shell:Skip shell extension 'powershell' for command environment: Not usable outside of PowerShell
[4.983s] DEBUG:colcon.colcon_core.shell:Skip shell extension 'dsv' for command environment
[4.997s] INFO:colcon.colcon_ros.task.ament_python.build:Building ROS package in '/home/zzw/ws02_tools/src/py01_launch' with build type 'ament_python'
[4.998s] Level 1:colcon.colcon_core.shell:create_environment_hook('py01_launch', 'ament_prefix_path')
[5.000s] INFO:colcon.colcon_core.shell:Creating environment hook '/home/zzw/ws02_tools/install/py01_launch/share/py01_launch/hook/ament_prefix_path.ps1'
[5.002s] INFO:colcon.colcon_core.shell:Creating environment descriptor '/home/zzw/ws02_tools/install/py01_launch/share/py01_launch/hook/ament_prefix_path.dsv'
[5.004s] INFO:colcon.colcon_core.shell:Creating environment hook '/home/zzw/ws02_tools/install/py01_launch/share/py01_launch/hook/ament_prefix_path.sh'
[5.008s] INFO:colcon.colcon_core.shell:Skip shell extension 'powershell' for command environment: Not usable outside of PowerShell
[5.008s] DEBUG:colcon.colcon_core.shell:Skip shell extension 'dsv' for command environment
[5.126s] DEBUG:colcon.colcon_core.event_handler.log_command:Invoking command in '/home/zzw/ws02_tools/build/cpp01_launch': CMAKE_PREFIX_PATH=/opt/ros/humble /usr/bin/cmake --build /home/zzw/ws02_tools/build/cpp01_launch -- -j8 -l8
[5.446s] INFO:colcon.colcon_core.task.python.build:Building Python package in '/home/zzw/ws02_tools/src/py01_launch'
[5.448s] INFO:colcon.colcon_core.shell:Skip shell extension 'powershell' for command environment: Not usable outside of PowerShell
[5.448s] DEBUG:colcon.colcon_core.shell:Skip shell extension 'dsv' for command environment
[6.701s] DEBUG:colcon.colcon_core.event_handler.log_command:Invoking command in '/home/zzw/ws02_tools/src/py01_launch': PYTHONPATH=/home/zzw/ws02_tools/build/py01_launch/prefix_override:/home/zzw/ws02_tools/install/py01_launch/lib/python3.10/site-packages:${PYTHONPATH} /usr/bin/python3 setup.py egg_info --egg-base ../../build/py01_launch build --build-base /home/zzw/ws02_tools/build/py01_launch/build install --record /home/zzw/ws02_tools/build/py01_launch/install.log --single-version-externally-managed
[7.117s] DEBUG:colcon.colcon_core.event_handler.log_command:Invoked command in '/home/zzw/ws02_tools/src/py01_launch' returned '0': PYTHONPATH=/home/zzw/ws02_tools/build/py01_launch/prefix_override:/home/zzw/ws02_tools/install/py01_launch/lib/python3.10/site-packages:${PYTHONPATH} /usr/bin/python3 setup.py egg_info --egg-base ../../build/py01_launch build --build-base /home/zzw/ws02_tools/build/py01_launch/build install --record /home/zzw/ws02_tools/build/py01_launch/install.log --single-version-externally-managed
[7.283s] Level 1:colcon.colcon_core.environment:checking '/home/zzw/ws02_tools/install/py01_launch' for CMake module files
[7.284s] Level 1:colcon.colcon_core.environment:checking '/home/zzw/ws02_tools/install/py01_launch' for CMake config files
[7.284s] Level 1:colcon.colcon_core.environment:checking '/home/zzw/ws02_tools/install/py01_launch/lib'
[7.285s] Level 1:colcon.colcon_core.environment:checking '/home/zzw/ws02_tools/install/py01_launch/bin'
[7.285s] Level 1:colcon.colcon_core.environment:checking '/home/zzw/ws02_tools/install/py01_launch/lib/pkgconfig/py01_launch.pc'
[7.285s] Level 1:colcon.colcon_core.environment:checking '/home/zzw/ws02_tools/install/py01_launch/lib/python3.10/site-packages'
[7.285s] Level 1:colcon.colcon_core.shell:create_environment_hook('py01_launch', 'pythonpath')
[7.287s] INFO:colcon.colcon_core.shell:Creating environment hook '/home/zzw/ws02_tools/install/py01_launch/share/py01_launch/hook/pythonpath.ps1'
[7.288s] INFO:colcon.colcon_core.shell:Creating environment descriptor '/home/zzw/ws02_tools/install/py01_launch/share/py01_launch/hook/pythonpath.dsv'
[7.288s] INFO:colcon.colcon_core.shell:Creating environment hook '/home/zzw/ws02_tools/install/py01_launch/share/py01_launch/hook/pythonpath.sh'
[7.289s] Level 1:colcon.colcon_core.environment:checking '/home/zzw/ws02_tools/install/py01_launch/bin'
[7.289s] Level 1:colcon.colcon_core.environment:create_environment_scripts_only(py01_launch)
[7.291s] INFO:colcon.colcon_core.shell:Creating package script '/home/zzw/ws02_tools/install/py01_launch/share/py01_launch/package.ps1'
[7.296s] INFO:colcon.colcon_core.shell:Creating package descriptor '/home/zzw/ws02_tools/install/py01_launch/share/py01_launch/package.dsv'
[7.297s] INFO:colcon.colcon_core.shell:Creating package script '/home/zzw/ws02_tools/install/py01_launch/share/py01_launch/package.sh'
[7.299s] INFO:colcon.colcon_core.shell:Creating package script '/home/zzw/ws02_tools/install/py01_launch/share/py01_launch/package.bash'
[7.318s] INFO:colcon.colcon_core.shell:Creating package script '/home/zzw/ws02_tools/install/py01_launch/share/py01_launch/package.zsh'
[7.344s] Level 1:colcon.colcon_core.environment:create_file_with_runtime_dependencies(/home/zzw/ws02_tools/install/py01_launch/share/colcon-core/packages/py01_launch)
[7.448s] DEBUG:colcon.colcon_core.event_handler.log_command:Invoked command in '/home/zzw/ws02_tools/build/cpp01_launch' returned '0': CMAKE_PREFIX_PATH=/opt/ros/humble /usr/bin/cmake --build /home/zzw/ws02_tools/build/cpp01_launch -- -j8 -l8
[7.485s] DEBUG:colcon.colcon_core.event_handler.log_command:Invoking command in '/home/zzw/ws02_tools/build/cpp01_launch': CMAKE_PREFIX_PATH=/opt/ros/humble /usr/bin/cmake --install /home/zzw/ws02_tools/build/cpp01_launch
[7.526s] Level 1:colcon.colcon_core.environment:create_environment_scripts_only(cpp01_launch)
[7.529s] Level 1:colcon.colcon_core.environment:checking '/home/zzw/ws02_tools/install/cpp01_launch' for CMake module files
[7.531s] Level 1:colcon.colcon_core.environment:checking '/home/zzw/ws02_tools/install/cpp01_launch' for CMake config files
[7.534s] Level 1:colcon.colcon_core.shell:create_environment_hook('cpp01_launch', 'cmake_prefix_path')
[7.535s] INFO:colcon.colcon_core.shell:Creating environment hook '/home/zzw/ws02_tools/install/cpp01_launch/share/cpp01_launch/hook/cmake_prefix_path.ps1'
[7.537s] INFO:colcon.colcon_core.shell:Creating environment descriptor '/home/zzw/ws02_tools/install/cpp01_launch/share/cpp01_launch/hook/cmake_prefix_path.dsv'
[7.537s] DEBUG:colcon.colcon_core.event_handler.log_command:Invoked command in '/home/zzw/ws02_tools/build/cpp01_launch' returned '0': CMAKE_PREFIX_PATH=/opt/ros/humble /usr/bin/cmake --install /home/zzw/ws02_tools/build/cpp01_launch
[7.538s] INFO:colcon.colcon_core.shell:Creating environment hook '/home/zzw/ws02_tools/install/cpp01_launch/share/cpp01_launch/hook/cmake_prefix_path.sh'
[7.539s] Level 1:colcon.colcon_core.environment:checking '/home/zzw/ws02_tools/install/cpp01_launch/bin'
[7.539s] Level 1:colcon.colcon_core.environment:checking '/home/zzw/ws02_tools/install/cpp01_launch/lib/pkgconfig/cpp01_launch.pc'
[7.539s] Level 1:colcon.colcon_core.environment:checking '/home/zzw/ws02_tools/install/cpp01_launch/lib/python3.10/site-packages'
[7.539s] Level 1:colcon.colcon_core.environment:checking '/home/zzw/ws02_tools/install/cpp01_launch/bin'
[7.541s] INFO:colcon.colcon_core.shell:Creating package script '/home/zzw/ws02_tools/install/cpp01_launch/share/cpp01_launch/package.ps1'
[7.541s] INFO:colcon.colcon_core.shell:Creating package descriptor '/home/zzw/ws02_tools/install/cpp01_launch/share/cpp01_launch/package.dsv'
[7.542s] INFO:colcon.colcon_core.shell:Creating package script '/home/zzw/ws02_tools/install/cpp01_launch/share/cpp01_launch/package.sh'
[7.542s] INFO:colcon.colcon_core.shell:Creating package script '/home/zzw/ws02_tools/install/cpp01_launch/share/cpp01_launch/package.bash'
[7.543s] INFO:colcon.colcon_core.shell:Creating package script '/home/zzw/ws02_tools/install/cpp01_launch/share/cpp01_launch/package.zsh'
[7.543s] Level 1:colcon.colcon_core.environment:create_file_with_runtime_dependencies(/home/zzw/ws02_tools/install/cpp01_launch/share/colcon-core/packages/cpp01_launch)
[7.572s] Level 1:colcon.colcon_core.environment:create_environment_scripts_only(cpp01_launch)
[7.575s] Level 1:colcon.colcon_core.environment:checking '/home/zzw/ws02_tools/install/cpp01_launch' for CMake module files
[7.575s] Level 1:colcon.colcon_core.environment:checking '/home/zzw/ws02_tools/install/cpp01_launch' for CMake config files
[7.576s] Level 1:colcon.colcon_core.shell:create_environment_hook('cpp01_launch', 'cmake_prefix_path')
[7.578s] INFO:colcon.colcon_core.shell:Creating environment hook '/home/zzw/ws02_tools/install/cpp01_launch/share/cpp01_launch/hook/cmake_prefix_path.ps1'
[7.579s] INFO:colcon.colcon_core.shell:Creating environment descriptor '/home/zzw/ws02_tools/install/cpp01_launch/share/cpp01_launch/hook/cmake_prefix_path.dsv'
[7.580s] INFO:colcon.colcon_core.shell:Creating environment hook '/home/zzw/ws02_tools/install/cpp01_launch/share/cpp01_launch/hook/cmake_prefix_path.sh'
[7.581s] Level 1:colcon.colcon_core.environment:checking '/home/zzw/ws02_tools/install/cpp01_launch/bin'
[7.581s] Level 1:colcon.colcon_core.environment:checking '/home/zzw/ws02_tools/install/cpp01_launch/lib/pkgconfig/cpp01_launch.pc'
[7.582s] Level 1:colcon.colcon_core.environment:checking '/home/zzw/ws02_tools/install/cpp01_launch/lib/python3.10/site-packages'
[7.582s] Level 1:colcon.colcon_core.environment:checking '/home/zzw/ws02_tools/install/cpp01_launch/bin'
[7.584s] INFO:colcon.colcon_core.shell:Creating package script '/home/zzw/ws02_tools/install/cpp01_launch/share/cpp01_launch/package.ps1'
[7.584s] INFO:colcon.colcon_core.shell:Creating package descriptor '/home/zzw/ws02_tools/install/cpp01_launch/share/cpp01_launch/package.dsv'
[7.585s] INFO:colcon.colcon_core.shell:Creating package script '/home/zzw/ws02_tools/install/cpp01_launch/share/cpp01_launch/package.sh'
[7.586s] INFO:colcon.colcon_core.shell:Creating package script '/home/zzw/ws02_tools/install/cpp01_launch/share/cpp01_launch/package.bash'
[7.586s] INFO:colcon.colcon_core.shell:Creating package script '/home/zzw/ws02_tools/install/cpp01_launch/share/cpp01_launch/package.zsh'
[7.587s] Level 1:colcon.colcon_core.environment:create_file_with_runtime_dependencies(/home/zzw/ws02_tools/install/cpp01_launch/share/colcon-core/packages/cpp01_launch)
[7.588s] DEBUG:colcon.colcon_parallel_executor.executor.parallel:closing loop
[7.589s] DEBUG:colcon.colcon_parallel_executor.executor.parallel:loop closed
[7.589s] DEBUG:colcon.colcon_parallel_executor.executor.parallel:run_until_complete finished with '0'
[7.590s] DEBUG:colcon.colcon_core.event_reactor:joining thread
[7.690s] INFO:colcon.colcon_core.plugin_system:Skipping extension 'colcon_notification.desktop_notification.terminal_notifier': Not used on non-Darwin systems
[7.690s] INFO:colcon.colcon_core.plugin_system:Skipping extension 'colcon_notification.desktop_notification.win32': Not used on non-Windows systems
[7.691s] INFO:colcon.colcon_notification.desktop_notification:Sending desktop notification using 'notify2'
[11.123s] DEBUG:colcon.colcon_core.event_reactor:joined thread
[11.126s] INFO:colcon.colcon_core.shell:Creating prefix script '/home/zzw/ws02_tools/install/local_setup.ps1'
[11.152s] INFO:colcon.colcon_core.shell:Creating prefix util module '/home/zzw/ws02_tools/install/_local_setup_util_ps1.py'
[11.163s] INFO:colcon.colcon_core.shell:Creating prefix chain script '/home/zzw/ws02_tools/install/setup.ps1'
[11.165s] INFO:colcon.colcon_core.shell:Creating prefix script '/home/zzw/ws02_tools/install/local_setup.sh'
[11.180s] INFO:colcon.colcon_core.shell:Creating prefix util module '/home/zzw/ws02_tools/install/_local_setup_util_sh.py'
[11.181s] INFO:colcon.colcon_core.shell:Creating prefix chain script '/home/zzw/ws02_tools/install/setup.sh'
[11.184s] INFO:colcon.colcon_core.shell:Creating prefix script '/home/zzw/ws02_tools/install/local_setup.bash'
[11.207s] INFO:colcon.colcon_core.shell:Creating prefix chain script '/home/zzw/ws02_tools/install/setup.bash'
[11.210s] INFO:colcon.colcon_core.shell:Creating prefix script '/home/zzw/ws02_tools/install/local_setup.zsh'
[11.211s] INFO:colcon.colcon_core.shell:Creating prefix chain script '/home/zzw/ws02_tools/install/setup.zsh'
