[0.021s] Invoking command in '/home/zzw/ws02_tools/build/cpp05_exercise': CMAKE_PREFIX_PATH=${CMAKE_PREFIX_PATH}:/home/zzw/ws02_tools/install/py05_exercise:/home/zzw/ws02_tools/install/py04_tf_listener:/home/zzw/ws02_tools/install/py03_tf_broadcaster:/home/zzw/ws02_tools/install/py02_rosbag:/home/zzw/ws02_tools/install/py01_launch:/opt/ros/humble /usr/bin/cmake --build /home/zzw/ws02_tools/build/cpp05_exercise -- -j8 -l8
[0.084s] [ 33%] Built target exer01_spawn
[0.085s] [ 66%] Built target exer03_tf_listener
[0.086s] [100%] Built target exer02_tf_broadcaster
[0.100s] Invoked command in '/home/zzw/ws02_tools/build/cpp05_exercise' returned '0': CMAKE_PREFIX_PATH=${CMAKE_PREFIX_PATH}:/home/zzw/ws02_tools/install/py05_exercise:/home/zzw/ws02_tools/install/py04_tf_listener:/home/zzw/ws02_tools/install/py03_tf_broadcaster:/home/zzw/ws02_tools/install/py02_rosbag:/home/zzw/ws02_tools/install/py01_launch:/opt/ros/humble /usr/bin/cmake --build /home/zzw/ws02_tools/build/cpp05_exercise -- -j8 -l8
[0.144s] Invoking command in '/home/zzw/ws02_tools/build/cpp05_exercise': CMAKE_PREFIX_PATH=${CMAKE_PREFIX_PATH}:/home/zzw/ws02_tools/install/py05_exercise:/home/zzw/ws02_tools/install/py04_tf_listener:/home/zzw/ws02_tools/install/py03_tf_broadcaster:/home/zzw/ws02_tools/install/py02_rosbag:/home/zzw/ws02_tools/install/py01_launch:/opt/ros/humble /usr/bin/cmake --install /home/zzw/ws02_tools/build/cpp05_exercise
[0.150s] -- Install configuration: ""
[0.151s] -- Up-to-date: /home/zzw/ws02_tools/install/cpp05_exercise/lib/cpp05_exercise/exer01_spawn
[0.151s] -- Up-to-date: /home/zzw/ws02_tools/install/cpp05_exercise/lib/cpp05_exercise/exer02_tf_broadcaster
[0.152s] -- Up-to-date: /home/zzw/ws02_tools/install/cpp05_exercise/lib/cpp05_exercise/exer03_tf_listener
[0.153s] -- Up-to-date: /home/zzw/ws02_tools/install/cpp05_exercise/share/cpp05_exercise/launch
[0.154s] -- Up-to-date: /home/zzw/ws02_tools/install/cpp05_exercise/share/cpp05_exercise/launch/follow.launch.py
[0.154s] -- Installing: /home/zzw/ws02_tools/install/cpp05_exercise/share/cpp05_exercise/launch/escort.launch.py
[0.154s] -- Up-to-date: /home/zzw/ws02_tools/install/cpp05_exercise/share/ament_index/resource_index/package_run_dependencies/cpp05_exercise
[0.155s] -- Up-to-date: /home/zzw/ws02_tools/install/cpp05_exercise/share/ament_index/resource_index/parent_prefix_path/cpp05_exercise
[0.155s] -- Up-to-date: /home/zzw/ws02_tools/install/cpp05_exercise/share/cpp05_exercise/environment/ament_prefix_path.sh
[0.155s] -- Up-to-date: /home/zzw/ws02_tools/install/cpp05_exercise/share/cpp05_exercise/environment/ament_prefix_path.dsv
[0.156s] -- Up-to-date: /home/zzw/ws02_tools/install/cpp05_exercise/share/cpp05_exercise/environment/path.sh
[0.158s] -- Up-to-date: /home/zzw/ws02_tools/install/cpp05_exercise/share/cpp05_exercise/environment/path.dsv
[0.161s] -- Up-to-date: /home/zzw/ws02_tools/install/cpp05_exercise/share/cpp05_exercise/local_setup.bash
[0.163s] -- Up-to-date: /home/zzw/ws02_tools/install/cpp05_exercise/share/cpp05_exercise/local_setup.sh
[0.164s] -- Up-to-date: /home/zzw/ws02_tools/install/cpp05_exercise/share/cpp05_exercise/local_setup.zsh
[0.164s] -- Up-to-date: /home/zzw/ws02_tools/install/cpp05_exercise/share/cpp05_exercise/local_setup.dsv
[0.164s] -- Installing: /home/zzw/ws02_tools/install/cpp05_exercise/share/cpp05_exercise/package.dsv
[0.165s] -- Up-to-date: /home/zzw/ws02_tools/install/cpp05_exercise/share/ament_index/resource_index/packages/cpp05_exercise
[0.165s] -- Up-to-date: /home/zzw/ws02_tools/install/cpp05_exercise/share/cpp05_exercise/cmake/cpp05_exerciseConfig.cmake
[0.165s] -- Up-to-date: /home/zzw/ws02_tools/install/cpp05_exercise/share/cpp05_exercise/cmake/cpp05_exerciseConfig-version.cmake
[0.166s] -- Up-to-date: /home/zzw/ws02_tools/install/cpp05_exercise/share/cpp05_exercise/package.xml
[0.166s] Invoked command in '/home/zzw/ws02_tools/build/cpp05_exercise' returned '0': CMAKE_PREFIX_PATH=${CMAKE_PREFIX_PATH}:/home/zzw/ws02_tools/install/py05_exercise:/home/zzw/ws02_tools/install/py04_tf_listener:/home/zzw/ws02_tools/install/py03_tf_broadcaster:/home/zzw/ws02_tools/install/py02_rosbag:/home/zzw/ws02_tools/install/py01_launch:/opt/ros/humble /usr/bin/cmake --install /home/zzw/ws02_tools/build/cpp05_exercise
