[5.145s] DEBUG:colcon:Command line arguments: ['/usr/bin/colcon', 'build', '--packages-select', 'cpp05_exercise']
[5.146s] DEBUG:colcon:Parsed command line arguments: Namespace(log_base=None, log_level=None, verb_name='build', build_base='build', install_base='install', merge_install=False, symlink_install=False, test_result_base=None, continue_on_error=False, executor='parallel', parallel_workers=8, event_handlers=None, ignore_user_meta=False, metas=['./colcon.meta'], base_paths=['.'], packages_ignore=None, packages_ignore_regex=None, paths=None, packages_up_to=None, packages_up_to_regex=None, packages_above=None, packages_above_and_dependencies=None, packages_above_depth=None, packages_select_by_dep=None, packages_skip_by_dep=None, packages_skip_up_to=None, packages_select_build_failed=False, packages_skip_build_finished=False, packages_select_test_failures=False, packages_skip_test_passed=False, packages_select=['cpp05_exercise'], packages_skip=None, packages_select_regex=None, packages_skip_regex=None, packages_start=None, packages_end=None, allow_overriding=[], cmake_args=None, cmake_target=None, cmake_target_skip_unavailable=False, cmake_clean_cache=False, cmake_clean_first=False, cmake_force_configure=False, ament_cmake_args=None, catkin_cmake_args=None, catkin_skip_building_tests=False, verb_parser=<colcon_defaults.argument_parser.defaults.DefaultArgumentsDecorator object at 0x7f0627906fe0>, verb_extension=<colcon_core.verb.build.BuildVerb object at 0x7f062811cf10>, main=<bound method BuildVerb.main of <colcon_core.verb.build.BuildVerb object at 0x7f062811cf10>>)
[5.329s] Level 1:colcon.colcon_core.package_discovery:discover_packages(colcon_meta) check parameters
[5.330s] Level 1:colcon.colcon_core.package_discovery:discover_packages(recursive) check parameters
[5.330s] Level 1:colcon.colcon_core.package_discovery:discover_packages(ignore) check parameters
[5.330s] Level 1:colcon.colcon_core.package_discovery:discover_packages(path) check parameters
[5.330s] Level 1:colcon.colcon_core.package_discovery:discover_packages(colcon_meta) discover
[5.330s] Level 1:colcon.colcon_core.package_discovery:discover_packages(recursive) discover
[5.330s] INFO:colcon.colcon_core.package_discovery:Crawling recursively for packages in '/home/zzw/ws02_tools'
[5.330s] Level 1:colcon.colcon_core.package_identification:_identify(.) by extensions ['ignore', 'ignore_ament_install']
[5.330s] Level 1:colcon.colcon_core.package_identification:_identify(.) by extension 'ignore'
[5.331s] Level 1:colcon.colcon_core.package_identification:_identify(.) by extension 'ignore_ament_install'
[5.331s] Level 1:colcon.colcon_core.package_identification:_identify(.) by extensions ['colcon_pkg']
[5.331s] Level 1:colcon.colcon_core.package_identification:_identify(.) by extension 'colcon_pkg'
[5.331s] Level 1:colcon.colcon_core.package_identification:_identify(.) by extensions ['colcon_meta']
[5.331s] Level 1:colcon.colcon_core.package_identification:_identify(.) by extension 'colcon_meta'
[5.331s] Level 1:colcon.colcon_core.package_identification:_identify(.) by extensions ['ros']
[5.331s] Level 1:colcon.colcon_core.package_identification:_identify(.) by extension 'ros'
[5.406s] Level 1:colcon.colcon_core.package_identification:_identify(.) by extensions ['cmake', 'python']
[5.406s] Level 1:colcon.colcon_core.package_identification:_identify(.) by extension 'cmake'
[5.406s] Level 1:colcon.colcon_core.package_identification:_identify(.) by extension 'python'
[5.406s] Level 1:colcon.colcon_core.package_identification:_identify(.) by extensions ['python_setup_py']
[5.406s] Level 1:colcon.colcon_core.package_identification:_identify(.) by extension 'python_setup_py'
[5.407s] Level 1:colcon.colcon_core.package_identification:_identify(build) by extensions ['ignore', 'ignore_ament_install']
[5.407s] Level 1:colcon.colcon_core.package_identification:_identify(build) by extension 'ignore'
[5.407s] Level 1:colcon.colcon_core.package_identification:_identify(build) ignored
[5.407s] Level 1:colcon.colcon_core.package_identification:_identify(install) by extensions ['ignore', 'ignore_ament_install']
[5.407s] Level 1:colcon.colcon_core.package_identification:_identify(install) by extension 'ignore'
[5.408s] Level 1:colcon.colcon_core.package_identification:_identify(install) ignored
[5.408s] Level 1:colcon.colcon_core.package_identification:_identify(log) by extensions ['ignore', 'ignore_ament_install']
[5.408s] Level 1:colcon.colcon_core.package_identification:_identify(log) by extension 'ignore'
[5.408s] Level 1:colcon.colcon_core.package_identification:_identify(log) ignored
[5.408s] Level 1:colcon.colcon_core.package_identification:_identify(my_bag) by extensions ['ignore', 'ignore_ament_install']
[5.408s] Level 1:colcon.colcon_core.package_identification:_identify(my_bag) by extension 'ignore'
[5.408s] Level 1:colcon.colcon_core.package_identification:_identify(my_bag) by extension 'ignore_ament_install'
[5.408s] Level 1:colcon.colcon_core.package_identification:_identify(my_bag) by extensions ['colcon_pkg']
[5.408s] Level 1:colcon.colcon_core.package_identification:_identify(my_bag) by extension 'colcon_pkg'
[5.409s] Level 1:colcon.colcon_core.package_identification:_identify(my_bag) by extensions ['colcon_meta']
[5.409s] Level 1:colcon.colcon_core.package_identification:_identify(my_bag) by extension 'colcon_meta'
[5.409s] Level 1:colcon.colcon_core.package_identification:_identify(my_bag) by extensions ['ros']
[5.409s] Level 1:colcon.colcon_core.package_identification:_identify(my_bag) by extension 'ros'
[5.409s] Level 1:colcon.colcon_core.package_identification:_identify(my_bag) by extensions ['cmake', 'python']
[5.409s] Level 1:colcon.colcon_core.package_identification:_identify(my_bag) by extension 'cmake'
[5.409s] Level 1:colcon.colcon_core.package_identification:_identify(my_bag) by extension 'python'
[5.409s] Level 1:colcon.colcon_core.package_identification:_identify(my_bag) by extensions ['python_setup_py']
[5.409s] Level 1:colcon.colcon_core.package_identification:_identify(my_bag) by extension 'python_setup_py'
[5.409s] Level 1:colcon.colcon_core.package_identification:_identify(my_bag_py) by extensions ['ignore', 'ignore_ament_install']
[5.409s] Level 1:colcon.colcon_core.package_identification:_identify(my_bag_py) by extension 'ignore'
[5.409s] Level 1:colcon.colcon_core.package_identification:_identify(my_bag_py) by extension 'ignore_ament_install'
[5.410s] Level 1:colcon.colcon_core.package_identification:_identify(my_bag_py) by extensions ['colcon_pkg']
[5.410s] Level 1:colcon.colcon_core.package_identification:_identify(my_bag_py) by extension 'colcon_pkg'
[5.410s] Level 1:colcon.colcon_core.package_identification:_identify(my_bag_py) by extensions ['colcon_meta']
[5.410s] Level 1:colcon.colcon_core.package_identification:_identify(my_bag_py) by extension 'colcon_meta'
[5.410s] Level 1:colcon.colcon_core.package_identification:_identify(my_bag_py) by extensions ['ros']
[5.410s] Level 1:colcon.colcon_core.package_identification:_identify(my_bag_py) by extension 'ros'
[5.410s] Level 1:colcon.colcon_core.package_identification:_identify(my_bag_py) by extensions ['cmake', 'python']
[5.410s] Level 1:colcon.colcon_core.package_identification:_identify(my_bag_py) by extension 'cmake'
[5.410s] Level 1:colcon.colcon_core.package_identification:_identify(my_bag_py) by extension 'python'
[5.410s] Level 1:colcon.colcon_core.package_identification:_identify(my_bag_py) by extensions ['python_setup_py']
[5.410s] Level 1:colcon.colcon_core.package_identification:_identify(my_bag_py) by extension 'python_setup_py'
[5.410s] Level 1:colcon.colcon_core.package_identification:_identify(src) by extensions ['ignore', 'ignore_ament_install']
[5.410s] Level 1:colcon.colcon_core.package_identification:_identify(src) by extension 'ignore'
[5.410s] Level 1:colcon.colcon_core.package_identification:_identify(src) by extension 'ignore_ament_install'
[5.410s] Level 1:colcon.colcon_core.package_identification:_identify(src) by extensions ['colcon_pkg']
[5.410s] Level 1:colcon.colcon_core.package_identification:_identify(src) by extension 'colcon_pkg'
[5.410s] Level 1:colcon.colcon_core.package_identification:_identify(src) by extensions ['colcon_meta']
[5.410s] Level 1:colcon.colcon_core.package_identification:_identify(src) by extension 'colcon_meta'
[5.410s] Level 1:colcon.colcon_core.package_identification:_identify(src) by extensions ['ros']
[5.411s] Level 1:colcon.colcon_core.package_identification:_identify(src) by extension 'ros'
[5.411s] Level 1:colcon.colcon_core.package_identification:_identify(src) by extensions ['cmake', 'python']
[5.411s] Level 1:colcon.colcon_core.package_identification:_identify(src) by extension 'cmake'
[5.411s] Level 1:colcon.colcon_core.package_identification:_identify(src) by extension 'python'
[5.411s] Level 1:colcon.colcon_core.package_identification:_identify(src) by extensions ['python_setup_py']
[5.411s] Level 1:colcon.colcon_core.package_identification:_identify(src) by extension 'python_setup_py'
[5.411s] Level 1:colcon.colcon_core.package_identification:_identify(src/cpp01_launch) by extensions ['ignore', 'ignore_ament_install']
[5.411s] Level 1:colcon.colcon_core.package_identification:_identify(src/cpp01_launch) by extension 'ignore'
[5.411s] Level 1:colcon.colcon_core.package_identification:_identify(src/cpp01_launch) by extension 'ignore_ament_install'
[5.411s] Level 1:colcon.colcon_core.package_identification:_identify(src/cpp01_launch) by extensions ['colcon_pkg']
[5.411s] Level 1:colcon.colcon_core.package_identification:_identify(src/cpp01_launch) by extension 'colcon_pkg'
[5.411s] Level 1:colcon.colcon_core.package_identification:_identify(src/cpp01_launch) by extensions ['colcon_meta']
[5.411s] Level 1:colcon.colcon_core.package_identification:_identify(src/cpp01_launch) by extension 'colcon_meta'
[5.411s] Level 1:colcon.colcon_core.package_identification:_identify(src/cpp01_launch) by extensions ['ros']
[5.411s] Level 1:colcon.colcon_core.package_identification:_identify(src/cpp01_launch) by extension 'ros'
[5.429s] DEBUG:colcon.colcon_core.package_identification:Package 'src/cpp01_launch' with type 'ros.ament_cmake' and name 'cpp01_launch'
[5.429s] Level 1:colcon.colcon_core.package_identification:_identify(src/cpp02_rosbag) by extensions ['ignore', 'ignore_ament_install']
[5.430s] Level 1:colcon.colcon_core.package_identification:_identify(src/cpp02_rosbag) by extension 'ignore'
[5.430s] Level 1:colcon.colcon_core.package_identification:_identify(src/cpp02_rosbag) by extension 'ignore_ament_install'
[5.430s] Level 1:colcon.colcon_core.package_identification:_identify(src/cpp02_rosbag) by extensions ['colcon_pkg']
[5.430s] Level 1:colcon.colcon_core.package_identification:_identify(src/cpp02_rosbag) by extension 'colcon_pkg'
[5.430s] Level 1:colcon.colcon_core.package_identification:_identify(src/cpp02_rosbag) by extensions ['colcon_meta']
[5.430s] Level 1:colcon.colcon_core.package_identification:_identify(src/cpp02_rosbag) by extension 'colcon_meta'
[5.430s] Level 1:colcon.colcon_core.package_identification:_identify(src/cpp02_rosbag) by extensions ['ros']
[5.430s] Level 1:colcon.colcon_core.package_identification:_identify(src/cpp02_rosbag) by extension 'ros'
[5.448s] DEBUG:colcon.colcon_core.package_identification:Package 'src/cpp02_rosbag' with type 'ros.ament_cmake' and name 'cpp02_rosbag'
[5.448s] Level 1:colcon.colcon_core.package_identification:_identify(src/cpp03_tf_broadcaster) by extensions ['ignore', 'ignore_ament_install']
[5.448s] Level 1:colcon.colcon_core.package_identification:_identify(src/cpp03_tf_broadcaster) by extension 'ignore'
[5.449s] Level 1:colcon.colcon_core.package_identification:_identify(src/cpp03_tf_broadcaster) by extension 'ignore_ament_install'
[5.449s] Level 1:colcon.colcon_core.package_identification:_identify(src/cpp03_tf_broadcaster) by extensions ['colcon_pkg']
[5.449s] Level 1:colcon.colcon_core.package_identification:_identify(src/cpp03_tf_broadcaster) by extension 'colcon_pkg'
[5.449s] Level 1:colcon.colcon_core.package_identification:_identify(src/cpp03_tf_broadcaster) by extensions ['colcon_meta']
[5.449s] Level 1:colcon.colcon_core.package_identification:_identify(src/cpp03_tf_broadcaster) by extension 'colcon_meta'
[5.449s] Level 1:colcon.colcon_core.package_identification:_identify(src/cpp03_tf_broadcaster) by extensions ['ros']
[5.449s] Level 1:colcon.colcon_core.package_identification:_identify(src/cpp03_tf_broadcaster) by extension 'ros'
[5.463s] DEBUG:colcon.colcon_core.package_identification:Package 'src/cpp03_tf_broadcaster' with type 'ros.ament_cmake' and name 'cpp03_tf_broadcaster'
[5.463s] Level 1:colcon.colcon_core.package_identification:_identify(src/cpp04_tf_listener) by extensions ['ignore', 'ignore_ament_install']
[5.464s] Level 1:colcon.colcon_core.package_identification:_identify(src/cpp04_tf_listener) by extension 'ignore'
[5.464s] Level 1:colcon.colcon_core.package_identification:_identify(src/cpp04_tf_listener) by extension 'ignore_ament_install'
[5.464s] Level 1:colcon.colcon_core.package_identification:_identify(src/cpp04_tf_listener) by extensions ['colcon_pkg']
[5.464s] Level 1:colcon.colcon_core.package_identification:_identify(src/cpp04_tf_listener) by extension 'colcon_pkg'
[5.464s] Level 1:colcon.colcon_core.package_identification:_identify(src/cpp04_tf_listener) by extensions ['colcon_meta']
[5.464s] Level 1:colcon.colcon_core.package_identification:_identify(src/cpp04_tf_listener) by extension 'colcon_meta'
[5.464s] Level 1:colcon.colcon_core.package_identification:_identify(src/cpp04_tf_listener) by extensions ['ros']
[5.464s] Level 1:colcon.colcon_core.package_identification:_identify(src/cpp04_tf_listener) by extension 'ros'
[5.476s] DEBUG:colcon.colcon_core.package_identification:Package 'src/cpp04_tf_listener' with type 'ros.ament_cmake' and name 'cpp04_tf_listener'
[5.477s] Level 1:colcon.colcon_core.package_identification:_identify(src/cpp05_exercise) by extensions ['ignore', 'ignore_ament_install']
[5.477s] Level 1:colcon.colcon_core.package_identification:_identify(src/cpp05_exercise) by extension 'ignore'
[5.477s] Level 1:colcon.colcon_core.package_identification:_identify(src/cpp05_exercise) by extension 'ignore_ament_install'
[5.477s] Level 1:colcon.colcon_core.package_identification:_identify(src/cpp05_exercise) by extensions ['colcon_pkg']
[5.477s] Level 1:colcon.colcon_core.package_identification:_identify(src/cpp05_exercise) by extension 'colcon_pkg'
[5.477s] Level 1:colcon.colcon_core.package_identification:_identify(src/cpp05_exercise) by extensions ['colcon_meta']
[5.477s] Level 1:colcon.colcon_core.package_identification:_identify(src/cpp05_exercise) by extension 'colcon_meta'
[5.477s] Level 1:colcon.colcon_core.package_identification:_identify(src/cpp05_exercise) by extensions ['ros']
[5.478s] Level 1:colcon.colcon_core.package_identification:_identify(src/cpp05_exercise) by extension 'ros'
[5.495s] DEBUG:colcon.colcon_core.package_identification:Package 'src/cpp05_exercise' with type 'ros.ament_cmake' and name 'cpp05_exercise'
[5.495s] Level 1:colcon.colcon_core.package_identification:_identify(src/py01_launch) by extensions ['ignore', 'ignore_ament_install']
[5.495s] Level 1:colcon.colcon_core.package_identification:_identify(src/py01_launch) by extension 'ignore'
[5.496s] Level 1:colcon.colcon_core.package_identification:_identify(src/py01_launch) by extension 'ignore_ament_install'
[5.496s] Level 1:colcon.colcon_core.package_identification:_identify(src/py01_launch) by extensions ['colcon_pkg']
[5.496s] Level 1:colcon.colcon_core.package_identification:_identify(src/py01_launch) by extension 'colcon_pkg'
[5.496s] Level 1:colcon.colcon_core.package_identification:_identify(src/py01_launch) by extensions ['colcon_meta']
[5.496s] Level 1:colcon.colcon_core.package_identification:_identify(src/py01_launch) by extension 'colcon_meta'
[5.496s] Level 1:colcon.colcon_core.package_identification:_identify(src/py01_launch) by extensions ['ros']
[5.496s] Level 1:colcon.colcon_core.package_identification:_identify(src/py01_launch) by extension 'ros'
[5.507s] DEBUG:colcon.colcon_core.package_identification:Package 'src/py01_launch' with type 'ros.ament_python' and name 'py01_launch'
[5.507s] Level 1:colcon.colcon_core.package_identification:_identify(src/py02_rosbag) by extensions ['ignore', 'ignore_ament_install']
[5.507s] Level 1:colcon.colcon_core.package_identification:_identify(src/py02_rosbag) by extension 'ignore'
[5.508s] Level 1:colcon.colcon_core.package_identification:_identify(src/py02_rosbag) by extension 'ignore_ament_install'
[5.508s] Level 1:colcon.colcon_core.package_identification:_identify(src/py02_rosbag) by extensions ['colcon_pkg']
[5.508s] Level 1:colcon.colcon_core.package_identification:_identify(src/py02_rosbag) by extension 'colcon_pkg'
[5.508s] Level 1:colcon.colcon_core.package_identification:_identify(src/py02_rosbag) by extensions ['colcon_meta']
[5.508s] Level 1:colcon.colcon_core.package_identification:_identify(src/py02_rosbag) by extension 'colcon_meta'
[5.508s] Level 1:colcon.colcon_core.package_identification:_identify(src/py02_rosbag) by extensions ['ros']
[5.508s] Level 1:colcon.colcon_core.package_identification:_identify(src/py02_rosbag) by extension 'ros'
[5.521s] DEBUG:colcon.colcon_core.package_identification:Package 'src/py02_rosbag' with type 'ros.ament_python' and name 'py02_rosbag'
[5.522s] Level 1:colcon.colcon_core.package_identification:_identify(src/py03_tf_broadcaster) by extensions ['ignore', 'ignore_ament_install']
[5.522s] Level 1:colcon.colcon_core.package_identification:_identify(src/py03_tf_broadcaster) by extension 'ignore'
[5.522s] Level 1:colcon.colcon_core.package_identification:_identify(src/py03_tf_broadcaster) by extension 'ignore_ament_install'
[5.522s] Level 1:colcon.colcon_core.package_identification:_identify(src/py03_tf_broadcaster) by extensions ['colcon_pkg']
[5.522s] Level 1:colcon.colcon_core.package_identification:_identify(src/py03_tf_broadcaster) by extension 'colcon_pkg'
[5.522s] Level 1:colcon.colcon_core.package_identification:_identify(src/py03_tf_broadcaster) by extensions ['colcon_meta']
[5.522s] Level 1:colcon.colcon_core.package_identification:_identify(src/py03_tf_broadcaster) by extension 'colcon_meta'
[5.522s] Level 1:colcon.colcon_core.package_identification:_identify(src/py03_tf_broadcaster) by extensions ['ros']
[5.522s] Level 1:colcon.colcon_core.package_identification:_identify(src/py03_tf_broadcaster) by extension 'ros'
[5.524s] DEBUG:colcon.colcon_core.package_identification:Package 'src/py03_tf_broadcaster' with type 'ros.ament_python' and name 'py03_tf_broadcaster'
[5.524s] Level 1:colcon.colcon_core.package_identification:_identify(src/py04_tf_listener) by extensions ['ignore', 'ignore_ament_install']
[5.524s] Level 1:colcon.colcon_core.package_identification:_identify(src/py04_tf_listener) by extension 'ignore'
[5.525s] Level 1:colcon.colcon_core.package_identification:_identify(src/py04_tf_listener) by extension 'ignore_ament_install'
[5.525s] Level 1:colcon.colcon_core.package_identification:_identify(src/py04_tf_listener) by extensions ['colcon_pkg']
[5.525s] Level 1:colcon.colcon_core.package_identification:_identify(src/py04_tf_listener) by extension 'colcon_pkg'
[5.525s] Level 1:colcon.colcon_core.package_identification:_identify(src/py04_tf_listener) by extensions ['colcon_meta']
[5.525s] Level 1:colcon.colcon_core.package_identification:_identify(src/py04_tf_listener) by extension 'colcon_meta'
[5.525s] Level 1:colcon.colcon_core.package_identification:_identify(src/py04_tf_listener) by extensions ['ros']
[5.525s] Level 1:colcon.colcon_core.package_identification:_identify(src/py04_tf_listener) by extension 'ros'
[5.545s] DEBUG:colcon.colcon_core.package_identification:Package 'src/py04_tf_listener' with type 'ros.ament_python' and name 'py04_tf_listener'
[5.545s] Level 1:colcon.colcon_core.package_identification:_identify(src/py05_exercise) by extensions ['ignore', 'ignore_ament_install']
[5.546s] Level 1:colcon.colcon_core.package_identification:_identify(src/py05_exercise) by extension 'ignore'
[5.546s] Level 1:colcon.colcon_core.package_identification:_identify(src/py05_exercise) by extension 'ignore_ament_install'
[5.547s] Level 1:colcon.colcon_core.package_identification:_identify(src/py05_exercise) by extensions ['colcon_pkg']
[5.547s] Level 1:colcon.colcon_core.package_identification:_identify(src/py05_exercise) by extension 'colcon_pkg'
[5.547s] Level 1:colcon.colcon_core.package_identification:_identify(src/py05_exercise) by extensions ['colcon_meta']
[5.547s] Level 1:colcon.colcon_core.package_identification:_identify(src/py05_exercise) by extension 'colcon_meta'
[5.547s] Level 1:colcon.colcon_core.package_identification:_identify(src/py05_exercise) by extensions ['ros']
[5.547s] Level 1:colcon.colcon_core.package_identification:_identify(src/py05_exercise) by extension 'ros'
[5.561s] DEBUG:colcon.colcon_core.package_identification:Package 'src/py05_exercise' with type 'ros.ament_python' and name 'py05_exercise'
[5.561s] Level 1:colcon.colcon_core.package_discovery:discover_packages(recursive) using defaults
[5.561s] Level 1:colcon.colcon_core.package_discovery:discover_packages(ignore) discover
[5.561s] Level 1:colcon.colcon_core.package_discovery:discover_packages(ignore) using defaults
[5.562s] Level 1:colcon.colcon_core.package_discovery:discover_packages(path) discover
[5.562s] Level 1:colcon.colcon_core.package_discovery:discover_packages(path) using defaults
[5.671s] INFO:colcon.colcon_core.package_selection:Skipping not selected package 'cpp01_launch' in 'src/cpp01_launch'
[5.671s] INFO:colcon.colcon_core.package_selection:Skipping not selected package 'cpp02_rosbag' in 'src/cpp02_rosbag'
[5.671s] INFO:colcon.colcon_core.package_selection:Skipping not selected package 'cpp03_tf_broadcaster' in 'src/cpp03_tf_broadcaster'
[5.671s] INFO:colcon.colcon_core.package_selection:Skipping not selected package 'cpp04_tf_listener' in 'src/cpp04_tf_listener'
[5.671s] INFO:colcon.colcon_core.package_selection:Skipping not selected package 'py01_launch' in 'src/py01_launch'
[5.671s] INFO:colcon.colcon_core.package_selection:Skipping not selected package 'py02_rosbag' in 'src/py02_rosbag'
[5.671s] INFO:colcon.colcon_core.package_selection:Skipping not selected package 'py03_tf_broadcaster' in 'src/py03_tf_broadcaster'
[5.671s] INFO:colcon.colcon_core.package_selection:Skipping not selected package 'py04_tf_listener' in 'src/py04_tf_listener'
[5.671s] INFO:colcon.colcon_core.package_selection:Skipping not selected package 'py05_exercise' in 'src/py05_exercise'
[5.673s] Level 1:colcon.colcon_core.package_discovery:discover_packages(prefix_path) check parameters
[5.673s] Level 1:colcon.colcon_core.package_discovery:discover_packages(prefix_path) discover
[5.680s] DEBUG:colcon.colcon_installed_package_information.package_discovery:Found 404 installed packages in /opt/ros/humble
[5.683s] Level 1:colcon.colcon_core.package_discovery:discover_packages(prefix_path) using defaults
[5.804s] Level 5:colcon.colcon_core.verb:set package 'cpp05_exercise' build argument 'cmake_args' from command line to 'None'
[5.804s] Level 5:colcon.colcon_core.verb:set package 'cpp05_exercise' build argument 'cmake_target' from command line to 'None'
[5.804s] Level 5:colcon.colcon_core.verb:set package 'cpp05_exercise' build argument 'cmake_target_skip_unavailable' from command line to 'False'
[5.805s] Level 5:colcon.colcon_core.verb:set package 'cpp05_exercise' build argument 'cmake_clean_cache' from command line to 'False'
[5.805s] Level 5:colcon.colcon_core.verb:set package 'cpp05_exercise' build argument 'cmake_clean_first' from command line to 'False'
[5.805s] Level 5:colcon.colcon_core.verb:set package 'cpp05_exercise' build argument 'cmake_force_configure' from command line to 'False'
[5.805s] Level 5:colcon.colcon_core.verb:set package 'cpp05_exercise' build argument 'ament_cmake_args' from command line to 'None'
[5.805s] Level 5:colcon.colcon_core.verb:set package 'cpp05_exercise' build argument 'catkin_cmake_args' from command line to 'None'
[5.805s] Level 5:colcon.colcon_core.verb:set package 'cpp05_exercise' build argument 'catkin_skip_building_tests' from command line to 'False'
[5.805s] DEBUG:colcon.colcon_core.verb:Building package 'cpp05_exercise' with the following arguments: {'ament_cmake_args': None, 'build_base': '/home/zzw/ws02_tools/build/cpp05_exercise', 'catkin_cmake_args': None, 'catkin_skip_building_tests': False, 'cmake_args': None, 'cmake_clean_cache': False, 'cmake_clean_first': False, 'cmake_force_configure': False, 'cmake_target': None, 'cmake_target_skip_unavailable': False, 'install_base': '/home/zzw/ws02_tools/install/cpp05_exercise', 'merge_install': False, 'path': '/home/zzw/ws02_tools/src/cpp05_exercise', 'symlink_install': False, 'test_result_base': None}
[5.806s] INFO:colcon.colcon_core.executor:Executing jobs using 'parallel' executor
[5.810s] DEBUG:colcon.colcon_parallel_executor.executor.parallel:run_until_complete
[5.811s] INFO:colcon.colcon_ros.task.ament_cmake.build:Building ROS package in '/home/zzw/ws02_tools/src/cpp05_exercise' with build type 'ament_cmake'
[5.812s] INFO:colcon.colcon_cmake.task.cmake.build:Building CMake package in '/home/zzw/ws02_tools/src/cpp05_exercise'
[5.831s] INFO:colcon.colcon_core.plugin_system:Skipping extension 'colcon_core.shell.bat': Not used on non-Windows systems
[5.831s] INFO:colcon.colcon_core.shell:Skip shell extension 'powershell' for command environment: Not usable outside of PowerShell
[5.831s] DEBUG:colcon.colcon_core.shell:Skip shell extension 'dsv' for command environment
[5.872s] DEBUG:colcon.colcon_core.event_handler.log_command:Invoking command in '/home/zzw/ws02_tools/build/cpp05_exercise': CMAKE_PREFIX_PATH=/opt/ros/humble /usr/bin/cmake --build /home/zzw/ws02_tools/build/cpp05_exercise -- -j8 -l8
[23.620s] DEBUG:colcon.colcon_core.event_handler.log_command:Invoked command in '/home/zzw/ws02_tools/build/cpp05_exercise' returned '0': CMAKE_PREFIX_PATH=/opt/ros/humble /usr/bin/cmake --build /home/zzw/ws02_tools/build/cpp05_exercise -- -j8 -l8
[23.664s] DEBUG:colcon.colcon_core.event_handler.log_command:Invoking command in '/home/zzw/ws02_tools/build/cpp05_exercise': CMAKE_PREFIX_PATH=/opt/ros/humble /usr/bin/cmake --install /home/zzw/ws02_tools/build/cpp05_exercise
[23.861s] Level 1:colcon.colcon_core.environment:create_environment_scripts_only(cpp05_exercise)
[23.863s] DEBUG:colcon.colcon_core.event_handler.log_command:Invoked command in '/home/zzw/ws02_tools/build/cpp05_exercise' returned '0': CMAKE_PREFIX_PATH=/opt/ros/humble /usr/bin/cmake --install /home/zzw/ws02_tools/build/cpp05_exercise
[23.937s] Level 1:colcon.colcon_core.environment:checking '/home/zzw/ws02_tools/install/cpp05_exercise' for CMake module files
[23.938s] Level 1:colcon.colcon_core.environment:checking '/home/zzw/ws02_tools/install/cpp05_exercise' for CMake config files
[23.939s] Level 1:colcon.colcon_core.shell:create_environment_hook('cpp05_exercise', 'cmake_prefix_path')
[23.942s] INFO:colcon.colcon_core.shell:Creating environment hook '/home/zzw/ws02_tools/install/cpp05_exercise/share/cpp05_exercise/hook/cmake_prefix_path.ps1'
[23.953s] INFO:colcon.colcon_core.shell:Creating environment descriptor '/home/zzw/ws02_tools/install/cpp05_exercise/share/cpp05_exercise/hook/cmake_prefix_path.dsv'
[23.966s] INFO:colcon.colcon_core.shell:Creating environment hook '/home/zzw/ws02_tools/install/cpp05_exercise/share/cpp05_exercise/hook/cmake_prefix_path.sh'
[23.968s] Level 1:colcon.colcon_core.environment:checking '/home/zzw/ws02_tools/install/cpp05_exercise/lib'
[23.969s] Level 1:colcon.colcon_core.environment:checking '/home/zzw/ws02_tools/install/cpp05_exercise/bin'
[23.969s] Level 1:colcon.colcon_core.environment:checking '/home/zzw/ws02_tools/install/cpp05_exercise/lib/pkgconfig/cpp05_exercise.pc'
[23.969s] Level 1:colcon.colcon_core.environment:checking '/home/zzw/ws02_tools/install/cpp05_exercise/lib/python3.10/site-packages'
[23.970s] Level 1:colcon.colcon_core.environment:checking '/home/zzw/ws02_tools/install/cpp05_exercise/bin'
[23.971s] INFO:colcon.colcon_core.shell:Creating package script '/home/zzw/ws02_tools/install/cpp05_exercise/share/cpp05_exercise/package.ps1'
[23.973s] INFO:colcon.colcon_core.shell:Creating package descriptor '/home/zzw/ws02_tools/install/cpp05_exercise/share/cpp05_exercise/package.dsv'
[23.976s] INFO:colcon.colcon_core.shell:Creating package script '/home/zzw/ws02_tools/install/cpp05_exercise/share/cpp05_exercise/package.sh'
[23.977s] INFO:colcon.colcon_core.shell:Creating package script '/home/zzw/ws02_tools/install/cpp05_exercise/share/cpp05_exercise/package.bash'
[24.008s] INFO:colcon.colcon_core.shell:Creating package script '/home/zzw/ws02_tools/install/cpp05_exercise/share/cpp05_exercise/package.zsh'
[24.011s] Level 1:colcon.colcon_core.environment:create_file_with_runtime_dependencies(/home/zzw/ws02_tools/install/cpp05_exercise/share/colcon-core/packages/cpp05_exercise)
[24.056s] Level 1:colcon.colcon_core.environment:create_environment_scripts_only(cpp05_exercise)
[24.059s] Level 1:colcon.colcon_core.environment:checking '/home/zzw/ws02_tools/install/cpp05_exercise' for CMake module files
[24.060s] Level 1:colcon.colcon_core.environment:checking '/home/zzw/ws02_tools/install/cpp05_exercise' for CMake config files
[24.060s] Level 1:colcon.colcon_core.shell:create_environment_hook('cpp05_exercise', 'cmake_prefix_path')
[24.062s] INFO:colcon.colcon_core.shell:Creating environment hook '/home/zzw/ws02_tools/install/cpp05_exercise/share/cpp05_exercise/hook/cmake_prefix_path.ps1'
[24.063s] INFO:colcon.colcon_core.shell:Creating environment descriptor '/home/zzw/ws02_tools/install/cpp05_exercise/share/cpp05_exercise/hook/cmake_prefix_path.dsv'
[24.064s] INFO:colcon.colcon_core.shell:Creating environment hook '/home/zzw/ws02_tools/install/cpp05_exercise/share/cpp05_exercise/hook/cmake_prefix_path.sh'
[24.065s] Level 1:colcon.colcon_core.environment:checking '/home/zzw/ws02_tools/install/cpp05_exercise/lib'
[24.065s] Level 1:colcon.colcon_core.environment:checking '/home/zzw/ws02_tools/install/cpp05_exercise/bin'
[24.065s] Level 1:colcon.colcon_core.environment:checking '/home/zzw/ws02_tools/install/cpp05_exercise/lib/pkgconfig/cpp05_exercise.pc'
[24.065s] Level 1:colcon.colcon_core.environment:checking '/home/zzw/ws02_tools/install/cpp05_exercise/lib/python3.10/site-packages'
[24.065s] Level 1:colcon.colcon_core.environment:checking '/home/zzw/ws02_tools/install/cpp05_exercise/bin'
[24.067s] INFO:colcon.colcon_core.shell:Creating package script '/home/zzw/ws02_tools/install/cpp05_exercise/share/cpp05_exercise/package.ps1'
[24.068s] INFO:colcon.colcon_core.shell:Creating package descriptor '/home/zzw/ws02_tools/install/cpp05_exercise/share/cpp05_exercise/package.dsv'
[24.069s] INFO:colcon.colcon_core.shell:Creating package script '/home/zzw/ws02_tools/install/cpp05_exercise/share/cpp05_exercise/package.sh'
[24.070s] INFO:colcon.colcon_core.shell:Creating package script '/home/zzw/ws02_tools/install/cpp05_exercise/share/cpp05_exercise/package.bash'
[24.071s] INFO:colcon.colcon_core.shell:Creating package script '/home/zzw/ws02_tools/install/cpp05_exercise/share/cpp05_exercise/package.zsh'
[24.071s] Level 1:colcon.colcon_core.environment:create_file_with_runtime_dependencies(/home/zzw/ws02_tools/install/cpp05_exercise/share/colcon-core/packages/cpp05_exercise)
[24.072s] DEBUG:colcon.colcon_parallel_executor.executor.parallel:closing loop
[24.074s] DEBUG:colcon.colcon_parallel_executor.executor.parallel:loop closed
[24.075s] DEBUG:colcon.colcon_parallel_executor.executor.parallel:run_until_complete finished with '0'
[24.075s] DEBUG:colcon.colcon_core.event_reactor:joining thread
[24.179s] INFO:colcon.colcon_core.plugin_system:Skipping extension 'colcon_notification.desktop_notification.terminal_notifier': Not used on non-Darwin systems
[24.179s] INFO:colcon.colcon_core.plugin_system:Skipping extension 'colcon_notification.desktop_notification.win32': Not used on non-Windows systems
[24.179s] INFO:colcon.colcon_notification.desktop_notification:Sending desktop notification using 'notify2'
[26.687s] DEBUG:colcon.colcon_core.event_reactor:joined thread
[26.690s] INFO:colcon.colcon_core.shell:Creating prefix script '/home/zzw/ws02_tools/install/local_setup.ps1'
[26.720s] INFO:colcon.colcon_core.shell:Creating prefix util module '/home/zzw/ws02_tools/install/_local_setup_util_ps1.py'
[26.734s] INFO:colcon.colcon_core.shell:Creating prefix chain script '/home/zzw/ws02_tools/install/setup.ps1'
[26.751s] INFO:colcon.colcon_core.shell:Creating prefix script '/home/zzw/ws02_tools/install/local_setup.sh'
[26.762s] INFO:colcon.colcon_core.shell:Creating prefix util module '/home/zzw/ws02_tools/install/_local_setup_util_sh.py'
[26.764s] INFO:colcon.colcon_core.shell:Creating prefix chain script '/home/zzw/ws02_tools/install/setup.sh'
[26.768s] INFO:colcon.colcon_core.shell:Creating prefix script '/home/zzw/ws02_tools/install/local_setup.bash'
[26.785s] INFO:colcon.colcon_core.shell:Creating prefix chain script '/home/zzw/ws02_tools/install/setup.bash'
[26.789s] INFO:colcon.colcon_core.shell:Creating prefix script '/home/zzw/ws02_tools/install/local_setup.zsh'
[26.791s] INFO:colcon.colcon_core.shell:Creating prefix chain script '/home/zzw/ws02_tools/install/setup.zsh'
