[0.932s] DEBUG:colcon:Command line arguments: ['/usr/bin/colcon', 'build', '--packages-select', 'cpp05_exercise']
[0.932s] DEBUG:colcon:Parsed command line arguments: Namespace(log_base=None, log_level=None, verb_name='build', build_base='build', install_base='install', merge_install=False, symlink_install=False, test_result_base=None, continue_on_error=False, executor='parallel', parallel_workers=8, event_handlers=None, ignore_user_meta=False, metas=['./colcon.meta'], base_paths=['.'], packages_ignore=None, packages_ignore_regex=None, paths=None, packages_up_to=None, packages_up_to_regex=None, packages_above=None, packages_above_and_dependencies=None, packages_above_depth=None, packages_select_by_dep=None, packages_skip_by_dep=None, packages_skip_up_to=None, packages_select_build_failed=False, packages_skip_build_finished=False, packages_select_test_failures=False, packages_skip_test_passed=False, packages_select=['cpp05_exercise'], packages_skip=None, packages_select_regex=None, packages_skip_regex=None, packages_start=None, packages_end=None, allow_overriding=[], cmake_args=None, cmake_target=None, cmake_target_skip_unavailable=False, cmake_clean_cache=False, cmake_clean_first=False, cmake_force_configure=False, ament_cmake_args=None, catkin_cmake_args=None, catkin_skip_building_tests=False, verb_parser=<colcon_defaults.argument_parser.defaults.DefaultArgumentsDecorator object at 0x7eff2ec2f7f0>, verb_extension=<colcon_core.verb.build.BuildVerb object at 0x7eff2f44dc60>, main=<bound method BuildVerb.main of <colcon_core.verb.build.BuildVerb object at 0x7eff2f44dc60>>)
[1.003s] Level 1:colcon.colcon_core.package_discovery:discover_packages(colcon_meta) check parameters
[1.004s] Level 1:colcon.colcon_core.package_discovery:discover_packages(recursive) check parameters
[1.004s] Level 1:colcon.colcon_core.package_discovery:discover_packages(ignore) check parameters
[1.004s] Level 1:colcon.colcon_core.package_discovery:discover_packages(path) check parameters
[1.004s] Level 1:colcon.colcon_core.package_discovery:discover_packages(colcon_meta) discover
[1.004s] Level 1:colcon.colcon_core.package_discovery:discover_packages(recursive) discover
[1.004s] INFO:colcon.colcon_core.package_discovery:Crawling recursively for packages in '/home/zzw/ws02_tools'
[1.004s] Level 1:colcon.colcon_core.package_identification:_identify(.) by extensions ['ignore', 'ignore_ament_install']
[1.004s] Level 1:colcon.colcon_core.package_identification:_identify(.) by extension 'ignore'
[1.005s] Level 1:colcon.colcon_core.package_identification:_identify(.) by extension 'ignore_ament_install'
[1.005s] Level 1:colcon.colcon_core.package_identification:_identify(.) by extensions ['colcon_pkg']
[1.005s] Level 1:colcon.colcon_core.package_identification:_identify(.) by extension 'colcon_pkg'
[1.005s] Level 1:colcon.colcon_core.package_identification:_identify(.) by extensions ['colcon_meta']
[1.005s] Level 1:colcon.colcon_core.package_identification:_identify(.) by extension 'colcon_meta'
[1.005s] Level 1:colcon.colcon_core.package_identification:_identify(.) by extensions ['ros']
[1.005s] Level 1:colcon.colcon_core.package_identification:_identify(.) by extension 'ros'
[1.039s] Level 1:colcon.colcon_core.package_identification:_identify(.) by extensions ['cmake', 'python']
[1.039s] Level 1:colcon.colcon_core.package_identification:_identify(.) by extension 'cmake'
[1.039s] Level 1:colcon.colcon_core.package_identification:_identify(.) by extension 'python'
[1.040s] Level 1:colcon.colcon_core.package_identification:_identify(.) by extensions ['python_setup_py']
[1.040s] Level 1:colcon.colcon_core.package_identification:_identify(.) by extension 'python_setup_py'
[1.040s] Level 1:colcon.colcon_core.package_identification:_identify(build) by extensions ['ignore', 'ignore_ament_install']
[1.040s] Level 1:colcon.colcon_core.package_identification:_identify(build) by extension 'ignore'
[1.040s] Level 1:colcon.colcon_core.package_identification:_identify(build) ignored
[1.041s] Level 1:colcon.colcon_core.package_identification:_identify(install) by extensions ['ignore', 'ignore_ament_install']
[1.041s] Level 1:colcon.colcon_core.package_identification:_identify(install) by extension 'ignore'
[1.041s] Level 1:colcon.colcon_core.package_identification:_identify(install) ignored
[1.042s] Level 1:colcon.colcon_core.package_identification:_identify(log) by extensions ['ignore', 'ignore_ament_install']
[1.042s] Level 1:colcon.colcon_core.package_identification:_identify(log) by extension 'ignore'
[1.042s] Level 1:colcon.colcon_core.package_identification:_identify(log) ignored
[1.042s] Level 1:colcon.colcon_core.package_identification:_identify(my_bag) by extensions ['ignore', 'ignore_ament_install']
[1.042s] Level 1:colcon.colcon_core.package_identification:_identify(my_bag) by extension 'ignore'
[1.043s] Level 1:colcon.colcon_core.package_identification:_identify(my_bag) by extension 'ignore_ament_install'
[1.043s] Level 1:colcon.colcon_core.package_identification:_identify(my_bag) by extensions ['colcon_pkg']
[1.043s] Level 1:colcon.colcon_core.package_identification:_identify(my_bag) by extension 'colcon_pkg'
[1.043s] Level 1:colcon.colcon_core.package_identification:_identify(my_bag) by extensions ['colcon_meta']
[1.043s] Level 1:colcon.colcon_core.package_identification:_identify(my_bag) by extension 'colcon_meta'
[1.043s] Level 1:colcon.colcon_core.package_identification:_identify(my_bag) by extensions ['ros']
[1.043s] Level 1:colcon.colcon_core.package_identification:_identify(my_bag) by extension 'ros'
[1.043s] Level 1:colcon.colcon_core.package_identification:_identify(my_bag) by extensions ['cmake', 'python']
[1.044s] Level 1:colcon.colcon_core.package_identification:_identify(my_bag) by extension 'cmake'
[1.044s] Level 1:colcon.colcon_core.package_identification:_identify(my_bag) by extension 'python'
[1.044s] Level 1:colcon.colcon_core.package_identification:_identify(my_bag) by extensions ['python_setup_py']
[1.044s] Level 1:colcon.colcon_core.package_identification:_identify(my_bag) by extension 'python_setup_py'
[1.045s] Level 1:colcon.colcon_core.package_identification:_identify(my_bag_py) by extensions ['ignore', 'ignore_ament_install']
[1.045s] Level 1:colcon.colcon_core.package_identification:_identify(my_bag_py) by extension 'ignore'
[1.046s] Level 1:colcon.colcon_core.package_identification:_identify(my_bag_py) by extension 'ignore_ament_install'
[1.046s] Level 1:colcon.colcon_core.package_identification:_identify(my_bag_py) by extensions ['colcon_pkg']
[1.046s] Level 1:colcon.colcon_core.package_identification:_identify(my_bag_py) by extension 'colcon_pkg'
[1.047s] Level 1:colcon.colcon_core.package_identification:_identify(my_bag_py) by extensions ['colcon_meta']
[1.047s] Level 1:colcon.colcon_core.package_identification:_identify(my_bag_py) by extension 'colcon_meta'
[1.047s] Level 1:colcon.colcon_core.package_identification:_identify(my_bag_py) by extensions ['ros']
[1.047s] Level 1:colcon.colcon_core.package_identification:_identify(my_bag_py) by extension 'ros'
[1.048s] Level 1:colcon.colcon_core.package_identification:_identify(my_bag_py) by extensions ['cmake', 'python']
[1.048s] Level 1:colcon.colcon_core.package_identification:_identify(my_bag_py) by extension 'cmake'
[1.048s] Level 1:colcon.colcon_core.package_identification:_identify(my_bag_py) by extension 'python'
[1.048s] Level 1:colcon.colcon_core.package_identification:_identify(my_bag_py) by extensions ['python_setup_py']
[1.048s] Level 1:colcon.colcon_core.package_identification:_identify(my_bag_py) by extension 'python_setup_py'
[1.048s] Level 1:colcon.colcon_core.package_identification:_identify(src) by extensions ['ignore', 'ignore_ament_install']
[1.049s] Level 1:colcon.colcon_core.package_identification:_identify(src) by extension 'ignore'
[1.049s] Level 1:colcon.colcon_core.package_identification:_identify(src) by extension 'ignore_ament_install'
[1.049s] Level 1:colcon.colcon_core.package_identification:_identify(src) by extensions ['colcon_pkg']
[1.049s] Level 1:colcon.colcon_core.package_identification:_identify(src) by extension 'colcon_pkg'
[1.049s] Level 1:colcon.colcon_core.package_identification:_identify(src) by extensions ['colcon_meta']
[1.049s] Level 1:colcon.colcon_core.package_identification:_identify(src) by extension 'colcon_meta'
[1.049s] Level 1:colcon.colcon_core.package_identification:_identify(src) by extensions ['ros']
[1.050s] Level 1:colcon.colcon_core.package_identification:_identify(src) by extension 'ros'
[1.050s] Level 1:colcon.colcon_core.package_identification:_identify(src) by extensions ['cmake', 'python']
[1.050s] Level 1:colcon.colcon_core.package_identification:_identify(src) by extension 'cmake'
[1.050s] Level 1:colcon.colcon_core.package_identification:_identify(src) by extension 'python'
[1.050s] Level 1:colcon.colcon_core.package_identification:_identify(src) by extensions ['python_setup_py']
[1.050s] Level 1:colcon.colcon_core.package_identification:_identify(src) by extension 'python_setup_py'
[1.051s] Level 1:colcon.colcon_core.package_identification:_identify(src/cpp01_launch) by extensions ['ignore', 'ignore_ament_install']
[1.051s] Level 1:colcon.colcon_core.package_identification:_identify(src/cpp01_launch) by extension 'ignore'
[1.051s] Level 1:colcon.colcon_core.package_identification:_identify(src/cpp01_launch) by extension 'ignore_ament_install'
[1.051s] Level 1:colcon.colcon_core.package_identification:_identify(src/cpp01_launch) by extensions ['colcon_pkg']
[1.052s] Level 1:colcon.colcon_core.package_identification:_identify(src/cpp01_launch) by extension 'colcon_pkg'
[1.052s] Level 1:colcon.colcon_core.package_identification:_identify(src/cpp01_launch) by extensions ['colcon_meta']
[1.052s] Level 1:colcon.colcon_core.package_identification:_identify(src/cpp01_launch) by extension 'colcon_meta'
[1.052s] Level 1:colcon.colcon_core.package_identification:_identify(src/cpp01_launch) by extensions ['ros']
[1.052s] Level 1:colcon.colcon_core.package_identification:_identify(src/cpp01_launch) by extension 'ros'
[1.058s] DEBUG:colcon.colcon_core.package_identification:Package 'src/cpp01_launch' with type 'ros.ament_cmake' and name 'cpp01_launch'
[1.059s] Level 1:colcon.colcon_core.package_identification:_identify(src/cpp02_rosbag) by extensions ['ignore', 'ignore_ament_install']
[1.059s] Level 1:colcon.colcon_core.package_identification:_identify(src/cpp02_rosbag) by extension 'ignore'
[1.059s] Level 1:colcon.colcon_core.package_identification:_identify(src/cpp02_rosbag) by extension 'ignore_ament_install'
[1.060s] Level 1:colcon.colcon_core.package_identification:_identify(src/cpp02_rosbag) by extensions ['colcon_pkg']
[1.060s] Level 1:colcon.colcon_core.package_identification:_identify(src/cpp02_rosbag) by extension 'colcon_pkg'
[1.060s] Level 1:colcon.colcon_core.package_identification:_identify(src/cpp02_rosbag) by extensions ['colcon_meta']
[1.060s] Level 1:colcon.colcon_core.package_identification:_identify(src/cpp02_rosbag) by extension 'colcon_meta'
[1.060s] Level 1:colcon.colcon_core.package_identification:_identify(src/cpp02_rosbag) by extensions ['ros']
[1.060s] Level 1:colcon.colcon_core.package_identification:_identify(src/cpp02_rosbag) by extension 'ros'
[1.063s] DEBUG:colcon.colcon_core.package_identification:Package 'src/cpp02_rosbag' with type 'ros.ament_cmake' and name 'cpp02_rosbag'
[1.063s] Level 1:colcon.colcon_core.package_identification:_identify(src/cpp03_tf_broadcaster) by extensions ['ignore', 'ignore_ament_install']
[1.064s] Level 1:colcon.colcon_core.package_identification:_identify(src/cpp03_tf_broadcaster) by extension 'ignore'
[1.064s] Level 1:colcon.colcon_core.package_identification:_identify(src/cpp03_tf_broadcaster) by extension 'ignore_ament_install'
[1.064s] Level 1:colcon.colcon_core.package_identification:_identify(src/cpp03_tf_broadcaster) by extensions ['colcon_pkg']
[1.064s] Level 1:colcon.colcon_core.package_identification:_identify(src/cpp03_tf_broadcaster) by extension 'colcon_pkg'
[1.064s] Level 1:colcon.colcon_core.package_identification:_identify(src/cpp03_tf_broadcaster) by extensions ['colcon_meta']
[1.064s] Level 1:colcon.colcon_core.package_identification:_identify(src/cpp03_tf_broadcaster) by extension 'colcon_meta'
[1.064s] Level 1:colcon.colcon_core.package_identification:_identify(src/cpp03_tf_broadcaster) by extensions ['ros']
[1.064s] Level 1:colcon.colcon_core.package_identification:_identify(src/cpp03_tf_broadcaster) by extension 'ros'
[1.067s] DEBUG:colcon.colcon_core.package_identification:Package 'src/cpp03_tf_broadcaster' with type 'ros.ament_cmake' and name 'cpp03_tf_broadcaster'
[1.067s] Level 1:colcon.colcon_core.package_identification:_identify(src/cpp04_tf_listener) by extensions ['ignore', 'ignore_ament_install']
[1.067s] Level 1:colcon.colcon_core.package_identification:_identify(src/cpp04_tf_listener) by extension 'ignore'
[1.067s] Level 1:colcon.colcon_core.package_identification:_identify(src/cpp04_tf_listener) by extension 'ignore_ament_install'
[1.067s] Level 1:colcon.colcon_core.package_identification:_identify(src/cpp04_tf_listener) by extensions ['colcon_pkg']
[1.068s] Level 1:colcon.colcon_core.package_identification:_identify(src/cpp04_tf_listener) by extension 'colcon_pkg'
[1.068s] Level 1:colcon.colcon_core.package_identification:_identify(src/cpp04_tf_listener) by extensions ['colcon_meta']
[1.068s] Level 1:colcon.colcon_core.package_identification:_identify(src/cpp04_tf_listener) by extension 'colcon_meta'
[1.068s] Level 1:colcon.colcon_core.package_identification:_identify(src/cpp04_tf_listener) by extensions ['ros']
[1.068s] Level 1:colcon.colcon_core.package_identification:_identify(src/cpp04_tf_listener) by extension 'ros'
[1.070s] DEBUG:colcon.colcon_core.package_identification:Package 'src/cpp04_tf_listener' with type 'ros.ament_cmake' and name 'cpp04_tf_listener'
[1.070s] Level 1:colcon.colcon_core.package_identification:_identify(src/cpp05_exercise) by extensions ['ignore', 'ignore_ament_install']
[1.070s] Level 1:colcon.colcon_core.package_identification:_identify(src/cpp05_exercise) by extension 'ignore'
[1.070s] Level 1:colcon.colcon_core.package_identification:_identify(src/cpp05_exercise) by extension 'ignore_ament_install'
[1.070s] Level 1:colcon.colcon_core.package_identification:_identify(src/cpp05_exercise) by extensions ['colcon_pkg']
[1.071s] Level 1:colcon.colcon_core.package_identification:_identify(src/cpp05_exercise) by extension 'colcon_pkg'
[1.071s] Level 1:colcon.colcon_core.package_identification:_identify(src/cpp05_exercise) by extensions ['colcon_meta']
[1.071s] Level 1:colcon.colcon_core.package_identification:_identify(src/cpp05_exercise) by extension 'colcon_meta'
[1.071s] Level 1:colcon.colcon_core.package_identification:_identify(src/cpp05_exercise) by extensions ['ros']
[1.071s] Level 1:colcon.colcon_core.package_identification:_identify(src/cpp05_exercise) by extension 'ros'
[1.073s] DEBUG:colcon.colcon_core.package_identification:Package 'src/cpp05_exercise' with type 'ros.ament_cmake' and name 'cpp05_exercise'
[1.073s] Level 1:colcon.colcon_core.package_identification:_identify(src/py01_launch) by extensions ['ignore', 'ignore_ament_install']
[1.073s] Level 1:colcon.colcon_core.package_identification:_identify(src/py01_launch) by extension 'ignore'
[1.073s] Level 1:colcon.colcon_core.package_identification:_identify(src/py01_launch) by extension 'ignore_ament_install'
[1.073s] Level 1:colcon.colcon_core.package_identification:_identify(src/py01_launch) by extensions ['colcon_pkg']
[1.074s] Level 1:colcon.colcon_core.package_identification:_identify(src/py01_launch) by extension 'colcon_pkg'
[1.074s] Level 1:colcon.colcon_core.package_identification:_identify(src/py01_launch) by extensions ['colcon_meta']
[1.074s] Level 1:colcon.colcon_core.package_identification:_identify(src/py01_launch) by extension 'colcon_meta'
[1.074s] Level 1:colcon.colcon_core.package_identification:_identify(src/py01_launch) by extensions ['ros']
[1.074s] Level 1:colcon.colcon_core.package_identification:_identify(src/py01_launch) by extension 'ros'
[1.075s] DEBUG:colcon.colcon_core.package_identification:Package 'src/py01_launch' with type 'ros.ament_python' and name 'py01_launch'
[1.075s] Level 1:colcon.colcon_core.package_identification:_identify(src/py02_rosbag) by extensions ['ignore', 'ignore_ament_install']
[1.075s] Level 1:colcon.colcon_core.package_identification:_identify(src/py02_rosbag) by extension 'ignore'
[1.075s] Level 1:colcon.colcon_core.package_identification:_identify(src/py02_rosbag) by extension 'ignore_ament_install'
[1.076s] Level 1:colcon.colcon_core.package_identification:_identify(src/py02_rosbag) by extensions ['colcon_pkg']
[1.076s] Level 1:colcon.colcon_core.package_identification:_identify(src/py02_rosbag) by extension 'colcon_pkg'
[1.076s] Level 1:colcon.colcon_core.package_identification:_identify(src/py02_rosbag) by extensions ['colcon_meta']
[1.076s] Level 1:colcon.colcon_core.package_identification:_identify(src/py02_rosbag) by extension 'colcon_meta'
[1.076s] Level 1:colcon.colcon_core.package_identification:_identify(src/py02_rosbag) by extensions ['ros']
[1.076s] Level 1:colcon.colcon_core.package_identification:_identify(src/py02_rosbag) by extension 'ros'
[1.077s] DEBUG:colcon.colcon_core.package_identification:Package 'src/py02_rosbag' with type 'ros.ament_python' and name 'py02_rosbag'
[1.078s] Level 1:colcon.colcon_core.package_identification:_identify(src/py03_tf_broadcaster) by extensions ['ignore', 'ignore_ament_install']
[1.078s] Level 1:colcon.colcon_core.package_identification:_identify(src/py03_tf_broadcaster) by extension 'ignore'
[1.078s] Level 1:colcon.colcon_core.package_identification:_identify(src/py03_tf_broadcaster) by extension 'ignore_ament_install'
[1.078s] Level 1:colcon.colcon_core.package_identification:_identify(src/py03_tf_broadcaster) by extensions ['colcon_pkg']
[1.078s] Level 1:colcon.colcon_core.package_identification:_identify(src/py03_tf_broadcaster) by extension 'colcon_pkg'
[1.078s] Level 1:colcon.colcon_core.package_identification:_identify(src/py03_tf_broadcaster) by extensions ['colcon_meta']
[1.078s] Level 1:colcon.colcon_core.package_identification:_identify(src/py03_tf_broadcaster) by extension 'colcon_meta'
[1.079s] Level 1:colcon.colcon_core.package_identification:_identify(src/py03_tf_broadcaster) by extensions ['ros']
[1.079s] Level 1:colcon.colcon_core.package_identification:_identify(src/py03_tf_broadcaster) by extension 'ros'
[1.082s] DEBUG:colcon.colcon_core.package_identification:Package 'src/py03_tf_broadcaster' with type 'ros.ament_python' and name 'py03_tf_broadcaster'
[1.082s] Level 1:colcon.colcon_core.package_identification:_identify(src/py04_tf_listener) by extensions ['ignore', 'ignore_ament_install']
[1.083s] Level 1:colcon.colcon_core.package_identification:_identify(src/py04_tf_listener) by extension 'ignore'
[1.084s] Level 1:colcon.colcon_core.package_identification:_identify(src/py04_tf_listener) by extension 'ignore_ament_install'
[1.084s] Level 1:colcon.colcon_core.package_identification:_identify(src/py04_tf_listener) by extensions ['colcon_pkg']
[1.084s] Level 1:colcon.colcon_core.package_identification:_identify(src/py04_tf_listener) by extension 'colcon_pkg'
[1.085s] Level 1:colcon.colcon_core.package_identification:_identify(src/py04_tf_listener) by extensions ['colcon_meta']
[1.085s] Level 1:colcon.colcon_core.package_identification:_identify(src/py04_tf_listener) by extension 'colcon_meta'
[1.085s] Level 1:colcon.colcon_core.package_identification:_identify(src/py04_tf_listener) by extensions ['ros']
[1.085s] Level 1:colcon.colcon_core.package_identification:_identify(src/py04_tf_listener) by extension 'ros'
[1.088s] DEBUG:colcon.colcon_core.package_identification:Package 'src/py04_tf_listener' with type 'ros.ament_python' and name 'py04_tf_listener'
[1.089s] Level 1:colcon.colcon_core.package_identification:_identify(src/py05_exercise) by extensions ['ignore', 'ignore_ament_install']
[1.089s] Level 1:colcon.colcon_core.package_identification:_identify(src/py05_exercise) by extension 'ignore'
[1.089s] Level 1:colcon.colcon_core.package_identification:_identify(src/py05_exercise) by extension 'ignore_ament_install'
[1.090s] Level 1:colcon.colcon_core.package_identification:_identify(src/py05_exercise) by extensions ['colcon_pkg']
[1.090s] Level 1:colcon.colcon_core.package_identification:_identify(src/py05_exercise) by extension 'colcon_pkg'
[1.091s] Level 1:colcon.colcon_core.package_identification:_identify(src/py05_exercise) by extensions ['colcon_meta']
[1.091s] Level 1:colcon.colcon_core.package_identification:_identify(src/py05_exercise) by extension 'colcon_meta'
[1.091s] Level 1:colcon.colcon_core.package_identification:_identify(src/py05_exercise) by extensions ['ros']
[1.092s] Level 1:colcon.colcon_core.package_identification:_identify(src/py05_exercise) by extension 'ros'
[1.096s] DEBUG:colcon.colcon_core.package_identification:Package 'src/py05_exercise' with type 'ros.ament_python' and name 'py05_exercise'
[1.097s] Level 1:colcon.colcon_core.package_discovery:discover_packages(recursive) using defaults
[1.097s] Level 1:colcon.colcon_core.package_discovery:discover_packages(ignore) discover
[1.098s] Level 1:colcon.colcon_core.package_discovery:discover_packages(ignore) using defaults
[1.098s] Level 1:colcon.colcon_core.package_discovery:discover_packages(path) discover
[1.098s] Level 1:colcon.colcon_core.package_discovery:discover_packages(path) using defaults
[1.164s] INFO:colcon.colcon_core.package_selection:Skipping not selected package 'cpp01_launch' in 'src/cpp01_launch'
[1.165s] INFO:colcon.colcon_core.package_selection:Skipping not selected package 'cpp02_rosbag' in 'src/cpp02_rosbag'
[1.165s] INFO:colcon.colcon_core.package_selection:Skipping not selected package 'cpp03_tf_broadcaster' in 'src/cpp03_tf_broadcaster'
[1.166s] INFO:colcon.colcon_core.package_selection:Skipping not selected package 'cpp04_tf_listener' in 'src/cpp04_tf_listener'
[1.167s] INFO:colcon.colcon_core.package_selection:Skipping not selected package 'py01_launch' in 'src/py01_launch'
[1.167s] INFO:colcon.colcon_core.package_selection:Skipping not selected package 'py02_rosbag' in 'src/py02_rosbag'
[1.167s] INFO:colcon.colcon_core.package_selection:Skipping not selected package 'py03_tf_broadcaster' in 'src/py03_tf_broadcaster'
[1.167s] INFO:colcon.colcon_core.package_selection:Skipping not selected package 'py04_tf_listener' in 'src/py04_tf_listener'
[1.167s] INFO:colcon.colcon_core.package_selection:Skipping not selected package 'py05_exercise' in 'src/py05_exercise'
[1.171s] Level 1:colcon.colcon_core.package_discovery:discover_packages(prefix_path) check parameters
[1.172s] Level 1:colcon.colcon_core.package_discovery:discover_packages(prefix_path) discover
[1.190s] DEBUG:colcon.colcon_installed_package_information.package_discovery:Found 9 installed packages in /home/zzw/ws02_tools/install
[1.201s] DEBUG:colcon.colcon_installed_package_information.package_discovery:Found 404 installed packages in /opt/ros/humble
[1.213s] Level 1:colcon.colcon_core.package_discovery:discover_packages(prefix_path) using defaults
[1.517s] Level 5:colcon.colcon_core.verb:set package 'cpp05_exercise' build argument 'cmake_args' from command line to 'None'
[1.517s] Level 5:colcon.colcon_core.verb:set package 'cpp05_exercise' build argument 'cmake_target' from command line to 'None'
[1.517s] Level 5:colcon.colcon_core.verb:set package 'cpp05_exercise' build argument 'cmake_target_skip_unavailable' from command line to 'False'
[1.517s] Level 5:colcon.colcon_core.verb:set package 'cpp05_exercise' build argument 'cmake_clean_cache' from command line to 'False'
[1.518s] Level 5:colcon.colcon_core.verb:set package 'cpp05_exercise' build argument 'cmake_clean_first' from command line to 'False'
[1.518s] Level 5:colcon.colcon_core.verb:set package 'cpp05_exercise' build argument 'cmake_force_configure' from command line to 'False'
[1.518s] Level 5:colcon.colcon_core.verb:set package 'cpp05_exercise' build argument 'ament_cmake_args' from command line to 'None'
[1.518s] Level 5:colcon.colcon_core.verb:set package 'cpp05_exercise' build argument 'catkin_cmake_args' from command line to 'None'
[1.518s] Level 5:colcon.colcon_core.verb:set package 'cpp05_exercise' build argument 'catkin_skip_building_tests' from command line to 'False'
[1.518s] DEBUG:colcon.colcon_core.verb:Building package 'cpp05_exercise' with the following arguments: {'ament_cmake_args': None, 'build_base': '/home/zzw/ws02_tools/build/cpp05_exercise', 'catkin_cmake_args': None, 'catkin_skip_building_tests': False, 'cmake_args': None, 'cmake_clean_cache': False, 'cmake_clean_first': False, 'cmake_force_configure': False, 'cmake_target': None, 'cmake_target_skip_unavailable': False, 'install_base': '/home/zzw/ws02_tools/install/cpp05_exercise', 'merge_install': False, 'path': '/home/zzw/ws02_tools/src/cpp05_exercise', 'symlink_install': False, 'test_result_base': None}
[1.519s] INFO:colcon.colcon_core.executor:Executing jobs using 'parallel' executor
[1.525s] DEBUG:colcon.colcon_parallel_executor.executor.parallel:run_until_complete
[1.526s] INFO:colcon.colcon_ros.task.ament_cmake.build:Building ROS package in '/home/zzw/ws02_tools/src/cpp05_exercise' with build type 'ament_cmake'
[1.526s] INFO:colcon.colcon_cmake.task.cmake.build:Building CMake package in '/home/zzw/ws02_tools/src/cpp05_exercise'
[1.547s] INFO:colcon.colcon_core.plugin_system:Skipping extension 'colcon_core.shell.bat': Not used on non-Windows systems
[1.548s] INFO:colcon.colcon_core.shell:Skip shell extension 'powershell' for command environment: Not usable outside of PowerShell
[1.549s] DEBUG:colcon.colcon_core.shell:Skip shell extension 'dsv' for command environment
[1.583s] DEBUG:colcon.colcon_core.event_handler.log_command:Invoking command in '/home/zzw/ws02_tools/build/cpp05_exercise': CMAKE_PREFIX_PATH=${CMAKE_PREFIX_PATH}:/home/zzw/ws02_tools/install/py04_tf_listener:/home/zzw/ws02_tools/install/py03_tf_broadcaster:/home/zzw/ws02_tools/install/py02_rosbag:/home/zzw/ws02_tools/install/py01_launch:/opt/ros/humble /usr/bin/cmake --build /home/zzw/ws02_tools/build/cpp05_exercise -- -j8 -l8
[1.699s] DEBUG:colcon.colcon_core.event_handler.log_command:Invoked command in '/home/zzw/ws02_tools/build/cpp05_exercise' returned '0': CMAKE_PREFIX_PATH=${CMAKE_PREFIX_PATH}:/home/zzw/ws02_tools/install/py04_tf_listener:/home/zzw/ws02_tools/install/py03_tf_broadcaster:/home/zzw/ws02_tools/install/py02_rosbag:/home/zzw/ws02_tools/install/py01_launch:/opt/ros/humble /usr/bin/cmake --build /home/zzw/ws02_tools/build/cpp05_exercise -- -j8 -l8
[1.755s] DEBUG:colcon.colcon_core.event_handler.log_command:Invoking command in '/home/zzw/ws02_tools/build/cpp05_exercise': CMAKE_PREFIX_PATH=${CMAKE_PREFIX_PATH}:/home/zzw/ws02_tools/install/py04_tf_listener:/home/zzw/ws02_tools/install/py03_tf_broadcaster:/home/zzw/ws02_tools/install/py02_rosbag:/home/zzw/ws02_tools/install/py01_launch:/opt/ros/humble /usr/bin/cmake --install /home/zzw/ws02_tools/build/cpp05_exercise
[1.773s] Level 1:colcon.colcon_core.environment:create_environment_scripts_only(cpp05_exercise)
[1.774s] DEBUG:colcon.colcon_core.event_handler.log_command:Invoked command in '/home/zzw/ws02_tools/build/cpp05_exercise' returned '0': CMAKE_PREFIX_PATH=${CMAKE_PREFIX_PATH}:/home/zzw/ws02_tools/install/py04_tf_listener:/home/zzw/ws02_tools/install/py03_tf_broadcaster:/home/zzw/ws02_tools/install/py02_rosbag:/home/zzw/ws02_tools/install/py01_launch:/opt/ros/humble /usr/bin/cmake --install /home/zzw/ws02_tools/build/cpp05_exercise
[1.786s] Level 1:colcon.colcon_core.environment:checking '/home/zzw/ws02_tools/install/cpp05_exercise' for CMake module files
[1.787s] Level 1:colcon.colcon_core.environment:checking '/home/zzw/ws02_tools/install/cpp05_exercise' for CMake config files
[1.787s] Level 1:colcon.colcon_core.shell:create_environment_hook('cpp05_exercise', 'cmake_prefix_path')
[1.790s] INFO:colcon.colcon_core.shell:Creating environment hook '/home/zzw/ws02_tools/install/cpp05_exercise/share/cpp05_exercise/hook/cmake_prefix_path.ps1'
[1.791s] INFO:colcon.colcon_core.shell:Creating environment descriptor '/home/zzw/ws02_tools/install/cpp05_exercise/share/cpp05_exercise/hook/cmake_prefix_path.dsv'
[1.792s] INFO:colcon.colcon_core.shell:Creating environment hook '/home/zzw/ws02_tools/install/cpp05_exercise/share/cpp05_exercise/hook/cmake_prefix_path.sh'
[1.794s] Level 1:colcon.colcon_core.environment:checking '/home/zzw/ws02_tools/install/cpp05_exercise/lib'
[1.795s] Level 1:colcon.colcon_core.environment:checking '/home/zzw/ws02_tools/install/cpp05_exercise/bin'
[1.795s] Level 1:colcon.colcon_core.environment:checking '/home/zzw/ws02_tools/install/cpp05_exercise/lib/pkgconfig/cpp05_exercise.pc'
[1.796s] Level 1:colcon.colcon_core.environment:checking '/home/zzw/ws02_tools/install/cpp05_exercise/lib/python3.10/site-packages'
[1.797s] Level 1:colcon.colcon_core.environment:checking '/home/zzw/ws02_tools/install/cpp05_exercise/bin'
[1.800s] INFO:colcon.colcon_core.shell:Creating package script '/home/zzw/ws02_tools/install/cpp05_exercise/share/cpp05_exercise/package.ps1'
[1.802s] INFO:colcon.colcon_core.shell:Creating package descriptor '/home/zzw/ws02_tools/install/cpp05_exercise/share/cpp05_exercise/package.dsv'
[1.803s] INFO:colcon.colcon_core.shell:Creating package script '/home/zzw/ws02_tools/install/cpp05_exercise/share/cpp05_exercise/package.sh'
[1.804s] INFO:colcon.colcon_core.shell:Creating package script '/home/zzw/ws02_tools/install/cpp05_exercise/share/cpp05_exercise/package.bash'
[1.805s] INFO:colcon.colcon_core.shell:Creating package script '/home/zzw/ws02_tools/install/cpp05_exercise/share/cpp05_exercise/package.zsh'
[1.806s] Level 1:colcon.colcon_core.environment:create_file_with_runtime_dependencies(/home/zzw/ws02_tools/install/cpp05_exercise/share/colcon-core/packages/cpp05_exercise)
[1.854s] Level 1:colcon.colcon_core.environment:create_environment_scripts_only(cpp05_exercise)
[1.857s] Level 1:colcon.colcon_core.environment:checking '/home/zzw/ws02_tools/install/cpp05_exercise' for CMake module files
[1.858s] Level 1:colcon.colcon_core.environment:checking '/home/zzw/ws02_tools/install/cpp05_exercise' for CMake config files
[1.858s] Level 1:colcon.colcon_core.shell:create_environment_hook('cpp05_exercise', 'cmake_prefix_path')
[1.867s] INFO:colcon.colcon_core.shell:Creating environment hook '/home/zzw/ws02_tools/install/cpp05_exercise/share/cpp05_exercise/hook/cmake_prefix_path.ps1'
[1.869s] INFO:colcon.colcon_core.shell:Creating environment descriptor '/home/zzw/ws02_tools/install/cpp05_exercise/share/cpp05_exercise/hook/cmake_prefix_path.dsv'
[1.871s] INFO:colcon.colcon_core.shell:Creating environment hook '/home/zzw/ws02_tools/install/cpp05_exercise/share/cpp05_exercise/hook/cmake_prefix_path.sh'
[1.872s] Level 1:colcon.colcon_core.environment:checking '/home/zzw/ws02_tools/install/cpp05_exercise/lib'
[1.872s] Level 1:colcon.colcon_core.environment:checking '/home/zzw/ws02_tools/install/cpp05_exercise/bin'
[1.872s] Level 1:colcon.colcon_core.environment:checking '/home/zzw/ws02_tools/install/cpp05_exercise/lib/pkgconfig/cpp05_exercise.pc'
[1.873s] Level 1:colcon.colcon_core.environment:checking '/home/zzw/ws02_tools/install/cpp05_exercise/lib/python3.10/site-packages'
[1.873s] Level 1:colcon.colcon_core.environment:checking '/home/zzw/ws02_tools/install/cpp05_exercise/bin'
[1.875s] INFO:colcon.colcon_core.shell:Creating package script '/home/zzw/ws02_tools/install/cpp05_exercise/share/cpp05_exercise/package.ps1'
[1.876s] INFO:colcon.colcon_core.shell:Creating package descriptor '/home/zzw/ws02_tools/install/cpp05_exercise/share/cpp05_exercise/package.dsv'
[1.880s] INFO:colcon.colcon_core.shell:Creating package script '/home/zzw/ws02_tools/install/cpp05_exercise/share/cpp05_exercise/package.sh'
[1.884s] INFO:colcon.colcon_core.shell:Creating package script '/home/zzw/ws02_tools/install/cpp05_exercise/share/cpp05_exercise/package.bash'
[1.885s] INFO:colcon.colcon_core.shell:Creating package script '/home/zzw/ws02_tools/install/cpp05_exercise/share/cpp05_exercise/package.zsh'
[1.886s] Level 1:colcon.colcon_core.environment:create_file_with_runtime_dependencies(/home/zzw/ws02_tools/install/cpp05_exercise/share/colcon-core/packages/cpp05_exercise)
[1.888s] DEBUG:colcon.colcon_parallel_executor.executor.parallel:closing loop
[1.889s] DEBUG:colcon.colcon_parallel_executor.executor.parallel:loop closed
[1.890s] DEBUG:colcon.colcon_parallel_executor.executor.parallel:run_until_complete finished with '0'
[1.890s] DEBUG:colcon.colcon_core.event_reactor:joining thread
[1.905s] INFO:colcon.colcon_core.plugin_system:Skipping extension 'colcon_notification.desktop_notification.terminal_notifier': Not used on non-Darwin systems
[1.906s] INFO:colcon.colcon_core.plugin_system:Skipping extension 'colcon_notification.desktop_notification.win32': Not used on non-Windows systems
[1.906s] INFO:colcon.colcon_notification.desktop_notification:Sending desktop notification using 'notify2'
[1.924s] DEBUG:colcon.colcon_core.event_reactor:joined thread
[1.927s] INFO:colcon.colcon_core.shell:Creating prefix script '/home/zzw/ws02_tools/install/local_setup.ps1'
[1.931s] INFO:colcon.colcon_core.shell:Creating prefix util module '/home/zzw/ws02_tools/install/_local_setup_util_ps1.py'
[1.936s] INFO:colcon.colcon_core.shell:Creating prefix chain script '/home/zzw/ws02_tools/install/setup.ps1'
[1.942s] INFO:colcon.colcon_core.shell:Creating prefix script '/home/zzw/ws02_tools/install/local_setup.sh'
[1.944s] INFO:colcon.colcon_core.shell:Creating prefix util module '/home/zzw/ws02_tools/install/_local_setup_util_sh.py'
[1.947s] INFO:colcon.colcon_core.shell:Creating prefix chain script '/home/zzw/ws02_tools/install/setup.sh'
[1.954s] INFO:colcon.colcon_core.shell:Creating prefix script '/home/zzw/ws02_tools/install/local_setup.bash'
[1.955s] INFO:colcon.colcon_core.shell:Creating prefix chain script '/home/zzw/ws02_tools/install/setup.bash'
[1.959s] INFO:colcon.colcon_core.shell:Creating prefix script '/home/zzw/ws02_tools/install/local_setup.zsh'
[1.965s] INFO:colcon.colcon_core.shell:Creating prefix chain script '/home/zzw/ws02_tools/install/setup.zsh'
