[0.711s] Invoking command in '/home/zzw/ws02_tools/src/py05_exercise': PYTHONPATH=/home/zzw/ws02_tools/build/py05_exercise/prefix_override:/home/zzw/ws02_tools/install/py05_exercise/lib/python3.10/site-packages:${PYTHONPATH} /usr/bin/python3 setup.py egg_info --egg-base ../../build/py05_exercise build --build-base /home/zzw/ws02_tools/build/py05_exercise/build install --record /home/zzw/ws02_tools/build/py05_exercise/install.log --single-version-externally-managed
[0.968s] running egg_info
[0.969s] writing ../../build/py05_exercise/py05_exercise.egg-info/PKG-INFO
[0.970s] writing dependency_links to ../../build/py05_exercise/py05_exercise.egg-info/dependency_links.txt
[0.970s] writing entry points to ../../build/py05_exercise/py05_exercise.egg-info/entry_points.txt
[0.971s] writing requirements to ../../build/py05_exercise/py05_exercise.egg-info/requires.txt
[0.971s] writing top-level names to ../../build/py05_exercise/py05_exercise.egg-info/top_level.txt
[0.972s] reading manifest file '../../build/py05_exercise/py05_exercise.egg-info/SOURCES.txt'
[0.974s] writing manifest file '../../build/py05_exercise/py05_exercise.egg-info/SOURCES.txt'
[0.974s] running build
[0.974s] running build_py
[0.975s] copying py05_exercise/exer02_tf_broadcaster_py.py -> /home/zzw/ws02_tools/build/py05_exercise/build/lib/py05_exercise
[0.975s] running install
[0.975s] running install_lib
[0.976s] /usr/lib/python3/dist-packages/setuptools/command/install.py:34: SetuptoolsDeprecationWarning: setup.py install is deprecated. Use build and pip and other standards-based tools.
[0.976s]   warnings.warn(
[0.976s] copying /home/zzw/ws02_tools/build/py05_exercise/build/lib/py05_exercise/exer02_tf_broadcaster_py.py -> /home/zzw/ws02_tools/install/py05_exercise/lib/python3.10/site-packages/py05_exercise
[0.977s] byte-compiling /home/zzw/ws02_tools/install/py05_exercise/lib/python3.10/site-packages/py05_exercise/exer02_tf_broadcaster_py.py to exer02_tf_broadcaster_py.cpython-310.pyc
[0.978s] running install_data
[0.979s] running install_egg_info
[0.981s] removing '/home/zzw/ws02_tools/install/py05_exercise/lib/python3.10/site-packages/py05_exercise-0.0.0-py3.10.egg-info' (and everything under it)
[0.981s] Copying ../../build/py05_exercise/py05_exercise.egg-info to /home/zzw/ws02_tools/install/py05_exercise/lib/python3.10/site-packages/py05_exercise-0.0.0-py3.10.egg-info
[0.983s] running install_scripts
[1.007s] Installing exer01_spawn_py script to /home/zzw/ws02_tools/install/py05_exercise/lib/py05_exercise
[1.008s] Installing exer02_tf_broadcaster_py script to /home/zzw/ws02_tools/install/py05_exercise/lib/py05_exercise
[1.008s] Installing exer03_tf_listener_py script to /home/zzw/ws02_tools/install/py05_exercise/lib/py05_exercise
[1.009s] writing list of installed files to '/home/zzw/ws02_tools/build/py05_exercise/install.log'
[1.051s] Invoked command in '/home/zzw/ws02_tools/src/py05_exercise' returned '0': PYTHONPATH=/home/zzw/ws02_tools/build/py05_exercise/prefix_override:/home/zzw/ws02_tools/install/py05_exercise/lib/python3.10/site-packages:${PYTHONPATH} /usr/bin/python3 setup.py egg_info --egg-base ../../build/py05_exercise build --build-base /home/zzw/ws02_tools/build/py05_exercise/build install --record /home/zzw/ws02_tools/build/py05_exercise/install.log --single-version-externally-managed
