[1.783s] Invoking command in '/home/zzw/ws02_tools/src/py01_launch': PYTHONPATH=/home/zzw/ws02_tools/build/py01_launch/prefix_override:/home/zzw/ws02_tools/install/py01_launch/lib/python3.10/site-packages:${PYTHONPATH} /usr/bin/python3 setup.py egg_info --egg-base ../../build/py01_launch build --build-base /home/zzw/ws02_tools/build/py01_launch/build install --record /home/zzw/ws02_tools/build/py01_launch/install.log --single-version-externally-managed
[2.051s] running egg_info
[2.052s] writing ../../build/py01_launch/py01_launch.egg-info/PKG-INFO
[2.053s] writing dependency_links to ../../build/py01_launch/py01_launch.egg-info/dependency_links.txt
[2.053s] writing entry points to ../../build/py01_launch/py01_launch.egg-info/entry_points.txt
[2.054s] writing requirements to ../../build/py01_launch/py01_launch.egg-info/requires.txt
[2.054s] writing top-level names to ../../build/py01_launch/py01_launch.egg-info/top_level.txt
[2.056s] reading manifest file '../../build/py01_launch/py01_launch.egg-info/SOURCES.txt'
[2.071s] writing manifest file '../../build/py01_launch/py01_launch.egg-info/SOURCES.txt'
[2.071s] running build
[2.072s] running build_py
[2.072s] running install
[2.082s] /usr/lib/python3/dist-packages/setuptools/command/install.py:34: SetuptoolsDeprecationWarning: setup.py install is deprecated. Use build and pip and other standards-based tools.
[2.084s]   warnings.warn(
[2.085s] running install_lib
[2.100s] running install_data
[2.101s] running install_egg_info
[2.104s] removing '/home/zzw/ws02_tools/install/py01_launch/lib/python3.10/site-packages/py01_launch-0.0.0-py3.10.egg-info' (and everything under it)
[2.106s] Copying ../../build/py01_launch/py01_launch.egg-info to /home/zzw/ws02_tools/install/py01_launch/lib/python3.10/site-packages/py01_launch-0.0.0-py3.10.egg-info
[2.108s] running install_scripts
[2.146s] writing list of installed files to '/home/zzw/ws02_tools/build/py01_launch/install.log'
[2.270s] Invoked command in '/home/zzw/ws02_tools/src/py01_launch' returned '0': PYTHONPATH=/home/zzw/ws02_tools/build/py01_launch/prefix_override:/home/zzw/ws02_tools/install/py01_launch/lib/python3.10/site-packages:${PYTHONPATH} /usr/bin/python3 setup.py egg_info --egg-base ../../build/py01_launch build --build-base /home/zzw/ws02_tools/build/py01_launch/build install --record /home/zzw/ws02_tools/build/py01_launch/install.log --single-version-externally-managed
