[0.201s] Invoking command in '/home/zzw/ws02_tools/build/cpp03_tf_broadcaster': CMAKE_PREFIX_PATH=/opt/ros/humble /usr/bin/cmake --build /home/zzw/ws02_tools/build/cpp03_tf_broadcaster -- -j8 -l8
[1.915s] -- Found ament_cmake: 1.3.3 (/opt/ros/humble/share/ament_cmake/cmake)
[2.647s] -- Found rclcpp: 16.0.2 (/opt/ros/humble/share/rclcpp/cmake)
[3.503s] -- Found rosidl_generator_c: 3.1.4 (/opt/ros/humble/share/rosidl_generator_c/cmake)
[3.525s] -- Found rosidl_adapter: 3.1.4 (/opt/ros/humble/share/rosidl_adapter/cmake)
[3.598s] -- Found rosidl_generator_cpp: 3.1.4 (/opt/ros/humble/share/rosidl_generator_cpp/cmake)
[3.671s] -- Using all available rosidl_typesupport_c: rosidl_typesupport_fastrtps_c;rosidl_typesupport_introspection_c
[3.816s] -- Using all available rosidl_typesupport_cpp: rosidl_typesupport_fastrtps_cpp;rosidl_typesupport_introspection_cpp
[4.177s] -- Found rmw_implementation_cmake: 6.1.1 (/opt/ros/humble/share/rmw_implementation_cmake/cmake)
[4.189s] -- Found rmw_fastrtps_cpp: 6.2.2 (/opt/ros/humble/share/rmw_fastrtps_cpp/cmake)
[19.838s] -- Using RMW implementation 'rmw_fastrtps_cpp' as default
[20.251s] -- Found tf2: 0.25.1 (/opt/ros/humble/share/tf2/cmake)
[20.380s] -- Found tf2_ros: 0.25.1 (/opt/ros/humble/share/tf2_ros/cmake)
[21.065s] -- Found turtlesim: 1.4.2 (/opt/ros/humble/share/turtlesim/cmake)
[21.169s] -- Found ament_lint_auto: 0.12.4 (/opt/ros/humble/share/ament_lint_auto/cmake)
[21.375s] -- Added test 'cppcheck' to perform static code analysis on C / C++ code
[21.375s] -- Configured cppcheck include dirs: $<BUILD_INTERFACE:/home/zzw/ws02_tools/src/cpp03_tf_broadcaster/include>
[21.375s] -- Configured cppcheck exclude dirs and/or files: 
[21.376s] -- Added test 'lint_cmake' to check CMake code style
[21.378s] -- Added test 'uncrustify' to check C / C++ code style
[21.379s] -- Configured uncrustify additional arguments: 
[21.380s] -- Added test 'xmllint' to check XML markup files
[21.383s] -- Configuring done
[21.490s] -- Generating done
[21.499s] -- Build files have been written to: /home/zzw/ws02_tools/build/cpp03_tf_broadcaster
[21.536s] [35m[1mConsolidate compiler generated dependencies of target demo01_static_tf_broadcaster[0m
[21.550s] [ 25%] [32mBuilding CXX object CMakeFiles/demo02_dynamic_tf_broadcaster.dir/src/demo02_dynamic_tf_broadcaster.cpp.o[0m
[21.560s] [ 50%] [32mBuilding CXX object CMakeFiles/demo01_static_tf_broadcaster.dir/src/demo01_static_tf_broadcaster.cpp.o[0m
[35.634s] [100%] [32m[1mLinking CXX executable demo01_static_tf_broadcaster[0m
[35.635s] [100%] [32m[1mLinking CXX executable demo02_dynamic_tf_broadcaster[0m
[39.395s] [100%] Built target demo02_dynamic_tf_broadcaster
[39.443s] [100%] Built target demo01_static_tf_broadcaster
[39.550s] Invoked command in '/home/zzw/ws02_tools/build/cpp03_tf_broadcaster' returned '0': CMAKE_PREFIX_PATH=/opt/ros/humble /usr/bin/cmake --build /home/zzw/ws02_tools/build/cpp03_tf_broadcaster -- -j8 -l8
[39.739s] Invoking command in '/home/zzw/ws02_tools/build/cpp03_tf_broadcaster': CMAKE_PREFIX_PATH=/opt/ros/humble /usr/bin/cmake --install /home/zzw/ws02_tools/build/cpp03_tf_broadcaster
[39.793s] -- Install configuration: ""
[39.987s] -- Installing: /home/zzw/ws02_tools/install/cpp03_tf_broadcaster/lib/cpp03_tf_broadcaster/demo01_static_tf_broadcaster
[39.993s] -- Set runtime path of "/home/zzw/ws02_tools/install/cpp03_tf_broadcaster/lib/cpp03_tf_broadcaster/demo01_static_tf_broadcaster" to ""
[39.994s] -- Installing: /home/zzw/ws02_tools/install/cpp03_tf_broadcaster/lib/cpp03_tf_broadcaster/demo02_dynamic_tf_broadcaster
[39.994s] -- Set runtime path of "/home/zzw/ws02_tools/install/cpp03_tf_broadcaster/lib/cpp03_tf_broadcaster/demo02_dynamic_tf_broadcaster" to ""
[40.037s] -- Up-to-date: /home/zzw/ws02_tools/install/cpp03_tf_broadcaster/share/ament_index/resource_index/package_run_dependencies/cpp03_tf_broadcaster
[40.053s] -- Up-to-date: /home/zzw/ws02_tools/install/cpp03_tf_broadcaster/share/ament_index/resource_index/parent_prefix_path/cpp03_tf_broadcaster
[40.073s] -- Up-to-date: /home/zzw/ws02_tools/install/cpp03_tf_broadcaster/share/cpp03_tf_broadcaster/environment/ament_prefix_path.sh
[40.074s] -- Installing: /home/zzw/ws02_tools/install/cpp03_tf_broadcaster/share/cpp03_tf_broadcaster/environment/ament_prefix_path.dsv
[40.091s] -- Up-to-date: /home/zzw/ws02_tools/install/cpp03_tf_broadcaster/share/cpp03_tf_broadcaster/environment/path.sh
[40.092s] -- Installing: /home/zzw/ws02_tools/install/cpp03_tf_broadcaster/share/cpp03_tf_broadcaster/environment/path.dsv
[40.097s] -- Up-to-date: /home/zzw/ws02_tools/install/cpp03_tf_broadcaster/share/cpp03_tf_broadcaster/local_setup.bash
[40.098s] -- Up-to-date: /home/zzw/ws02_tools/install/cpp03_tf_broadcaster/share/cpp03_tf_broadcaster/local_setup.sh
[40.098s] -- Up-to-date: /home/zzw/ws02_tools/install/cpp03_tf_broadcaster/share/cpp03_tf_broadcaster/local_setup.zsh
[40.099s] -- Installing: /home/zzw/ws02_tools/install/cpp03_tf_broadcaster/share/cpp03_tf_broadcaster/local_setup.dsv
[40.141s] -- Installing: /home/zzw/ws02_tools/install/cpp03_tf_broadcaster/share/cpp03_tf_broadcaster/package.dsv
[40.217s] -- Up-to-date: /home/zzw/ws02_tools/install/cpp03_tf_broadcaster/share/ament_index/resource_index/packages/cpp03_tf_broadcaster
[40.238s] -- Up-to-date: /home/zzw/ws02_tools/install/cpp03_tf_broadcaster/share/cpp03_tf_broadcaster/cmake/cpp03_tf_broadcasterConfig.cmake
[40.238s] -- Up-to-date: /home/zzw/ws02_tools/install/cpp03_tf_broadcaster/share/cpp03_tf_broadcaster/cmake/cpp03_tf_broadcasterConfig-version.cmake
[40.253s] -- Up-to-date: /home/zzw/ws02_tools/install/cpp03_tf_broadcaster/share/cpp03_tf_broadcaster/package.xml
[40.257s] Invoked command in '/home/zzw/ws02_tools/build/cpp03_tf_broadcaster' returned '0': CMAKE_PREFIX_PATH=/opt/ros/humble /usr/bin/cmake --install /home/zzw/ws02_tools/build/cpp03_tf_broadcaster
