[0.109s] Invoking command in '/home/zzw/ws02_tools/build/cpp03_tf_broadcaster': CMAKE_PREFIX_PATH=/opt/ros/humble /usr/bin/cmake /home/zzw/ws02_tools/src/cpp03_tf_broadcaster -DCMAKE_INSTALL_PREFIX=/home/zzw/ws02_tools/install/cpp03_tf_broadcaster
[3.168s] -- The C compiler identification is GNU 11.3.0
[5.307s] -- The CXX compiler identification is GNU 11.3.0
[6.352s] -- Detecting C compiler ABI info
[7.018s] -- Detecting C compiler ABI info - done
[7.029s] -- Check for working C compiler: /usr/bin/cc - skipped
[7.030s] -- Detecting C compile features
[7.060s] -- Detecting C compile features - done
[7.067s] -- Detecting CXX compiler ABI info
[7.694s] -- Detecting CXX compiler ABI info - done
[7.707s] -- Check for working CXX compiler: /usr/bin/c++ - skipped
[7.707s] -- Detecting CXX compile features
[7.708s] -- Detecting CXX compile features - done
[7.877s] -- Found ament_cmake: 1.3.3 (/opt/ros/humble/share/ament_cmake/cmake)
[8.269s] -- Found Python3: /usr/bin/python3.10 (found version "3.10.6") found components: Interpreter 
[8.617s] -- Found rclcpp: 16.0.2 (/opt/ros/humble/share/rclcpp/cmake)
[9.709s] -- Found rosidl_generator_c: 3.1.4 (/opt/ros/humble/share/rosidl_generator_c/cmake)
[9.756s] -- Found rosidl_adapter: 3.1.4 (/opt/ros/humble/share/rosidl_adapter/cmake)
[9.802s] -- Found rosidl_generator_cpp: 3.1.4 (/opt/ros/humble/share/rosidl_generator_cpp/cmake)
[9.937s] -- Using all available rosidl_typesupport_c: rosidl_typesupport_fastrtps_c;rosidl_typesupport_introspection_c
[10.012s] -- Using all available rosidl_typesupport_cpp: rosidl_typesupport_fastrtps_cpp;rosidl_typesupport_introspection_cpp
[10.259s] -- Found rmw_implementation_cmake: 6.1.1 (/opt/ros/humble/share/rmw_implementation_cmake/cmake)
[10.267s] -- Found rmw_fastrtps_cpp: 6.2.2 (/opt/ros/humble/share/rmw_fastrtps_cpp/cmake)
[14.765s] -- Found OpenSSL: /usr/lib/x86_64-linux-gnu/libcrypto.so (found version "3.0.2")  
[18.723s] -- Found FastRTPS: /opt/ros/humble/include  
[25.712s] -- Using RMW implementation 'rmw_fastrtps_cpp' as default
[25.893s] -- Looking for pthread.h
[26.556s] -- Looking for pthread.h - found
[26.557s] -- Performing Test CMAKE_HAVE_LIBC_PTHREAD
[27.188s] -- Performing Test CMAKE_HAVE_LIBC_PTHREAD - Success
[27.191s] -- Found Threads: TRUE  
[27.786s] -- Found tf2: 0.25.1 (/opt/ros/humble/share/tf2/cmake)
[28.000s] -- Found tf2_ros: 0.25.1 (/opt/ros/humble/share/tf2_ros/cmake)
[28.837s] -- Found turtlesim: 1.4.2 (/opt/ros/humble/share/turtlesim/cmake)
[28.945s] -- Found ament_lint_auto: 0.12.4 (/opt/ros/humble/share/ament_lint_auto/cmake)
[29.134s] -- Added test 'cppcheck' to perform static code analysis on C / C++ code
[29.134s] -- Configured cppcheck include dirs: $<BUILD_INTERFACE:/home/zzw/ws02_tools/src/cpp03_tf_broadcaster/include>
[29.134s] -- Configured cppcheck exclude dirs and/or files: 
[29.136s] -- Added test 'lint_cmake' to check CMake code style
[29.139s] -- Added test 'uncrustify' to check C / C++ code style
[29.139s] -- Configured uncrustify additional arguments: 
[29.141s] -- Added test 'xmllint' to check XML markup files
[29.154s] -- Configuring done
[29.209s] -- Generating done
[29.213s] -- Build files have been written to: /home/zzw/ws02_tools/build/cpp03_tf_broadcaster
[29.229s] Invoked command in '/home/zzw/ws02_tools/build/cpp03_tf_broadcaster' returned '0': CMAKE_PREFIX_PATH=/opt/ros/humble /usr/bin/cmake /home/zzw/ws02_tools/src/cpp03_tf_broadcaster -DCMAKE_INSTALL_PREFIX=/home/zzw/ws02_tools/install/cpp03_tf_broadcaster
[29.233s] Invoking command in '/home/zzw/ws02_tools/build/cpp03_tf_broadcaster': CMAKE_PREFIX_PATH=/opt/ros/humble /usr/bin/cmake --build /home/zzw/ws02_tools/build/cpp03_tf_broadcaster -- -j8 -l8
[29.286s] [ 50%] [32mBuilding CXX object CMakeFiles/demo01_static_tf_broadcaster.dir/src/demo01_static_tf_broadcaster.cpp.o[0m
[35.721s] [100%] [32m[1mLinking CXX executable demo01_static_tf_broadcaster[0m
[37.444s] [100%] Built target demo01_static_tf_broadcaster
[37.456s] Invoked command in '/home/zzw/ws02_tools/build/cpp03_tf_broadcaster' returned '0': CMAKE_PREFIX_PATH=/opt/ros/humble /usr/bin/cmake --build /home/zzw/ws02_tools/build/cpp03_tf_broadcaster -- -j8 -l8
[37.495s] Invoking command in '/home/zzw/ws02_tools/build/cpp03_tf_broadcaster': CMAKE_PREFIX_PATH=/opt/ros/humble /usr/bin/cmake --install /home/zzw/ws02_tools/build/cpp03_tf_broadcaster
[37.502s] -- Install configuration: ""
[37.503s] -- Installing: /home/zzw/ws02_tools/install/cpp03_tf_broadcaster/lib/cpp03_tf_broadcaster/demo01_static_tf_broadcaster
[37.505s] -- Set runtime path of "/home/zzw/ws02_tools/install/cpp03_tf_broadcaster/lib/cpp03_tf_broadcaster/demo01_static_tf_broadcaster" to ""
[37.505s] -- Installing: /home/zzw/ws02_tools/install/cpp03_tf_broadcaster/share/ament_index/resource_index/package_run_dependencies/cpp03_tf_broadcaster
[37.506s] -- Installing: /home/zzw/ws02_tools/install/cpp03_tf_broadcaster/share/ament_index/resource_index/parent_prefix_path/cpp03_tf_broadcaster
[37.506s] -- Installing: /home/zzw/ws02_tools/install/cpp03_tf_broadcaster/share/cpp03_tf_broadcaster/environment/ament_prefix_path.sh
[37.507s] -- Installing: /home/zzw/ws02_tools/install/cpp03_tf_broadcaster/share/cpp03_tf_broadcaster/environment/ament_prefix_path.dsv
[37.507s] -- Installing: /home/zzw/ws02_tools/install/cpp03_tf_broadcaster/share/cpp03_tf_broadcaster/environment/path.sh
[37.508s] -- Installing: /home/zzw/ws02_tools/install/cpp03_tf_broadcaster/share/cpp03_tf_broadcaster/environment/path.dsv
[37.508s] -- Installing: /home/zzw/ws02_tools/install/cpp03_tf_broadcaster/share/cpp03_tf_broadcaster/local_setup.bash
[37.509s] -- Installing: /home/zzw/ws02_tools/install/cpp03_tf_broadcaster/share/cpp03_tf_broadcaster/local_setup.sh
[37.509s] -- Installing: /home/zzw/ws02_tools/install/cpp03_tf_broadcaster/share/cpp03_tf_broadcaster/local_setup.zsh
[37.509s] -- Installing: /home/zzw/ws02_tools/install/cpp03_tf_broadcaster/share/cpp03_tf_broadcaster/local_setup.dsv
[37.509s] -- Installing: /home/zzw/ws02_tools/install/cpp03_tf_broadcaster/share/cpp03_tf_broadcaster/package.dsv
[37.510s] -- Installing: /home/zzw/ws02_tools/install/cpp03_tf_broadcaster/share/ament_index/resource_index/packages/cpp03_tf_broadcaster
[37.510s] -- Installing: /home/zzw/ws02_tools/install/cpp03_tf_broadcaster/share/cpp03_tf_broadcaster/cmake/cpp03_tf_broadcasterConfig.cmake
[37.511s] -- Installing: /home/zzw/ws02_tools/install/cpp03_tf_broadcaster/share/cpp03_tf_broadcaster/cmake/cpp03_tf_broadcasterConfig-version.cmake
[37.511s] -- Installing: /home/zzw/ws02_tools/install/cpp03_tf_broadcaster/share/cpp03_tf_broadcaster/package.xml
[37.515s] Invoked command in '/home/zzw/ws02_tools/build/cpp03_tf_broadcaster' returned '0': CMAKE_PREFIX_PATH=/opt/ros/humble /usr/bin/cmake --install /home/zzw/ws02_tools/build/cpp03_tf_broadcaster
