[0.093s] Invoking command in '/home/zzw/ws02_tools/build/cpp04_tf_listener': CMAKE_PREFIX_PATH=/opt/ros/humble /usr/bin/cmake --build /home/zzw/ws02_tools/build/cpp04_tf_listener -- -j8 -l8
[1.593s] -- Found ament_cmake: 1.3.3 (/opt/ros/humble/share/ament_cmake/cmake)
[1.998s] -- Found rclcpp: 16.0.3 (/opt/ros/humble/share/rclcpp/cmake)
[2.608s] -- Found rosidl_generator_c: 3.1.4 (/opt/ros/humble/share/rosidl_generator_c/cmake)
[2.668s] -- Found rosidl_adapter: 3.1.4 (/opt/ros/humble/share/rosidl_adapter/cmake)
[2.721s] -- Found rosidl_generator_cpp: 3.1.4 (/opt/ros/humble/share/rosidl_generator_cpp/cmake)
[2.898s] -- Using all available rosidl_typesupport_c: rosidl_typesupport_fastrtps_c;rosidl_typesupport_introspection_c
[2.963s] -- Using all available rosidl_typesupport_cpp: rosidl_typesupport_fastrtps_cpp;rosidl_typesupport_introspection_cpp
[3.179s] -- Found rmw_implementation_cmake: 6.1.1 (/opt/ros/humble/share/rmw_implementation_cmake/cmake)
[3.187s] -- Found rmw_fastrtps_cpp: 6.2.2 (/opt/ros/humble/share/rmw_fastrtps_cpp/cmake)
[19.389s] -- Using RMW implementation 'rmw_fastrtps_cpp' as default
[19.851s] -- Found tf2: 0.25.2 (/opt/ros/humble/share/tf2/cmake)
[20.003s] -- Found tf2_ros: 0.25.2 (/opt/ros/humble/share/tf2_ros/cmake)
[20.754s] -- Found tf2_geometry_msgs: 0.25.2 (/opt/ros/humble/share/tf2_geometry_msgs/cmake)
[21.011s] -- Found eigen3_cmake_module: 0.1.1 (/opt/ros/humble/share/eigen3_cmake_module/cmake)
[21.028s] -- Found Eigen3: TRUE (found version "3.4.0") 
[21.028s] -- Ensuring Eigen3 include directory is part of orocos-kdl CMake target
[21.061s] -- Found ament_lint_auto: 0.12.5 (/opt/ros/humble/share/ament_lint_auto/cmake)
[21.289s] -- Added test 'cppcheck' to perform static code analysis on C / C++ code
[21.289s] -- Configured cppcheck include dirs: $<BUILD_INTERFACE:/home/zzw/ws02_tools/src/cpp04_tf_listener/include>
[21.289s] -- Configured cppcheck exclude dirs and/or files: 
[21.291s] -- Added test 'lint_cmake' to check CMake code style
[21.293s] -- Added test 'uncrustify' to check C / C++ code style
[21.294s] -- Configured uncrustify additional arguments: 
[21.295s] -- Added test 'xmllint' to check XML markup files
[21.299s] -- Configuring done
[21.422s] -- Generating done
[21.425s] -- Build files have been written to: /home/zzw/ws02_tools/build/cpp04_tf_listener
[21.468s] [ 25%] [32mBuilding CXX object CMakeFiles/demo02_msg_filter.dir/src/demo02_msg_filter.cpp.o[0m
[21.483s] [35m[1mConsolidate compiler generated dependencies of target demo01_tf_listener[0m
[21.505s] [ 50%] [32mBuilding CXX object CMakeFiles/demo01_tf_listener.dir/src/demo01_tf_listener.cpp.o[0m
[27.983s] [ 75%] [32m[1mLinking CXX executable demo02_msg_filter[0m
[29.718s] [ 75%] Built target demo02_msg_filter
[36.160s] [100%] [32m[1mLinking CXX executable demo01_tf_listener[0m
[37.369s] [100%] Built target demo01_tf_listener
[37.386s] Invoked command in '/home/zzw/ws02_tools/build/cpp04_tf_listener' returned '0': CMAKE_PREFIX_PATH=/opt/ros/humble /usr/bin/cmake --build /home/zzw/ws02_tools/build/cpp04_tf_listener -- -j8 -l8
[37.426s] Invoking command in '/home/zzw/ws02_tools/build/cpp04_tf_listener': CMAKE_PREFIX_PATH=/opt/ros/humble /usr/bin/cmake --install /home/zzw/ws02_tools/build/cpp04_tf_listener
[37.433s] -- Install configuration: ""
[37.457s] -- Installing: /home/zzw/ws02_tools/install/cpp04_tf_listener/lib/cpp04_tf_listener/demo01_tf_listener
[37.462s] -- Set runtime path of "/home/zzw/ws02_tools/install/cpp04_tf_listener/lib/cpp04_tf_listener/demo01_tf_listener" to ""
[37.462s] -- Installing: /home/zzw/ws02_tools/install/cpp04_tf_listener/lib/cpp04_tf_listener/demo02_msg_filter
[37.462s] -- Set runtime path of "/home/zzw/ws02_tools/install/cpp04_tf_listener/lib/cpp04_tf_listener/demo02_msg_filter" to ""
[37.462s] -- Installing: /home/zzw/ws02_tools/install/cpp04_tf_listener/share/ament_index/resource_index/package_run_dependencies/cpp04_tf_listener
[37.462s] -- Up-to-date: /home/zzw/ws02_tools/install/cpp04_tf_listener/share/ament_index/resource_index/parent_prefix_path/cpp04_tf_listener
[37.463s] -- Up-to-date: /home/zzw/ws02_tools/install/cpp04_tf_listener/share/cpp04_tf_listener/environment/ament_prefix_path.sh
[37.463s] -- Installing: /home/zzw/ws02_tools/install/cpp04_tf_listener/share/cpp04_tf_listener/environment/ament_prefix_path.dsv
[37.476s] -- Up-to-date: /home/zzw/ws02_tools/install/cpp04_tf_listener/share/cpp04_tf_listener/environment/path.sh
[37.477s] -- Installing: /home/zzw/ws02_tools/install/cpp04_tf_listener/share/cpp04_tf_listener/environment/path.dsv
[37.477s] -- Up-to-date: /home/zzw/ws02_tools/install/cpp04_tf_listener/share/cpp04_tf_listener/local_setup.bash
[37.477s] -- Up-to-date: /home/zzw/ws02_tools/install/cpp04_tf_listener/share/cpp04_tf_listener/local_setup.sh
[37.478s] -- Up-to-date: /home/zzw/ws02_tools/install/cpp04_tf_listener/share/cpp04_tf_listener/local_setup.zsh
[37.478s] -- Installing: /home/zzw/ws02_tools/install/cpp04_tf_listener/share/cpp04_tf_listener/local_setup.dsv
[37.478s] -- Installing: /home/zzw/ws02_tools/install/cpp04_tf_listener/share/cpp04_tf_listener/package.dsv
[37.478s] -- Up-to-date: /home/zzw/ws02_tools/install/cpp04_tf_listener/share/ament_index/resource_index/packages/cpp04_tf_listener
[37.478s] -- Up-to-date: /home/zzw/ws02_tools/install/cpp04_tf_listener/share/cpp04_tf_listener/cmake/cpp04_tf_listenerConfig.cmake
[37.479s] -- Up-to-date: /home/zzw/ws02_tools/install/cpp04_tf_listener/share/cpp04_tf_listener/cmake/cpp04_tf_listenerConfig-version.cmake
[37.479s] -- Installing: /home/zzw/ws02_tools/install/cpp04_tf_listener/share/cpp04_tf_listener/package.xml
[37.481s] Invoked command in '/home/zzw/ws02_tools/build/cpp04_tf_listener' returned '0': CMAKE_PREFIX_PATH=/opt/ros/humble /usr/bin/cmake --install /home/zzw/ws02_tools/build/cpp04_tf_listener
