[0.759s] Invoking command in '/home/zzw/ws02_tools/src/py01_launch': PYTHONPATH=/home/zzw/ws02_tools/build/py01_launch/prefix_override:/home/zzw/ws02_tools/install/py01_launch/lib/python3.10/site-packages:${PYTHONPATH} /usr/bin/python3 setup.py egg_info --egg-base ../../build/py01_launch build --build-base /home/zzw/ws02_tools/build/py01_launch/build install --record /home/zzw/ws02_tools/build/py01_launch/install.log --single-version-externally-managed
[0.987s] running egg_info
[0.988s] writing ../../build/py01_launch/py01_launch.egg-info/PKG-INFO
[0.989s] writing dependency_links to ../../build/py01_launch/py01_launch.egg-info/dependency_links.txt
[0.989s] writing entry points to ../../build/py01_launch/py01_launch.egg-info/entry_points.txt
[0.990s] writing requirements to ../../build/py01_launch/py01_launch.egg-info/requires.txt
[0.990s] writing top-level names to ../../build/py01_launch/py01_launch.egg-info/top_level.txt
[0.991s] reading manifest file '../../build/py01_launch/py01_launch.egg-info/SOURCES.txt'
[0.992s] writing manifest file '../../build/py01_launch/py01_launch.egg-info/SOURCES.txt'
[0.993s] running build
[0.994s] running build_py
[0.994s] running install
[0.994s] /usr/lib/python3/dist-packages/setuptools/command/install.py:34: SetuptoolsDeprecationWarning: setup.py install is deprecated. Use build and pip and other standards-based tools.
[0.995s]   warnings.warn(
[0.995s] running install_lib
[0.996s] running install_data
[0.997s] running install_egg_info
[0.999s] removing '/home/zzw/ws02_tools/install/py01_launch/lib/python3.10/site-packages/py01_launch-0.0.0-py3.10.egg-info' (and everything under it)
[1.000s] Copying ../../build/py01_launch/py01_launch.egg-info to /home/zzw/ws02_tools/install/py01_launch/lib/python3.10/site-packages/py01_launch-0.0.0-py3.10.egg-info
[1.001s] running install_scripts
[1.030s] writing list of installed files to '/home/zzw/ws02_tools/build/py01_launch/install.log'
[1.070s] Invoked command in '/home/zzw/ws02_tools/src/py01_launch' returned '0': PYTHONPATH=/home/zzw/ws02_tools/build/py01_launch/prefix_override:/home/zzw/ws02_tools/install/py01_launch/lib/python3.10/site-packages:${PYTHONPATH} /usr/bin/python3 setup.py egg_info --egg-base ../../build/py01_launch build --build-base /home/zzw/ws02_tools/build/py01_launch/build install --record /home/zzw/ws02_tools/build/py01_launch/install.log --single-version-externally-managed
