In file included from [01m[K/opt/ros/humble/include/rclcpp/rclcpp/logging.hpp:24[m[K,
                 from [01m[K/opt/ros/humble/include/rclcpp/rclcpp/client.hpp:40[m[K,
                 from [01m[K/opt/ros/humble/include/rclcpp/rclcpp/callback_group.hpp:24[m[K,
                 from [01m[K/opt/ros/humble/include/rclcpp/rclcpp/any_executable.hpp:20[m[K,
                 from [01m[K/opt/ros/humble/include/rclcpp/rclcpp/memory_strategy.hpp:25[m[K,
                 from [01m[K/opt/ros/humble/include/rclcpp/rclcpp/memory_strategies.hpp:18[m[K,
                 from [01m[K/opt/ros/humble/include/rclcpp/rclcpp/executor_options.hpp:20[m[K,
                 from [01m[K/opt/ros/humble/include/rclcpp/rclcpp/executor.hpp:37[m[K,
                 from [01m[K/opt/ros/humble/include/rclcpp/rclcpp/executors/multi_threaded_executor.hpp:25[m[K,
                 from [01m[K/opt/ros/humble/include/rclcpp/rclcpp/executors.hpp:21[m[K,
                 from [01m[K/opt/ros/humble/include/rclcpp/rclcpp/rclcpp.hpp:155[m[K,
                 from [01m[K/home/zzw/ws02_tools/src/cpp04_tf_listener/src/demo01_tf_listener.cpp:2[m[K:
[01m[K/home/zzw/ws02_tools/src/cpp04_tf_listener/src/demo01_tf_listener.cpp:[m[K In member function ‘[01m[Kvoid TFListener::on_timer()[m[K’:
[01m[K/home/zzw/ws02_tools/src/cpp04_tf_listener/src/demo01_tf_listener.cpp:48:9:[m[K [01;35m[Kwarning: [m[Kformat ‘[01m[K%s[m[K’ expects argument of type ‘[01m[Kchar*[m[K’, but argument 5 has type ‘[01m[Kstd_msgs::msg::Header_<std::allocator<void> >::_frame_id_type[m[K’ {aka ‘[01m[Kstd::__cxx11::basic_string<char>[m[K’} [[01;35m[K]8;;https://gcc.gnu.org/onlinedocs/gcc/Warning-Options.html#index-Wformat=-Wformat=]8;;[m[K]
   48 |         [01;35m[K"新坐标帧:父坐标系:%s,子坐标系:%s,偏移量:(%.2f,%.2f,%.2f)"[m[K,
      |         [01;35m[K^~~~~~~~~~~~~~~~~~~~~~~~~~~~~~~~~~~~~~~~~~~~~~~~~~~~~~~~~~[m[K
[01m[K/home/zzw/ws02_tools/src/cpp04_tf_listener/src/demo01_tf_listener.cpp:48:29:[m[K [01;36m[Knote: [m[Kformat string is defined here
   48 |         "新坐标帧:父坐标系:[01;36m[K%s[m[K,子坐标系:%s,偏移量:(%.2f,%.2f,%.2f)",
      |                            [01;36m[K~^[m[K
      |                             [01;36m[K|[m[K
      |                             [01;36m[Kchar*[m[K
In file included from [01m[K/opt/ros/humble/include/rclcpp/rclcpp/logging.hpp:24[m[K,
                 from [01m[K/opt/ros/humble/include/rclcpp/rclcpp/client.hpp:40[m[K,
                 from [01m[K/opt/ros/humble/include/rclcpp/rclcpp/callback_group.hpp:24[m[K,
                 from [01m[K/opt/ros/humble/include/rclcpp/rclcpp/any_executable.hpp:20[m[K,
                 from [01m[K/opt/ros/humble/include/rclcpp/rclcpp/memory_strategy.hpp:25[m[K,
                 from [01m[K/opt/ros/humble/include/rclcpp/rclcpp/memory_strategies.hpp:18[m[K,
                 from [01m[K/opt/ros/humble/include/rclcpp/rclcpp/executor_options.hpp:20[m[K,
                 from [01m[K/opt/ros/humble/include/rclcpp/rclcpp/executor.hpp:37[m[K,
                 from [01m[K/opt/ros/humble/include/rclcpp/rclcpp/executors/multi_threaded_executor.hpp:25[m[K,
                 from [01m[K/opt/ros/humble/include/rclcpp/rclcpp/executors.hpp:21[m[K,
                 from [01m[K/opt/ros/humble/include/rclcpp/rclcpp/rclcpp.hpp:155[m[K,
                 from [01m[K/home/zzw/ws02_tools/src/cpp04_tf_listener/src/demo01_tf_listener.cpp:2[m[K:
[01m[K/home/zzw/ws02_tools/src/cpp04_tf_listener/src/demo01_tf_listener.cpp:48:9:[m[K [01;35m[Kwarning: [m[Kformat ‘[01m[K%s[m[K’ expects argument of type ‘[01m[Kchar*[m[K’, but argument 6 has type ‘[01m[Kgeometry_msgs::msg::TransformStamped_<std::allocator<void> >::_child_frame_id_type[m[K’ {aka ‘[01m[Kstd::__cxx11::basic_string<char>[m[K’} [[01;35m[K]8;;https://gcc.gnu.org/onlinedocs/gcc/Warning-Options.html#index-Wformat=-Wformat=]8;;[m[K]
   48 |         [01;35m[K"新坐标帧:父坐标系:%s,子坐标系:%s,偏移量:(%.2f,%.2f,%.2f)"[m[K,
      |         [01;35m[K^~~~~~~~~~~~~~~~~~~~~~~~~~~~~~~~~~~~~~~~~~~~~~~~~~~~~~~~~~[m[K
[01m[K/home/zzw/ws02_tools/src/cpp04_tf_listener/src/demo01_tf_listener.cpp:48:41:[m[K [01;36m[Knote: [m[Kformat string is defined here
   48 |         "新坐标帧:父坐标系:%s,子坐标系:[01;36m[K%s[m[K,偏移量:(%.2f,%.2f,%.2f)",
      |                                        [01;36m[K~^[m[K
      |                                         [01;36m[K|[m[K
      |                                         [01;36m[Kchar*[m[K
