[0.155s] Invoking command in '/home/zzw/ws02_tools/build/cpp01_launch': CMAKE_PREFIX_PATH=/opt/ros/humble /usr/bin/cmake --build /home/zzw/ws02_tools/build/cpp01_launch -- -j8 -l8
[2.477s] Invoked command in '/home/zzw/ws02_tools/build/cpp01_launch' returned '0': CMAKE_PREFIX_PATH=/opt/ros/humble /usr/bin/cmake --build /home/zzw/ws02_tools/build/cpp01_launch -- -j8 -l8
[2.514s] Invoking command in '/home/zzw/ws02_tools/build/cpp01_launch': CMAKE_PREFIX_PATH=/opt/ros/humble /usr/bin/cmake --install /home/zzw/ws02_tools/build/cpp01_launch
[2.549s] -- Install configuration: ""
[2.549s] -- Up-to-date: /home/zzw/ws02_tools/install/cpp01_launch/share/cpp01_launch/launch
[2.550s] -- Up-to-date: /home/zzw/ws02_tools/install/cpp01_launch/share/cpp01_launch/launch/yaml
[2.550s] -- Up-to-date: /home/zzw/ws02_tools/install/cpp01_launch/share/cpp01_launch/launch/yaml/yaml01_helloworld_launch.yaml
[2.551s] -- Up-to-date: /home/zzw/ws02_tools/install/cpp01_launch/share/cpp01_launch/launch/py
[2.552s] -- Up-to-date: /home/zzw/ws02_tools/install/cpp01_launch/share/cpp01_launch/launch/py/py01_helloworld_launch.py
[2.552s] -- Up-to-date: /home/zzw/ws02_tools/install/cpp01_launch/share/cpp01_launch/launch/xml
[2.552s] -- Up-to-date: /home/zzw/ws02_tools/install/cpp01_launch/share/cpp01_launch/launch/xml/xm01_helloworld_launch.xml
[2.552s] -- Up-to-date: /home/zzw/ws02_tools/install/cpp01_launch/share/ament_index/resource_index/package_run_dependencies/cpp01_launch
[2.553s] -- Up-to-date: /home/zzw/ws02_tools/install/cpp01_launch/share/ament_index/resource_index/parent_prefix_path/cpp01_launch
[2.553s] -- Up-to-date: /home/zzw/ws02_tools/install/cpp01_launch/share/cpp01_launch/environment/ament_prefix_path.sh
[2.554s] -- Up-to-date: /home/zzw/ws02_tools/install/cpp01_launch/share/cpp01_launch/environment/ament_prefix_path.dsv
[2.555s] -- Up-to-date: /home/zzw/ws02_tools/install/cpp01_launch/share/cpp01_launch/environment/path.sh
[2.559s] -- Up-to-date: /home/zzw/ws02_tools/install/cpp01_launch/share/cpp01_launch/environment/path.dsv
[2.560s] -- Up-to-date: /home/zzw/ws02_tools/install/cpp01_launch/share/cpp01_launch/local_setup.bash
[2.560s] -- Up-to-date: /home/zzw/ws02_tools/install/cpp01_launch/share/cpp01_launch/local_setup.sh
[2.560s] -- Up-to-date: /home/zzw/ws02_tools/install/cpp01_launch/share/cpp01_launch/local_setup.zsh
[2.561s] -- Up-to-date: /home/zzw/ws02_tools/install/cpp01_launch/share/cpp01_launch/local_setup.dsv
[2.561s] -- Up-to-date: /home/zzw/ws02_tools/install/cpp01_launch/share/cpp01_launch/package.dsv
[2.562s] -- Up-to-date: /home/zzw/ws02_tools/install/cpp01_launch/share/ament_index/resource_index/packages/cpp01_launch
[2.562s] -- Up-to-date: /home/zzw/ws02_tools/install/cpp01_launch/share/cpp01_launch/cmake/cpp01_launchConfig.cmake
[2.563s] -- Up-to-date: /home/zzw/ws02_tools/install/cpp01_launch/share/cpp01_launch/cmake/cpp01_launchConfig-version.cmake
[2.565s] -- Up-to-date: /home/zzw/ws02_tools/install/cpp01_launch/share/cpp01_launch/package.xml
[2.566s] Invoked command in '/home/zzw/ws02_tools/build/cpp01_launch' returned '0': CMAKE_PREFIX_PATH=/opt/ros/humble /usr/bin/cmake --install /home/zzw/ws02_tools/build/cpp01_launch
