[2.122s] Invoking command in '/home/zzw/ws02_tools/src/py05_exercise': PYTHONPATH=/home/zzw/ws02_tools/build/py05_exercise/prefix_override:/home/zzw/ws02_tools/install/py05_exercise/lib/python3.10/site-packages:${PYTHONPATH} /usr/bin/python3 setup.py egg_info --egg-base ../../build/py05_exercise build --build-base /home/zzw/ws02_tools/build/py05_exercise/build install --record /home/zzw/ws02_tools/build/py05_exercise/install.log --single-version-externally-managed
[2.612s] running egg_info
[2.614s] writing ../../build/py05_exercise/py05_exercise.egg-info/PKG-INFO
[2.614s] writing dependency_links to ../../build/py05_exercise/py05_exercise.egg-info/dependency_links.txt
[2.615s] writing entry points to ../../build/py05_exercise/py05_exercise.egg-info/entry_points.txt
[2.616s] writing requirements to ../../build/py05_exercise/py05_exercise.egg-info/requires.txt
[2.616s] writing top-level names to ../../build/py05_exercise/py05_exercise.egg-info/top_level.txt
[2.622s] reading manifest file '../../build/py05_exercise/py05_exercise.egg-info/SOURCES.txt'
[2.636s] writing manifest file '../../build/py05_exercise/py05_exercise.egg-info/SOURCES.txt'
[2.636s] running build
[2.637s] running build_py
[2.637s] copying py05_exercise/exer03_tf_listener_py.py -> /home/zzw/ws02_tools/build/py05_exercise/build/lib/py05_exercise
[2.638s] running install
[2.657s] /usr/lib/python3/dist-packages/setuptools/command/install.py:34: SetuptoolsDeprecationWarning: setup.py install is deprecated. Use build and pip and other standards-based tools.
[2.658s]   warnings.warn(
[2.658s] running install_lib
[2.659s] copying /home/zzw/ws02_tools/build/py05_exercise/build/lib/py05_exercise/exer03_tf_listener_py.py -> /home/zzw/ws02_tools/install/py05_exercise/lib/python3.10/site-packages/py05_exercise
[2.659s] byte-compiling /home/zzw/ws02_tools/install/py05_exercise/lib/python3.10/site-packages/py05_exercise/exer03_tf_listener_py.py to exer03_tf_listener_py.cpython-310.pyc
[2.660s] running install_data
[2.661s] running install_egg_info
[2.664s] removing '/home/zzw/ws02_tools/install/py05_exercise/lib/python3.10/site-packages/py05_exercise-0.0.0-py3.10.egg-info' (and everything under it)
[2.664s] Copying ../../build/py05_exercise/py05_exercise.egg-info to /home/zzw/ws02_tools/install/py05_exercise/lib/python3.10/site-packages/py05_exercise-0.0.0-py3.10.egg-info
[2.676s] running install_scripts
[2.722s] Installing exer01_spawn_py script to /home/zzw/ws02_tools/install/py05_exercise/lib/py05_exercise
[2.722s] Installing exer02_tf_broadcaster_py script to /home/zzw/ws02_tools/install/py05_exercise/lib/py05_exercise
[2.722s] Installing exer03_tf_listener_py script to /home/zzw/ws02_tools/install/py05_exercise/lib/py05_exercise
[2.724s] writing list of installed files to '/home/zzw/ws02_tools/build/py05_exercise/install.log'
[2.794s] Invoked command in '/home/zzw/ws02_tools/src/py05_exercise' returned '0': PYTHONPATH=/home/zzw/ws02_tools/build/py05_exercise/prefix_override:/home/zzw/ws02_tools/install/py05_exercise/lib/python3.10/site-packages:${PYTHONPATH} /usr/bin/python3 setup.py egg_info --egg-base ../../build/py05_exercise build --build-base /home/zzw/ws02_tools/build/py05_exercise/build install --record /home/zzw/ws02_tools/build/py05_exercise/install.log --single-version-externally-managed
