[0.029s] Invoking command in '/home/zzw/ws02_tools/build/cpp05_exercise': CMAKE_PREFIX_PATH=/opt/ros/humble /usr/bin/cmake --build /home/zzw/ws02_tools/build/cpp05_exercise -- -j8 -l8
[0.125s] [ 33%] Built target exer02_tf_broadcaster
[0.129s] [100%] Built target exer03_tf_listener
[0.129s] [100%] Built target exer01_spawn
[0.147s] Invoked command in '/home/zzw/ws02_tools/build/cpp05_exercise' returned '0': CMAKE_PREFIX_PATH=/opt/ros/humble /usr/bin/cmake --build /home/zzw/ws02_tools/build/cpp05_exercise -- -j8 -l8
[0.194s] Invoking command in '/home/zzw/ws02_tools/build/cpp05_exercise': CMAKE_PREFIX_PATH=/opt/ros/humble /usr/bin/cmake --install /home/zzw/ws02_tools/build/cpp05_exercise
[0.201s] -- Install configuration: ""
[0.202s] -- Up-to-date: /home/zzw/ws02_tools/install/cpp05_exercise/lib/cpp05_exercise/exer01_spawn
[0.202s] -- Up-to-date: /home/zzw/ws02_tools/install/cpp05_exercise/lib/cpp05_exercise/exer02_tf_broadcaster
[0.203s] -- Up-to-date: /home/zzw/ws02_tools/install/cpp05_exercise/lib/cpp05_exercise/exer03_tf_listener
[0.203s] -- Up-to-date: /home/zzw/ws02_tools/install/cpp05_exercise/share/cpp05_exercise/launch
[0.204s] -- Up-to-date: /home/zzw/ws02_tools/install/cpp05_exercise/share/cpp05_exercise/launch/follow.launch.py
[0.204s] -- Installing: /home/zzw/ws02_tools/install/cpp05_exercise/share/cpp05_exercise/launch/escort.launch.py
[0.204s] -- Up-to-date: /home/zzw/ws02_tools/install/cpp05_exercise/share/ament_index/resource_index/package_run_dependencies/cpp05_exercise
[0.205s] -- Up-to-date: /home/zzw/ws02_tools/install/cpp05_exercise/share/ament_index/resource_index/parent_prefix_path/cpp05_exercise
[0.205s] -- Up-to-date: /home/zzw/ws02_tools/install/cpp05_exercise/share/cpp05_exercise/environment/ament_prefix_path.sh
[0.205s] -- Up-to-date: /home/zzw/ws02_tools/install/cpp05_exercise/share/cpp05_exercise/environment/ament_prefix_path.dsv
[0.206s] -- Up-to-date: /home/zzw/ws02_tools/install/cpp05_exercise/share/cpp05_exercise/environment/path.sh
[0.206s] -- Up-to-date: /home/zzw/ws02_tools/install/cpp05_exercise/share/cpp05_exercise/environment/path.dsv
[0.206s] -- Up-to-date: /home/zzw/ws02_tools/install/cpp05_exercise/share/cpp05_exercise/local_setup.bash
[0.206s] -- Up-to-date: /home/zzw/ws02_tools/install/cpp05_exercise/share/cpp05_exercise/local_setup.sh
[0.206s] -- Up-to-date: /home/zzw/ws02_tools/install/cpp05_exercise/share/cpp05_exercise/local_setup.zsh
[0.206s] -- Up-to-date: /home/zzw/ws02_tools/install/cpp05_exercise/share/cpp05_exercise/local_setup.dsv
[0.207s] -- Installing: /home/zzw/ws02_tools/install/cpp05_exercise/share/cpp05_exercise/package.dsv
[0.207s] -- Up-to-date: /home/zzw/ws02_tools/install/cpp05_exercise/share/ament_index/resource_index/packages/cpp05_exercise
[0.207s] -- Up-to-date: /home/zzw/ws02_tools/install/cpp05_exercise/share/cpp05_exercise/cmake/cpp05_exerciseConfig.cmake
[0.207s] -- Up-to-date: /home/zzw/ws02_tools/install/cpp05_exercise/share/cpp05_exercise/cmake/cpp05_exerciseConfig-version.cmake
[0.208s] -- Up-to-date: /home/zzw/ws02_tools/install/cpp05_exercise/share/cpp05_exercise/package.xml
[0.209s] Invoked command in '/home/zzw/ws02_tools/build/cpp05_exercise' returned '0': CMAKE_PREFIX_PATH=/opt/ros/humble /usr/bin/cmake --install /home/zzw/ws02_tools/build/cpp05_exercise
