[0.546s] DEBUG:colcon:Command line arguments: ['/usr/bin/colcon', 'build']
[0.546s] DEBUG:colcon:Parsed command line arguments: Namespace(log_base=None, log_level=None, verb_name='build', build_base='build', install_base='install', merge_install=False, symlink_install=False, test_result_base=None, continue_on_error=False, executor='parallel', parallel_workers=8, event_handlers=None, ignore_user_meta=False, metas=['./colcon.meta'], base_paths=['.'], packages_ignore=None, packages_ignore_regex=None, paths=None, packages_up_to=None, packages_up_to_regex=None, packages_above=None, packages_above_and_dependencies=None, packages_above_depth=None, packages_select_by_dep=None, packages_skip_by_dep=None, packages_skip_up_to=None, packages_select_build_failed=False, packages_skip_build_finished=False, packages_select_test_failures=False, packages_skip_test_passed=False, packages_select=None, packages_skip=None, packages_select_regex=None, packages_skip_regex=None, packages_start=None, packages_end=None, allow_overriding=[], cmake_args=None, cmake_target=None, cmake_target_skip_unavailable=False, cmake_clean_cache=False, cmake_clean_first=False, cmake_force_configure=False, ament_cmake_args=None, catkin_cmake_args=None, catkin_skip_building_tests=False, verb_parser=<colcon_defaults.argument_parser.defaults.DefaultArgumentsDecorator object at 0x7f0a76070700>, verb_extension=<colcon_core.verb.build.BuildVerb object at 0x7f0a762fb790>, main=<bound method BuildVerb.main of <colcon_core.verb.build.BuildVerb object at 0x7f0a762fb790>>)
[0.573s] Level 1:colcon.colcon_core.package_discovery:discover_packages(colcon_meta) check parameters
[0.573s] Level 1:colcon.colcon_core.package_discovery:discover_packages(recursive) check parameters
[0.573s] Level 1:colcon.colcon_core.package_discovery:discover_packages(ignore) check parameters
[0.573s] Level 1:colcon.colcon_core.package_discovery:discover_packages(path) check parameters
[0.573s] Level 1:colcon.colcon_core.package_discovery:discover_packages(colcon_meta) discover
[0.573s] Level 1:colcon.colcon_core.package_discovery:discover_packages(recursive) discover
[0.573s] INFO:colcon.colcon_core.package_discovery:Crawling recursively for packages in '/home/zzw/ws02_tools'
[0.574s] Level 1:colcon.colcon_core.package_identification:_identify(.) by extensions ['ignore', 'ignore_ament_install']
[0.574s] Level 1:colcon.colcon_core.package_identification:_identify(.) by extension 'ignore'
[0.574s] Level 1:colcon.colcon_core.package_identification:_identify(.) by extension 'ignore_ament_install'
[0.574s] Level 1:colcon.colcon_core.package_identification:_identify(.) by extensions ['colcon_pkg']
[0.574s] Level 1:colcon.colcon_core.package_identification:_identify(.) by extension 'colcon_pkg'
[0.574s] Level 1:colcon.colcon_core.package_identification:_identify(.) by extensions ['colcon_meta']
[0.574s] Level 1:colcon.colcon_core.package_identification:_identify(.) by extension 'colcon_meta'
[0.574s] Level 1:colcon.colcon_core.package_identification:_identify(.) by extensions ['ros']
[0.574s] Level 1:colcon.colcon_core.package_identification:_identify(.) by extension 'ros'
[0.604s] Level 1:colcon.colcon_core.package_identification:_identify(.) by extensions ['cmake', 'python']
[0.604s] Level 1:colcon.colcon_core.package_identification:_identify(.) by extension 'cmake'
[0.604s] Level 1:colcon.colcon_core.package_identification:_identify(.) by extension 'python'
[0.604s] Level 1:colcon.colcon_core.package_identification:_identify(.) by extensions ['python_setup_py']
[0.604s] Level 1:colcon.colcon_core.package_identification:_identify(.) by extension 'python_setup_py'
[0.604s] Level 1:colcon.colcon_core.package_identification:_identify(build) by extensions ['ignore', 'ignore_ament_install']
[0.605s] Level 1:colcon.colcon_core.package_identification:_identify(build) by extension 'ignore'
[0.605s] Level 1:colcon.colcon_core.package_identification:_identify(build) ignored
[0.605s] Level 1:colcon.colcon_core.package_identification:_identify(install) by extensions ['ignore', 'ignore_ament_install']
[0.605s] Level 1:colcon.colcon_core.package_identification:_identify(install) by extension 'ignore'
[0.605s] Level 1:colcon.colcon_core.package_identification:_identify(install) ignored
[0.605s] Level 1:colcon.colcon_core.package_identification:_identify(log) by extensions ['ignore', 'ignore_ament_install']
[0.605s] Level 1:colcon.colcon_core.package_identification:_identify(log) by extension 'ignore'
[0.606s] Level 1:colcon.colcon_core.package_identification:_identify(log) ignored
[0.606s] Level 1:colcon.colcon_core.package_identification:_identify(src) by extensions ['ignore', 'ignore_ament_install']
[0.606s] Level 1:colcon.colcon_core.package_identification:_identify(src) by extension 'ignore'
[0.606s] Level 1:colcon.colcon_core.package_identification:_identify(src) by extension 'ignore_ament_install'
[0.606s] Level 1:colcon.colcon_core.package_identification:_identify(src) by extensions ['colcon_pkg']
[0.606s] Level 1:colcon.colcon_core.package_identification:_identify(src) by extension 'colcon_pkg'
[0.606s] Level 1:colcon.colcon_core.package_identification:_identify(src) by extensions ['colcon_meta']
[0.606s] Level 1:colcon.colcon_core.package_identification:_identify(src) by extension 'colcon_meta'
[0.606s] Level 1:colcon.colcon_core.package_identification:_identify(src) by extensions ['ros']
[0.606s] Level 1:colcon.colcon_core.package_identification:_identify(src) by extension 'ros'
[0.606s] Level 1:colcon.colcon_core.package_identification:_identify(src) by extensions ['cmake', 'python']
[0.606s] Level 1:colcon.colcon_core.package_identification:_identify(src) by extension 'cmake'
[0.606s] Level 1:colcon.colcon_core.package_identification:_identify(src) by extension 'python'
[0.607s] Level 1:colcon.colcon_core.package_identification:_identify(src) by extensions ['python_setup_py']
[0.607s] Level 1:colcon.colcon_core.package_identification:_identify(src) by extension 'python_setup_py'
[0.607s] Level 1:colcon.colcon_core.package_identification:_identify(src/cpp01_launch) by extensions ['ignore', 'ignore_ament_install']
[0.607s] Level 1:colcon.colcon_core.package_identification:_identify(src/cpp01_launch) by extension 'ignore'
[0.607s] Level 1:colcon.colcon_core.package_identification:_identify(src/cpp01_launch) by extension 'ignore_ament_install'
[0.607s] Level 1:colcon.colcon_core.package_identification:_identify(src/cpp01_launch) by extensions ['colcon_pkg']
[0.607s] Level 1:colcon.colcon_core.package_identification:_identify(src/cpp01_launch) by extension 'colcon_pkg'
[0.607s] Level 1:colcon.colcon_core.package_identification:_identify(src/cpp01_launch) by extensions ['colcon_meta']
[0.607s] Level 1:colcon.colcon_core.package_identification:_identify(src/cpp01_launch) by extension 'colcon_meta'
[0.607s] Level 1:colcon.colcon_core.package_identification:_identify(src/cpp01_launch) by extensions ['ros']
[0.607s] Level 1:colcon.colcon_core.package_identification:_identify(src/cpp01_launch) by extension 'ros'
[0.610s] DEBUG:colcon.colcon_core.package_identification:Package 'src/cpp01_launch' with type 'ros.ament_cmake' and name 'cpp01_launch'
[0.610s] Level 1:colcon.colcon_core.package_identification:_identify(src/py01_launch) by extensions ['ignore', 'ignore_ament_install']
[0.610s] Level 1:colcon.colcon_core.package_identification:_identify(src/py01_launch) by extension 'ignore'
[0.611s] Level 1:colcon.colcon_core.package_identification:_identify(src/py01_launch) by extension 'ignore_ament_install'
[0.611s] Level 1:colcon.colcon_core.package_identification:_identify(src/py01_launch) by extensions ['colcon_pkg']
[0.611s] Level 1:colcon.colcon_core.package_identification:_identify(src/py01_launch) by extension 'colcon_pkg'
[0.611s] Level 1:colcon.colcon_core.package_identification:_identify(src/py01_launch) by extensions ['colcon_meta']
[0.611s] Level 1:colcon.colcon_core.package_identification:_identify(src/py01_launch) by extension 'colcon_meta'
[0.611s] Level 1:colcon.colcon_core.package_identification:_identify(src/py01_launch) by extensions ['ros']
[0.611s] Level 1:colcon.colcon_core.package_identification:_identify(src/py01_launch) by extension 'ros'
[0.612s] DEBUG:colcon.colcon_core.package_identification:Package 'src/py01_launch' with type 'ros.ament_python' and name 'py01_launch'
[0.612s] Level 1:colcon.colcon_core.package_discovery:discover_packages(recursive) using defaults
[0.612s] Level 1:colcon.colcon_core.package_discovery:discover_packages(ignore) discover
[0.612s] Level 1:colcon.colcon_core.package_discovery:discover_packages(ignore) using defaults
[0.612s] Level 1:colcon.colcon_core.package_discovery:discover_packages(path) discover
[0.612s] Level 1:colcon.colcon_core.package_discovery:discover_packages(path) using defaults
[0.642s] Level 1:colcon.colcon_core.package_discovery:discover_packages(prefix_path) check parameters
[0.642s] Level 1:colcon.colcon_core.package_discovery:discover_packages(prefix_path) discover
[0.646s] DEBUG:colcon.colcon_installed_package_information.package_discovery:Found 327 installed packages in /opt/ros/humble
[0.648s] Level 1:colcon.colcon_core.package_discovery:discover_packages(prefix_path) using defaults
[0.725s] Level 5:colcon.colcon_core.verb:set package 'cpp01_launch' build argument 'cmake_args' from command line to 'None'
[0.725s] Level 5:colcon.colcon_core.verb:set package 'cpp01_launch' build argument 'cmake_target' from command line to 'None'
[0.725s] Level 5:colcon.colcon_core.verb:set package 'cpp01_launch' build argument 'cmake_target_skip_unavailable' from command line to 'False'
[0.725s] Level 5:colcon.colcon_core.verb:set package 'cpp01_launch' build argument 'cmake_clean_cache' from command line to 'False'
[0.725s] Level 5:colcon.colcon_core.verb:set package 'cpp01_launch' build argument 'cmake_clean_first' from command line to 'False'
[0.725s] Level 5:colcon.colcon_core.verb:set package 'cpp01_launch' build argument 'cmake_force_configure' from command line to 'False'
[0.725s] Level 5:colcon.colcon_core.verb:set package 'cpp01_launch' build argument 'ament_cmake_args' from command line to 'None'
[0.725s] Level 5:colcon.colcon_core.verb:set package 'cpp01_launch' build argument 'catkin_cmake_args' from command line to 'None'
[0.725s] Level 5:colcon.colcon_core.verb:set package 'cpp01_launch' build argument 'catkin_skip_building_tests' from command line to 'False'
[0.725s] DEBUG:colcon.colcon_core.verb:Building package 'cpp01_launch' with the following arguments: {'ament_cmake_args': None, 'build_base': '/home/zzw/ws02_tools/build/cpp01_launch', 'catkin_cmake_args': None, 'catkin_skip_building_tests': False, 'cmake_args': None, 'cmake_clean_cache': False, 'cmake_clean_first': False, 'cmake_force_configure': False, 'cmake_target': None, 'cmake_target_skip_unavailable': False, 'install_base': '/home/zzw/ws02_tools/install/cpp01_launch', 'merge_install': False, 'path': '/home/zzw/ws02_tools/src/cpp01_launch', 'symlink_install': False, 'test_result_base': None}
[0.727s] Level 5:colcon.colcon_core.verb:set package 'py01_launch' build argument 'cmake_args' from command line to 'None'
[0.727s] Level 5:colcon.colcon_core.verb:set package 'py01_launch' build argument 'cmake_target' from command line to 'None'
[0.727s] Level 5:colcon.colcon_core.verb:set package 'py01_launch' build argument 'cmake_target_skip_unavailable' from command line to 'False'
[0.727s] Level 5:colcon.colcon_core.verb:set package 'py01_launch' build argument 'cmake_clean_cache' from command line to 'False'
[0.727s] Level 5:colcon.colcon_core.verb:set package 'py01_launch' build argument 'cmake_clean_first' from command line to 'False'
[0.727s] Level 5:colcon.colcon_core.verb:set package 'py01_launch' build argument 'cmake_force_configure' from command line to 'False'
[0.727s] Level 5:colcon.colcon_core.verb:set package 'py01_launch' build argument 'ament_cmake_args' from command line to 'None'
[0.727s] Level 5:colcon.colcon_core.verb:set package 'py01_launch' build argument 'catkin_cmake_args' from command line to 'None'
[0.727s] Level 5:colcon.colcon_core.verb:set package 'py01_launch' build argument 'catkin_skip_building_tests' from command line to 'False'
[0.727s] DEBUG:colcon.colcon_core.verb:Building package 'py01_launch' with the following arguments: {'ament_cmake_args': None, 'build_base': '/home/zzw/ws02_tools/build/py01_launch', 'catkin_cmake_args': None, 'catkin_skip_building_tests': False, 'cmake_args': None, 'cmake_clean_cache': False, 'cmake_clean_first': False, 'cmake_force_configure': False, 'cmake_target': None, 'cmake_target_skip_unavailable': False, 'install_base': '/home/zzw/ws02_tools/install/py01_launch', 'merge_install': False, 'path': '/home/zzw/ws02_tools/src/py01_launch', 'symlink_install': False, 'test_result_base': None}
[0.728s] INFO:colcon.colcon_core.executor:Executing jobs using 'parallel' executor
[0.733s] DEBUG:colcon.colcon_parallel_executor.executor.parallel:run_until_complete
[0.733s] INFO:colcon.colcon_ros.task.ament_cmake.build:Building ROS package in '/home/zzw/ws02_tools/src/cpp01_launch' with build type 'ament_cmake'
[0.733s] INFO:colcon.colcon_cmake.task.cmake.build:Building CMake package in '/home/zzw/ws02_tools/src/cpp01_launch'
[0.742s] INFO:colcon.colcon_core.plugin_system:Skipping extension 'colcon_core.shell.bat': Not used on non-Windows systems
[0.742s] INFO:colcon.colcon_core.shell:Skip shell extension 'powershell' for command environment: Not usable outside of PowerShell
[0.743s] DEBUG:colcon.colcon_core.shell:Skip shell extension 'dsv' for command environment
[0.750s] INFO:colcon.colcon_ros.task.ament_python.build:Building ROS package in '/home/zzw/ws02_tools/src/py01_launch' with build type 'ament_python'
[0.751s] Level 1:colcon.colcon_core.shell:create_environment_hook('py01_launch', 'ament_prefix_path')
[0.755s] INFO:colcon.colcon_core.shell:Creating environment hook '/home/zzw/ws02_tools/install/py01_launch/share/py01_launch/hook/ament_prefix_path.ps1'
[0.757s] INFO:colcon.colcon_core.shell:Creating environment descriptor '/home/zzw/ws02_tools/install/py01_launch/share/py01_launch/hook/ament_prefix_path.dsv'
[0.758s] INFO:colcon.colcon_core.shell:Creating environment hook '/home/zzw/ws02_tools/install/py01_launch/share/py01_launch/hook/ament_prefix_path.sh'
[0.762s] INFO:colcon.colcon_core.shell:Skip shell extension 'powershell' for command environment: Not usable outside of PowerShell
[0.762s] DEBUG:colcon.colcon_core.shell:Skip shell extension 'dsv' for command environment
[0.786s] DEBUG:colcon.colcon_core.event_handler.log_command:Invoking command in '/home/zzw/ws02_tools/build/cpp01_launch': CMAKE_PREFIX_PATH=/opt/ros/humble /usr/bin/cmake --build /home/zzw/ws02_tools/build/cpp01_launch -- -j8 -l8
[1.103s] INFO:colcon.colcon_core.task.python.build:Building Python package in '/home/zzw/ws02_tools/src/py01_launch'
[1.106s] INFO:colcon.colcon_core.shell:Skip shell extension 'powershell' for command environment: Not usable outside of PowerShell
[1.106s] DEBUG:colcon.colcon_core.shell:Skip shell extension 'dsv' for command environment
[1.118s] DEBUG:colcon.colcon_core.event_handler.log_command:Invoked command in '/home/zzw/ws02_tools/build/cpp01_launch' returned '0': CMAKE_PREFIX_PATH=/opt/ros/humble /usr/bin/cmake --build /home/zzw/ws02_tools/build/cpp01_launch -- -j8 -l8
[1.160s] DEBUG:colcon.colcon_core.event_handler.log_command:Invoking command in '/home/zzw/ws02_tools/build/cpp01_launch': CMAKE_PREFIX_PATH=/opt/ros/humble /usr/bin/cmake --install /home/zzw/ws02_tools/build/cpp01_launch
[1.173s] Level 1:colcon.colcon_core.environment:create_environment_scripts_only(cpp01_launch)
[1.188s] Level 1:colcon.colcon_core.environment:checking '/home/zzw/ws02_tools/install/cpp01_launch' for CMake module files
[1.191s] Level 1:colcon.colcon_core.environment:checking '/home/zzw/ws02_tools/install/cpp01_launch' for CMake config files
[1.193s] DEBUG:colcon.colcon_core.event_handler.log_command:Invoked command in '/home/zzw/ws02_tools/build/cpp01_launch' returned '0': CMAKE_PREFIX_PATH=/opt/ros/humble /usr/bin/cmake --install /home/zzw/ws02_tools/build/cpp01_launch
[1.193s] Level 1:colcon.colcon_core.shell:create_environment_hook('cpp01_launch', 'cmake_prefix_path')
[1.196s] INFO:colcon.colcon_core.shell:Creating environment hook '/home/zzw/ws02_tools/install/cpp01_launch/share/cpp01_launch/hook/cmake_prefix_path.ps1'
[1.196s] INFO:colcon.colcon_core.shell:Creating environment descriptor '/home/zzw/ws02_tools/install/cpp01_launch/share/cpp01_launch/hook/cmake_prefix_path.dsv'
[1.197s] INFO:colcon.colcon_core.shell:Creating environment hook '/home/zzw/ws02_tools/install/cpp01_launch/share/cpp01_launch/hook/cmake_prefix_path.sh'
[1.198s] Level 1:colcon.colcon_core.environment:checking '/home/zzw/ws02_tools/install/cpp01_launch/bin'
[1.198s] Level 1:colcon.colcon_core.environment:checking '/home/zzw/ws02_tools/install/cpp01_launch/lib/pkgconfig/cpp01_launch.pc'
[1.199s] Level 1:colcon.colcon_core.environment:checking '/home/zzw/ws02_tools/install/cpp01_launch/lib/python3.10/site-packages'
[1.199s] Level 1:colcon.colcon_core.environment:checking '/home/zzw/ws02_tools/install/cpp01_launch/bin'
[1.200s] INFO:colcon.colcon_core.shell:Creating package script '/home/zzw/ws02_tools/install/cpp01_launch/share/cpp01_launch/package.ps1'
[1.202s] INFO:colcon.colcon_core.shell:Creating package descriptor '/home/zzw/ws02_tools/install/cpp01_launch/share/cpp01_launch/package.dsv'
[1.202s] INFO:colcon.colcon_core.shell:Creating package script '/home/zzw/ws02_tools/install/cpp01_launch/share/cpp01_launch/package.sh'
[1.203s] INFO:colcon.colcon_core.shell:Creating package script '/home/zzw/ws02_tools/install/cpp01_launch/share/cpp01_launch/package.bash'
[1.204s] INFO:colcon.colcon_core.shell:Creating package script '/home/zzw/ws02_tools/install/cpp01_launch/share/cpp01_launch/package.zsh'
[1.205s] Level 1:colcon.colcon_core.environment:create_file_with_runtime_dependencies(/home/zzw/ws02_tools/install/cpp01_launch/share/colcon-core/packages/cpp01_launch)
[1.233s] Level 1:colcon.colcon_core.environment:create_environment_scripts_only(cpp01_launch)
[1.237s] Level 1:colcon.colcon_core.environment:checking '/home/zzw/ws02_tools/install/cpp01_launch' for CMake module files
[1.238s] Level 1:colcon.colcon_core.environment:checking '/home/zzw/ws02_tools/install/cpp01_launch' for CMake config files
[1.239s] Level 1:colcon.colcon_core.shell:create_environment_hook('cpp01_launch', 'cmake_prefix_path')
[1.241s] INFO:colcon.colcon_core.shell:Creating environment hook '/home/zzw/ws02_tools/install/cpp01_launch/share/cpp01_launch/hook/cmake_prefix_path.ps1'
[1.242s] INFO:colcon.colcon_core.shell:Creating environment descriptor '/home/zzw/ws02_tools/install/cpp01_launch/share/cpp01_launch/hook/cmake_prefix_path.dsv'
[1.243s] INFO:colcon.colcon_core.shell:Creating environment hook '/home/zzw/ws02_tools/install/cpp01_launch/share/cpp01_launch/hook/cmake_prefix_path.sh'
[1.244s] Level 1:colcon.colcon_core.environment:checking '/home/zzw/ws02_tools/install/cpp01_launch/bin'
[1.245s] Level 1:colcon.colcon_core.environment:checking '/home/zzw/ws02_tools/install/cpp01_launch/lib/pkgconfig/cpp01_launch.pc'
[1.245s] Level 1:colcon.colcon_core.environment:checking '/home/zzw/ws02_tools/install/cpp01_launch/lib/python3.10/site-packages'
[1.246s] Level 1:colcon.colcon_core.environment:checking '/home/zzw/ws02_tools/install/cpp01_launch/bin'
[1.248s] INFO:colcon.colcon_core.shell:Creating package script '/home/zzw/ws02_tools/install/cpp01_launch/share/cpp01_launch/package.ps1'
[1.249s] INFO:colcon.colcon_core.shell:Creating package descriptor '/home/zzw/ws02_tools/install/cpp01_launch/share/cpp01_launch/package.dsv'
[1.250s] INFO:colcon.colcon_core.shell:Creating package script '/home/zzw/ws02_tools/install/cpp01_launch/share/cpp01_launch/package.sh'
[1.251s] INFO:colcon.colcon_core.shell:Creating package script '/home/zzw/ws02_tools/install/cpp01_launch/share/cpp01_launch/package.bash'
[1.252s] INFO:colcon.colcon_core.shell:Creating package script '/home/zzw/ws02_tools/install/cpp01_launch/share/cpp01_launch/package.zsh'
[1.253s] Level 1:colcon.colcon_core.environment:create_file_with_runtime_dependencies(/home/zzw/ws02_tools/install/cpp01_launch/share/colcon-core/packages/cpp01_launch)
[1.525s] DEBUG:colcon.colcon_core.event_handler.log_command:Invoking command in '/home/zzw/ws02_tools/src/py01_launch': PYTHONPATH=/home/zzw/ws02_tools/build/py01_launch/prefix_override:/home/zzw/ws02_tools/install/py01_launch/lib/python3.10/site-packages:${PYTHONPATH} /usr/bin/python3 setup.py egg_info --egg-base ../../build/py01_launch build --build-base /home/zzw/ws02_tools/build/py01_launch/build install --record /home/zzw/ws02_tools/build/py01_launch/install.log --single-version-externally-managed
[1.871s] Level 1:colcon.colcon_core.environment:checking '/home/zzw/ws02_tools/install/py01_launch' for CMake module files
[1.873s] DEBUG:colcon.colcon_core.event_handler.log_command:Invoked command in '/home/zzw/ws02_tools/src/py01_launch' returned '0': PYTHONPATH=/home/zzw/ws02_tools/build/py01_launch/prefix_override:/home/zzw/ws02_tools/install/py01_launch/lib/python3.10/site-packages:${PYTHONPATH} /usr/bin/python3 setup.py egg_info --egg-base ../../build/py01_launch build --build-base /home/zzw/ws02_tools/build/py01_launch/build install --record /home/zzw/ws02_tools/build/py01_launch/install.log --single-version-externally-managed
[1.873s] Level 1:colcon.colcon_core.environment:checking '/home/zzw/ws02_tools/install/py01_launch' for CMake config files
[1.874s] Level 1:colcon.colcon_core.environment:checking '/home/zzw/ws02_tools/install/py01_launch/lib'
[1.875s] Level 1:colcon.colcon_core.environment:checking '/home/zzw/ws02_tools/install/py01_launch/bin'
[1.875s] Level 1:colcon.colcon_core.environment:checking '/home/zzw/ws02_tools/install/py01_launch/lib/pkgconfig/py01_launch.pc'
[1.876s] Level 1:colcon.colcon_core.environment:checking '/home/zzw/ws02_tools/install/py01_launch/lib/python3.10/site-packages'
[1.876s] Level 1:colcon.colcon_core.shell:create_environment_hook('py01_launch', 'pythonpath')
[1.878s] INFO:colcon.colcon_core.shell:Creating environment hook '/home/zzw/ws02_tools/install/py01_launch/share/py01_launch/hook/pythonpath.ps1'
[1.879s] INFO:colcon.colcon_core.shell:Creating environment descriptor '/home/zzw/ws02_tools/install/py01_launch/share/py01_launch/hook/pythonpath.dsv'
[1.880s] INFO:colcon.colcon_core.shell:Creating environment hook '/home/zzw/ws02_tools/install/py01_launch/share/py01_launch/hook/pythonpath.sh'
[1.881s] Level 1:colcon.colcon_core.environment:checking '/home/zzw/ws02_tools/install/py01_launch/bin'
[1.882s] Level 1:colcon.colcon_core.environment:create_environment_scripts_only(py01_launch)
[1.884s] INFO:colcon.colcon_core.shell:Creating package script '/home/zzw/ws02_tools/install/py01_launch/share/py01_launch/package.ps1'
[1.886s] INFO:colcon.colcon_core.shell:Creating package descriptor '/home/zzw/ws02_tools/install/py01_launch/share/py01_launch/package.dsv'
[1.886s] INFO:colcon.colcon_core.shell:Creating package script '/home/zzw/ws02_tools/install/py01_launch/share/py01_launch/package.sh'
[1.887s] INFO:colcon.colcon_core.shell:Creating package script '/home/zzw/ws02_tools/install/py01_launch/share/py01_launch/package.bash'
[1.888s] INFO:colcon.colcon_core.shell:Creating package script '/home/zzw/ws02_tools/install/py01_launch/share/py01_launch/package.zsh'
[1.889s] Level 1:colcon.colcon_core.environment:create_file_with_runtime_dependencies(/home/zzw/ws02_tools/install/py01_launch/share/colcon-core/packages/py01_launch)
[1.889s] DEBUG:colcon.colcon_parallel_executor.executor.parallel:closing loop
[1.890s] DEBUG:colcon.colcon_parallel_executor.executor.parallel:loop closed
[1.891s] DEBUG:colcon.colcon_parallel_executor.executor.parallel:run_until_complete finished with '0'
[1.891s] DEBUG:colcon.colcon_core.event_reactor:joining thread
[1.904s] INFO:colcon.colcon_core.plugin_system:Skipping extension 'colcon_notification.desktop_notification.terminal_notifier': Not used on non-Darwin systems
[1.904s] INFO:colcon.colcon_core.plugin_system:Skipping extension 'colcon_notification.desktop_notification.win32': Not used on non-Windows systems
[1.904s] INFO:colcon.colcon_notification.desktop_notification:Sending desktop notification using 'notify2'
[1.919s] DEBUG:colcon.colcon_core.event_reactor:joined thread
[1.922s] INFO:colcon.colcon_core.shell:Creating prefix script '/home/zzw/ws02_tools/install/local_setup.ps1'
[1.925s] INFO:colcon.colcon_core.shell:Creating prefix util module '/home/zzw/ws02_tools/install/_local_setup_util_ps1.py'
[1.928s] INFO:colcon.colcon_core.shell:Creating prefix chain script '/home/zzw/ws02_tools/install/setup.ps1'
[1.932s] INFO:colcon.colcon_core.shell:Creating prefix script '/home/zzw/ws02_tools/install/local_setup.sh'
[1.933s] INFO:colcon.colcon_core.shell:Creating prefix util module '/home/zzw/ws02_tools/install/_local_setup_util_sh.py'
[1.937s] INFO:colcon.colcon_core.shell:Creating prefix chain script '/home/zzw/ws02_tools/install/setup.sh'
[1.942s] INFO:colcon.colcon_core.shell:Creating prefix script '/home/zzw/ws02_tools/install/local_setup.bash'
[1.943s] INFO:colcon.colcon_core.shell:Creating prefix chain script '/home/zzw/ws02_tools/install/setup.bash'
[1.947s] INFO:colcon.colcon_core.shell:Creating prefix script '/home/zzw/ws02_tools/install/local_setup.zsh'
[1.949s] INFO:colcon.colcon_core.shell:Creating prefix chain script '/home/zzw/ws02_tools/install/setup.zsh'
