-- Install configuration: ""
-- Up-to-date: /home/zzw/ws02_tools/install/cpp06_urdf/share/cpp06_urdf/launch
-- Installing: /home/zzw/ws02_tools/install/cpp06_urdf/share/cpp06_urdf/launch/display.launch.py
-- Up-to-date: /home/zzw/ws02_tools/install/cpp06_urdf/share/cpp06_urdf/rviz
-- Up-to-date: /home/zzw/ws02_tools/install/cpp06_urdf/share/cpp06_urdf/urdf
-- Up-to-date: /home/zzw/ws02_tools/install/cpp06_urdf/share/cpp06_urdf/urdf/urdf
-- Installing: /home/zzw/ws02_tools/install/cpp06_urdf/share/cpp06_urdf/urdf/urdf/demo01_helloworld.urdf
-- Up-to-date: /home/zzw/ws02_tools/install/cpp06_urdf/share/cpp06_urdf/urdf/xacro
-- Up-to-date: /home/zzw/ws02_tools/install/cpp06_urdf/share/cpp06_urdf/meshes
-- Up-to-date: /home/zzw/ws02_tools/install/cpp06_urdf/share/ament_index/resource_index/package_run_dependencies/cpp06_urdf
-- Up-to-date: /home/zzw/ws02_tools/install/cpp06_urdf/share/ament_index/resource_index/parent_prefix_path/cpp06_urdf
-- Up-to-date: /home/zzw/ws02_tools/install/cpp06_urdf/share/cpp06_urdf/environment/ament_prefix_path.sh
-- Up-to-date: /home/zzw/ws02_tools/install/cpp06_urdf/share/cpp06_urdf/environment/ament_prefix_path.dsv
-- Up-to-date: /home/zzw/ws02_tools/install/cpp06_urdf/share/cpp06_urdf/environment/path.sh
-- Up-to-date: /home/zzw/ws02_tools/install/cpp06_urdf/share/cpp06_urdf/environment/path.dsv
-- Up-to-date: /home/zzw/ws02_tools/install/cpp06_urdf/share/cpp06_urdf/local_setup.bash
-- Up-to-date: /home/zzw/ws02_tools/install/cpp06_urdf/share/cpp06_urdf/local_setup.sh
-- Up-to-date: /home/zzw/ws02_tools/install/cpp06_urdf/share/cpp06_urdf/local_setup.zsh
-- Up-to-date: /home/zzw/ws02_tools/install/cpp06_urdf/share/cpp06_urdf/local_setup.dsv
-- Up-to-date: /home/zzw/ws02_tools/install/cpp06_urdf/share/cpp06_urdf/package.dsv
-- Up-to-date: /home/zzw/ws02_tools/install/cpp06_urdf/share/ament_index/resource_index/packages/cpp06_urdf
-- Up-to-date: /home/zzw/ws02_tools/install/cpp06_urdf/share/cpp06_urdf/cmake/cpp06_urdfConfig.cmake
-- Up-to-date: /home/zzw/ws02_tools/install/cpp06_urdf/share/cpp06_urdf/cmake/cpp06_urdfConfig-version.cmake
-- Up-to-date: /home/zzw/ws02_tools/install/cpp06_urdf/share/cpp06_urdf/package.xml
