[0.066s] Invoking command in '/home/zzw/ws02_tools/build/cpp06_urdf': CMAKE_PREFIX_PATH=/opt/ros/humble /usr/bin/cmake --build /home/zzw/ws02_tools/build/cpp06_urdf -- -j8 -l8
[1.651s] Invoked command in '/home/zzw/ws02_tools/build/cpp06_urdf' returned '0': CMAKE_PREFIX_PATH=/opt/ros/humble /usr/bin/cmake --build /home/zzw/ws02_tools/build/cpp06_urdf -- -j8 -l8
[1.684s] Invoking command in '/home/zzw/ws02_tools/build/cpp06_urdf': CMAKE_PREFIX_PATH=/opt/ros/humble /usr/bin/cmake --install /home/zzw/ws02_tools/build/cpp06_urdf
[1.693s] -- Install configuration: ""
[1.693s] -- Up-to-date: /home/zzw/ws02_tools/install/cpp06_urdf/share/cpp06_urdf/launch
[1.693s] -- Installing: /home/zzw/ws02_tools/install/cpp06_urdf/share/cpp06_urdf/launch/display.launch.py
[1.694s] -- Up-to-date: /home/zzw/ws02_tools/install/cpp06_urdf/share/cpp06_urdf/rviz
[1.694s] -- Up-to-date: /home/zzw/ws02_tools/install/cpp06_urdf/share/cpp06_urdf/urdf
[1.694s] -- Up-to-date: /home/zzw/ws02_tools/install/cpp06_urdf/share/cpp06_urdf/urdf/urdf
[1.694s] -- Installing: /home/zzw/ws02_tools/install/cpp06_urdf/share/cpp06_urdf/urdf/urdf/demo01_helloworld.urdf
[1.708s] -- Up-to-date: /home/zzw/ws02_tools/install/cpp06_urdf/share/cpp06_urdf/urdf/xacro
[1.709s] -- Up-to-date: /home/zzw/ws02_tools/install/cpp06_urdf/share/cpp06_urdf/meshes
[1.709s] -- Up-to-date: /home/zzw/ws02_tools/install/cpp06_urdf/share/ament_index/resource_index/package_run_dependencies/cpp06_urdf
[1.710s] -- Up-to-date: /home/zzw/ws02_tools/install/cpp06_urdf/share/ament_index/resource_index/parent_prefix_path/cpp06_urdf
[1.710s] -- Up-to-date: /home/zzw/ws02_tools/install/cpp06_urdf/share/cpp06_urdf/environment/ament_prefix_path.sh
[1.710s] -- Up-to-date: /home/zzw/ws02_tools/install/cpp06_urdf/share/cpp06_urdf/environment/ament_prefix_path.dsv
[1.710s] -- Up-to-date: /home/zzw/ws02_tools/install/cpp06_urdf/share/cpp06_urdf/environment/path.sh
[1.710s] -- Up-to-date: /home/zzw/ws02_tools/install/cpp06_urdf/share/cpp06_urdf/environment/path.dsv
[1.711s] -- Up-to-date: /home/zzw/ws02_tools/install/cpp06_urdf/share/cpp06_urdf/local_setup.bash
[1.711s] -- Up-to-date: /home/zzw/ws02_tools/install/cpp06_urdf/share/cpp06_urdf/local_setup.sh
[1.711s] -- Up-to-date: /home/zzw/ws02_tools/install/cpp06_urdf/share/cpp06_urdf/local_setup.zsh
[1.712s] -- Up-to-date: /home/zzw/ws02_tools/install/cpp06_urdf/share/cpp06_urdf/local_setup.dsv
[1.712s] -- Up-to-date: /home/zzw/ws02_tools/install/cpp06_urdf/share/cpp06_urdf/package.dsv
[1.713s] -- Up-to-date: /home/zzw/ws02_tools/install/cpp06_urdf/share/ament_index/resource_index/packages/cpp06_urdf
[1.713s] -- Up-to-date: /home/zzw/ws02_tools/install/cpp06_urdf/share/cpp06_urdf/cmake/cpp06_urdfConfig.cmake
[1.714s] -- Up-to-date: /home/zzw/ws02_tools/install/cpp06_urdf/share/cpp06_urdf/cmake/cpp06_urdfConfig-version.cmake
[1.714s] -- Up-to-date: /home/zzw/ws02_tools/install/cpp06_urdf/share/cpp06_urdf/package.xml
[1.717s] Invoked command in '/home/zzw/ws02_tools/build/cpp06_urdf' returned '0': CMAKE_PREFIX_PATH=/opt/ros/humble /usr/bin/cmake --install /home/zzw/ws02_tools/build/cpp06_urdf
