[0.040s] Invoking command in '/home/zzw/ws02_tools/build/cpp04_tf_listener': CMAKE_PREFIX_PATH=${CMAKE_PREFIX_PATH}:/home/zzw/ws02_tools/install/py04_tf_listener:/home/zzw/ws02_tools/install/py03_tf_broadcaster:/home/zzw/ws02_tools/install/py02_rosbag:/home/zzw/ws02_tools/install/py01_launch:/opt/ros/humble /usr/bin/cmake --build /home/zzw/ws02_tools/build/cpp04_tf_listener -- -j8 -l8
[0.109s] [35m[1mConsolidate compiler generated dependencies of target demo02_msg_filter[0m
[0.124s] [ 50%] Built target demo01_tf_listener
[0.138s] [ 75%] [32mBuilding CXX object CMakeFiles/demo02_msg_filter.dir/src/demo02_msg_filter.cpp.o[0m
[14.751s] [100%] [32m[1mLinking CXX executable demo02_msg_filter[0m
[15.995s] [100%] Built target demo02_msg_filter
[16.005s] Invoked command in '/home/zzw/ws02_tools/build/cpp04_tf_listener' returned '0': CMAKE_PREFIX_PATH=${CMAKE_PREFIX_PATH}:/home/zzw/ws02_tools/install/py04_tf_listener:/home/zzw/ws02_tools/install/py03_tf_broadcaster:/home/zzw/ws02_tools/install/py02_rosbag:/home/zzw/ws02_tools/install/py01_launch:/opt/ros/humble /usr/bin/cmake --build /home/zzw/ws02_tools/build/cpp04_tf_listener -- -j8 -l8
[16.046s] Invoking command in '/home/zzw/ws02_tools/build/cpp04_tf_listener': CMAKE_PREFIX_PATH=${CMAKE_PREFIX_PATH}:/home/zzw/ws02_tools/install/py04_tf_listener:/home/zzw/ws02_tools/install/py03_tf_broadcaster:/home/zzw/ws02_tools/install/py02_rosbag:/home/zzw/ws02_tools/install/py01_launch:/opt/ros/humble /usr/bin/cmake --install /home/zzw/ws02_tools/build/cpp04_tf_listener
[16.054s] -- Install configuration: ""
[16.054s] -- Up-to-date: /home/zzw/ws02_tools/install/cpp04_tf_listener/lib/cpp04_tf_listener/demo01_tf_listener
[16.054s] -- Installing: /home/zzw/ws02_tools/install/cpp04_tf_listener/lib/cpp04_tf_listener/demo02_msg_filter
[16.060s] -- Set runtime path of "/home/zzw/ws02_tools/install/cpp04_tf_listener/lib/cpp04_tf_listener/demo02_msg_filter" to ""
[16.061s] -- Up-to-date: /home/zzw/ws02_tools/install/cpp04_tf_listener/share/ament_index/resource_index/package_run_dependencies/cpp04_tf_listener
[16.062s] -- Up-to-date: /home/zzw/ws02_tools/install/cpp04_tf_listener/share/ament_index/resource_index/parent_prefix_path/cpp04_tf_listener
[16.062s] -- Up-to-date: /home/zzw/ws02_tools/install/cpp04_tf_listener/share/cpp04_tf_listener/environment/ament_prefix_path.sh
[16.062s] -- Up-to-date: /home/zzw/ws02_tools/install/cpp04_tf_listener/share/cpp04_tf_listener/environment/ament_prefix_path.dsv
[16.062s] -- Up-to-date: /home/zzw/ws02_tools/install/cpp04_tf_listener/share/cpp04_tf_listener/environment/path.sh
[16.062s] -- Up-to-date: /home/zzw/ws02_tools/install/cpp04_tf_listener/share/cpp04_tf_listener/environment/path.dsv
[16.062s] -- Up-to-date: /home/zzw/ws02_tools/install/cpp04_tf_listener/share/cpp04_tf_listener/local_setup.bash
[16.062s] -- Up-to-date: /home/zzw/ws02_tools/install/cpp04_tf_listener/share/cpp04_tf_listener/local_setup.sh
[16.063s] -- Up-to-date: /home/zzw/ws02_tools/install/cpp04_tf_listener/share/cpp04_tf_listener/local_setup.zsh
[16.063s] -- Up-to-date: /home/zzw/ws02_tools/install/cpp04_tf_listener/share/cpp04_tf_listener/local_setup.dsv
[16.063s] -- Installing: /home/zzw/ws02_tools/install/cpp04_tf_listener/share/cpp04_tf_listener/package.dsv
[16.063s] -- Up-to-date: /home/zzw/ws02_tools/install/cpp04_tf_listener/share/ament_index/resource_index/packages/cpp04_tf_listener
[16.064s] -- Up-to-date: /home/zzw/ws02_tools/install/cpp04_tf_listener/share/cpp04_tf_listener/cmake/cpp04_tf_listenerConfig.cmake
[16.064s] -- Up-to-date: /home/zzw/ws02_tools/install/cpp04_tf_listener/share/cpp04_tf_listener/cmake/cpp04_tf_listenerConfig-version.cmake
[16.064s] -- Up-to-date: /home/zzw/ws02_tools/install/cpp04_tf_listener/share/cpp04_tf_listener/package.xml
[16.067s] Invoked command in '/home/zzw/ws02_tools/build/cpp04_tf_listener' returned '0': CMAKE_PREFIX_PATH=${CMAKE_PREFIX_PATH}:/home/zzw/ws02_tools/install/py04_tf_listener:/home/zzw/ws02_tools/install/py03_tf_broadcaster:/home/zzw/ws02_tools/install/py02_rosbag:/home/zzw/ws02_tools/install/py01_launch:/opt/ros/humble /usr/bin/cmake --install /home/zzw/ws02_tools/build/cpp04_tf_listener
