[ 16%] [32mBuilding CXX object CMakeFiles/exer02_tf_broadcaster.dir/src/exer02_tf_broadcaster.cpp.o[0m
[ 33%] [32mBuilding CXX object CMakeFiles/exer01_spawn.dir/src/exer01_spawn.cpp.o[0m
[ 66%] Built target exer03_tf_listener
[ 83%] [32m[1mLinking CXX executable exer01_spawn[0m
[ 83%] Built target exer01_spawn
[100%] [32m[1mLinking CXX executable exer02_tf_broadcaster[0m
[100%] Built target exer02_tf_broadcaster
-- Install configuration: ""
-- Installing: /home/zzw/ws02_tools/install/cpp05_exercise/lib/cpp05_exercise/exer01_spawn
-- Set runtime path of "/home/zzw/ws02_tools/install/cpp05_exercise/lib/cpp05_exercise/exer01_spawn" to ""
-- Installing: /home/zzw/ws02_tools/install/cpp05_exercise/lib/cpp05_exercise/exer02_tf_broadcaster
-- Set runtime path of "/home/zzw/ws02_tools/install/cpp05_exercise/lib/cpp05_exercise/exer02_tf_broadcaster" to ""
-- Up-to-date: /home/zzw/ws02_tools/install/cpp05_exercise/lib/cpp05_exercise/exer03_tf_listener
-- Up-to-date: /home/zzw/ws02_tools/install/cpp05_exercise/share/cpp05_exercise/launch
-- Installing: /home/zzw/ws02_tools/install/cpp05_exercise/share/cpp05_exercise/launch/follow.launch.py
-- Up-to-date: /home/zzw/ws02_tools/install/cpp05_exercise/share/ament_index/resource_index/package_run_dependencies/cpp05_exercise
-- Up-to-date: /home/zzw/ws02_tools/install/cpp05_exercise/share/ament_index/resource_index/parent_prefix_path/cpp05_exercise
-- Up-to-date: /home/zzw/ws02_tools/install/cpp05_exercise/share/cpp05_exercise/environment/ament_prefix_path.sh
-- Up-to-date: /home/zzw/ws02_tools/install/cpp05_exercise/share/cpp05_exercise/environment/ament_prefix_path.dsv
-- Up-to-date: /home/zzw/ws02_tools/install/cpp05_exercise/share/cpp05_exercise/environment/path.sh
-- Up-to-date: /home/zzw/ws02_tools/install/cpp05_exercise/share/cpp05_exercise/environment/path.dsv
-- Up-to-date: /home/zzw/ws02_tools/install/cpp05_exercise/share/cpp05_exercise/local_setup.bash
-- Up-to-date: /home/zzw/ws02_tools/install/cpp05_exercise/share/cpp05_exercise/local_setup.sh
-- Up-to-date: /home/zzw/ws02_tools/install/cpp05_exercise/share/cpp05_exercise/local_setup.zsh
-- Up-to-date: /home/zzw/ws02_tools/install/cpp05_exercise/share/cpp05_exercise/local_setup.dsv
-- Installing: /home/zzw/ws02_tools/install/cpp05_exercise/share/cpp05_exercise/package.dsv
-- Up-to-date: /home/zzw/ws02_tools/install/cpp05_exercise/share/ament_index/resource_index/packages/cpp05_exercise
-- Up-to-date: /home/zzw/ws02_tools/install/cpp05_exercise/share/cpp05_exercise/cmake/cpp05_exerciseConfig.cmake
-- Up-to-date: /home/zzw/ws02_tools/install/cpp05_exercise/share/cpp05_exercise/cmake/cpp05_exerciseConfig-version.cmake
-- Up-to-date: /home/zzw/ws02_tools/install/cpp05_exercise/share/cpp05_exercise/package.xml
