[0.049s] Invoking command in '/home/zzw/ws02_tools/build/cpp01_launch': CMAKE_PREFIX_PATH=/opt/ros/humble /usr/bin/cmake --build /home/zzw/ws02_tools/build/cpp01_launch -- -j8 -l8
[0.149s] -- Found ament_cmake: 1.3.3 (/opt/ros/humble/share/ament_cmake/cmake)
[0.398s] -- Found rclcpp: 16.0.2 (/opt/ros/humble/share/rclcpp/cmake)
[0.876s] -- Found rosidl_generator_c: 3.1.4 (/opt/ros/humble/share/rosidl_generator_c/cmake)
[0.882s] -- Found rosidl_adapter: 3.1.4 (/opt/ros/humble/share/rosidl_adapter/cmake)
[0.894s] -- Found rosidl_generator_cpp: 3.1.4 (/opt/ros/humble/share/rosidl_generator_cpp/cmake)
[0.915s] -- Using all available rosidl_typesupport_c: rosidl_typesupport_fastrtps_c;rosidl_typesupport_introspection_c
[0.941s] -- Using all available rosidl_typesupport_cpp: rosidl_typesupport_fastrtps_cpp;rosidl_typesupport_introspection_cpp
[1.039s] -- Found rmw_implementation_cmake: 6.1.1 (/opt/ros/humble/share/rmw_implementation_cmake/cmake)
[1.041s] -- Found rmw_fastrtps_cpp: 6.2.2 (/opt/ros/humble/share/rmw_fastrtps_cpp/cmake)
[15.180s] -- Using RMW implementation 'rmw_fastrtps_cpp' as default
[15.398s] -- Found ament_lint_auto: 0.12.4 (/opt/ros/humble/share/ament_lint_auto/cmake)
[15.494s] -- Added test 'lint_cmake' to check CMake code style
[15.496s] -- Added test 'xmllint' to check XML markup files
[15.499s] -- Configuring done
[15.533s] -- Generating done
[15.537s] -- Build files have been written to: /home/zzw/ws02_tools/build/cpp01_launch
[15.570s] Invoked command in '/home/zzw/ws02_tools/build/cpp01_launch' returned '0': CMAKE_PREFIX_PATH=/opt/ros/humble /usr/bin/cmake --build /home/zzw/ws02_tools/build/cpp01_launch -- -j8 -l8
[15.605s] Invoking command in '/home/zzw/ws02_tools/build/cpp01_launch': CMAKE_PREFIX_PATH=/opt/ros/humble /usr/bin/cmake --install /home/zzw/ws02_tools/build/cpp01_launch
[15.614s] -- Install configuration: ""
[15.615s] -- Installing: /home/zzw/ws02_tools/install/cpp01_launch/share/{PROJECT_NAME}/launch
[15.617s] -- Installing: /home/zzw/ws02_tools/install/cpp01_launch/share/{PROJECT_NAME}/launch/yml
[15.617s] -- Installing: /home/zzw/ws02_tools/install/cpp01_launch/share/{PROJECT_NAME}/launch/py
[15.618s] -- Installing: /home/zzw/ws02_tools/install/cpp01_launch/share/{PROJECT_NAME}/launch/xml
[15.621s] -- Up-to-date: /home/zzw/ws02_tools/install/cpp01_launch/share/ament_index/resource_index/package_run_dependencies/cpp01_launch
[15.621s] -- Up-to-date: /home/zzw/ws02_tools/install/cpp01_launch/share/ament_index/resource_index/parent_prefix_path/cpp01_launch
[15.621s] -- Up-to-date: /home/zzw/ws02_tools/install/cpp01_launch/share/cpp01_launch/environment/ament_prefix_path.sh
[15.621s] -- Installing: /home/zzw/ws02_tools/install/cpp01_launch/share/cpp01_launch/environment/ament_prefix_path.dsv
[15.622s] -- Up-to-date: /home/zzw/ws02_tools/install/cpp01_launch/share/cpp01_launch/environment/path.sh
[15.623s] -- Installing: /home/zzw/ws02_tools/install/cpp01_launch/share/cpp01_launch/environment/path.dsv
[15.623s] -- Up-to-date: /home/zzw/ws02_tools/install/cpp01_launch/share/cpp01_launch/local_setup.bash
[15.624s] -- Up-to-date: /home/zzw/ws02_tools/install/cpp01_launch/share/cpp01_launch/local_setup.sh
[15.624s] -- Up-to-date: /home/zzw/ws02_tools/install/cpp01_launch/share/cpp01_launch/local_setup.zsh
[15.624s] -- Installing: /home/zzw/ws02_tools/install/cpp01_launch/share/cpp01_launch/local_setup.dsv
[15.624s] -- Installing: /home/zzw/ws02_tools/install/cpp01_launch/share/cpp01_launch/package.dsv
[15.625s] -- Up-to-date: /home/zzw/ws02_tools/install/cpp01_launch/share/ament_index/resource_index/packages/cpp01_launch
[15.625s] -- Up-to-date: /home/zzw/ws02_tools/install/cpp01_launch/share/cpp01_launch/cmake/cpp01_launchConfig.cmake
[15.626s] -- Up-to-date: /home/zzw/ws02_tools/install/cpp01_launch/share/cpp01_launch/cmake/cpp01_launchConfig-version.cmake
[15.626s] -- Up-to-date: /home/zzw/ws02_tools/install/cpp01_launch/share/cpp01_launch/package.xml
[15.631s] Invoked command in '/home/zzw/ws02_tools/build/cpp01_launch' returned '0': CMAKE_PREFIX_PATH=/opt/ros/humble /usr/bin/cmake --install /home/zzw/ws02_tools/build/cpp01_launch
