[0.854s] Invoking command in '/home/zzw/ws02_tools/src/py05_exercise': PYTHONPATH=/home/zzw/ws02_tools/build/py05_exercise/prefix_override:/home/zzw/ws02_tools/install/py05_exercise/lib/python3.10/site-packages:${PYTHONPATH} /usr/bin/python3 setup.py egg_info --egg-base ../../build/py05_exercise build --build-base /home/zzw/ws02_tools/build/py05_exercise/build install --record /home/zzw/ws02_tools/build/py05_exercise/install.log --single-version-externally-managed
[1.148s] running egg_info
[1.149s] writing ../../build/py05_exercise/py05_exercise.egg-info/PKG-INFO
[1.150s] writing dependency_links to ../../build/py05_exercise/py05_exercise.egg-info/dependency_links.txt
[1.150s] writing entry points to ../../build/py05_exercise/py05_exercise.egg-info/entry_points.txt
[1.150s] writing requirements to ../../build/py05_exercise/py05_exercise.egg-info/requires.txt
[1.151s] writing top-level names to ../../build/py05_exercise/py05_exercise.egg-info/top_level.txt
[1.153s] reading manifest file '../../build/py05_exercise/py05_exercise.egg-info/SOURCES.txt'
[1.155s] writing manifest file '../../build/py05_exercise/py05_exercise.egg-info/SOURCES.txt'
[1.155s] running build
[1.155s] running build_py
[1.156s] /usr/lib/python3/dist-packages/setuptools/command/install.py:34: SetuptoolsDeprecationWarning: setup.py install is deprecated. Use build and pip and other standards-based tools.
[1.156s]   warnings.warn(
[1.156s] running install
[1.156s] running install_lib
[1.157s] running install_data
[1.158s] copying launch/escort.launch.xml -> /home/zzw/ws02_tools/install/py05_exercise/share/py05_exercise
[1.159s] running install_egg_info
[1.161s] removing '/home/zzw/ws02_tools/install/py05_exercise/lib/python3.10/site-packages/py05_exercise-0.0.0-py3.10.egg-info' (and everything under it)
[1.161s] Copying ../../build/py05_exercise/py05_exercise.egg-info to /home/zzw/ws02_tools/install/py05_exercise/lib/python3.10/site-packages/py05_exercise-0.0.0-py3.10.egg-info
[1.162s] running install_scripts
[1.187s] Installing exer01_spawn_py script to /home/zzw/ws02_tools/install/py05_exercise/lib/py05_exercise
[1.188s] Installing exer02_tf_broadcaster_py script to /home/zzw/ws02_tools/install/py05_exercise/lib/py05_exercise
[1.188s] Installing exer03_tf_listener_py script to /home/zzw/ws02_tools/install/py05_exercise/lib/py05_exercise
[1.188s] writing list of installed files to '/home/zzw/ws02_tools/build/py05_exercise/install.log'
[1.237s] Invoked command in '/home/zzw/ws02_tools/src/py05_exercise' returned '0': PYTHONPATH=/home/zzw/ws02_tools/build/py05_exercise/prefix_override:/home/zzw/ws02_tools/install/py05_exercise/lib/python3.10/site-packages:${PYTHONPATH} /usr/bin/python3 setup.py egg_info --egg-base ../../build/py05_exercise build --build-base /home/zzw/ws02_tools/build/py05_exercise/build install --record /home/zzw/ws02_tools/build/py05_exercise/install.log --single-version-externally-managed
