[0.513s] DEBUG:colcon:Command line arguments: ['/usr/bin/colcon', 'build']
[0.514s] DEBUG:colcon:Parsed command line arguments: Namespace(log_base=None, log_level=None, verb_name='build', build_base='build', install_base='install', merge_install=False, symlink_install=False, test_result_base=None, continue_on_error=False, executor='parallel', parallel_workers=8, event_handlers=None, ignore_user_meta=False, metas=['./colcon.meta'], base_paths=['.'], packages_ignore=None, packages_ignore_regex=None, paths=None, packages_up_to=None, packages_up_to_regex=None, packages_above=None, packages_above_and_dependencies=None, packages_above_depth=None, packages_select_by_dep=None, packages_skip_by_dep=None, packages_skip_up_to=None, packages_select_build_failed=False, packages_skip_build_finished=False, packages_select_test_failures=False, packages_skip_test_passed=False, packages_select=None, packages_skip=None, packages_select_regex=None, packages_skip_regex=None, packages_start=None, packages_end=None, allow_overriding=[], cmake_args=None, cmake_target=None, cmake_target_skip_unavailable=False, cmake_clean_cache=False, cmake_clean_first=False, cmake_force_configure=False, ament_cmake_args=None, catkin_cmake_args=None, catkin_skip_building_tests=False, verb_parser=<colcon_defaults.argument_parser.defaults.DefaultArgumentsDecorator object at 0x7f19b90c8640>, verb_extension=<colcon_core.verb.build.BuildVerb object at 0x7f19b9353460>, main=<bound method BuildVerb.main of <colcon_core.verb.build.BuildVerb object at 0x7f19b9353460>>)
[0.536s] Level 1:colcon.colcon_core.package_discovery:discover_packages(colcon_meta) check parameters
[0.536s] Level 1:colcon.colcon_core.package_discovery:discover_packages(recursive) check parameters
[0.536s] Level 1:colcon.colcon_core.package_discovery:discover_packages(ignore) check parameters
[0.536s] Level 1:colcon.colcon_core.package_discovery:discover_packages(path) check parameters
[0.536s] Level 1:colcon.colcon_core.package_discovery:discover_packages(colcon_meta) discover
[0.537s] Level 1:colcon.colcon_core.package_discovery:discover_packages(recursive) discover
[0.537s] INFO:colcon.colcon_core.package_discovery:Crawling recursively for packages in '/home/zzw/ws02_tools'
[0.537s] Level 1:colcon.colcon_core.package_identification:_identify(.) by extensions ['ignore', 'ignore_ament_install']
[0.537s] Level 1:colcon.colcon_core.package_identification:_identify(.) by extension 'ignore'
[0.537s] Level 1:colcon.colcon_core.package_identification:_identify(.) by extension 'ignore_ament_install'
[0.537s] Level 1:colcon.colcon_core.package_identification:_identify(.) by extensions ['colcon_pkg']
[0.537s] Level 1:colcon.colcon_core.package_identification:_identify(.) by extension 'colcon_pkg'
[0.537s] Level 1:colcon.colcon_core.package_identification:_identify(.) by extensions ['colcon_meta']
[0.537s] Level 1:colcon.colcon_core.package_identification:_identify(.) by extension 'colcon_meta'
[0.537s] Level 1:colcon.colcon_core.package_identification:_identify(.) by extensions ['ros']
[0.537s] Level 1:colcon.colcon_core.package_identification:_identify(.) by extension 'ros'
[0.563s] Level 1:colcon.colcon_core.package_identification:_identify(.) by extensions ['cmake', 'python']
[0.563s] Level 1:colcon.colcon_core.package_identification:_identify(.) by extension 'cmake'
[0.563s] Level 1:colcon.colcon_core.package_identification:_identify(.) by extension 'python'
[0.563s] Level 1:colcon.colcon_core.package_identification:_identify(.) by extensions ['python_setup_py']
[0.563s] Level 1:colcon.colcon_core.package_identification:_identify(.) by extension 'python_setup_py'
[0.563s] Level 1:colcon.colcon_core.package_identification:_identify(build) by extensions ['ignore', 'ignore_ament_install']
[0.563s] Level 1:colcon.colcon_core.package_identification:_identify(build) by extension 'ignore'
[0.564s] Level 1:colcon.colcon_core.package_identification:_identify(build) ignored
[0.564s] Level 1:colcon.colcon_core.package_identification:_identify(install) by extensions ['ignore', 'ignore_ament_install']
[0.564s] Level 1:colcon.colcon_core.package_identification:_identify(install) by extension 'ignore'
[0.564s] Level 1:colcon.colcon_core.package_identification:_identify(install) ignored
[0.564s] Level 1:colcon.colcon_core.package_identification:_identify(log) by extensions ['ignore', 'ignore_ament_install']
[0.564s] Level 1:colcon.colcon_core.package_identification:_identify(log) by extension 'ignore'
[0.564s] Level 1:colcon.colcon_core.package_identification:_identify(log) ignored
[0.564s] Level 1:colcon.colcon_core.package_identification:_identify(src) by extensions ['ignore', 'ignore_ament_install']
[0.564s] Level 1:colcon.colcon_core.package_identification:_identify(src) by extension 'ignore'
[0.565s] Level 1:colcon.colcon_core.package_identification:_identify(src) by extension 'ignore_ament_install'
[0.565s] Level 1:colcon.colcon_core.package_identification:_identify(src) by extensions ['colcon_pkg']
[0.565s] Level 1:colcon.colcon_core.package_identification:_identify(src) by extension 'colcon_pkg'
[0.565s] Level 1:colcon.colcon_core.package_identification:_identify(src) by extensions ['colcon_meta']
[0.565s] Level 1:colcon.colcon_core.package_identification:_identify(src) by extension 'colcon_meta'
[0.565s] Level 1:colcon.colcon_core.package_identification:_identify(src) by extensions ['ros']
[0.565s] Level 1:colcon.colcon_core.package_identification:_identify(src) by extension 'ros'
[0.565s] Level 1:colcon.colcon_core.package_identification:_identify(src) by extensions ['cmake', 'python']
[0.565s] Level 1:colcon.colcon_core.package_identification:_identify(src) by extension 'cmake'
[0.565s] Level 1:colcon.colcon_core.package_identification:_identify(src) by extension 'python'
[0.565s] Level 1:colcon.colcon_core.package_identification:_identify(src) by extensions ['python_setup_py']
[0.565s] Level 1:colcon.colcon_core.package_identification:_identify(src) by extension 'python_setup_py'
[0.565s] Level 1:colcon.colcon_core.package_identification:_identify(src/cpp01_launch) by extensions ['ignore', 'ignore_ament_install']
[0.566s] Level 1:colcon.colcon_core.package_identification:_identify(src/cpp01_launch) by extension 'ignore'
[0.566s] Level 1:colcon.colcon_core.package_identification:_identify(src/cpp01_launch) by extension 'ignore_ament_install'
[0.566s] Level 1:colcon.colcon_core.package_identification:_identify(src/cpp01_launch) by extensions ['colcon_pkg']
[0.566s] Level 1:colcon.colcon_core.package_identification:_identify(src/cpp01_launch) by extension 'colcon_pkg'
[0.566s] Level 1:colcon.colcon_core.package_identification:_identify(src/cpp01_launch) by extensions ['colcon_meta']
[0.566s] Level 1:colcon.colcon_core.package_identification:_identify(src/cpp01_launch) by extension 'colcon_meta'
[0.566s] Level 1:colcon.colcon_core.package_identification:_identify(src/cpp01_launch) by extensions ['ros']
[0.566s] Level 1:colcon.colcon_core.package_identification:_identify(src/cpp01_launch) by extension 'ros'
[0.569s] DEBUG:colcon.colcon_core.package_identification:Package 'src/cpp01_launch' with type 'ros.ament_cmake' and name 'cpp01_launch'
[0.569s] Level 1:colcon.colcon_core.package_identification:_identify(src/py01_launch) by extensions ['ignore', 'ignore_ament_install']
[0.569s] Level 1:colcon.colcon_core.package_identification:_identify(src/py01_launch) by extension 'ignore'
[0.569s] Level 1:colcon.colcon_core.package_identification:_identify(src/py01_launch) by extension 'ignore_ament_install'
[0.569s] Level 1:colcon.colcon_core.package_identification:_identify(src/py01_launch) by extensions ['colcon_pkg']
[0.569s] Level 1:colcon.colcon_core.package_identification:_identify(src/py01_launch) by extension 'colcon_pkg'
[0.569s] Level 1:colcon.colcon_core.package_identification:_identify(src/py01_launch) by extensions ['colcon_meta']
[0.570s] Level 1:colcon.colcon_core.package_identification:_identify(src/py01_launch) by extension 'colcon_meta'
[0.570s] Level 1:colcon.colcon_core.package_identification:_identify(src/py01_launch) by extensions ['ros']
[0.570s] Level 1:colcon.colcon_core.package_identification:_identify(src/py01_launch) by extension 'ros'
[0.570s] DEBUG:colcon.colcon_core.package_identification:Package 'src/py01_launch' with type 'ros.ament_python' and name 'py01_launch'
[0.570s] Level 1:colcon.colcon_core.package_discovery:discover_packages(recursive) using defaults
[0.571s] Level 1:colcon.colcon_core.package_discovery:discover_packages(ignore) discover
[0.571s] Level 1:colcon.colcon_core.package_discovery:discover_packages(ignore) using defaults
[0.571s] Level 1:colcon.colcon_core.package_discovery:discover_packages(path) discover
[0.571s] Level 1:colcon.colcon_core.package_discovery:discover_packages(path) using defaults
[0.596s] Level 1:colcon.colcon_core.package_discovery:discover_packages(prefix_path) check parameters
[0.596s] Level 1:colcon.colcon_core.package_discovery:discover_packages(prefix_path) discover
[0.599s] DEBUG:colcon.colcon_installed_package_information.package_discovery:Found 2 installed packages in /home/zzw/ws02_tools/install
[0.601s] DEBUG:colcon.colcon_installed_package_information.package_discovery:Found 327 installed packages in /opt/ros/humble
[0.603s] Level 1:colcon.colcon_core.package_discovery:discover_packages(prefix_path) using defaults
[0.676s] Level 5:colcon.colcon_core.verb:set package 'cpp01_launch' build argument 'cmake_args' from command line to 'None'
[0.677s] Level 5:colcon.colcon_core.verb:set package 'cpp01_launch' build argument 'cmake_target' from command line to 'None'
[0.677s] Level 5:colcon.colcon_core.verb:set package 'cpp01_launch' build argument 'cmake_target_skip_unavailable' from command line to 'False'
[0.677s] Level 5:colcon.colcon_core.verb:set package 'cpp01_launch' build argument 'cmake_clean_cache' from command line to 'False'
[0.677s] Level 5:colcon.colcon_core.verb:set package 'cpp01_launch' build argument 'cmake_clean_first' from command line to 'False'
[0.677s] Level 5:colcon.colcon_core.verb:set package 'cpp01_launch' build argument 'cmake_force_configure' from command line to 'False'
[0.677s] Level 5:colcon.colcon_core.verb:set package 'cpp01_launch' build argument 'ament_cmake_args' from command line to 'None'
[0.677s] Level 5:colcon.colcon_core.verb:set package 'cpp01_launch' build argument 'catkin_cmake_args' from command line to 'None'
[0.677s] Level 5:colcon.colcon_core.verb:set package 'cpp01_launch' build argument 'catkin_skip_building_tests' from command line to 'False'
[0.677s] DEBUG:colcon.colcon_core.verb:Building package 'cpp01_launch' with the following arguments: {'ament_cmake_args': None, 'build_base': '/home/zzw/ws02_tools/build/cpp01_launch', 'catkin_cmake_args': None, 'catkin_skip_building_tests': False, 'cmake_args': None, 'cmake_clean_cache': False, 'cmake_clean_first': False, 'cmake_force_configure': False, 'cmake_target': None, 'cmake_target_skip_unavailable': False, 'install_base': '/home/zzw/ws02_tools/install/cpp01_launch', 'merge_install': False, 'path': '/home/zzw/ws02_tools/src/cpp01_launch', 'symlink_install': False, 'test_result_base': None}
[0.678s] Level 5:colcon.colcon_core.verb:set package 'py01_launch' build argument 'cmake_args' from command line to 'None'
[0.679s] Level 5:colcon.colcon_core.verb:set package 'py01_launch' build argument 'cmake_target' from command line to 'None'
[0.679s] Level 5:colcon.colcon_core.verb:set package 'py01_launch' build argument 'cmake_target_skip_unavailable' from command line to 'False'
[0.679s] Level 5:colcon.colcon_core.verb:set package 'py01_launch' build argument 'cmake_clean_cache' from command line to 'False'
[0.679s] Level 5:colcon.colcon_core.verb:set package 'py01_launch' build argument 'cmake_clean_first' from command line to 'False'
[0.679s] Level 5:colcon.colcon_core.verb:set package 'py01_launch' build argument 'cmake_force_configure' from command line to 'False'
[0.679s] Level 5:colcon.colcon_core.verb:set package 'py01_launch' build argument 'ament_cmake_args' from command line to 'None'
[0.679s] Level 5:colcon.colcon_core.verb:set package 'py01_launch' build argument 'catkin_cmake_args' from command line to 'None'
[0.679s] Level 5:colcon.colcon_core.verb:set package 'py01_launch' build argument 'catkin_skip_building_tests' from command line to 'False'
[0.679s] DEBUG:colcon.colcon_core.verb:Building package 'py01_launch' with the following arguments: {'ament_cmake_args': None, 'build_base': '/home/zzw/ws02_tools/build/py01_launch', 'catkin_cmake_args': None, 'catkin_skip_building_tests': False, 'cmake_args': None, 'cmake_clean_cache': False, 'cmake_clean_first': False, 'cmake_force_configure': False, 'cmake_target': None, 'cmake_target_skip_unavailable': False, 'install_base': '/home/zzw/ws02_tools/install/py01_launch', 'merge_install': False, 'path': '/home/zzw/ws02_tools/src/py01_launch', 'symlink_install': False, 'test_result_base': None}
[0.680s] INFO:colcon.colcon_core.executor:Executing jobs using 'parallel' executor
[0.684s] DEBUG:colcon.colcon_parallel_executor.executor.parallel:run_until_complete
[0.684s] INFO:colcon.colcon_ros.task.ament_cmake.build:Building ROS package in '/home/zzw/ws02_tools/src/cpp01_launch' with build type 'ament_cmake'
[0.685s] INFO:colcon.colcon_cmake.task.cmake.build:Building CMake package in '/home/zzw/ws02_tools/src/cpp01_launch'
[0.692s] INFO:colcon.colcon_core.plugin_system:Skipping extension 'colcon_core.shell.bat': Not used on non-Windows systems
[0.692s] INFO:colcon.colcon_core.shell:Skip shell extension 'powershell' for command environment: Not usable outside of PowerShell
[0.693s] DEBUG:colcon.colcon_core.shell:Skip shell extension 'dsv' for command environment
[0.700s] INFO:colcon.colcon_ros.task.ament_python.build:Building ROS package in '/home/zzw/ws02_tools/src/py01_launch' with build type 'ament_python'
[0.701s] Level 1:colcon.colcon_core.shell:create_environment_hook('py01_launch', 'ament_prefix_path')
[0.703s] INFO:colcon.colcon_core.shell:Creating environment hook '/home/zzw/ws02_tools/install/py01_launch/share/py01_launch/hook/ament_prefix_path.ps1'
[0.705s] INFO:colcon.colcon_core.shell:Creating environment descriptor '/home/zzw/ws02_tools/install/py01_launch/share/py01_launch/hook/ament_prefix_path.dsv'
[0.707s] INFO:colcon.colcon_core.shell:Creating environment hook '/home/zzw/ws02_tools/install/py01_launch/share/py01_launch/hook/ament_prefix_path.sh'
[0.711s] INFO:colcon.colcon_core.shell:Skip shell extension 'powershell' for command environment: Not usable outside of PowerShell
[0.711s] DEBUG:colcon.colcon_core.shell:Skip shell extension 'dsv' for command environment
[0.736s] DEBUG:colcon.colcon_core.event_handler.log_command:Invoking command in '/home/zzw/ws02_tools/build/cpp01_launch': CMAKE_PREFIX_PATH=${CMAKE_PREFIX_PATH}:/home/zzw/ws02_tools/install/py01_launch:/opt/ros/humble /usr/bin/cmake --build /home/zzw/ws02_tools/build/cpp01_launch -- -j8 -l8
[1.045s] INFO:colcon.colcon_core.task.python.build:Building Python package in '/home/zzw/ws02_tools/src/py01_launch'
[1.046s] INFO:colcon.colcon_core.shell:Skip shell extension 'powershell' for command environment: Not usable outside of PowerShell
[1.046s] DEBUG:colcon.colcon_core.shell:Skip shell extension 'dsv' for command environment
[1.055s] DEBUG:colcon.colcon_core.event_handler.log_command:Invoked command in '/home/zzw/ws02_tools/build/cpp01_launch' returned '0': CMAKE_PREFIX_PATH=${CMAKE_PREFIX_PATH}:/home/zzw/ws02_tools/install/py01_launch:/opt/ros/humble /usr/bin/cmake --build /home/zzw/ws02_tools/build/cpp01_launch -- -j8 -l8
[1.092s] DEBUG:colcon.colcon_core.event_handler.log_command:Invoking command in '/home/zzw/ws02_tools/build/cpp01_launch': CMAKE_PREFIX_PATH=${CMAKE_PREFIX_PATH}:/home/zzw/ws02_tools/install/py01_launch:/opt/ros/humble /usr/bin/cmake --install /home/zzw/ws02_tools/build/cpp01_launch
[1.108s] Level 1:colcon.colcon_core.environment:create_environment_scripts_only(cpp01_launch)
[1.122s] Level 1:colcon.colcon_core.environment:checking '/home/zzw/ws02_tools/install/cpp01_launch' for CMake module files
[1.125s] Level 1:colcon.colcon_core.environment:checking '/home/zzw/ws02_tools/install/cpp01_launch' for CMake config files
[1.127s] DEBUG:colcon.colcon_core.event_handler.log_command:Invoked command in '/home/zzw/ws02_tools/build/cpp01_launch' returned '0': CMAKE_PREFIX_PATH=${CMAKE_PREFIX_PATH}:/home/zzw/ws02_tools/install/py01_launch:/opt/ros/humble /usr/bin/cmake --install /home/zzw/ws02_tools/build/cpp01_launch
[1.128s] Level 1:colcon.colcon_core.shell:create_environment_hook('cpp01_launch', 'cmake_prefix_path')
[1.130s] INFO:colcon.colcon_core.shell:Creating environment hook '/home/zzw/ws02_tools/install/cpp01_launch/share/cpp01_launch/hook/cmake_prefix_path.ps1'
[1.131s] INFO:colcon.colcon_core.shell:Creating environment descriptor '/home/zzw/ws02_tools/install/cpp01_launch/share/cpp01_launch/hook/cmake_prefix_path.dsv'
[1.132s] INFO:colcon.colcon_core.shell:Creating environment hook '/home/zzw/ws02_tools/install/cpp01_launch/share/cpp01_launch/hook/cmake_prefix_path.sh'
[1.133s] Level 1:colcon.colcon_core.environment:checking '/home/zzw/ws02_tools/install/cpp01_launch/bin'
[1.133s] Level 1:colcon.colcon_core.environment:checking '/home/zzw/ws02_tools/install/cpp01_launch/lib/pkgconfig/cpp01_launch.pc'
[1.134s] Level 1:colcon.colcon_core.environment:checking '/home/zzw/ws02_tools/install/cpp01_launch/lib/python3.10/site-packages'
[1.134s] Level 1:colcon.colcon_core.environment:checking '/home/zzw/ws02_tools/install/cpp01_launch/bin'
[1.136s] INFO:colcon.colcon_core.shell:Creating package script '/home/zzw/ws02_tools/install/cpp01_launch/share/cpp01_launch/package.ps1'
[1.137s] INFO:colcon.colcon_core.shell:Creating package descriptor '/home/zzw/ws02_tools/install/cpp01_launch/share/cpp01_launch/package.dsv'
[1.138s] INFO:colcon.colcon_core.shell:Creating package script '/home/zzw/ws02_tools/install/cpp01_launch/share/cpp01_launch/package.sh'
[1.139s] INFO:colcon.colcon_core.shell:Creating package script '/home/zzw/ws02_tools/install/cpp01_launch/share/cpp01_launch/package.bash'
[1.140s] INFO:colcon.colcon_core.shell:Creating package script '/home/zzw/ws02_tools/install/cpp01_launch/share/cpp01_launch/package.zsh'
[1.141s] Level 1:colcon.colcon_core.environment:create_file_with_runtime_dependencies(/home/zzw/ws02_tools/install/cpp01_launch/share/colcon-core/packages/cpp01_launch)
[1.169s] Level 1:colcon.colcon_core.environment:create_environment_scripts_only(cpp01_launch)
[1.172s] Level 1:colcon.colcon_core.environment:checking '/home/zzw/ws02_tools/install/cpp01_launch' for CMake module files
[1.173s] Level 1:colcon.colcon_core.environment:checking '/home/zzw/ws02_tools/install/cpp01_launch' for CMake config files
[1.173s] Level 1:colcon.colcon_core.shell:create_environment_hook('cpp01_launch', 'cmake_prefix_path')
[1.175s] INFO:colcon.colcon_core.shell:Creating environment hook '/home/zzw/ws02_tools/install/cpp01_launch/share/cpp01_launch/hook/cmake_prefix_path.ps1'
[1.176s] INFO:colcon.colcon_core.shell:Creating environment descriptor '/home/zzw/ws02_tools/install/cpp01_launch/share/cpp01_launch/hook/cmake_prefix_path.dsv'
[1.176s] INFO:colcon.colcon_core.shell:Creating environment hook '/home/zzw/ws02_tools/install/cpp01_launch/share/cpp01_launch/hook/cmake_prefix_path.sh'
[1.178s] Level 1:colcon.colcon_core.environment:checking '/home/zzw/ws02_tools/install/cpp01_launch/bin'
[1.178s] Level 1:colcon.colcon_core.environment:checking '/home/zzw/ws02_tools/install/cpp01_launch/lib/pkgconfig/cpp01_launch.pc'
[1.178s] Level 1:colcon.colcon_core.environment:checking '/home/zzw/ws02_tools/install/cpp01_launch/lib/python3.10/site-packages'
[1.179s] Level 1:colcon.colcon_core.environment:checking '/home/zzw/ws02_tools/install/cpp01_launch/bin'
[1.181s] INFO:colcon.colcon_core.shell:Creating package script '/home/zzw/ws02_tools/install/cpp01_launch/share/cpp01_launch/package.ps1'
[1.182s] INFO:colcon.colcon_core.shell:Creating package descriptor '/home/zzw/ws02_tools/install/cpp01_launch/share/cpp01_launch/package.dsv'
[1.183s] INFO:colcon.colcon_core.shell:Creating package script '/home/zzw/ws02_tools/install/cpp01_launch/share/cpp01_launch/package.sh'
[1.183s] INFO:colcon.colcon_core.shell:Creating package script '/home/zzw/ws02_tools/install/cpp01_launch/share/cpp01_launch/package.bash'
[1.184s] INFO:colcon.colcon_core.shell:Creating package script '/home/zzw/ws02_tools/install/cpp01_launch/share/cpp01_launch/package.zsh'
[1.186s] Level 1:colcon.colcon_core.environment:create_file_with_runtime_dependencies(/home/zzw/ws02_tools/install/cpp01_launch/share/colcon-core/packages/cpp01_launch)
[1.460s] DEBUG:colcon.colcon_core.event_handler.log_command:Invoking command in '/home/zzw/ws02_tools/src/py01_launch': PYTHONPATH=/home/zzw/ws02_tools/build/py01_launch/prefix_override:/home/zzw/ws02_tools/install/py01_launch/lib/python3.10/site-packages:${PYTHONPATH} /usr/bin/python3 setup.py egg_info --egg-base ../../build/py01_launch build --build-base /home/zzw/ws02_tools/build/py01_launch/build install --record /home/zzw/ws02_tools/build/py01_launch/install.log --single-version-externally-managed
[1.770s] Level 1:colcon.colcon_core.environment:checking '/home/zzw/ws02_tools/install/py01_launch' for CMake module files
[1.771s] DEBUG:colcon.colcon_core.event_handler.log_command:Invoked command in '/home/zzw/ws02_tools/src/py01_launch' returned '0': PYTHONPATH=/home/zzw/ws02_tools/build/py01_launch/prefix_override:/home/zzw/ws02_tools/install/py01_launch/lib/python3.10/site-packages:${PYTHONPATH} /usr/bin/python3 setup.py egg_info --egg-base ../../build/py01_launch build --build-base /home/zzw/ws02_tools/build/py01_launch/build install --record /home/zzw/ws02_tools/build/py01_launch/install.log --single-version-externally-managed
[1.771s] Level 1:colcon.colcon_core.environment:checking '/home/zzw/ws02_tools/install/py01_launch' for CMake config files
[1.772s] Level 1:colcon.colcon_core.environment:checking '/home/zzw/ws02_tools/install/py01_launch/lib'
[1.773s] Level 1:colcon.colcon_core.environment:checking '/home/zzw/ws02_tools/install/py01_launch/bin'
[1.773s] Level 1:colcon.colcon_core.environment:checking '/home/zzw/ws02_tools/install/py01_launch/lib/pkgconfig/py01_launch.pc'
[1.773s] Level 1:colcon.colcon_core.environment:checking '/home/zzw/ws02_tools/install/py01_launch/lib/python3.10/site-packages'
[1.773s] Level 1:colcon.colcon_core.shell:create_environment_hook('py01_launch', 'pythonpath')
[1.775s] INFO:colcon.colcon_core.shell:Creating environment hook '/home/zzw/ws02_tools/install/py01_launch/share/py01_launch/hook/pythonpath.ps1'
[1.776s] INFO:colcon.colcon_core.shell:Creating environment descriptor '/home/zzw/ws02_tools/install/py01_launch/share/py01_launch/hook/pythonpath.dsv'
[1.777s] INFO:colcon.colcon_core.shell:Creating environment hook '/home/zzw/ws02_tools/install/py01_launch/share/py01_launch/hook/pythonpath.sh'
[1.778s] Level 1:colcon.colcon_core.environment:checking '/home/zzw/ws02_tools/install/py01_launch/bin'
[1.778s] Level 1:colcon.colcon_core.environment:create_environment_scripts_only(py01_launch)
[1.780s] INFO:colcon.colcon_core.shell:Creating package script '/home/zzw/ws02_tools/install/py01_launch/share/py01_launch/package.ps1'
[1.781s] INFO:colcon.colcon_core.shell:Creating package descriptor '/home/zzw/ws02_tools/install/py01_launch/share/py01_launch/package.dsv'
[1.781s] INFO:colcon.colcon_core.shell:Creating package script '/home/zzw/ws02_tools/install/py01_launch/share/py01_launch/package.sh'
[1.782s] INFO:colcon.colcon_core.shell:Creating package script '/home/zzw/ws02_tools/install/py01_launch/share/py01_launch/package.bash'
[1.783s] INFO:colcon.colcon_core.shell:Creating package script '/home/zzw/ws02_tools/install/py01_launch/share/py01_launch/package.zsh'
[1.783s] Level 1:colcon.colcon_core.environment:create_file_with_runtime_dependencies(/home/zzw/ws02_tools/install/py01_launch/share/colcon-core/packages/py01_launch)
[1.783s] DEBUG:colcon.colcon_parallel_executor.executor.parallel:closing loop
[1.785s] DEBUG:colcon.colcon_parallel_executor.executor.parallel:loop closed
[1.785s] DEBUG:colcon.colcon_parallel_executor.executor.parallel:run_until_complete finished with '0'
[1.785s] DEBUG:colcon.colcon_core.event_reactor:joining thread
[1.793s] INFO:colcon.colcon_core.plugin_system:Skipping extension 'colcon_notification.desktop_notification.terminal_notifier': Not used on non-Darwin systems
[1.794s] INFO:colcon.colcon_core.plugin_system:Skipping extension 'colcon_notification.desktop_notification.win32': Not used on non-Windows systems
[1.794s] INFO:colcon.colcon_notification.desktop_notification:Sending desktop notification using 'notify2'
[1.808s] DEBUG:colcon.colcon_core.event_reactor:joined thread
[1.811s] INFO:colcon.colcon_core.shell:Creating prefix script '/home/zzw/ws02_tools/install/local_setup.ps1'
[1.813s] INFO:colcon.colcon_core.shell:Creating prefix util module '/home/zzw/ws02_tools/install/_local_setup_util_ps1.py'
[1.814s] INFO:colcon.colcon_core.shell:Creating prefix chain script '/home/zzw/ws02_tools/install/setup.ps1'
[1.816s] INFO:colcon.colcon_core.shell:Creating prefix script '/home/zzw/ws02_tools/install/local_setup.sh'
[1.817s] INFO:colcon.colcon_core.shell:Creating prefix util module '/home/zzw/ws02_tools/install/_local_setup_util_sh.py'
[1.818s] INFO:colcon.colcon_core.shell:Creating prefix chain script '/home/zzw/ws02_tools/install/setup.sh'
[1.820s] INFO:colcon.colcon_core.shell:Creating prefix script '/home/zzw/ws02_tools/install/local_setup.bash'
[1.820s] INFO:colcon.colcon_core.shell:Creating prefix chain script '/home/zzw/ws02_tools/install/setup.bash'
[1.823s] INFO:colcon.colcon_core.shell:Creating prefix script '/home/zzw/ws02_tools/install/local_setup.zsh'
[1.824s] INFO:colcon.colcon_core.shell:Creating prefix chain script '/home/zzw/ws02_tools/install/setup.zsh'
