[2.404s] Invoking command in '/home/zzw/ws02_tools/src/py01_launch': PYTHONPATH=/home/zzw/ws02_tools/build/py01_launch/prefix_override:/home/zzw/ws02_tools/install/py01_launch/lib/python3.10/site-packages:${PYTHONPATH} /usr/bin/python3 setup.py egg_info --egg-base ../../build/py01_launch build --build-base /home/zzw/ws02_tools/build/py01_launch/build install --record /home/zzw/ws02_tools/build/py01_launch/install.log --single-version-externally-managed
[2.704s] running egg_info
[2.705s] creating ../../build/py01_launch/py01_launch.egg-info
[2.706s] writing ../../build/py01_launch/py01_launch.egg-info/PKG-INFO
[2.707s] writing dependency_links to ../../build/py01_launch/py01_launch.egg-info/dependency_links.txt
[2.707s] writing entry points to ../../build/py01_launch/py01_launch.egg-info/entry_points.txt
[2.708s] writing requirements to ../../build/py01_launch/py01_launch.egg-info/requires.txt
[2.708s] writing top-level names to ../../build/py01_launch/py01_launch.egg-info/top_level.txt
[2.708s] writing manifest file '../../build/py01_launch/py01_launch.egg-info/SOURCES.txt'
[2.711s] reading manifest file '../../build/py01_launch/py01_launch.egg-info/SOURCES.txt'
[2.712s] writing manifest file '../../build/py01_launch/py01_launch.egg-info/SOURCES.txt'
[2.713s] running build
[2.714s] running build_py
[2.714s] creating /home/zzw/ws02_tools/build/py01_launch/build
[2.715s] creating /home/zzw/ws02_tools/build/py01_launch/build/lib
[2.715s] creating /home/zzw/ws02_tools/build/py01_launch/build/lib/py01_launch
[2.716s] copying py01_launch/__init__.py -> /home/zzw/ws02_tools/build/py01_launch/build/lib/py01_launch
[2.716s] running install
[2.789s] /usr/lib/python3/dist-packages/setuptools/command/install.py:34: SetuptoolsDeprecationWarning: setup.py install is deprecated. Use build and pip and other standards-based tools.
[2.789s]   warnings.warn(
[2.789s] running install_lib
[2.791s] creating /home/zzw/ws02_tools/install/py01_launch/lib/python3.10/site-packages/py01_launch
[2.792s] copying /home/zzw/ws02_tools/build/py01_launch/build/lib/py01_launch/__init__.py -> /home/zzw/ws02_tools/install/py01_launch/lib/python3.10/site-packages/py01_launch
[2.793s] byte-compiling /home/zzw/ws02_tools/install/py01_launch/lib/python3.10/site-packages/py01_launch/__init__.py to __init__.cpython-310.pyc
[2.794s] running install_data
[2.795s] creating /home/zzw/ws02_tools/install/py01_launch/share/ament_index
[2.795s] creating /home/zzw/ws02_tools/install/py01_launch/share/ament_index/resource_index
[2.796s] creating /home/zzw/ws02_tools/install/py01_launch/share/ament_index/resource_index/packages
[2.797s] copying resource/py01_launch -> /home/zzw/ws02_tools/install/py01_launch/share/ament_index/resource_index/packages
[2.798s] copying package.xml -> /home/zzw/ws02_tools/install/py01_launch/share/py01_launch
[2.798s] running install_egg_info
[2.802s] Copying ../../build/py01_launch/py01_launch.egg-info to /home/zzw/ws02_tools/install/py01_launch/lib/python3.10/site-packages/py01_launch-0.0.0-py3.10.egg-info
[2.806s] running install_scripts
[2.836s] writing list of installed files to '/home/zzw/ws02_tools/build/py01_launch/install.log'
[2.891s] Invoked command in '/home/zzw/ws02_tools/src/py01_launch' returned '0': PYTHONPATH=/home/zzw/ws02_tools/build/py01_launch/prefix_override:/home/zzw/ws02_tools/install/py01_launch/lib/python3.10/site-packages:${PYTHONPATH} /usr/bin/python3 setup.py egg_info --egg-base ../../build/py01_launch build --build-base /home/zzw/ws02_tools/build/py01_launch/build install --record /home/zzw/ws02_tools/build/py01_launch/install.log --single-version-externally-managed
