[0.834s] Invoking command in '/home/zzw/ws02_tools/src/py02_rosbag': PYTHONPATH=/home/zzw/ws02_tools/build/py02_rosbag/prefix_override:/home/zzw/ws02_tools/install/py02_rosbag/lib/python3.10/site-packages:${PYTHONPATH} /usr/bin/python3 setup.py egg_info --egg-base ../../build/py02_rosbag build --build-base /home/zzw/ws02_tools/build/py02_rosbag/build install --record /home/zzw/ws02_tools/build/py02_rosbag/install.log --single-version-externally-managed
[1.145s] running egg_info
[1.146s] writing ../../build/py02_rosbag/py02_rosbag.egg-info/PKG-INFO
[1.147s] writing dependency_links to ../../build/py02_rosbag/py02_rosbag.egg-info/dependency_links.txt
[1.147s] writing entry points to ../../build/py02_rosbag/py02_rosbag.egg-info/entry_points.txt
[1.148s] writing requirements to ../../build/py02_rosbag/py02_rosbag.egg-info/requires.txt
[1.148s] writing top-level names to ../../build/py02_rosbag/py02_rosbag.egg-info/top_level.txt
[1.150s] reading manifest file '../../build/py02_rosbag/py02_rosbag.egg-info/SOURCES.txt'
[1.152s] writing manifest file '../../build/py02_rosbag/py02_rosbag.egg-info/SOURCES.txt'
[1.152s] running build
[1.152s] running build_py
[1.153s] copying py02_rosbag/demo02_reader_py.py -> /home/zzw/ws02_tools/build/py02_rosbag/build/lib/py02_rosbag
[1.153s] running install
[1.154s] /usr/lib/python3/dist-packages/setuptools/command/install.py:34: SetuptoolsDeprecationWarning: setup.py install is deprecated. Use build and pip and other standards-based tools.
[1.154s]   warnings.warn(
[1.155s] running install_lib
[1.155s] copying /home/zzw/ws02_tools/build/py02_rosbag/build/lib/py02_rosbag/demo02_reader_py.py -> /home/zzw/ws02_tools/install/py02_rosbag/lib/python3.10/site-packages/py02_rosbag
[1.156s] byte-compiling /home/zzw/ws02_tools/install/py02_rosbag/lib/python3.10/site-packages/py02_rosbag/demo02_reader_py.py to demo02_reader_py.cpython-310.pyc
[1.157s] running install_data
[1.158s] running install_egg_info
[1.160s] removing '/home/zzw/ws02_tools/install/py02_rosbag/lib/python3.10/site-packages/py02_rosbag-0.0.0-py3.10.egg-info' (and everything under it)
[1.160s] Copying ../../build/py02_rosbag/py02_rosbag.egg-info to /home/zzw/ws02_tools/install/py02_rosbag/lib/python3.10/site-packages/py02_rosbag-0.0.0-py3.10.egg-info
[1.164s] running install_scripts
[1.191s] Installing demo01_writer_py script to /home/zzw/ws02_tools/install/py02_rosbag/lib/py02_rosbag
[1.191s] Installing demo02_reader_py script to /home/zzw/ws02_tools/install/py02_rosbag/lib/py02_rosbag
[1.192s] writing list of installed files to '/home/zzw/ws02_tools/build/py02_rosbag/install.log'
[1.237s] Invoked command in '/home/zzw/ws02_tools/src/py02_rosbag' returned '0': PYTHONPATH=/home/zzw/ws02_tools/build/py02_rosbag/prefix_override:/home/zzw/ws02_tools/install/py02_rosbag/lib/python3.10/site-packages:${PYTHONPATH} /usr/bin/python3 setup.py egg_info --egg-base ../../build/py02_rosbag build --build-base /home/zzw/ws02_tools/build/py02_rosbag/build install --record /home/zzw/ws02_tools/build/py02_rosbag/install.log --single-version-externally-managed
