/home/zzw/ws02_tools/install/py03_tf_broadcaster/lib/python3.10/site-packages/py03_tf_broadcaster/demo01_tf_static_broadcaster_py.py
/home/zzw/ws02_tools/install/py03_tf_broadcaster/lib/python3.10/site-packages/py03_tf_broadcaster/demo02_tf_dynamic_broadcaster_py copy.py
/home/zzw/ws02_tools/install/py03_tf_broadcaster/lib/python3.10/site-packages/py03_tf_broadcaster/__init__.py
/home/zzw/ws02_tools/install/py03_tf_broadcaster/lib/python3.10/site-packages/py03_tf_broadcaster/demo03_tf_point_broadcaster_py.py
/home/zzw/ws02_tools/install/py03_tf_broadcaster/lib/python3.10/site-packages/py03_tf_broadcaster/__pycache__/demo01_tf_static_broadcaster_py.cpython-310.pyc
/home/zzw/ws02_tools/install/py03_tf_broadcaster/lib/python3.10/site-packages/py03_tf_broadcaster/__pycache__/demo02_tf_dynamic_broadcaster_py copy.cpython-310.pyc
/home/zzw/ws02_tools/install/py03_tf_broadcaster/lib/python3.10/site-packages/py03_tf_broadcaster/__pycache__/__init__.cpython-310.pyc
/home/zzw/ws02_tools/install/py03_tf_broadcaster/lib/python3.10/site-packages/py03_tf_broadcaster/__pycache__/demo03_tf_point_broadcaster_py.cpython-310.pyc
/home/zzw/ws02_tools/install/py03_tf_broadcaster/share/ament_index/resource_index/packages/py03_tf_broadcaster
/home/zzw/ws02_tools/install/py03_tf_broadcaster/share/py03_tf_broadcaster/package.xml
/home/zzw/ws02_tools/install/py03_tf_broadcaster/lib/python3.10/site-packages/py03_tf_broadcaster-0.0.0-py3.10.egg-info/entry_points.txt
/home/zzw/ws02_tools/install/py03_tf_broadcaster/lib/python3.10/site-packages/py03_tf_broadcaster-0.0.0-py3.10.egg-info/requires.txt
/home/zzw/ws02_tools/install/py03_tf_broadcaster/lib/python3.10/site-packages/py03_tf_broadcaster-0.0.0-py3.10.egg-info/SOURCES.txt
/home/zzw/ws02_tools/install/py03_tf_broadcaster/lib/python3.10/site-packages/py03_tf_broadcaster-0.0.0-py3.10.egg-info/top_level.txt
/home/zzw/ws02_tools/install/py03_tf_broadcaster/lib/python3.10/site-packages/py03_tf_broadcaster-0.0.0-py3.10.egg-info/PKG-INFO
/home/zzw/ws02_tools/install/py03_tf_broadcaster/lib/python3.10/site-packages/py03_tf_broadcaster-0.0.0-py3.10.egg-info/zip-safe
/home/zzw/ws02_tools/install/py03_tf_broadcaster/lib/python3.10/site-packages/py03_tf_broadcaster-0.0.0-py3.10.egg-info/dependency_links.txt
/home/zzw/ws02_tools/install/py03_tf_broadcaster/lib/py03_tf_broadcaster/demo01_tf_static_broadcaster_py
/home/zzw/ws02_tools/install/py03_tf_broadcaster/lib/py03_tf_broadcaster/demo02_tf_dynamic_broadcaster_py
/home/zzw/ws02_tools/install/py03_tf_broadcaster/lib/py03_tf_broadcaster/demo03_tf_point_broadcaster_py
