[5.776s] DEBUG:colcon:Command line arguments: ['/usr/bin/colcon', 'build', '--packages-select', 'py03_tf_broadcaster']
[5.776s] DEBUG:colcon:Parsed command line arguments: Namespace(log_base=None, log_level=None, verb_name='build', build_base='build', install_base='install', merge_install=False, symlink_install=False, test_result_base=None, continue_on_error=False, executor='parallel', parallel_workers=8, event_handlers=None, ignore_user_meta=False, metas=['./colcon.meta'], base_paths=['.'], packages_ignore=None, packages_ignore_regex=None, paths=None, packages_up_to=None, packages_up_to_regex=None, packages_above=None, packages_above_and_dependencies=None, packages_above_depth=None, packages_select_by_dep=None, packages_skip_by_dep=None, packages_skip_up_to=None, packages_select_build_failed=False, packages_skip_build_finished=False, packages_select_test_failures=False, packages_skip_test_passed=False, packages_select=['py03_tf_broadcaster'], packages_skip=None, packages_select_regex=None, packages_skip_regex=None, packages_start=None, packages_end=None, allow_overriding=[], cmake_args=None, cmake_target=None, cmake_target_skip_unavailable=False, cmake_clean_cache=False, cmake_clean_first=False, cmake_force_configure=False, ament_cmake_args=None, catkin_cmake_args=None, catkin_skip_building_tests=False, verb_parser=<colcon_defaults.argument_parser.defaults.DefaultArgumentsDecorator object at 0x7fe464983130>, verb_extension=<colcon_core.verb.build.BuildVerb object at 0x7fe465318310>, main=<bound method BuildVerb.main of <colcon_core.verb.build.BuildVerb object at 0x7fe465318310>>)
[6.015s] Level 1:colcon.colcon_core.package_discovery:discover_packages(colcon_meta) check parameters
[6.015s] Level 1:colcon.colcon_core.package_discovery:discover_packages(recursive) check parameters
[6.015s] Level 1:colcon.colcon_core.package_discovery:discover_packages(ignore) check parameters
[6.015s] Level 1:colcon.colcon_core.package_discovery:discover_packages(path) check parameters
[6.015s] Level 1:colcon.colcon_core.package_discovery:discover_packages(colcon_meta) discover
[6.015s] Level 1:colcon.colcon_core.package_discovery:discover_packages(recursive) discover
[6.016s] INFO:colcon.colcon_core.package_discovery:Crawling recursively for packages in '/home/zzw/ws02_tools'
[6.016s] Level 1:colcon.colcon_core.package_identification:_identify(.) by extensions ['ignore', 'ignore_ament_install']
[6.016s] Level 1:colcon.colcon_core.package_identification:_identify(.) by extension 'ignore'
[6.016s] Level 1:colcon.colcon_core.package_identification:_identify(.) by extension 'ignore_ament_install'
[6.017s] Level 1:colcon.colcon_core.package_identification:_identify(.) by extensions ['colcon_pkg']
[6.017s] Level 1:colcon.colcon_core.package_identification:_identify(.) by extension 'colcon_pkg'
[6.017s] Level 1:colcon.colcon_core.package_identification:_identify(.) by extensions ['colcon_meta']
[6.017s] Level 1:colcon.colcon_core.package_identification:_identify(.) by extension 'colcon_meta'
[6.017s] Level 1:colcon.colcon_core.package_identification:_identify(.) by extensions ['ros']
[6.017s] Level 1:colcon.colcon_core.package_identification:_identify(.) by extension 'ros'
[6.124s] Level 1:colcon.colcon_core.package_identification:_identify(.) by extensions ['cmake', 'python']
[6.124s] Level 1:colcon.colcon_core.package_identification:_identify(.) by extension 'cmake'
[6.125s] Level 1:colcon.colcon_core.package_identification:_identify(.) by extension 'python'
[6.125s] Level 1:colcon.colcon_core.package_identification:_identify(.) by extensions ['python_setup_py']
[6.125s] Level 1:colcon.colcon_core.package_identification:_identify(.) by extension 'python_setup_py'
[6.125s] Level 1:colcon.colcon_core.package_identification:_identify(build) by extensions ['ignore', 'ignore_ament_install']
[6.126s] Level 1:colcon.colcon_core.package_identification:_identify(build) by extension 'ignore'
[6.126s] Level 1:colcon.colcon_core.package_identification:_identify(build) ignored
[6.126s] Level 1:colcon.colcon_core.package_identification:_identify(install) by extensions ['ignore', 'ignore_ament_install']
[6.127s] Level 1:colcon.colcon_core.package_identification:_identify(install) by extension 'ignore'
[6.127s] Level 1:colcon.colcon_core.package_identification:_identify(install) ignored
[6.127s] Level 1:colcon.colcon_core.package_identification:_identify(log) by extensions ['ignore', 'ignore_ament_install']
[6.127s] Level 1:colcon.colcon_core.package_identification:_identify(log) by extension 'ignore'
[6.127s] Level 1:colcon.colcon_core.package_identification:_identify(log) ignored
[6.127s] Level 1:colcon.colcon_core.package_identification:_identify(my_bag) by extensions ['ignore', 'ignore_ament_install']
[6.128s] Level 1:colcon.colcon_core.package_identification:_identify(my_bag) by extension 'ignore'
[6.128s] Level 1:colcon.colcon_core.package_identification:_identify(my_bag) by extension 'ignore_ament_install'
[6.128s] Level 1:colcon.colcon_core.package_identification:_identify(my_bag) by extensions ['colcon_pkg']
[6.128s] Level 1:colcon.colcon_core.package_identification:_identify(my_bag) by extension 'colcon_pkg'
[6.128s] Level 1:colcon.colcon_core.package_identification:_identify(my_bag) by extensions ['colcon_meta']
[6.128s] Level 1:colcon.colcon_core.package_identification:_identify(my_bag) by extension 'colcon_meta'
[6.128s] Level 1:colcon.colcon_core.package_identification:_identify(my_bag) by extensions ['ros']
[6.128s] Level 1:colcon.colcon_core.package_identification:_identify(my_bag) by extension 'ros'
[6.128s] Level 1:colcon.colcon_core.package_identification:_identify(my_bag) by extensions ['cmake', 'python']
[6.128s] Level 1:colcon.colcon_core.package_identification:_identify(my_bag) by extension 'cmake'
[6.128s] Level 1:colcon.colcon_core.package_identification:_identify(my_bag) by extension 'python'
[6.129s] Level 1:colcon.colcon_core.package_identification:_identify(my_bag) by extensions ['python_setup_py']
[6.129s] Level 1:colcon.colcon_core.package_identification:_identify(my_bag) by extension 'python_setup_py'
[6.129s] Level 1:colcon.colcon_core.package_identification:_identify(my_bag_py) by extensions ['ignore', 'ignore_ament_install']
[6.129s] Level 1:colcon.colcon_core.package_identification:_identify(my_bag_py) by extension 'ignore'
[6.129s] Level 1:colcon.colcon_core.package_identification:_identify(my_bag_py) by extension 'ignore_ament_install'
[6.129s] Level 1:colcon.colcon_core.package_identification:_identify(my_bag_py) by extensions ['colcon_pkg']
[6.129s] Level 1:colcon.colcon_core.package_identification:_identify(my_bag_py) by extension 'colcon_pkg'
[6.129s] Level 1:colcon.colcon_core.package_identification:_identify(my_bag_py) by extensions ['colcon_meta']
[6.129s] Level 1:colcon.colcon_core.package_identification:_identify(my_bag_py) by extension 'colcon_meta'
[6.129s] Level 1:colcon.colcon_core.package_identification:_identify(my_bag_py) by extensions ['ros']
[6.130s] Level 1:colcon.colcon_core.package_identification:_identify(my_bag_py) by extension 'ros'
[6.130s] Level 1:colcon.colcon_core.package_identification:_identify(my_bag_py) by extensions ['cmake', 'python']
[6.130s] Level 1:colcon.colcon_core.package_identification:_identify(my_bag_py) by extension 'cmake'
[6.130s] Level 1:colcon.colcon_core.package_identification:_identify(my_bag_py) by extension 'python'
[6.130s] Level 1:colcon.colcon_core.package_identification:_identify(my_bag_py) by extensions ['python_setup_py']
[6.130s] Level 1:colcon.colcon_core.package_identification:_identify(my_bag_py) by extension 'python_setup_py'
[6.130s] Level 1:colcon.colcon_core.package_identification:_identify(src) by extensions ['ignore', 'ignore_ament_install']
[6.130s] Level 1:colcon.colcon_core.package_identification:_identify(src) by extension 'ignore'
[6.130s] Level 1:colcon.colcon_core.package_identification:_identify(src) by extension 'ignore_ament_install'
[6.130s] Level 1:colcon.colcon_core.package_identification:_identify(src) by extensions ['colcon_pkg']
[6.130s] Level 1:colcon.colcon_core.package_identification:_identify(src) by extension 'colcon_pkg'
[6.131s] Level 1:colcon.colcon_core.package_identification:_identify(src) by extensions ['colcon_meta']
[6.131s] Level 1:colcon.colcon_core.package_identification:_identify(src) by extension 'colcon_meta'
[6.131s] Level 1:colcon.colcon_core.package_identification:_identify(src) by extensions ['ros']
[6.131s] Level 1:colcon.colcon_core.package_identification:_identify(src) by extension 'ros'
[6.131s] Level 1:colcon.colcon_core.package_identification:_identify(src) by extensions ['cmake', 'python']
[6.131s] Level 1:colcon.colcon_core.package_identification:_identify(src) by extension 'cmake'
[6.131s] Level 1:colcon.colcon_core.package_identification:_identify(src) by extension 'python'
[6.131s] Level 1:colcon.colcon_core.package_identification:_identify(src) by extensions ['python_setup_py']
[6.131s] Level 1:colcon.colcon_core.package_identification:_identify(src) by extension 'python_setup_py'
[6.131s] Level 1:colcon.colcon_core.package_identification:_identify(src/cpp01_launch) by extensions ['ignore', 'ignore_ament_install']
[6.131s] Level 1:colcon.colcon_core.package_identification:_identify(src/cpp01_launch) by extension 'ignore'
[6.132s] Level 1:colcon.colcon_core.package_identification:_identify(src/cpp01_launch) by extension 'ignore_ament_install'
[6.132s] Level 1:colcon.colcon_core.package_identification:_identify(src/cpp01_launch) by extensions ['colcon_pkg']
[6.132s] Level 1:colcon.colcon_core.package_identification:_identify(src/cpp01_launch) by extension 'colcon_pkg'
[6.132s] Level 1:colcon.colcon_core.package_identification:_identify(src/cpp01_launch) by extensions ['colcon_meta']
[6.132s] Level 1:colcon.colcon_core.package_identification:_identify(src/cpp01_launch) by extension 'colcon_meta'
[6.132s] Level 1:colcon.colcon_core.package_identification:_identify(src/cpp01_launch) by extensions ['ros']
[6.132s] Level 1:colcon.colcon_core.package_identification:_identify(src/cpp01_launch) by extension 'ros'
[6.146s] DEBUG:colcon.colcon_core.package_identification:Package 'src/cpp01_launch' with type 'ros.ament_cmake' and name 'cpp01_launch'
[6.147s] Level 1:colcon.colcon_core.package_identification:_identify(src/cpp02_rosbag) by extensions ['ignore', 'ignore_ament_install']
[6.147s] Level 1:colcon.colcon_core.package_identification:_identify(src/cpp02_rosbag) by extension 'ignore'
[6.147s] Level 1:colcon.colcon_core.package_identification:_identify(src/cpp02_rosbag) by extension 'ignore_ament_install'
[6.147s] Level 1:colcon.colcon_core.package_identification:_identify(src/cpp02_rosbag) by extensions ['colcon_pkg']
[6.147s] Level 1:colcon.colcon_core.package_identification:_identify(src/cpp02_rosbag) by extension 'colcon_pkg'
[6.147s] Level 1:colcon.colcon_core.package_identification:_identify(src/cpp02_rosbag) by extensions ['colcon_meta']
[6.147s] Level 1:colcon.colcon_core.package_identification:_identify(src/cpp02_rosbag) by extension 'colcon_meta'
[6.147s] Level 1:colcon.colcon_core.package_identification:_identify(src/cpp02_rosbag) by extensions ['ros']
[6.148s] Level 1:colcon.colcon_core.package_identification:_identify(src/cpp02_rosbag) by extension 'ros'
[6.163s] DEBUG:colcon.colcon_core.package_identification:Package 'src/cpp02_rosbag' with type 'ros.ament_cmake' and name 'cpp02_rosbag'
[6.163s] Level 1:colcon.colcon_core.package_identification:_identify(src/cpp03_tf_broadcaster) by extensions ['ignore', 'ignore_ament_install']
[6.164s] Level 1:colcon.colcon_core.package_identification:_identify(src/cpp03_tf_broadcaster) by extension 'ignore'
[6.164s] Level 1:colcon.colcon_core.package_identification:_identify(src/cpp03_tf_broadcaster) by extension 'ignore_ament_install'
[6.164s] Level 1:colcon.colcon_core.package_identification:_identify(src/cpp03_tf_broadcaster) by extensions ['colcon_pkg']
[6.164s] Level 1:colcon.colcon_core.package_identification:_identify(src/cpp03_tf_broadcaster) by extension 'colcon_pkg'
[6.164s] Level 1:colcon.colcon_core.package_identification:_identify(src/cpp03_tf_broadcaster) by extensions ['colcon_meta']
[6.164s] Level 1:colcon.colcon_core.package_identification:_identify(src/cpp03_tf_broadcaster) by extension 'colcon_meta'
[6.164s] Level 1:colcon.colcon_core.package_identification:_identify(src/cpp03_tf_broadcaster) by extensions ['ros']
[6.165s] Level 1:colcon.colcon_core.package_identification:_identify(src/cpp03_tf_broadcaster) by extension 'ros'
[6.184s] DEBUG:colcon.colcon_core.package_identification:Package 'src/cpp03_tf_broadcaster' with type 'ros.ament_cmake' and name 'cpp03_tf_broadcaster'
[6.184s] Level 1:colcon.colcon_core.package_identification:_identify(src/py01_launch) by extensions ['ignore', 'ignore_ament_install']
[6.185s] Level 1:colcon.colcon_core.package_identification:_identify(src/py01_launch) by extension 'ignore'
[6.185s] Level 1:colcon.colcon_core.package_identification:_identify(src/py01_launch) by extension 'ignore_ament_install'
[6.185s] Level 1:colcon.colcon_core.package_identification:_identify(src/py01_launch) by extensions ['colcon_pkg']
[6.185s] Level 1:colcon.colcon_core.package_identification:_identify(src/py01_launch) by extension 'colcon_pkg'
[6.185s] Level 1:colcon.colcon_core.package_identification:_identify(src/py01_launch) by extensions ['colcon_meta']
[6.185s] Level 1:colcon.colcon_core.package_identification:_identify(src/py01_launch) by extension 'colcon_meta'
[6.185s] Level 1:colcon.colcon_core.package_identification:_identify(src/py01_launch) by extensions ['ros']
[6.185s] Level 1:colcon.colcon_core.package_identification:_identify(src/py01_launch) by extension 'ros'
[6.202s] DEBUG:colcon.colcon_core.package_identification:Package 'src/py01_launch' with type 'ros.ament_python' and name 'py01_launch'
[6.203s] Level 1:colcon.colcon_core.package_identification:_identify(src/py02_rosbag) by extensions ['ignore', 'ignore_ament_install']
[6.203s] Level 1:colcon.colcon_core.package_identification:_identify(src/py02_rosbag) by extension 'ignore'
[6.203s] Level 1:colcon.colcon_core.package_identification:_identify(src/py02_rosbag) by extension 'ignore_ament_install'
[6.203s] Level 1:colcon.colcon_core.package_identification:_identify(src/py02_rosbag) by extensions ['colcon_pkg']
[6.203s] Level 1:colcon.colcon_core.package_identification:_identify(src/py02_rosbag) by extension 'colcon_pkg'
[6.204s] Level 1:colcon.colcon_core.package_identification:_identify(src/py02_rosbag) by extensions ['colcon_meta']
[6.204s] Level 1:colcon.colcon_core.package_identification:_identify(src/py02_rosbag) by extension 'colcon_meta'
[6.204s] Level 1:colcon.colcon_core.package_identification:_identify(src/py02_rosbag) by extensions ['ros']
[6.204s] Level 1:colcon.colcon_core.package_identification:_identify(src/py02_rosbag) by extension 'ros'
[6.221s] DEBUG:colcon.colcon_core.package_identification:Package 'src/py02_rosbag' with type 'ros.ament_python' and name 'py02_rosbag'
[6.222s] Level 1:colcon.colcon_core.package_identification:_identify(src/py03_tf_broadcaster) by extensions ['ignore', 'ignore_ament_install']
[6.222s] Level 1:colcon.colcon_core.package_identification:_identify(src/py03_tf_broadcaster) by extension 'ignore'
[6.222s] Level 1:colcon.colcon_core.package_identification:_identify(src/py03_tf_broadcaster) by extension 'ignore_ament_install'
[6.222s] Level 1:colcon.colcon_core.package_identification:_identify(src/py03_tf_broadcaster) by extensions ['colcon_pkg']
[6.222s] Level 1:colcon.colcon_core.package_identification:_identify(src/py03_tf_broadcaster) by extension 'colcon_pkg'
[6.223s] Level 1:colcon.colcon_core.package_identification:_identify(src/py03_tf_broadcaster) by extensions ['colcon_meta']
[6.223s] Level 1:colcon.colcon_core.package_identification:_identify(src/py03_tf_broadcaster) by extension 'colcon_meta'
[6.223s] Level 1:colcon.colcon_core.package_identification:_identify(src/py03_tf_broadcaster) by extensions ['ros']
[6.223s] Level 1:colcon.colcon_core.package_identification:_identify(src/py03_tf_broadcaster) by extension 'ros'
[6.225s] DEBUG:colcon.colcon_core.package_identification:Package 'src/py03_tf_broadcaster' with type 'ros.ament_python' and name 'py03_tf_broadcaster'
[6.225s] Level 1:colcon.colcon_core.package_discovery:discover_packages(recursive) using defaults
[6.225s] Level 1:colcon.colcon_core.package_discovery:discover_packages(ignore) discover
[6.225s] Level 1:colcon.colcon_core.package_discovery:discover_packages(ignore) using defaults
[6.225s] Level 1:colcon.colcon_core.package_discovery:discover_packages(path) discover
[6.225s] Level 1:colcon.colcon_core.package_discovery:discover_packages(path) using defaults
[6.461s] INFO:colcon.colcon_core.package_selection:Skipping not selected package 'cpp01_launch' in 'src/cpp01_launch'
[6.461s] INFO:colcon.colcon_core.package_selection:Skipping not selected package 'cpp02_rosbag' in 'src/cpp02_rosbag'
[6.461s] INFO:colcon.colcon_core.package_selection:Skipping not selected package 'cpp03_tf_broadcaster' in 'src/cpp03_tf_broadcaster'
[6.461s] INFO:colcon.colcon_core.package_selection:Skipping not selected package 'py01_launch' in 'src/py01_launch'
[6.461s] INFO:colcon.colcon_core.package_selection:Skipping not selected package 'py02_rosbag' in 'src/py02_rosbag'
[6.463s] Level 1:colcon.colcon_core.package_discovery:discover_packages(prefix_path) check parameters
[6.463s] Level 1:colcon.colcon_core.package_discovery:discover_packages(prefix_path) discover
[6.471s] DEBUG:colcon.colcon_installed_package_information.package_discovery:Found 404 installed packages in /opt/ros/humble
[6.476s] Level 1:colcon.colcon_core.package_discovery:discover_packages(prefix_path) using defaults
[6.625s] Level 5:colcon.colcon_core.verb:set package 'py03_tf_broadcaster' build argument 'cmake_args' from command line to 'None'
[6.625s] Level 5:colcon.colcon_core.verb:set package 'py03_tf_broadcaster' build argument 'cmake_target' from command line to 'None'
[6.625s] Level 5:colcon.colcon_core.verb:set package 'py03_tf_broadcaster' build argument 'cmake_target_skip_unavailable' from command line to 'False'
[6.625s] Level 5:colcon.colcon_core.verb:set package 'py03_tf_broadcaster' build argument 'cmake_clean_cache' from command line to 'False'
[6.625s] Level 5:colcon.colcon_core.verb:set package 'py03_tf_broadcaster' build argument 'cmake_clean_first' from command line to 'False'
[6.625s] Level 5:colcon.colcon_core.verb:set package 'py03_tf_broadcaster' build argument 'cmake_force_configure' from command line to 'False'
[6.625s] Level 5:colcon.colcon_core.verb:set package 'py03_tf_broadcaster' build argument 'ament_cmake_args' from command line to 'None'
[6.625s] Level 5:colcon.colcon_core.verb:set package 'py03_tf_broadcaster' build argument 'catkin_cmake_args' from command line to 'None'
[6.625s] Level 5:colcon.colcon_core.verb:set package 'py03_tf_broadcaster' build argument 'catkin_skip_building_tests' from command line to 'False'
[6.625s] DEBUG:colcon.colcon_core.verb:Building package 'py03_tf_broadcaster' with the following arguments: {'ament_cmake_args': None, 'build_base': '/home/zzw/ws02_tools/build/py03_tf_broadcaster', 'catkin_cmake_args': None, 'catkin_skip_building_tests': False, 'cmake_args': None, 'cmake_clean_cache': False, 'cmake_clean_first': False, 'cmake_force_configure': False, 'cmake_target': None, 'cmake_target_skip_unavailable': False, 'install_base': '/home/zzw/ws02_tools/install/py03_tf_broadcaster', 'merge_install': False, 'path': '/home/zzw/ws02_tools/src/py03_tf_broadcaster', 'symlink_install': False, 'test_result_base': None}
[6.626s] INFO:colcon.colcon_core.executor:Executing jobs using 'parallel' executor
[6.632s] DEBUG:colcon.colcon_parallel_executor.executor.parallel:run_until_complete
[6.633s] INFO:colcon.colcon_ros.task.ament_python.build:Building ROS package in '/home/zzw/ws02_tools/src/py03_tf_broadcaster' with build type 'ament_python'
[6.634s] Level 1:colcon.colcon_core.shell:create_environment_hook('py03_tf_broadcaster', 'ament_prefix_path')
[6.666s] INFO:colcon.colcon_core.plugin_system:Skipping extension 'colcon_core.shell.bat': Not used on non-Windows systems
[6.666s] INFO:colcon.colcon_core.shell:Creating environment hook '/home/zzw/ws02_tools/install/py03_tf_broadcaster/share/py03_tf_broadcaster/hook/ament_prefix_path.ps1'
[6.668s] INFO:colcon.colcon_core.shell:Creating environment descriptor '/home/zzw/ws02_tools/install/py03_tf_broadcaster/share/py03_tf_broadcaster/hook/ament_prefix_path.dsv'
[6.684s] INFO:colcon.colcon_core.shell:Creating environment hook '/home/zzw/ws02_tools/install/py03_tf_broadcaster/share/py03_tf_broadcaster/hook/ament_prefix_path.sh'
[6.689s] INFO:colcon.colcon_core.shell:Skip shell extension 'powershell' for command environment: Not usable outside of PowerShell
[6.689s] DEBUG:colcon.colcon_core.shell:Skip shell extension 'dsv' for command environment
[7.069s] INFO:colcon.colcon_core.task.python.build:Building Python package in '/home/zzw/ws02_tools/src/py03_tf_broadcaster'
[7.072s] INFO:colcon.colcon_core.shell:Skip shell extension 'powershell' for command environment: Not usable outside of PowerShell
[7.072s] DEBUG:colcon.colcon_core.shell:Skip shell extension 'dsv' for command environment
[8.085s] DEBUG:colcon.colcon_core.event_handler.log_command:Invoking command in '/home/zzw/ws02_tools/src/py03_tf_broadcaster': PYTHONPATH=/home/zzw/ws02_tools/build/py03_tf_broadcaster/prefix_override:/home/zzw/ws02_tools/install/py03_tf_broadcaster/lib/python3.10/site-packages:${PYTHONPATH} /usr/bin/python3 setup.py egg_info --egg-base ../../build/py03_tf_broadcaster build --build-base /home/zzw/ws02_tools/build/py03_tf_broadcaster/build install --record /home/zzw/ws02_tools/build/py03_tf_broadcaster/install.log --single-version-externally-managed
[8.709s] DEBUG:colcon.colcon_core.event_handler.log_command:Invoked command in '/home/zzw/ws02_tools/src/py03_tf_broadcaster' returned '0': PYTHONPATH=/home/zzw/ws02_tools/build/py03_tf_broadcaster/prefix_override:/home/zzw/ws02_tools/install/py03_tf_broadcaster/lib/python3.10/site-packages:${PYTHONPATH} /usr/bin/python3 setup.py egg_info --egg-base ../../build/py03_tf_broadcaster build --build-base /home/zzw/ws02_tools/build/py03_tf_broadcaster/build install --record /home/zzw/ws02_tools/build/py03_tf_broadcaster/install.log --single-version-externally-managed
[8.721s] Level 1:colcon.colcon_core.environment:checking '/home/zzw/ws02_tools/install/py03_tf_broadcaster' for CMake module files
[8.722s] Level 1:colcon.colcon_core.environment:checking '/home/zzw/ws02_tools/install/py03_tf_broadcaster' for CMake config files
[8.723s] Level 1:colcon.colcon_core.environment:checking '/home/zzw/ws02_tools/install/py03_tf_broadcaster/lib'
[8.724s] Level 1:colcon.colcon_core.environment:checking '/home/zzw/ws02_tools/install/py03_tf_broadcaster/bin'
[8.724s] Level 1:colcon.colcon_core.environment:checking '/home/zzw/ws02_tools/install/py03_tf_broadcaster/lib/pkgconfig/py03_tf_broadcaster.pc'
[8.724s] Level 1:colcon.colcon_core.environment:checking '/home/zzw/ws02_tools/install/py03_tf_broadcaster/lib/python3.10/site-packages'
[8.724s] Level 1:colcon.colcon_core.shell:create_environment_hook('py03_tf_broadcaster', 'pythonpath')
[8.726s] INFO:colcon.colcon_core.shell:Creating environment hook '/home/zzw/ws02_tools/install/py03_tf_broadcaster/share/py03_tf_broadcaster/hook/pythonpath.ps1'
[8.726s] INFO:colcon.colcon_core.shell:Creating environment descriptor '/home/zzw/ws02_tools/install/py03_tf_broadcaster/share/py03_tf_broadcaster/hook/pythonpath.dsv'
[8.727s] INFO:colcon.colcon_core.shell:Creating environment hook '/home/zzw/ws02_tools/install/py03_tf_broadcaster/share/py03_tf_broadcaster/hook/pythonpath.sh'
[8.727s] Level 1:colcon.colcon_core.environment:checking '/home/zzw/ws02_tools/install/py03_tf_broadcaster/bin'
[8.728s] Level 1:colcon.colcon_core.environment:create_environment_scripts_only(py03_tf_broadcaster)
[8.729s] INFO:colcon.colcon_core.shell:Creating package script '/home/zzw/ws02_tools/install/py03_tf_broadcaster/share/py03_tf_broadcaster/package.ps1'
[8.731s] INFO:colcon.colcon_core.shell:Creating package descriptor '/home/zzw/ws02_tools/install/py03_tf_broadcaster/share/py03_tf_broadcaster/package.dsv'
[8.732s] INFO:colcon.colcon_core.shell:Creating package script '/home/zzw/ws02_tools/install/py03_tf_broadcaster/share/py03_tf_broadcaster/package.sh'
[8.733s] INFO:colcon.colcon_core.shell:Creating package script '/home/zzw/ws02_tools/install/py03_tf_broadcaster/share/py03_tf_broadcaster/package.bash'
[8.735s] INFO:colcon.colcon_core.shell:Creating package script '/home/zzw/ws02_tools/install/py03_tf_broadcaster/share/py03_tf_broadcaster/package.zsh'
[8.737s] Level 1:colcon.colcon_core.environment:create_file_with_runtime_dependencies(/home/zzw/ws02_tools/install/py03_tf_broadcaster/share/colcon-core/packages/py03_tf_broadcaster)
[8.738s] DEBUG:colcon.colcon_parallel_executor.executor.parallel:closing loop
[8.739s] DEBUG:colcon.colcon_parallel_executor.executor.parallel:loop closed
[8.739s] DEBUG:colcon.colcon_parallel_executor.executor.parallel:run_until_complete finished with '0'
[8.740s] DEBUG:colcon.colcon_core.event_reactor:joining thread
[8.910s] INFO:colcon.colcon_core.plugin_system:Skipping extension 'colcon_notification.desktop_notification.terminal_notifier': Not used on non-Darwin systems
[8.910s] INFO:colcon.colcon_core.plugin_system:Skipping extension 'colcon_notification.desktop_notification.win32': Not used on non-Windows systems
[8.910s] INFO:colcon.colcon_notification.desktop_notification:Sending desktop notification using 'notify2'
[12.186s] DEBUG:colcon.colcon_core.event_reactor:joined thread
[12.189s] INFO:colcon.colcon_core.shell:Creating prefix script '/home/zzw/ws02_tools/install/local_setup.ps1'
[12.206s] INFO:colcon.colcon_core.shell:Creating prefix util module '/home/zzw/ws02_tools/install/_local_setup_util_ps1.py'
[12.229s] INFO:colcon.colcon_core.shell:Creating prefix chain script '/home/zzw/ws02_tools/install/setup.ps1'
[12.242s] INFO:colcon.colcon_core.shell:Creating prefix script '/home/zzw/ws02_tools/install/local_setup.sh'
[12.244s] INFO:colcon.colcon_core.shell:Creating prefix util module '/home/zzw/ws02_tools/install/_local_setup_util_sh.py'
[12.245s] INFO:colcon.colcon_core.shell:Creating prefix chain script '/home/zzw/ws02_tools/install/setup.sh'
[12.264s] INFO:colcon.colcon_core.shell:Creating prefix script '/home/zzw/ws02_tools/install/local_setup.bash'
[12.279s] INFO:colcon.colcon_core.shell:Creating prefix chain script '/home/zzw/ws02_tools/install/setup.bash'
[12.282s] INFO:colcon.colcon_core.shell:Creating prefix script '/home/zzw/ws02_tools/install/local_setup.zsh'
[12.301s] INFO:colcon.colcon_core.shell:Creating prefix chain script '/home/zzw/ws02_tools/install/setup.zsh'
