[0.054s] Invoking command in '/home/zzw/ws02_tools/build/cpp04_tf_listener': CMAKE_PREFIX_PATH=/opt/ros/humble /usr/bin/cmake /home/zzw/ws02_tools/src/cpp04_tf_listener -DCMAKE_INSTALL_PREFIX=/home/zzw/ws02_tools/install/cpp04_tf_listener
[0.653s] -- The C compiler identification is GNU 11.3.0
[2.507s] -- The CXX compiler identification is GNU 11.3.0
[3.599s] -- Detecting C compiler ABI info
[4.187s] -- Detecting C compiler ABI info - done
[4.199s] -- Check for working C compiler: /usr/bin/cc - skipped
[4.201s] -- Detecting C compile features
[4.201s] -- Detecting C compile features - done
[4.204s] -- Detecting CXX compiler ABI info
[4.764s] -- Detecting CXX compiler ABI info - done
[4.776s] -- Check for working CXX compiler: /usr/bin/c++ - skipped
[4.777s] -- Detecting CXX compile features
[4.778s] -- Detecting CXX compile features - done
[4.782s] -- Found ament_cmake: 1.3.3 (/opt/ros/humble/share/ament_cmake/cmake)
[5.014s] -- Found Python3: /usr/bin/python3.10 (found version "3.10.6") found components: Interpreter 
[5.121s] -- Found rclcpp: 16.0.3 (/opt/ros/humble/share/rclcpp/cmake)
[5.521s] -- Found rosidl_generator_c: 3.1.4 (/opt/ros/humble/share/rosidl_generator_c/cmake)
[5.527s] -- Found rosidl_adapter: 3.1.4 (/opt/ros/humble/share/rosidl_adapter/cmake)
[5.542s] -- Found rosidl_generator_cpp: 3.1.4 (/opt/ros/humble/share/rosidl_generator_cpp/cmake)
[5.560s] -- Using all available rosidl_typesupport_c: rosidl_typesupport_fastrtps_c;rosidl_typesupport_introspection_c
[5.593s] -- Using all available rosidl_typesupport_cpp: rosidl_typesupport_fastrtps_cpp;rosidl_typesupport_introspection_cpp
[5.681s] -- Found rmw_implementation_cmake: 6.1.1 (/opt/ros/humble/share/rmw_implementation_cmake/cmake)
[5.684s] -- Found rmw_fastrtps_cpp: 6.2.2 (/opt/ros/humble/share/rmw_fastrtps_cpp/cmake)
[9.734s] -- Found OpenSSL: /usr/lib/x86_64-linux-gnu/libcrypto.so (found version "3.0.2")  
[14.346s] -- Found FastRTPS: /opt/ros/humble/include  
[22.232s] -- Using RMW implementation 'rmw_fastrtps_cpp' as default
[22.243s] -- Looking for pthread.h
[22.835s] -- Looking for pthread.h - found
[22.836s] -- Performing Test CMAKE_HAVE_LIBC_PTHREAD
[23.437s] -- Performing Test CMAKE_HAVE_LIBC_PTHREAD - Success
[23.439s] -- Found Threads: TRUE  
[23.735s] -- Found tf2: 0.25.2 (/opt/ros/humble/share/tf2/cmake)
[23.830s] -- Found tf2_ros: 0.25.2 (/opt/ros/humble/share/tf2_ros/cmake)
[24.442s] -- Found ament_lint_auto: 0.12.5 (/opt/ros/humble/share/ament_lint_auto/cmake)
[24.565s] -- Added test 'cppcheck' to perform static code analysis on C / C++ code
[24.566s] -- Configured cppcheck include dirs: $<BUILD_INTERFACE:/home/zzw/ws02_tools/src/cpp04_tf_listener/include>
[24.566s] -- Configured cppcheck exclude dirs and/or files: 
[24.567s] -- Added test 'lint_cmake' to check CMake code style
[24.570s] -- Added test 'uncrustify' to check C / C++ code style
[24.570s] -- Configured uncrustify additional arguments: 
[24.571s] -- Added test 'xmllint' to check XML markup files
[24.575s] -- Configuring done
[24.604s] -- Generating done
[24.608s] -- Build files have been written to: /home/zzw/ws02_tools/build/cpp04_tf_listener
[24.630s] Invoked command in '/home/zzw/ws02_tools/build/cpp04_tf_listener' returned '0': CMAKE_PREFIX_PATH=/opt/ros/humble /usr/bin/cmake /home/zzw/ws02_tools/src/cpp04_tf_listener -DCMAKE_INSTALL_PREFIX=/home/zzw/ws02_tools/install/cpp04_tf_listener
[24.634s] Invoking command in '/home/zzw/ws02_tools/build/cpp04_tf_listener': CMAKE_PREFIX_PATH=/opt/ros/humble /usr/bin/cmake --build /home/zzw/ws02_tools/build/cpp04_tf_listener -- -j8 -l8
[24.691s] [ 50%] [32mBuilding CXX object CMakeFiles/demo01_tf_listener.dir/src/demo01_tf_listener.cpp.o[0m
[24.727s] [100%] [32m[1mLinking CXX executable demo01_tf_listener[0m
[25.431s] [100%] Built target demo01_tf_listener
[25.450s] Invoked command in '/home/zzw/ws02_tools/build/cpp04_tf_listener' returned '0': CMAKE_PREFIX_PATH=/opt/ros/humble /usr/bin/cmake --build /home/zzw/ws02_tools/build/cpp04_tf_listener -- -j8 -l8
[25.492s] Invoking command in '/home/zzw/ws02_tools/build/cpp04_tf_listener': CMAKE_PREFIX_PATH=/opt/ros/humble /usr/bin/cmake --install /home/zzw/ws02_tools/build/cpp04_tf_listener
[25.501s] -- Install configuration: ""
[25.501s] -- Installing: /home/zzw/ws02_tools/install/cpp04_tf_listener/lib/cpp04_tf_listener/demo01_tf_listener
[25.502s] -- Set runtime path of "/home/zzw/ws02_tools/install/cpp04_tf_listener/lib/cpp04_tf_listener/demo01_tf_listener" to ""
[25.502s] -- Installing: /home/zzw/ws02_tools/install/cpp04_tf_listener/share/ament_index/resource_index/package_run_dependencies/cpp04_tf_listener
[25.502s] -- Installing: /home/zzw/ws02_tools/install/cpp04_tf_listener/share/ament_index/resource_index/parent_prefix_path/cpp04_tf_listener
[25.503s] -- Installing: /home/zzw/ws02_tools/install/cpp04_tf_listener/share/cpp04_tf_listener/environment/ament_prefix_path.sh
[25.504s] -- Installing: /home/zzw/ws02_tools/install/cpp04_tf_listener/share/cpp04_tf_listener/environment/ament_prefix_path.dsv
[25.504s] -- Installing: /home/zzw/ws02_tools/install/cpp04_tf_listener/share/cpp04_tf_listener/environment/path.sh
[25.504s] -- Installing: /home/zzw/ws02_tools/install/cpp04_tf_listener/share/cpp04_tf_listener/environment/path.dsv
[25.505s] -- Installing: /home/zzw/ws02_tools/install/cpp04_tf_listener/share/cpp04_tf_listener/local_setup.bash
[25.505s] -- Installing: /home/zzw/ws02_tools/install/cpp04_tf_listener/share/cpp04_tf_listener/local_setup.sh
[25.506s] -- Installing: /home/zzw/ws02_tools/install/cpp04_tf_listener/share/cpp04_tf_listener/local_setup.zsh
[25.506s] -- Installing: /home/zzw/ws02_tools/install/cpp04_tf_listener/share/cpp04_tf_listener/local_setup.dsv
[25.506s] -- Installing: /home/zzw/ws02_tools/install/cpp04_tf_listener/share/cpp04_tf_listener/package.dsv
[25.506s] -- Installing: /home/zzw/ws02_tools/install/cpp04_tf_listener/share/ament_index/resource_index/packages/cpp04_tf_listener
[25.507s] -- Installing: /home/zzw/ws02_tools/install/cpp04_tf_listener/share/cpp04_tf_listener/cmake/cpp04_tf_listenerConfig.cmake
[25.512s] -- Installing: /home/zzw/ws02_tools/install/cpp04_tf_listener/share/cpp04_tf_listener/cmake/cpp04_tf_listenerConfig-version.cmake
[25.514s] -- Installing: /home/zzw/ws02_tools/install/cpp04_tf_listener/share/cpp04_tf_listener/package.xml
[25.514s] Invoked command in '/home/zzw/ws02_tools/build/cpp04_tf_listener' returned '0': CMAKE_PREFIX_PATH=/opt/ros/humble /usr/bin/cmake --install /home/zzw/ws02_tools/build/cpp04_tf_listener
