[1.701s] Invoking command in '/home/zzw/ws02_tools/src/py01_launch': PYTHONPATH=/home/zzw/ws02_tools/build/py01_launch/prefix_override:/home/zzw/ws02_tools/install/py01_launch/lib/python3.10/site-packages:${PYTHONPATH} /usr/bin/python3 setup.py egg_info --egg-base ../../build/py01_launch build --build-base /home/zzw/ws02_tools/build/py01_launch/build install --record /home/zzw/ws02_tools/build/py01_launch/install.log --single-version-externally-managed
[2.142s] running egg_info
[2.144s] writing ../../build/py01_launch/py01_launch.egg-info/PKG-INFO
[2.163s] writing dependency_links to ../../build/py01_launch/py01_launch.egg-info/dependency_links.txt
[2.163s] writing entry points to ../../build/py01_launch/py01_launch.egg-info/entry_points.txt
[2.163s] writing requirements to ../../build/py01_launch/py01_launch.egg-info/requires.txt
[2.163s] writing top-level names to ../../build/py01_launch/py01_launch.egg-info/top_level.txt
[2.167s] reading manifest file '../../build/py01_launch/py01_launch.egg-info/SOURCES.txt'
[2.169s] writing manifest file '../../build/py01_launch/py01_launch.egg-info/SOURCES.txt'
[2.170s] running build
[2.170s] running build_py
[2.201s] running install
[2.202s] /usr/lib/python3/dist-packages/setuptools/command/install.py:34: SetuptoolsDeprecationWarning: setup.py install is deprecated. Use build and pip and other standards-based tools.
[2.202s]   warnings.warn(
[2.202s] running install_lib
[2.234s] running install_data
[2.258s] running install_egg_info
[2.261s] removing '/home/zzw/ws02_tools/install/py01_launch/lib/python3.10/site-packages/py01_launch-0.0.0-py3.10.egg-info' (and everything under it)
[2.263s] Copying ../../build/py01_launch/py01_launch.egg-info to /home/zzw/ws02_tools/install/py01_launch/lib/python3.10/site-packages/py01_launch-0.0.0-py3.10.egg-info
[2.299s] running install_scripts
[2.340s] writing list of installed files to '/home/zzw/ws02_tools/build/py01_launch/install.log'
[2.411s] Invoked command in '/home/zzw/ws02_tools/src/py01_launch' returned '0': PYTHONPATH=/home/zzw/ws02_tools/build/py01_launch/prefix_override:/home/zzw/ws02_tools/install/py01_launch/lib/python3.10/site-packages:${PYTHONPATH} /usr/bin/python3 setup.py egg_info --egg-base ../../build/py01_launch build --build-base /home/zzw/ws02_tools/build/py01_launch/build install --record /home/zzw/ws02_tools/build/py01_launch/install.log --single-version-externally-managed
