[1.597s] Invoking command in '/home/zzw/ws02_tools/src/py03_tf_broadcaster': PYTHONPATH=/home/zzw/ws02_tools/build/py03_tf_broadcaster/prefix_override:/home/zzw/ws02_tools/install/py03_tf_broadcaster/lib/python3.10/site-packages:${PYTHONPATH} /usr/bin/python3 setup.py egg_info --egg-base ../../build/py03_tf_broadcaster build --build-base /home/zzw/ws02_tools/build/py03_tf_broadcaster/build install --record /home/zzw/ws02_tools/build/py03_tf_broadcaster/install.log --single-version-externally-managed
[2.006s] running egg_info
[2.008s] writing ../../build/py03_tf_broadcaster/py03_tf_broadcaster.egg-info/PKG-INFO
[2.009s] writing dependency_links to ../../build/py03_tf_broadcaster/py03_tf_broadcaster.egg-info/dependency_links.txt
[2.010s] writing entry points to ../../build/py03_tf_broadcaster/py03_tf_broadcaster.egg-info/entry_points.txt
[2.010s] writing requirements to ../../build/py03_tf_broadcaster/py03_tf_broadcaster.egg-info/requires.txt
[2.010s] writing top-level names to ../../build/py03_tf_broadcaster/py03_tf_broadcaster.egg-info/top_level.txt
[2.014s] reading manifest file '../../build/py03_tf_broadcaster/py03_tf_broadcaster.egg-info/SOURCES.txt'
[2.017s] writing manifest file '../../build/py03_tf_broadcaster/py03_tf_broadcaster.egg-info/SOURCES.txt'
[2.018s] running build
[2.018s] running build_py
[2.019s] copying py03_tf_broadcaster/demo01_tf_static_broadcaster_py.py -> /home/zzw/ws02_tools/build/py03_tf_broadcaster/build/lib/py03_tf_broadcaster
[2.020s] running install
[2.021s] /usr/lib/python3/dist-packages/setuptools/command/install.py:34: SetuptoolsDeprecationWarning: setup.py install is deprecated. Use build and pip and other standards-based tools.
[2.022s]   warnings.warn(
[2.022s] running install_lib
[2.024s] copying /home/zzw/ws02_tools/build/py03_tf_broadcaster/build/lib/py03_tf_broadcaster/demo01_tf_static_broadcaster_py.py -> /home/zzw/ws02_tools/install/py03_tf_broadcaster/lib/python3.10/site-packages/py03_tf_broadcaster
[2.026s] byte-compiling /home/zzw/ws02_tools/install/py03_tf_broadcaster/lib/python3.10/site-packages/py03_tf_broadcaster/demo01_tf_static_broadcaster_py.py to demo01_tf_static_broadcaster_py.cpython-310.pyc
[2.028s] running install_data
[2.030s] running install_egg_info
[2.033s] removing '/home/zzw/ws02_tools/install/py03_tf_broadcaster/lib/python3.10/site-packages/py03_tf_broadcaster-0.0.0-py3.10.egg-info' (and everything under it)
[2.035s] Copying ../../build/py03_tf_broadcaster/py03_tf_broadcaster.egg-info to /home/zzw/ws02_tools/install/py03_tf_broadcaster/lib/python3.10/site-packages/py03_tf_broadcaster-0.0.0-py3.10.egg-info
[2.040s] running install_scripts
[2.086s] Installing demo01_tf_static_broadcaster_py script to /home/zzw/ws02_tools/install/py03_tf_broadcaster/lib/py03_tf_broadcaster
[2.088s] writing list of installed files to '/home/zzw/ws02_tools/build/py03_tf_broadcaster/install.log'
[2.169s] Invoked command in '/home/zzw/ws02_tools/src/py03_tf_broadcaster' returned '0': PYTHONPATH=/home/zzw/ws02_tools/build/py03_tf_broadcaster/prefix_override:/home/zzw/ws02_tools/install/py03_tf_broadcaster/lib/python3.10/site-packages:${PYTHONPATH} /usr/bin/python3 setup.py egg_info --egg-base ../../build/py03_tf_broadcaster build --build-base /home/zzw/ws02_tools/build/py03_tf_broadcaster/build install --record /home/zzw/ws02_tools/build/py03_tf_broadcaster/install.log --single-version-externally-managed
