[0.810s] Invoking command in '/home/zzw/ws02_tools/src/py01_launch': PYTHONPATH=/home/zzw/ws02_tools/build/py01_launch/prefix_override:/home/zzw/ws02_tools/install/py01_launch/lib/python3.10/site-packages:${PYTHONPATH} /usr/bin/python3 setup.py egg_info --egg-base ../../build/py01_launch build --build-base /home/zzw/ws02_tools/build/py01_launch/build install --record /home/zzw/ws02_tools/build/py01_launch/install.log --single-version-externally-managed
[1.057s] running egg_info
[1.058s] writing ../../build/py01_launch/py01_launch.egg-info/PKG-INFO
[1.059s] writing dependency_links to ../../build/py01_launch/py01_launch.egg-info/dependency_links.txt
[1.060s] writing entry points to ../../build/py01_launch/py01_launch.egg-info/entry_points.txt
[1.060s] writing requirements to ../../build/py01_launch/py01_launch.egg-info/requires.txt
[1.060s] writing top-level names to ../../build/py01_launch/py01_launch.egg-info/top_level.txt
[1.062s] reading manifest file '../../build/py01_launch/py01_launch.egg-info/SOURCES.txt'
[1.063s] writing manifest file '../../build/py01_launch/py01_launch.egg-info/SOURCES.txt'
[1.064s] running build
[1.064s] running build_py
[1.064s] running install
[1.064s] /usr/lib/python3/dist-packages/setuptools/command/install.py:34: SetuptoolsDeprecationWarning: setup.py install is deprecated. Use build and pip and other standards-based tools.
[1.065s]   warnings.warn(
[1.065s] running install_lib
[1.067s] running install_data
[1.068s] running install_egg_info
[1.071s] removing '/home/zzw/ws02_tools/install/py01_launch/lib/python3.10/site-packages/py01_launch-0.0.0-py3.10.egg-info' (and everything under it)
[1.071s] Copying ../../build/py01_launch/py01_launch.egg-info to /home/zzw/ws02_tools/install/py01_launch/lib/python3.10/site-packages/py01_launch-0.0.0-py3.10.egg-info
[1.072s] running install_scripts
[1.098s] writing list of installed files to '/home/zzw/ws02_tools/build/py01_launch/install.log'
[1.142s] Invoked command in '/home/zzw/ws02_tools/src/py01_launch' returned '0': PYTHONPATH=/home/zzw/ws02_tools/build/py01_launch/prefix_override:/home/zzw/ws02_tools/install/py01_launch/lib/python3.10/site-packages:${PYTHONPATH} /usr/bin/python3 setup.py egg_info --egg-base ../../build/py01_launch build --build-base /home/zzw/ws02_tools/build/py01_launch/build install --record /home/zzw/ws02_tools/build/py01_launch/install.log --single-version-externally-managed
