running egg_info
writing ../../build/py04_tf_listener/py04_tf_listener.egg-info/PKG-INFO
writing dependency_links to ../../build/py04_tf_listener/py04_tf_listener.egg-info/dependency_links.txt
writing entry points to ../../build/py04_tf_listener/py04_tf_listener.egg-info/entry_points.txt
writing requirements to ../../build/py04_tf_listener/py04_tf_listener.egg-info/requires.txt
writing top-level names to ../../build/py04_tf_listener/py04_tf_listener.egg-info/top_level.txt
reading manifest file '../../build/py04_tf_listener/py04_tf_listener.egg-info/SOURCES.txt'
writing manifest file '../../build/py04_tf_listener/py04_tf_listener.egg-info/SOURCES.txt'
running build
running build_py
copying py04_tf_listener/demo01_tf_listener_py.py -> /home/zzw/ws02_tools/build/py04_tf_listener/build/lib/py04_tf_listener
/usr/lib/python3/dist-packages/setuptools/command/install.py:34: SetuptoolsDeprecationWarning: setup.py install is deprecated. Use build and pip and other standards-based tools.
  warnings.warn(
running install
running install_lib
copying /home/zzw/ws02_tools/build/py04_tf_listener/build/lib/py04_tf_listener/demo01_tf_listener_py.py -> /home/zzw/ws02_tools/install/py04_tf_listener/lib/python3.10/site-packages/py04_tf_listener
byte-compiling /home/zzw/ws02_tools/install/py04_tf_listener/lib/python3.10/site-packages/py04_tf_listener/demo01_tf_listener_py.py to demo01_tf_listener_py.cpython-310.pyc
running install_data
running install_egg_info
removing '/home/zzw/ws02_tools/install/py04_tf_listener/lib/python3.10/site-packages/py04_tf_listener-0.0.0-py3.10.egg-info' (and everything under it)
Copying ../../build/py04_tf_listener/py04_tf_listener.egg-info to /home/zzw/ws02_tools/install/py04_tf_listener/lib/python3.10/site-packages/py04_tf_listener-0.0.0-py3.10.egg-info
running install_scripts
Installing demo01_tf_listener_py script to /home/zzw/ws02_tools/install/py04_tf_listener/lib/py04_tf_listener
writing list of installed files to '/home/zzw/ws02_tools/build/py04_tf_listener/install.log'
