[0.952s] Invoking command in '/home/zzw/ws02_tools/src/py04_tf_listener': PYTHONPATH=/home/zzw/ws02_tools/build/py04_tf_listener/prefix_override:/home/zzw/ws02_tools/install/py04_tf_listener/lib/python3.10/site-packages:${PYTHONPATH} /usr/bin/python3 setup.py egg_info --egg-base ../../build/py04_tf_listener build --build-base /home/zzw/ws02_tools/build/py04_tf_listener/build install --record /home/zzw/ws02_tools/build/py04_tf_listener/install.log --single-version-externally-managed
[1.271s] running egg_info
[1.272s] writing ../../build/py04_tf_listener/py04_tf_listener.egg-info/PKG-INFO
[1.273s] writing dependency_links to ../../build/py04_tf_listener/py04_tf_listener.egg-info/dependency_links.txt
[1.273s] writing entry points to ../../build/py04_tf_listener/py04_tf_listener.egg-info/entry_points.txt
[1.273s] writing requirements to ../../build/py04_tf_listener/py04_tf_listener.egg-info/requires.txt
[1.273s] writing top-level names to ../../build/py04_tf_listener/py04_tf_listener.egg-info/top_level.txt
[1.276s] reading manifest file '../../build/py04_tf_listener/py04_tf_listener.egg-info/SOURCES.txt'
[1.277s] writing manifest file '../../build/py04_tf_listener/py04_tf_listener.egg-info/SOURCES.txt'
[1.277s] running build
[1.278s] running build_py
[1.279s] copying py04_tf_listener/demo01_tf_listener_py.py -> /home/zzw/ws02_tools/build/py04_tf_listener/build/lib/py04_tf_listener
[1.279s] /usr/lib/python3/dist-packages/setuptools/command/install.py:34: SetuptoolsDeprecationWarning: setup.py install is deprecated. Use build and pip and other standards-based tools.
[1.279s]   warnings.warn(
[1.279s] running install
[1.279s] running install_lib
[1.280s] copying /home/zzw/ws02_tools/build/py04_tf_listener/build/lib/py04_tf_listener/demo01_tf_listener_py.py -> /home/zzw/ws02_tools/install/py04_tf_listener/lib/python3.10/site-packages/py04_tf_listener
[1.280s] byte-compiling /home/zzw/ws02_tools/install/py04_tf_listener/lib/python3.10/site-packages/py04_tf_listener/demo01_tf_listener_py.py to demo01_tf_listener_py.cpython-310.pyc
[1.281s] running install_data
[1.282s] running install_egg_info
[1.284s] removing '/home/zzw/ws02_tools/install/py04_tf_listener/lib/python3.10/site-packages/py04_tf_listener-0.0.0-py3.10.egg-info' (and everything under it)
[1.284s] Copying ../../build/py04_tf_listener/py04_tf_listener.egg-info to /home/zzw/ws02_tools/install/py04_tf_listener/lib/python3.10/site-packages/py04_tf_listener-0.0.0-py3.10.egg-info
[1.285s] running install_scripts
[1.312s] Installing demo01_tf_listener_py script to /home/zzw/ws02_tools/install/py04_tf_listener/lib/py04_tf_listener
[1.314s] writing list of installed files to '/home/zzw/ws02_tools/build/py04_tf_listener/install.log'
[1.357s] Invoked command in '/home/zzw/ws02_tools/src/py04_tf_listener' returned '0': PYTHONPATH=/home/zzw/ws02_tools/build/py04_tf_listener/prefix_override:/home/zzw/ws02_tools/install/py04_tf_listener/lib/python3.10/site-packages:${PYTHONPATH} /usr/bin/python3 setup.py egg_info --egg-base ../../build/py04_tf_listener build --build-base /home/zzw/ws02_tools/build/py04_tf_listener/build install --record /home/zzw/ws02_tools/build/py04_tf_listener/install.log --single-version-externally-managed
