[0.148s] Invoking command in '/home/zzw/ws02_tools/build/cpp01_launch': CMAKE_PREFIX_PATH=/opt/ros/humble /usr/bin/cmake --build /home/zzw/ws02_tools/build/cpp01_launch -- -j8 -l8
[2.106s] Invoked command in '/home/zzw/ws02_tools/build/cpp01_launch' returned '0': CMAKE_PREFIX_PATH=/opt/ros/humble /usr/bin/cmake --build /home/zzw/ws02_tools/build/cpp01_launch -- -j8 -l8
[2.146s] Invoking command in '/home/zzw/ws02_tools/build/cpp01_launch': CMAKE_PREFIX_PATH=/opt/ros/humble /usr/bin/cmake --install /home/zzw/ws02_tools/build/cpp01_launch
[2.155s] -- Install configuration: ""
[2.156s] -- Up-to-date: /home/zzw/ws02_tools/install/cpp01_launch/share/cpp01_launch/launch
[2.156s] -- Up-to-date: /home/zzw/ws02_tools/install/cpp01_launch/share/cpp01_launch/launch/yaml
[2.157s] -- Up-to-date: /home/zzw/ws02_tools/install/cpp01_launch/share/cpp01_launch/launch/yaml/yaml01_helloworld_launch.yaml
[2.158s] -- Up-to-date: /home/zzw/ws02_tools/install/cpp01_launch/share/cpp01_launch/launch/py
[2.158s] -- Up-to-date: /home/zzw/ws02_tools/install/cpp01_launch/share/cpp01_launch/launch/py/py03_cmd_launch.py
[2.160s] -- Up-to-date: /home/zzw/ws02_tools/install/cpp01_launch/share/cpp01_launch/launch/py/py02_node_launch.py
[2.160s] -- Up-to-date: /home/zzw/ws02_tools/install/cpp01_launch/share/cpp01_launch/launch/py/py01_helloworld_launch.py
[2.161s] -- Installing: /home/zzw/ws02_tools/install/cpp01_launch/share/cpp01_launch/launch/py/py04_args_launch.py
[2.161s] -- Up-to-date: /home/zzw/ws02_tools/install/cpp01_launch/share/cpp01_launch/launch/xml
[2.161s] -- Up-to-date: /home/zzw/ws02_tools/install/cpp01_launch/share/cpp01_launch/launch/xml/xm01_helloworld_launch.xml
[2.162s] -- Up-to-date: /home/zzw/ws02_tools/install/cpp01_launch/share/cpp01_launch/config
[2.162s] -- Up-to-date: /home/zzw/ws02_tools/install/cpp01_launch/share/cpp01_launch/config/turtle2.yaml
[2.163s] -- Up-to-date: /home/zzw/ws02_tools/install/cpp01_launch/share/ament_index/resource_index/package_run_dependencies/cpp01_launch
[2.163s] -- Up-to-date: /home/zzw/ws02_tools/install/cpp01_launch/share/ament_index/resource_index/parent_prefix_path/cpp01_launch
[2.163s] -- Up-to-date: /home/zzw/ws02_tools/install/cpp01_launch/share/cpp01_launch/environment/ament_prefix_path.sh
[2.164s] -- Up-to-date: /home/zzw/ws02_tools/install/cpp01_launch/share/cpp01_launch/environment/ament_prefix_path.dsv
[2.164s] -- Up-to-date: /home/zzw/ws02_tools/install/cpp01_launch/share/cpp01_launch/environment/path.sh
[2.164s] -- Up-to-date: /home/zzw/ws02_tools/install/cpp01_launch/share/cpp01_launch/environment/path.dsv
[2.165s] -- Up-to-date: /home/zzw/ws02_tools/install/cpp01_launch/share/cpp01_launch/local_setup.bash
[2.165s] -- Up-to-date: /home/zzw/ws02_tools/install/cpp01_launch/share/cpp01_launch/local_setup.sh
[2.165s] -- Up-to-date: /home/zzw/ws02_tools/install/cpp01_launch/share/cpp01_launch/local_setup.zsh
[2.166s] -- Up-to-date: /home/zzw/ws02_tools/install/cpp01_launch/share/cpp01_launch/local_setup.dsv
[2.166s] -- Installing: /home/zzw/ws02_tools/install/cpp01_launch/share/cpp01_launch/package.dsv
[2.172s] -- Up-to-date: /home/zzw/ws02_tools/install/cpp01_launch/share/ament_index/resource_index/packages/cpp01_launch
[2.173s] -- Up-to-date: /home/zzw/ws02_tools/install/cpp01_launch/share/cpp01_launch/cmake/cpp01_launchConfig.cmake
[2.173s] -- Up-to-date: /home/zzw/ws02_tools/install/cpp01_launch/share/cpp01_launch/cmake/cpp01_launchConfig-version.cmake
[2.173s] -- Up-to-date: /home/zzw/ws02_tools/install/cpp01_launch/share/cpp01_launch/package.xml
[2.178s] Invoked command in '/home/zzw/ws02_tools/build/cpp01_launch' returned '0': CMAKE_PREFIX_PATH=/opt/ros/humble /usr/bin/cmake --install /home/zzw/ws02_tools/build/cpp01_launch
