[0.352s] Invoking command in '/home/zzw/ws02_tools/build/cpp03_tf_broadcaster': CMAKE_PREFIX_PATH=/opt/ros/humble /usr/bin/cmake --build /home/zzw/ws02_tools/build/cpp03_tf_broadcaster -- -j8 -l8
[4.118s] -- Found ament_cmake: 1.3.3 (/opt/ros/humble/share/ament_cmake/cmake)
[5.564s] -- Found rclcpp: 16.0.2 (/opt/ros/humble/share/rclcpp/cmake)
[7.110s] -- Found rosidl_generator_c: 3.1.4 (/opt/ros/humble/share/rosidl_generator_c/cmake)
[7.146s] -- Found rosidl_adapter: 3.1.4 (/opt/ros/humble/share/rosidl_adapter/cmake)
[7.180s] -- Found rosidl_generator_cpp: 3.1.4 (/opt/ros/humble/share/rosidl_generator_cpp/cmake)
[7.317s] -- Using all available rosidl_typesupport_c: rosidl_typesupport_fastrtps_c;rosidl_typesupport_introspection_c
[7.446s] -- Using all available rosidl_typesupport_cpp: rosidl_typesupport_fastrtps_cpp;rosidl_typesupport_introspection_cpp
[7.964s] -- Found rmw_implementation_cmake: 6.1.1 (/opt/ros/humble/share/rmw_implementation_cmake/cmake)
[7.991s] -- Found rmw_fastrtps_cpp: 6.2.2 (/opt/ros/humble/share/rmw_fastrtps_cpp/cmake)
[29.229s] -- Using RMW implementation 'rmw_fastrtps_cpp' as default
[29.889s] -- Found tf2: 0.25.1 (/opt/ros/humble/share/tf2/cmake)
[30.067s] -- Found tf2_ros: 0.25.1 (/opt/ros/humble/share/tf2_ros/cmake)
[31.296s] -- Found turtlesim: 1.4.2 (/opt/ros/humble/share/turtlesim/cmake)
[31.440s] -- Found ament_lint_auto: 0.12.4 (/opt/ros/humble/share/ament_lint_auto/cmake)
[31.757s] -- Added test 'cppcheck' to perform static code analysis on C / C++ code
[31.758s] -- Configured cppcheck include dirs: $<BUILD_INTERFACE:/home/zzw/ws02_tools/src/cpp03_tf_broadcaster/include>
[31.759s] -- Configured cppcheck exclude dirs and/or files: 
[31.762s] -- Added test 'lint_cmake' to check CMake code style
[31.767s] -- Added test 'uncrustify' to check C / C++ code style
[31.768s] -- Configured uncrustify additional arguments: 
[31.768s] -- Added test 'xmllint' to check XML markup files
[31.775s] -- Configuring done
[32.094s] -- Generating done
[32.107s] -- Build files have been written to: /home/zzw/ws02_tools/build/cpp03_tf_broadcaster
[32.370s] [ 16%] [32mBuilding CXX object CMakeFiles/demo03_point_tf_broadcaster.dir/src/demo03_point_tf_broadcaster.cpp.o[0m
[32.374s] [35m[1mConsolidate compiler generated dependencies of target demo01_static_tf_broadcaster[0m
[32.385s] [35m[1mConsolidate compiler generated dependencies of target demo02_dynamic_tf_broadcaster[0m
[32.419s] [ 50%] Built target demo01_static_tf_broadcaster
[32.433s] [ 83%] Built target demo02_dynamic_tf_broadcaster
[49.444s] [100%] [32m[1mLinking CXX executable demo03_point_tf_broadcaster[0m
[51.959s] [100%] Built target demo03_point_tf_broadcaster
[51.980s] Invoked command in '/home/zzw/ws02_tools/build/cpp03_tf_broadcaster' returned '0': CMAKE_PREFIX_PATH=/opt/ros/humble /usr/bin/cmake --build /home/zzw/ws02_tools/build/cpp03_tf_broadcaster -- -j8 -l8
[52.041s] Invoking command in '/home/zzw/ws02_tools/build/cpp03_tf_broadcaster': CMAKE_PREFIX_PATH=/opt/ros/humble /usr/bin/cmake --install /home/zzw/ws02_tools/build/cpp03_tf_broadcaster
[52.048s] -- Install configuration: ""
[52.192s] -- Up-to-date: /home/zzw/ws02_tools/install/cpp03_tf_broadcaster/lib/cpp03_tf_broadcaster/demo01_static_tf_broadcaster
[52.248s] -- Up-to-date: /home/zzw/ws02_tools/install/cpp03_tf_broadcaster/lib/cpp03_tf_broadcaster/demo02_dynamic_tf_broadcaster
[52.249s] -- Up-to-date: /home/zzw/ws02_tools/install/cpp03_tf_broadcaster/share/ament_index/resource_index/package_run_dependencies/cpp03_tf_broadcaster
[52.250s] -- Up-to-date: /home/zzw/ws02_tools/install/cpp03_tf_broadcaster/share/ament_index/resource_index/parent_prefix_path/cpp03_tf_broadcaster
[52.276s] -- Up-to-date: /home/zzw/ws02_tools/install/cpp03_tf_broadcaster/share/cpp03_tf_broadcaster/environment/ament_prefix_path.sh
[52.276s] -- Installing: /home/zzw/ws02_tools/install/cpp03_tf_broadcaster/share/cpp03_tf_broadcaster/environment/ament_prefix_path.dsv
[52.277s] -- Up-to-date: /home/zzw/ws02_tools/install/cpp03_tf_broadcaster/share/cpp03_tf_broadcaster/environment/path.sh
[52.278s] -- Installing: /home/zzw/ws02_tools/install/cpp03_tf_broadcaster/share/cpp03_tf_broadcaster/environment/path.dsv
[52.278s] -- Up-to-date: /home/zzw/ws02_tools/install/cpp03_tf_broadcaster/share/cpp03_tf_broadcaster/local_setup.bash
[52.279s] -- Up-to-date: /home/zzw/ws02_tools/install/cpp03_tf_broadcaster/share/cpp03_tf_broadcaster/local_setup.sh
[52.279s] -- Up-to-date: /home/zzw/ws02_tools/install/cpp03_tf_broadcaster/share/cpp03_tf_broadcaster/local_setup.zsh
[52.280s] -- Installing: /home/zzw/ws02_tools/install/cpp03_tf_broadcaster/share/cpp03_tf_broadcaster/local_setup.dsv
[52.280s] -- Installing: /home/zzw/ws02_tools/install/cpp03_tf_broadcaster/share/cpp03_tf_broadcaster/package.dsv
[52.280s] -- Up-to-date: /home/zzw/ws02_tools/install/cpp03_tf_broadcaster/share/ament_index/resource_index/packages/cpp03_tf_broadcaster
[52.322s] -- Up-to-date: /home/zzw/ws02_tools/install/cpp03_tf_broadcaster/share/cpp03_tf_broadcaster/cmake/cpp03_tf_broadcasterConfig.cmake
[52.323s] -- Up-to-date: /home/zzw/ws02_tools/install/cpp03_tf_broadcaster/share/cpp03_tf_broadcaster/cmake/cpp03_tf_broadcasterConfig-version.cmake
[52.324s] -- Up-to-date: /home/zzw/ws02_tools/install/cpp03_tf_broadcaster/share/cpp03_tf_broadcaster/package.xml
[52.329s] Invoked command in '/home/zzw/ws02_tools/build/cpp03_tf_broadcaster' returned '0': CMAKE_PREFIX_PATH=/opt/ros/humble /usr/bin/cmake --install /home/zzw/ws02_tools/build/cpp03_tf_broadcaster
