running egg_info
creating ../../build/py04_tf_listener/py04_tf_listener.egg-info
writing ../../build/py04_tf_listener/py04_tf_listener.egg-info/PKG-INFO
writing dependency_links to ../../build/py04_tf_listener/py04_tf_listener.egg-info/dependency_links.txt
writing entry points to ../../build/py04_tf_listener/py04_tf_listener.egg-info/entry_points.txt
writing requirements to ../../build/py04_tf_listener/py04_tf_listener.egg-info/requires.txt
writing top-level names to ../../build/py04_tf_listener/py04_tf_listener.egg-info/top_level.txt
writing manifest file '../../build/py04_tf_listener/py04_tf_listener.egg-info/SOURCES.txt'
reading manifest file '../../build/py04_tf_listener/py04_tf_listener.egg-info/SOURCES.txt'
writing manifest file '../../build/py04_tf_listener/py04_tf_listener.egg-info/SOURCES.txt'
running build
running build_py
creating /home/zzw/ws02_tools/build/py04_tf_listener/build
creating /home/zzw/ws02_tools/build/py04_tf_listener/build/lib
creating /home/zzw/ws02_tools/build/py04_tf_listener/build/lib/py04_tf_listener
copying py04_tf_listener/demo01_tf_listener_py.py -> /home/zzw/ws02_tools/build/py04_tf_listener/build/lib/py04_tf_listener
copying py04_tf_listener/__init__.py -> /home/zzw/ws02_tools/build/py04_tf_listener/build/lib/py04_tf_listener
running install
running install_lib
creating /home/zzw/ws02_tools/install/py04_tf_listener/lib/python3.10/site-packages/py04_tf_listener
copying /home/zzw/ws02_tools/build/py04_tf_listener/build/lib/py04_tf_listener/demo01_tf_listener_py.py -> /home/zzw/ws02_tools/install/py04_tf_listener/lib/python3.10/site-packages/py04_tf_listener
copying /home/zzw/ws02_tools/build/py04_tf_listener/build/lib/py04_tf_listener/__init__.py -> /home/zzw/ws02_tools/install/py04_tf_listener/lib/python3.10/site-packages/py04_tf_listener
byte-compiling /home/zzw/ws02_tools/install/py04_tf_listener/lib/python3.10/site-packages/py04_tf_listener/demo01_tf_listener_py.py to demo01_tf_listener_py.cpython-310.pyc
byte-compiling /home/zzw/ws02_tools/install/py04_tf_listener/lib/python3.10/site-packages/py04_tf_listener/__init__.py to __init__.cpython-310.pyc
running install_data
creating /home/zzw/ws02_tools/install/py04_tf_listener/share/ament_index
creating /home/zzw/ws02_tools/install/py04_tf_listener/share/ament_index/resource_index
creating /home/zzw/ws02_tools/install/py04_tf_listener/share/ament_index/resource_index/packages
copying resource/py04_tf_listener -> /home/zzw/ws02_tools/install/py04_tf_listener/share/ament_index/resource_index/packages
copying package.xml -> /home/zzw/ws02_tools/install/py04_tf_listener/share/py04_tf_listener
running install_egg_info
Copying ../../build/py04_tf_listener/py04_tf_listener.egg-info to /home/zzw/ws02_tools/install/py04_tf_listener/lib/python3.10/site-packages/py04_tf_listener-0.0.0-py3.10.egg-info
running install_scripts
Installing demo01_tf_listener_py script to /home/zzw/ws02_tools/install/py04_tf_listener/lib/py04_tf_listener
writing list of installed files to '/home/zzw/ws02_tools/build/py04_tf_listener/install.log'
