[1.199s] Invoking command in '/home/zzw/ws02_tools/src/py04_tf_listener': PYTHONPATH=/home/zzw/ws02_tools/build/py04_tf_listener/prefix_override:/home/zzw/ws02_tools/install/py04_tf_listener/lib/python3.10/site-packages:${PYTHONPATH} /usr/bin/python3 setup.py egg_info --egg-base ../../build/py04_tf_listener build --build-base /home/zzw/ws02_tools/build/py04_tf_listener/build install --record /home/zzw/ws02_tools/build/py04_tf_listener/install.log --single-version-externally-managed
[1.616s] running egg_info
[1.617s] creating ../../build/py04_tf_listener/py04_tf_listener.egg-info
[1.618s] writing ../../build/py04_tf_listener/py04_tf_listener.egg-info/PKG-INFO
[1.619s] writing dependency_links to ../../build/py04_tf_listener/py04_tf_listener.egg-info/dependency_links.txt
[1.620s] writing entry points to ../../build/py04_tf_listener/py04_tf_listener.egg-info/entry_points.txt
[1.620s] writing requirements to ../../build/py04_tf_listener/py04_tf_listener.egg-info/requires.txt
[1.621s] writing top-level names to ../../build/py04_tf_listener/py04_tf_listener.egg-info/top_level.txt
[1.621s] writing manifest file '../../build/py04_tf_listener/py04_tf_listener.egg-info/SOURCES.txt'
[1.625s] reading manifest file '../../build/py04_tf_listener/py04_tf_listener.egg-info/SOURCES.txt'
[1.626s] writing manifest file '../../build/py04_tf_listener/py04_tf_listener.egg-info/SOURCES.txt'
[1.627s] running build
[1.628s] running build_py
[1.628s] creating /home/zzw/ws02_tools/build/py04_tf_listener/build
[1.629s] creating /home/zzw/ws02_tools/build/py04_tf_listener/build/lib
[1.630s] creating /home/zzw/ws02_tools/build/py04_tf_listener/build/lib/py04_tf_listener
[1.630s] copying py04_tf_listener/demo01_tf_listener_py.py -> /home/zzw/ws02_tools/build/py04_tf_listener/build/lib/py04_tf_listener
[1.630s] copying py04_tf_listener/__init__.py -> /home/zzw/ws02_tools/build/py04_tf_listener/build/lib/py04_tf_listener
[1.630s] running install
[1.631s] /usr/lib/python3/dist-packages/setuptools/command/install.py:34: SetuptoolsDeprecationWarning: setup.py install is deprecated. Use build and pip and other standards-based tools.
[1.631s]   warnings.warn(
[1.631s] running install_lib
[1.632s] creating /home/zzw/ws02_tools/install/py04_tf_listener/lib/python3.10/site-packages/py04_tf_listener
[1.633s] copying /home/zzw/ws02_tools/build/py04_tf_listener/build/lib/py04_tf_listener/demo01_tf_listener_py.py -> /home/zzw/ws02_tools/install/py04_tf_listener/lib/python3.10/site-packages/py04_tf_listener
[1.633s] copying /home/zzw/ws02_tools/build/py04_tf_listener/build/lib/py04_tf_listener/__init__.py -> /home/zzw/ws02_tools/install/py04_tf_listener/lib/python3.10/site-packages/py04_tf_listener
[1.634s] byte-compiling /home/zzw/ws02_tools/install/py04_tf_listener/lib/python3.10/site-packages/py04_tf_listener/demo01_tf_listener_py.py to demo01_tf_listener_py.cpython-310.pyc
[1.635s] byte-compiling /home/zzw/ws02_tools/install/py04_tf_listener/lib/python3.10/site-packages/py04_tf_listener/__init__.py to __init__.cpython-310.pyc
[1.636s] running install_data
[1.636s] creating /home/zzw/ws02_tools/install/py04_tf_listener/share/ament_index
[1.637s] creating /home/zzw/ws02_tools/install/py04_tf_listener/share/ament_index/resource_index
[1.638s] creating /home/zzw/ws02_tools/install/py04_tf_listener/share/ament_index/resource_index/packages
[1.638s] copying resource/py04_tf_listener -> /home/zzw/ws02_tools/install/py04_tf_listener/share/ament_index/resource_index/packages
[1.639s] copying package.xml -> /home/zzw/ws02_tools/install/py04_tf_listener/share/py04_tf_listener
[1.639s] running install_egg_info
[1.643s] Copying ../../build/py04_tf_listener/py04_tf_listener.egg-info to /home/zzw/ws02_tools/install/py04_tf_listener/lib/python3.10/site-packages/py04_tf_listener-0.0.0-py3.10.egg-info
[1.645s] running install_scripts
[1.702s] Installing demo01_tf_listener_py script to /home/zzw/ws02_tools/install/py04_tf_listener/lib/py04_tf_listener
[1.703s] writing list of installed files to '/home/zzw/ws02_tools/build/py04_tf_listener/install.log'
[1.786s] Invoked command in '/home/zzw/ws02_tools/src/py04_tf_listener' returned '0': PYTHONPATH=/home/zzw/ws02_tools/build/py04_tf_listener/prefix_override:/home/zzw/ws02_tools/install/py04_tf_listener/lib/python3.10/site-packages:${PYTHONPATH} /usr/bin/python3 setup.py egg_info --egg-base ../../build/py04_tf_listener build --build-base /home/zzw/ws02_tools/build/py04_tf_listener/build install --record /home/zzw/ws02_tools/build/py04_tf_listener/install.log --single-version-externally-managed
