[1.449s] Invoking command in '/home/zzw/ws02_tools/src/py03_tf_broadcaster': PYTHONPATH=/home/zzw/ws02_tools/build/py03_tf_broadcaster/prefix_override:/home/zzw/ws02_tools/install/py03_tf_broadcaster/lib/python3.10/site-packages:${PYTHONPATH} /usr/bin/python3 setup.py egg_info --egg-base ../../build/py03_tf_broadcaster build --build-base /home/zzw/ws02_tools/build/py03_tf_broadcaster/build install --record /home/zzw/ws02_tools/build/py03_tf_broadcaster/install.log --single-version-externally-managed
[1.727s] running egg_info
[1.728s] writing ../../build/py03_tf_broadcaster/py03_tf_broadcaster.egg-info/PKG-INFO
[1.729s] writing dependency_links to ../../build/py03_tf_broadcaster/py03_tf_broadcaster.egg-info/dependency_links.txt
[1.729s] writing entry points to ../../build/py03_tf_broadcaster/py03_tf_broadcaster.egg-info/entry_points.txt
[1.729s] writing requirements to ../../build/py03_tf_broadcaster/py03_tf_broadcaster.egg-info/requires.txt
[1.729s] writing top-level names to ../../build/py03_tf_broadcaster/py03_tf_broadcaster.egg-info/top_level.txt
[1.732s] reading manifest file '../../build/py03_tf_broadcaster/py03_tf_broadcaster.egg-info/SOURCES.txt'
[1.934s] writing manifest file '../../build/py03_tf_broadcaster/py03_tf_broadcaster.egg-info/SOURCES.txt'
[1.934s] running build
[1.934s] running build_py
[1.934s] copying py03_tf_broadcaster/demo02_tf_dynamic_broadcaster_py.py -> /home/zzw/ws02_tools/build/py03_tf_broadcaster/build/lib/py03_tf_broadcaster
[1.935s] running install
[1.941s] /usr/lib/python3/dist-packages/setuptools/command/install.py:34: SetuptoolsDeprecationWarning: setup.py install is deprecated. Use build and pip and other standards-based tools.
[1.941s]   warnings.warn(
[1.942s] running install_lib
[1.943s] copying /home/zzw/ws02_tools/build/py03_tf_broadcaster/build/lib/py03_tf_broadcaster/demo02_tf_dynamic_broadcaster_py.py -> /home/zzw/ws02_tools/install/py03_tf_broadcaster/lib/python3.10/site-packages/py03_tf_broadcaster
[1.944s] byte-compiling /home/zzw/ws02_tools/install/py03_tf_broadcaster/lib/python3.10/site-packages/py03_tf_broadcaster/demo02_tf_dynamic_broadcaster_py.py to demo02_tf_dynamic_broadcaster_py.cpython-310.pyc
[1.972s] running install_data
[1.973s] running install_egg_info
[1.975s] removing '/home/zzw/ws02_tools/install/py03_tf_broadcaster/lib/python3.10/site-packages/py03_tf_broadcaster-0.0.0-py3.10.egg-info' (and everything under it)
[1.978s] Copying ../../build/py03_tf_broadcaster/py03_tf_broadcaster.egg-info to /home/zzw/ws02_tools/install/py03_tf_broadcaster/lib/python3.10/site-packages/py03_tf_broadcaster-0.0.0-py3.10.egg-info
[2.007s] running install_scripts
[2.033s] Installing demo01_tf_static_broadcaster_py script to /home/zzw/ws02_tools/install/py03_tf_broadcaster/lib/py03_tf_broadcaster
[2.034s] Installing demo02_tf_dynamic_broadcaster_py script to /home/zzw/ws02_tools/install/py03_tf_broadcaster/lib/py03_tf_broadcaster
[2.034s] writing list of installed files to '/home/zzw/ws02_tools/build/py03_tf_broadcaster/install.log'
[2.074s] Invoked command in '/home/zzw/ws02_tools/src/py03_tf_broadcaster' returned '0': PYTHONPATH=/home/zzw/ws02_tools/build/py03_tf_broadcaster/prefix_override:/home/zzw/ws02_tools/install/py03_tf_broadcaster/lib/python3.10/site-packages:${PYTHONPATH} /usr/bin/python3 setup.py egg_info --egg-base ../../build/py03_tf_broadcaster build --build-base /home/zzw/ws02_tools/build/py03_tf_broadcaster/build install --record /home/zzw/ws02_tools/build/py03_tf_broadcaster/install.log --single-version-externally-managed
