[8.489s] DEBUG:colcon:Command line arguments: ['/usr/bin/colcon', 'build', '--packages-select', 'cpp03_tf_broadcaster']
[8.489s] DEBUG:colcon:Parsed command line arguments: Namespace(log_base=None, log_level=None, verb_name='build', build_base='build', install_base='install', merge_install=False, symlink_install=False, test_result_base=None, continue_on_error=False, executor='parallel', parallel_workers=8, event_handlers=None, ignore_user_meta=False, metas=['./colcon.meta'], base_paths=['.'], packages_ignore=None, packages_ignore_regex=None, paths=None, packages_up_to=None, packages_up_to_regex=None, packages_above=None, packages_above_and_dependencies=None, packages_above_depth=None, packages_select_by_dep=None, packages_skip_by_dep=None, packages_skip_up_to=None, packages_select_build_failed=False, packages_skip_build_finished=False, packages_select_test_failures=False, packages_skip_test_passed=False, packages_select=['cpp03_tf_broadcaster'], packages_skip=None, packages_select_regex=None, packages_skip_regex=None, packages_start=None, packages_end=None, allow_overriding=[], cmake_args=None, cmake_target=None, cmake_target_skip_unavailable=False, cmake_clean_cache=False, cmake_clean_first=False, cmake_force_configure=False, ament_cmake_args=None, catkin_cmake_args=None, catkin_skip_building_tests=False, verb_parser=<colcon_defaults.argument_parser.defaults.DefaultArgumentsDecorator object at 0x7f0c38d1f190>, verb_extension=<colcon_core.verb.build.BuildVerb object at 0x7f0c396a46a0>, main=<bound method BuildVerb.main of <colcon_core.verb.build.BuildVerb object at 0x7f0c396a46a0>>)
[8.730s] Level 1:colcon.colcon_core.package_discovery:discover_packages(colcon_meta) check parameters
[8.731s] Level 1:colcon.colcon_core.package_discovery:discover_packages(recursive) check parameters
[8.731s] Level 1:colcon.colcon_core.package_discovery:discover_packages(ignore) check parameters
[8.731s] Level 1:colcon.colcon_core.package_discovery:discover_packages(path) check parameters
[8.731s] Level 1:colcon.colcon_core.package_discovery:discover_packages(colcon_meta) discover
[8.731s] Level 1:colcon.colcon_core.package_discovery:discover_packages(recursive) discover
[8.731s] INFO:colcon.colcon_core.package_discovery:Crawling recursively for packages in '/home/zzw/ws02_tools'
[8.731s] Level 1:colcon.colcon_core.package_identification:_identify(.) by extensions ['ignore', 'ignore_ament_install']
[8.732s] Level 1:colcon.colcon_core.package_identification:_identify(.) by extension 'ignore'
[8.732s] Level 1:colcon.colcon_core.package_identification:_identify(.) by extension 'ignore_ament_install'
[8.732s] Level 1:colcon.colcon_core.package_identification:_identify(.) by extensions ['colcon_pkg']
[8.732s] Level 1:colcon.colcon_core.package_identification:_identify(.) by extension 'colcon_pkg'
[8.732s] Level 1:colcon.colcon_core.package_identification:_identify(.) by extensions ['colcon_meta']
[8.732s] Level 1:colcon.colcon_core.package_identification:_identify(.) by extension 'colcon_meta'
[8.732s] Level 1:colcon.colcon_core.package_identification:_identify(.) by extensions ['ros']
[8.733s] Level 1:colcon.colcon_core.package_identification:_identify(.) by extension 'ros'
[8.819s] Level 1:colcon.colcon_core.package_identification:_identify(.) by extensions ['cmake', 'python']
[8.820s] Level 1:colcon.colcon_core.package_identification:_identify(.) by extension 'cmake'
[8.820s] Level 1:colcon.colcon_core.package_identification:_identify(.) by extension 'python'
[8.820s] Level 1:colcon.colcon_core.package_identification:_identify(.) by extensions ['python_setup_py']
[8.820s] Level 1:colcon.colcon_core.package_identification:_identify(.) by extension 'python_setup_py'
[8.820s] Level 1:colcon.colcon_core.package_identification:_identify(build) by extensions ['ignore', 'ignore_ament_install']
[8.821s] Level 1:colcon.colcon_core.package_identification:_identify(build) by extension 'ignore'
[8.821s] Level 1:colcon.colcon_core.package_identification:_identify(build) ignored
[8.821s] Level 1:colcon.colcon_core.package_identification:_identify(install) by extensions ['ignore', 'ignore_ament_install']
[8.821s] Level 1:colcon.colcon_core.package_identification:_identify(install) by extension 'ignore'
[8.822s] Level 1:colcon.colcon_core.package_identification:_identify(install) ignored
[8.822s] Level 1:colcon.colcon_core.package_identification:_identify(log) by extensions ['ignore', 'ignore_ament_install']
[8.822s] Level 1:colcon.colcon_core.package_identification:_identify(log) by extension 'ignore'
[8.822s] Level 1:colcon.colcon_core.package_identification:_identify(log) ignored
[8.822s] Level 1:colcon.colcon_core.package_identification:_identify(my_bag) by extensions ['ignore', 'ignore_ament_install']
[8.823s] Level 1:colcon.colcon_core.package_identification:_identify(my_bag) by extension 'ignore'
[8.823s] Level 1:colcon.colcon_core.package_identification:_identify(my_bag) by extension 'ignore_ament_install'
[8.823s] Level 1:colcon.colcon_core.package_identification:_identify(my_bag) by extensions ['colcon_pkg']
[8.823s] Level 1:colcon.colcon_core.package_identification:_identify(my_bag) by extension 'colcon_pkg'
[8.823s] Level 1:colcon.colcon_core.package_identification:_identify(my_bag) by extensions ['colcon_meta']
[8.823s] Level 1:colcon.colcon_core.package_identification:_identify(my_bag) by extension 'colcon_meta'
[8.823s] Level 1:colcon.colcon_core.package_identification:_identify(my_bag) by extensions ['ros']
[8.823s] Level 1:colcon.colcon_core.package_identification:_identify(my_bag) by extension 'ros'
[8.824s] Level 1:colcon.colcon_core.package_identification:_identify(my_bag) by extensions ['cmake', 'python']
[8.824s] Level 1:colcon.colcon_core.package_identification:_identify(my_bag) by extension 'cmake'
[8.824s] Level 1:colcon.colcon_core.package_identification:_identify(my_bag) by extension 'python'
[8.824s] Level 1:colcon.colcon_core.package_identification:_identify(my_bag) by extensions ['python_setup_py']
[8.824s] Level 1:colcon.colcon_core.package_identification:_identify(my_bag) by extension 'python_setup_py'
[8.825s] Level 1:colcon.colcon_core.package_identification:_identify(my_bag_py) by extensions ['ignore', 'ignore_ament_install']
[8.825s] Level 1:colcon.colcon_core.package_identification:_identify(my_bag_py) by extension 'ignore'
[8.825s] Level 1:colcon.colcon_core.package_identification:_identify(my_bag_py) by extension 'ignore_ament_install'
[8.825s] Level 1:colcon.colcon_core.package_identification:_identify(my_bag_py) by extensions ['colcon_pkg']
[8.825s] Level 1:colcon.colcon_core.package_identification:_identify(my_bag_py) by extension 'colcon_pkg'
[8.825s] Level 1:colcon.colcon_core.package_identification:_identify(my_bag_py) by extensions ['colcon_meta']
[8.825s] Level 1:colcon.colcon_core.package_identification:_identify(my_bag_py) by extension 'colcon_meta'
[8.825s] Level 1:colcon.colcon_core.package_identification:_identify(my_bag_py) by extensions ['ros']
[8.826s] Level 1:colcon.colcon_core.package_identification:_identify(my_bag_py) by extension 'ros'
[8.826s] Level 1:colcon.colcon_core.package_identification:_identify(my_bag_py) by extensions ['cmake', 'python']
[8.826s] Level 1:colcon.colcon_core.package_identification:_identify(my_bag_py) by extension 'cmake'
[8.826s] Level 1:colcon.colcon_core.package_identification:_identify(my_bag_py) by extension 'python'
[8.826s] Level 1:colcon.colcon_core.package_identification:_identify(my_bag_py) by extensions ['python_setup_py']
[8.826s] Level 1:colcon.colcon_core.package_identification:_identify(my_bag_py) by extension 'python_setup_py'
[8.826s] Level 1:colcon.colcon_core.package_identification:_identify(src) by extensions ['ignore', 'ignore_ament_install']
[8.827s] Level 1:colcon.colcon_core.package_identification:_identify(src) by extension 'ignore'
[8.827s] Level 1:colcon.colcon_core.package_identification:_identify(src) by extension 'ignore_ament_install'
[8.827s] Level 1:colcon.colcon_core.package_identification:_identify(src) by extensions ['colcon_pkg']
[8.827s] Level 1:colcon.colcon_core.package_identification:_identify(src) by extension 'colcon_pkg'
[8.828s] Level 1:colcon.colcon_core.package_identification:_identify(src) by extensions ['colcon_meta']
[8.828s] Level 1:colcon.colcon_core.package_identification:_identify(src) by extension 'colcon_meta'
[8.828s] Level 1:colcon.colcon_core.package_identification:_identify(src) by extensions ['ros']
[8.828s] Level 1:colcon.colcon_core.package_identification:_identify(src) by extension 'ros'
[8.828s] Level 1:colcon.colcon_core.package_identification:_identify(src) by extensions ['cmake', 'python']
[8.828s] Level 1:colcon.colcon_core.package_identification:_identify(src) by extension 'cmake'
[8.828s] Level 1:colcon.colcon_core.package_identification:_identify(src) by extension 'python'
[8.829s] Level 1:colcon.colcon_core.package_identification:_identify(src) by extensions ['python_setup_py']
[8.829s] Level 1:colcon.colcon_core.package_identification:_identify(src) by extension 'python_setup_py'
[8.829s] Level 1:colcon.colcon_core.package_identification:_identify(src/cpp01_launch) by extensions ['ignore', 'ignore_ament_install']
[8.829s] Level 1:colcon.colcon_core.package_identification:_identify(src/cpp01_launch) by extension 'ignore'
[8.829s] Level 1:colcon.colcon_core.package_identification:_identify(src/cpp01_launch) by extension 'ignore_ament_install'
[8.830s] Level 1:colcon.colcon_core.package_identification:_identify(src/cpp01_launch) by extensions ['colcon_pkg']
[8.830s] Level 1:colcon.colcon_core.package_identification:_identify(src/cpp01_launch) by extension 'colcon_pkg'
[8.830s] Level 1:colcon.colcon_core.package_identification:_identify(src/cpp01_launch) by extensions ['colcon_meta']
[8.830s] Level 1:colcon.colcon_core.package_identification:_identify(src/cpp01_launch) by extension 'colcon_meta'
[8.830s] Level 1:colcon.colcon_core.package_identification:_identify(src/cpp01_launch) by extensions ['ros']
[8.830s] Level 1:colcon.colcon_core.package_identification:_identify(src/cpp01_launch) by extension 'ros'
[8.865s] DEBUG:colcon.colcon_core.package_identification:Package 'src/cpp01_launch' with type 'ros.ament_cmake' and name 'cpp01_launch'
[8.866s] Level 1:colcon.colcon_core.package_identification:_identify(src/cpp02_rosbag) by extensions ['ignore', 'ignore_ament_install']
[8.866s] Level 1:colcon.colcon_core.package_identification:_identify(src/cpp02_rosbag) by extension 'ignore'
[8.867s] Level 1:colcon.colcon_core.package_identification:_identify(src/cpp02_rosbag) by extension 'ignore_ament_install'
[8.867s] Level 1:colcon.colcon_core.package_identification:_identify(src/cpp02_rosbag) by extensions ['colcon_pkg']
[8.867s] Level 1:colcon.colcon_core.package_identification:_identify(src/cpp02_rosbag) by extension 'colcon_pkg'
[8.867s] Level 1:colcon.colcon_core.package_identification:_identify(src/cpp02_rosbag) by extensions ['colcon_meta']
[8.867s] Level 1:colcon.colcon_core.package_identification:_identify(src/cpp02_rosbag) by extension 'colcon_meta'
[8.867s] Level 1:colcon.colcon_core.package_identification:_identify(src/cpp02_rosbag) by extensions ['ros']
[8.867s] Level 1:colcon.colcon_core.package_identification:_identify(src/cpp02_rosbag) by extension 'ros'
[8.881s] DEBUG:colcon.colcon_core.package_identification:Package 'src/cpp02_rosbag' with type 'ros.ament_cmake' and name 'cpp02_rosbag'
[8.881s] Level 1:colcon.colcon_core.package_identification:_identify(src/cpp03_tf_broadcaster) by extensions ['ignore', 'ignore_ament_install']
[8.882s] Level 1:colcon.colcon_core.package_identification:_identify(src/cpp03_tf_broadcaster) by extension 'ignore'
[8.882s] Level 1:colcon.colcon_core.package_identification:_identify(src/cpp03_tf_broadcaster) by extension 'ignore_ament_install'
[8.882s] Level 1:colcon.colcon_core.package_identification:_identify(src/cpp03_tf_broadcaster) by extensions ['colcon_pkg']
[8.882s] Level 1:colcon.colcon_core.package_identification:_identify(src/cpp03_tf_broadcaster) by extension 'colcon_pkg'
[8.882s] Level 1:colcon.colcon_core.package_identification:_identify(src/cpp03_tf_broadcaster) by extensions ['colcon_meta']
[8.882s] Level 1:colcon.colcon_core.package_identification:_identify(src/cpp03_tf_broadcaster) by extension 'colcon_meta'
[8.882s] Level 1:colcon.colcon_core.package_identification:_identify(src/cpp03_tf_broadcaster) by extensions ['ros']
[8.882s] Level 1:colcon.colcon_core.package_identification:_identify(src/cpp03_tf_broadcaster) by extension 'ros'
[8.900s] DEBUG:colcon.colcon_core.package_identification:Package 'src/cpp03_tf_broadcaster' with type 'ros.ament_cmake' and name 'cpp03_tf_broadcaster'
[8.901s] Level 1:colcon.colcon_core.package_identification:_identify(src/py01_launch) by extensions ['ignore', 'ignore_ament_install']
[8.901s] Level 1:colcon.colcon_core.package_identification:_identify(src/py01_launch) by extension 'ignore'
[8.901s] Level 1:colcon.colcon_core.package_identification:_identify(src/py01_launch) by extension 'ignore_ament_install'
[8.901s] Level 1:colcon.colcon_core.package_identification:_identify(src/py01_launch) by extensions ['colcon_pkg']
[8.902s] Level 1:colcon.colcon_core.package_identification:_identify(src/py01_launch) by extension 'colcon_pkg'
[8.902s] Level 1:colcon.colcon_core.package_identification:_identify(src/py01_launch) by extensions ['colcon_meta']
[8.902s] Level 1:colcon.colcon_core.package_identification:_identify(src/py01_launch) by extension 'colcon_meta'
[8.902s] Level 1:colcon.colcon_core.package_identification:_identify(src/py01_launch) by extensions ['ros']
[8.902s] Level 1:colcon.colcon_core.package_identification:_identify(src/py01_launch) by extension 'ros'
[8.920s] DEBUG:colcon.colcon_core.package_identification:Package 'src/py01_launch' with type 'ros.ament_python' and name 'py01_launch'
[8.920s] Level 1:colcon.colcon_core.package_identification:_identify(src/py02_rosbag) by extensions ['ignore', 'ignore_ament_install']
[8.921s] Level 1:colcon.colcon_core.package_identification:_identify(src/py02_rosbag) by extension 'ignore'
[8.921s] Level 1:colcon.colcon_core.package_identification:_identify(src/py02_rosbag) by extension 'ignore_ament_install'
[8.921s] Level 1:colcon.colcon_core.package_identification:_identify(src/py02_rosbag) by extensions ['colcon_pkg']
[8.921s] Level 1:colcon.colcon_core.package_identification:_identify(src/py02_rosbag) by extension 'colcon_pkg'
[8.921s] Level 1:colcon.colcon_core.package_identification:_identify(src/py02_rosbag) by extensions ['colcon_meta']
[8.921s] Level 1:colcon.colcon_core.package_identification:_identify(src/py02_rosbag) by extension 'colcon_meta'
[8.921s] Level 1:colcon.colcon_core.package_identification:_identify(src/py02_rosbag) by extensions ['ros']
[8.921s] Level 1:colcon.colcon_core.package_identification:_identify(src/py02_rosbag) by extension 'ros'
[8.940s] DEBUG:colcon.colcon_core.package_identification:Package 'src/py02_rosbag' with type 'ros.ament_python' and name 'py02_rosbag'
[8.940s] Level 1:colcon.colcon_core.package_identification:_identify(src/py03_tf_broadcaster) by extensions ['ignore', 'ignore_ament_install']
[8.941s] Level 1:colcon.colcon_core.package_identification:_identify(src/py03_tf_broadcaster) by extension 'ignore'
[8.941s] Level 1:colcon.colcon_core.package_identification:_identify(src/py03_tf_broadcaster) by extension 'ignore_ament_install'
[8.941s] Level 1:colcon.colcon_core.package_identification:_identify(src/py03_tf_broadcaster) by extensions ['colcon_pkg']
[8.941s] Level 1:colcon.colcon_core.package_identification:_identify(src/py03_tf_broadcaster) by extension 'colcon_pkg'
[8.941s] Level 1:colcon.colcon_core.package_identification:_identify(src/py03_tf_broadcaster) by extensions ['colcon_meta']
[8.941s] Level 1:colcon.colcon_core.package_identification:_identify(src/py03_tf_broadcaster) by extension 'colcon_meta'
[8.942s] Level 1:colcon.colcon_core.package_identification:_identify(src/py03_tf_broadcaster) by extensions ['ros']
[8.942s] Level 1:colcon.colcon_core.package_identification:_identify(src/py03_tf_broadcaster) by extension 'ros'
[8.944s] DEBUG:colcon.colcon_core.package_identification:Package 'src/py03_tf_broadcaster' with type 'ros.ament_python' and name 'py03_tf_broadcaster'
[8.944s] Level 1:colcon.colcon_core.package_discovery:discover_packages(recursive) using defaults
[8.944s] Level 1:colcon.colcon_core.package_discovery:discover_packages(ignore) discover
[8.944s] Level 1:colcon.colcon_core.package_discovery:discover_packages(ignore) using defaults
[8.944s] Level 1:colcon.colcon_core.package_discovery:discover_packages(path) discover
[8.944s] Level 1:colcon.colcon_core.package_discovery:discover_packages(path) using defaults
[9.090s] INFO:colcon.colcon_core.package_selection:Skipping not selected package 'cpp01_launch' in 'src/cpp01_launch'
[9.090s] INFO:colcon.colcon_core.package_selection:Skipping not selected package 'cpp02_rosbag' in 'src/cpp02_rosbag'
[9.090s] INFO:colcon.colcon_core.package_selection:Skipping not selected package 'py01_launch' in 'src/py01_launch'
[9.090s] INFO:colcon.colcon_core.package_selection:Skipping not selected package 'py02_rosbag' in 'src/py02_rosbag'
[9.090s] INFO:colcon.colcon_core.package_selection:Skipping not selected package 'py03_tf_broadcaster' in 'src/py03_tf_broadcaster'
[9.091s] Level 1:colcon.colcon_core.package_discovery:discover_packages(prefix_path) check parameters
[9.092s] Level 1:colcon.colcon_core.package_discovery:discover_packages(prefix_path) discover
[9.100s] DEBUG:colcon.colcon_installed_package_information.package_discovery:Found 404 installed packages in /opt/ros/humble
[9.104s] Level 1:colcon.colcon_core.package_discovery:discover_packages(prefix_path) using defaults
[9.197s] Level 5:colcon.colcon_core.verb:set package 'cpp03_tf_broadcaster' build argument 'cmake_args' from command line to 'None'
[9.197s] Level 5:colcon.colcon_core.verb:set package 'cpp03_tf_broadcaster' build argument 'cmake_target' from command line to 'None'
[9.198s] Level 5:colcon.colcon_core.verb:set package 'cpp03_tf_broadcaster' build argument 'cmake_target_skip_unavailable' from command line to 'False'
[9.198s] Level 5:colcon.colcon_core.verb:set package 'cpp03_tf_broadcaster' build argument 'cmake_clean_cache' from command line to 'False'
[9.198s] Level 5:colcon.colcon_core.verb:set package 'cpp03_tf_broadcaster' build argument 'cmake_clean_first' from command line to 'False'
[9.198s] Level 5:colcon.colcon_core.verb:set package 'cpp03_tf_broadcaster' build argument 'cmake_force_configure' from command line to 'False'
[9.198s] Level 5:colcon.colcon_core.verb:set package 'cpp03_tf_broadcaster' build argument 'ament_cmake_args' from command line to 'None'
[9.198s] Level 5:colcon.colcon_core.verb:set package 'cpp03_tf_broadcaster' build argument 'catkin_cmake_args' from command line to 'None'
[9.198s] Level 5:colcon.colcon_core.verb:set package 'cpp03_tf_broadcaster' build argument 'catkin_skip_building_tests' from command line to 'False'
[9.198s] DEBUG:colcon.colcon_core.verb:Building package 'cpp03_tf_broadcaster' with the following arguments: {'ament_cmake_args': None, 'build_base': '/home/zzw/ws02_tools/build/cpp03_tf_broadcaster', 'catkin_cmake_args': None, 'catkin_skip_building_tests': False, 'cmake_args': None, 'cmake_clean_cache': False, 'cmake_clean_first': False, 'cmake_force_configure': False, 'cmake_target': None, 'cmake_target_skip_unavailable': False, 'install_base': '/home/zzw/ws02_tools/install/cpp03_tf_broadcaster', 'merge_install': False, 'path': '/home/zzw/ws02_tools/src/cpp03_tf_broadcaster', 'symlink_install': False, 'test_result_base': None}
[9.199s] INFO:colcon.colcon_core.executor:Executing jobs using 'parallel' executor
[9.203s] DEBUG:colcon.colcon_parallel_executor.executor.parallel:run_until_complete
[9.204s] INFO:colcon.colcon_ros.task.ament_cmake.build:Building ROS package in '/home/zzw/ws02_tools/src/cpp03_tf_broadcaster' with build type 'ament_cmake'
[9.204s] INFO:colcon.colcon_cmake.task.cmake.build:Building CMake package in '/home/zzw/ws02_tools/src/cpp03_tf_broadcaster'
[9.250s] INFO:colcon.colcon_core.plugin_system:Skipping extension 'colcon_core.shell.bat': Not used on non-Windows systems
[9.251s] INFO:colcon.colcon_core.shell:Skip shell extension 'powershell' for command environment: Not usable outside of PowerShell
[9.251s] DEBUG:colcon.colcon_core.shell:Skip shell extension 'dsv' for command environment
[9.408s] DEBUG:colcon.colcon_core.event_handler.log_command:Invoking command in '/home/zzw/ws02_tools/build/cpp03_tf_broadcaster': CMAKE_PREFIX_PATH=/opt/ros/humble /usr/bin/cmake --build /home/zzw/ws02_tools/build/cpp03_tf_broadcaster -- -j8 -l8
[48.758s] DEBUG:colcon.colcon_core.event_handler.log_command:Invoked command in '/home/zzw/ws02_tools/build/cpp03_tf_broadcaster' returned '0': CMAKE_PREFIX_PATH=/opt/ros/humble /usr/bin/cmake --build /home/zzw/ws02_tools/build/cpp03_tf_broadcaster -- -j8 -l8
[48.948s] DEBUG:colcon.colcon_core.event_handler.log_command:Invoking command in '/home/zzw/ws02_tools/build/cpp03_tf_broadcaster': CMAKE_PREFIX_PATH=/opt/ros/humble /usr/bin/cmake --install /home/zzw/ws02_tools/build/cpp03_tf_broadcaster
[49.463s] Level 1:colcon.colcon_core.environment:create_environment_scripts_only(cpp03_tf_broadcaster)
[49.465s] DEBUG:colcon.colcon_core.event_handler.log_command:Invoked command in '/home/zzw/ws02_tools/build/cpp03_tf_broadcaster' returned '0': CMAKE_PREFIX_PATH=/opt/ros/humble /usr/bin/cmake --install /home/zzw/ws02_tools/build/cpp03_tf_broadcaster
[49.992s] Level 1:colcon.colcon_core.environment:checking '/home/zzw/ws02_tools/install/cpp03_tf_broadcaster' for CMake module files
[49.994s] Level 1:colcon.colcon_core.environment:checking '/home/zzw/ws02_tools/install/cpp03_tf_broadcaster' for CMake config files
[49.994s] Level 1:colcon.colcon_core.shell:create_environment_hook('cpp03_tf_broadcaster', 'cmake_prefix_path')
[49.996s] INFO:colcon.colcon_core.shell:Creating environment hook '/home/zzw/ws02_tools/install/cpp03_tf_broadcaster/share/cpp03_tf_broadcaster/hook/cmake_prefix_path.ps1'
[50.073s] INFO:colcon.colcon_core.shell:Creating environment descriptor '/home/zzw/ws02_tools/install/cpp03_tf_broadcaster/share/cpp03_tf_broadcaster/hook/cmake_prefix_path.dsv'
[50.104s] INFO:colcon.colcon_core.shell:Creating environment hook '/home/zzw/ws02_tools/install/cpp03_tf_broadcaster/share/cpp03_tf_broadcaster/hook/cmake_prefix_path.sh'
[50.127s] Level 1:colcon.colcon_core.environment:checking '/home/zzw/ws02_tools/install/cpp03_tf_broadcaster/lib'
[50.128s] Level 1:colcon.colcon_core.environment:checking '/home/zzw/ws02_tools/install/cpp03_tf_broadcaster/bin'
[50.128s] Level 1:colcon.colcon_core.environment:checking '/home/zzw/ws02_tools/install/cpp03_tf_broadcaster/lib/pkgconfig/cpp03_tf_broadcaster.pc'
[50.128s] Level 1:colcon.colcon_core.environment:checking '/home/zzw/ws02_tools/install/cpp03_tf_broadcaster/lib/python3.10/site-packages'
[50.128s] Level 1:colcon.colcon_core.environment:checking '/home/zzw/ws02_tools/install/cpp03_tf_broadcaster/bin'
[50.131s] INFO:colcon.colcon_core.shell:Creating package script '/home/zzw/ws02_tools/install/cpp03_tf_broadcaster/share/cpp03_tf_broadcaster/package.ps1'
[50.137s] INFO:colcon.colcon_core.shell:Creating package descriptor '/home/zzw/ws02_tools/install/cpp03_tf_broadcaster/share/cpp03_tf_broadcaster/package.dsv'
[50.172s] INFO:colcon.colcon_core.shell:Creating package script '/home/zzw/ws02_tools/install/cpp03_tf_broadcaster/share/cpp03_tf_broadcaster/package.sh'
[50.174s] INFO:colcon.colcon_core.shell:Creating package script '/home/zzw/ws02_tools/install/cpp03_tf_broadcaster/share/cpp03_tf_broadcaster/package.bash'
[50.248s] INFO:colcon.colcon_core.shell:Creating package script '/home/zzw/ws02_tools/install/cpp03_tf_broadcaster/share/cpp03_tf_broadcaster/package.zsh'
[50.268s] Level 1:colcon.colcon_core.environment:create_file_with_runtime_dependencies(/home/zzw/ws02_tools/install/cpp03_tf_broadcaster/share/colcon-core/packages/cpp03_tf_broadcaster)
[50.341s] Level 1:colcon.colcon_core.environment:create_environment_scripts_only(cpp03_tf_broadcaster)
[50.344s] Level 1:colcon.colcon_core.environment:checking '/home/zzw/ws02_tools/install/cpp03_tf_broadcaster' for CMake module files
[50.345s] Level 1:colcon.colcon_core.environment:checking '/home/zzw/ws02_tools/install/cpp03_tf_broadcaster' for CMake config files
[50.346s] Level 1:colcon.colcon_core.shell:create_environment_hook('cpp03_tf_broadcaster', 'cmake_prefix_path')
[50.348s] INFO:colcon.colcon_core.shell:Creating environment hook '/home/zzw/ws02_tools/install/cpp03_tf_broadcaster/share/cpp03_tf_broadcaster/hook/cmake_prefix_path.ps1'
[50.349s] INFO:colcon.colcon_core.shell:Creating environment descriptor '/home/zzw/ws02_tools/install/cpp03_tf_broadcaster/share/cpp03_tf_broadcaster/hook/cmake_prefix_path.dsv'
[50.349s] INFO:colcon.colcon_core.shell:Creating environment hook '/home/zzw/ws02_tools/install/cpp03_tf_broadcaster/share/cpp03_tf_broadcaster/hook/cmake_prefix_path.sh'
[50.350s] Level 1:colcon.colcon_core.environment:checking '/home/zzw/ws02_tools/install/cpp03_tf_broadcaster/lib'
[50.351s] Level 1:colcon.colcon_core.environment:checking '/home/zzw/ws02_tools/install/cpp03_tf_broadcaster/bin'
[50.351s] Level 1:colcon.colcon_core.environment:checking '/home/zzw/ws02_tools/install/cpp03_tf_broadcaster/lib/pkgconfig/cpp03_tf_broadcaster.pc'
[50.351s] Level 1:colcon.colcon_core.environment:checking '/home/zzw/ws02_tools/install/cpp03_tf_broadcaster/lib/python3.10/site-packages'
[50.351s] Level 1:colcon.colcon_core.environment:checking '/home/zzw/ws02_tools/install/cpp03_tf_broadcaster/bin'
[50.353s] INFO:colcon.colcon_core.shell:Creating package script '/home/zzw/ws02_tools/install/cpp03_tf_broadcaster/share/cpp03_tf_broadcaster/package.ps1'
[50.354s] INFO:colcon.colcon_core.shell:Creating package descriptor '/home/zzw/ws02_tools/install/cpp03_tf_broadcaster/share/cpp03_tf_broadcaster/package.dsv'
[50.355s] INFO:colcon.colcon_core.shell:Creating package script '/home/zzw/ws02_tools/install/cpp03_tf_broadcaster/share/cpp03_tf_broadcaster/package.sh'
[50.356s] INFO:colcon.colcon_core.shell:Creating package script '/home/zzw/ws02_tools/install/cpp03_tf_broadcaster/share/cpp03_tf_broadcaster/package.bash'
[50.357s] INFO:colcon.colcon_core.shell:Creating package script '/home/zzw/ws02_tools/install/cpp03_tf_broadcaster/share/cpp03_tf_broadcaster/package.zsh'
[50.358s] Level 1:colcon.colcon_core.environment:create_file_with_runtime_dependencies(/home/zzw/ws02_tools/install/cpp03_tf_broadcaster/share/colcon-core/packages/cpp03_tf_broadcaster)
[50.358s] DEBUG:colcon.colcon_parallel_executor.executor.parallel:closing loop
[50.359s] DEBUG:colcon.colcon_parallel_executor.executor.parallel:loop closed
[50.359s] DEBUG:colcon.colcon_parallel_executor.executor.parallel:run_until_complete finished with '0'
[50.359s] DEBUG:colcon.colcon_core.event_reactor:joining thread
[50.923s] INFO:colcon.colcon_core.plugin_system:Skipping extension 'colcon_notification.desktop_notification.terminal_notifier': Not used on non-Darwin systems
[50.923s] INFO:colcon.colcon_core.plugin_system:Skipping extension 'colcon_notification.desktop_notification.win32': Not used on non-Windows systems
[50.923s] INFO:colcon.colcon_notification.desktop_notification:Sending desktop notification using 'notify2'
[53.304s] DEBUG:colcon.colcon_core.event_reactor:joined thread
[53.306s] INFO:colcon.colcon_core.shell:Creating prefix script '/home/zzw/ws02_tools/install/local_setup.ps1'
[53.471s] INFO:colcon.colcon_core.shell:Creating prefix util module '/home/zzw/ws02_tools/install/_local_setup_util_ps1.py'
[53.497s] INFO:colcon.colcon_core.shell:Creating prefix chain script '/home/zzw/ws02_tools/install/setup.ps1'
[53.532s] INFO:colcon.colcon_core.shell:Creating prefix script '/home/zzw/ws02_tools/install/local_setup.sh'
[53.534s] INFO:colcon.colcon_core.shell:Creating prefix util module '/home/zzw/ws02_tools/install/_local_setup_util_sh.py'
[53.535s] INFO:colcon.colcon_core.shell:Creating prefix chain script '/home/zzw/ws02_tools/install/setup.sh'
[53.548s] INFO:colcon.colcon_core.shell:Creating prefix script '/home/zzw/ws02_tools/install/local_setup.bash'
[53.591s] INFO:colcon.colcon_core.shell:Creating prefix chain script '/home/zzw/ws02_tools/install/setup.bash'
[53.633s] INFO:colcon.colcon_core.shell:Creating prefix script '/home/zzw/ws02_tools/install/local_setup.zsh'
[53.641s] INFO:colcon.colcon_core.shell:Creating prefix chain script '/home/zzw/ws02_tools/install/setup.zsh'
