[0.102s] Invoking command in '/home/zzw/ws02_tools/build/cpp04_tf_listener': CMAKE_PREFIX_PATH=/opt/ros/humble /usr/bin/cmake --build /home/zzw/ws02_tools/build/cpp04_tf_listener -- -j8 -l8
[2.267s] [35m[1mConsolidate compiler generated dependencies of target demo02_msg_filter[0m
[2.286s] [ 25%] [32mBuilding CXX object CMakeFiles/demo02_msg_filter.dir/src/demo02_msg_filter.cpp.o[0m
[2.342s] [35m[1mConsolidate compiler generated dependencies of target demo01_tf_listener[0m
[2.363s] [ 75%] Built target demo01_tf_listener
[16.626s] [100%] [32m[1mLinking CXX executable demo02_msg_filter[0m
[19.464s] [100%] Built target demo02_msg_filter
[19.474s] Invoked command in '/home/zzw/ws02_tools/build/cpp04_tf_listener' returned '0': CMAKE_PREFIX_PATH=/opt/ros/humble /usr/bin/cmake --build /home/zzw/ws02_tools/build/cpp04_tf_listener -- -j8 -l8
[19.511s] Invoking command in '/home/zzw/ws02_tools/build/cpp04_tf_listener': CMAKE_PREFIX_PATH=/opt/ros/humble /usr/bin/cmake --install /home/zzw/ws02_tools/build/cpp04_tf_listener
[19.547s] -- Install configuration: ""
[19.611s] -- Up-to-date: /home/zzw/ws02_tools/install/cpp04_tf_listener/lib/cpp04_tf_listener/demo01_tf_listener
[19.629s] -- Installing: /home/zzw/ws02_tools/install/cpp04_tf_listener/lib/cpp04_tf_listener/demo02_msg_filter
[19.634s] -- Set runtime path of "/home/zzw/ws02_tools/install/cpp04_tf_listener/lib/cpp04_tf_listener/demo02_msg_filter" to ""
[19.634s] -- Up-to-date: /home/zzw/ws02_tools/install/cpp04_tf_listener/share/ament_index/resource_index/package_run_dependencies/cpp04_tf_listener
[19.634s] -- Up-to-date: /home/zzw/ws02_tools/install/cpp04_tf_listener/share/ament_index/resource_index/parent_prefix_path/cpp04_tf_listener
[19.635s] -- Up-to-date: /home/zzw/ws02_tools/install/cpp04_tf_listener/share/cpp04_tf_listener/environment/ament_prefix_path.sh
[19.635s] -- Up-to-date: /home/zzw/ws02_tools/install/cpp04_tf_listener/share/cpp04_tf_listener/environment/ament_prefix_path.dsv
[19.636s] -- Up-to-date: /home/zzw/ws02_tools/install/cpp04_tf_listener/share/cpp04_tf_listener/environment/path.sh
[19.636s] -- Up-to-date: /home/zzw/ws02_tools/install/cpp04_tf_listener/share/cpp04_tf_listener/environment/path.dsv
[19.636s] -- Up-to-date: /home/zzw/ws02_tools/install/cpp04_tf_listener/share/cpp04_tf_listener/local_setup.bash
[19.636s] -- Up-to-date: /home/zzw/ws02_tools/install/cpp04_tf_listener/share/cpp04_tf_listener/local_setup.sh
[19.636s] -- Up-to-date: /home/zzw/ws02_tools/install/cpp04_tf_listener/share/cpp04_tf_listener/local_setup.zsh
[19.636s] -- Up-to-date: /home/zzw/ws02_tools/install/cpp04_tf_listener/share/cpp04_tf_listener/local_setup.dsv
[19.636s] -- Installing: /home/zzw/ws02_tools/install/cpp04_tf_listener/share/cpp04_tf_listener/package.dsv
[19.674s] -- Up-to-date: /home/zzw/ws02_tools/install/cpp04_tf_listener/share/ament_index/resource_index/packages/cpp04_tf_listener
[19.675s] -- Up-to-date: /home/zzw/ws02_tools/install/cpp04_tf_listener/share/cpp04_tf_listener/cmake/cpp04_tf_listenerConfig.cmake
[19.675s] -- Up-to-date: /home/zzw/ws02_tools/install/cpp04_tf_listener/share/cpp04_tf_listener/cmake/cpp04_tf_listenerConfig-version.cmake
[19.675s] -- Up-to-date: /home/zzw/ws02_tools/install/cpp04_tf_listener/share/cpp04_tf_listener/package.xml
[19.678s] Invoked command in '/home/zzw/ws02_tools/build/cpp04_tf_listener' returned '0': CMAKE_PREFIX_PATH=/opt/ros/humble /usr/bin/cmake --install /home/zzw/ws02_tools/build/cpp04_tf_listener
