[0.052s] Invoking command in '/home/zzw/ws02_tools/build/cpp06_urdf': CMAKE_PREFIX_PATH=${CMAKE_PREFIX_PATH}:/home/zzw/ws02_tools/install/py05_exercise:/home/zzw/ws02_tools/install/py04_tf_listener:/home/zzw/ws02_tools/install/py03_tf_broadcaster:/home/zzw/ws02_tools/install/py02_rosbag:/home/zzw/ws02_tools/install/py01_launch:/opt/ros/humble /usr/bin/cmake --build /home/zzw/ws02_tools/build/cpp06_urdf -- -j8 -l8
[0.119s] Invoked command in '/home/zzw/ws02_tools/build/cpp06_urdf' returned '0': CMAKE_PREFIX_PATH=${CMAKE_PREFIX_PATH}:/home/zzw/ws02_tools/install/py05_exercise:/home/zzw/ws02_tools/install/py04_tf_listener:/home/zzw/ws02_tools/install/py03_tf_broadcaster:/home/zzw/ws02_tools/install/py02_rosbag:/home/zzw/ws02_tools/install/py01_launch:/opt/ros/humble /usr/bin/cmake --build /home/zzw/ws02_tools/build/cpp06_urdf -- -j8 -l8
[0.168s] Invoking command in '/home/zzw/ws02_tools/build/cpp06_urdf': CMAKE_PREFIX_PATH=${CMAKE_PREFIX_PATH}:/home/zzw/ws02_tools/install/py05_exercise:/home/zzw/ws02_tools/install/py04_tf_listener:/home/zzw/ws02_tools/install/py03_tf_broadcaster:/home/zzw/ws02_tools/install/py02_rosbag:/home/zzw/ws02_tools/install/py01_launch:/opt/ros/humble /usr/bin/cmake --install /home/zzw/ws02_tools/build/cpp06_urdf
[0.179s] -- Install configuration: ""
[0.180s] -- Up-to-date: /home/zzw/ws02_tools/install/cpp06_urdf/share/cpp06_urdf/launch
[0.181s] -- Installing: /home/zzw/ws02_tools/install/cpp06_urdf/share/cpp06_urdf/launch/display.launch.py
[0.181s] -- Up-to-date: /home/zzw/ws02_tools/install/cpp06_urdf/share/cpp06_urdf/rviz
[0.182s] -- Installing: /home/zzw/ws02_tools/install/cpp06_urdf/share/cpp06_urdf/rviz/urdf.rviz
[0.182s] -- Up-to-date: /home/zzw/ws02_tools/install/cpp06_urdf/share/cpp06_urdf/urdf
[0.182s] -- Up-to-date: /home/zzw/ws02_tools/install/cpp06_urdf/share/cpp06_urdf/urdf/urdf
[0.182s] -- Up-to-date: /home/zzw/ws02_tools/install/cpp06_urdf/share/cpp06_urdf/urdf/urdf/demo01_helloworld.urdf
[0.182s] -- Up-to-date: /home/zzw/ws02_tools/install/cpp06_urdf/share/cpp06_urdf/urdf/xacro
[0.183s] -- Up-to-date: /home/zzw/ws02_tools/install/cpp06_urdf/share/cpp06_urdf/meshes
[0.183s] -- Up-to-date: /home/zzw/ws02_tools/install/cpp06_urdf/share/ament_index/resource_index/package_run_dependencies/cpp06_urdf
[0.183s] -- Up-to-date: /home/zzw/ws02_tools/install/cpp06_urdf/share/ament_index/resource_index/parent_prefix_path/cpp06_urdf
[0.183s] -- Up-to-date: /home/zzw/ws02_tools/install/cpp06_urdf/share/cpp06_urdf/environment/ament_prefix_path.sh
[0.183s] -- Up-to-date: /home/zzw/ws02_tools/install/cpp06_urdf/share/cpp06_urdf/environment/ament_prefix_path.dsv
[0.183s] -- Up-to-date: /home/zzw/ws02_tools/install/cpp06_urdf/share/cpp06_urdf/environment/path.sh
[0.183s] -- Up-to-date: /home/zzw/ws02_tools/install/cpp06_urdf/share/cpp06_urdf/environment/path.dsv
[0.183s] -- Up-to-date: /home/zzw/ws02_tools/install/cpp06_urdf/share/cpp06_urdf/local_setup.bash
[0.184s] -- Up-to-date: /home/zzw/ws02_tools/install/cpp06_urdf/share/cpp06_urdf/local_setup.sh
[0.184s] -- Up-to-date: /home/zzw/ws02_tools/install/cpp06_urdf/share/cpp06_urdf/local_setup.zsh
[0.185s] -- Up-to-date: /home/zzw/ws02_tools/install/cpp06_urdf/share/cpp06_urdf/local_setup.dsv
[0.185s] -- Installing: /home/zzw/ws02_tools/install/cpp06_urdf/share/cpp06_urdf/package.dsv
[0.185s] -- Up-to-date: /home/zzw/ws02_tools/install/cpp06_urdf/share/ament_index/resource_index/packages/cpp06_urdf
[0.186s] -- Up-to-date: /home/zzw/ws02_tools/install/cpp06_urdf/share/cpp06_urdf/cmake/cpp06_urdfConfig.cmake
[0.187s] -- Up-to-date: /home/zzw/ws02_tools/install/cpp06_urdf/share/cpp06_urdf/cmake/cpp06_urdfConfig-version.cmake
[0.192s] -- Up-to-date: /home/zzw/ws02_tools/install/cpp06_urdf/share/cpp06_urdf/package.xml
[0.198s] Invoked command in '/home/zzw/ws02_tools/build/cpp06_urdf' returned '0': CMAKE_PREFIX_PATH=${CMAKE_PREFIX_PATH}:/home/zzw/ws02_tools/install/py05_exercise:/home/zzw/ws02_tools/install/py04_tf_listener:/home/zzw/ws02_tools/install/py03_tf_broadcaster:/home/zzw/ws02_tools/install/py02_rosbag:/home/zzw/ws02_tools/install/py01_launch:/opt/ros/humble /usr/bin/cmake --install /home/zzw/ws02_tools/build/cpp06_urdf
