[0.207s] Invoking command in '/home/zzw/ws02_tools/build/cpp02_rosbag': CMAKE_PREFIX_PATH=/opt/ros/humble /usr/bin/cmake --build /home/zzw/ws02_tools/build/cpp02_rosbag -- -j8 -l8
[3.456s] -- Found ament_cmake: 1.3.3 (/opt/ros/humble/share/ament_cmake/cmake)
[4.104s] -- Found rclcpp: 16.0.2 (/opt/ros/humble/share/rclcpp/cmake)
[5.111s] -- Found rosidl_generator_c: 3.1.4 (/opt/ros/humble/share/rosidl_generator_c/cmake)
[5.128s] -- Found rosidl_adapter: 3.1.4 (/opt/ros/humble/share/rosidl_adapter/cmake)
[5.155s] -- Found rosidl_generator_cpp: 3.1.4 (/opt/ros/humble/share/rosidl_generator_cpp/cmake)
[5.241s] -- Using all available rosidl_typesupport_c: rosidl_typesupport_fastrtps_c;rosidl_typesupport_introspection_c
[5.290s] -- Using all available rosidl_typesupport_cpp: rosidl_typesupport_fastrtps_cpp;rosidl_typesupport_introspection_cpp
[5.496s] -- Found rmw_implementation_cmake: 6.1.1 (/opt/ros/humble/share/rmw_implementation_cmake/cmake)
[5.517s] -- Found rmw_fastrtps_cpp: 6.2.2 (/opt/ros/humble/share/rmw_fastrtps_cpp/cmake)
[25.194s] -- Using RMW implementation 'rmw_fastrtps_cpp' as default
[25.657s] -- Found rosbag2_cpp: 0.15.3 (/opt/ros/humble/share/rosbag2_cpp/cmake)
[30.143s] -- Found geometry_msgs: 4.2.2 (/opt/ros/humble/share/geometry_msgs/cmake)
[30.224s] [31mCMake Error at /opt/ros/humble/share/ament_cmake_target_dependencies/cmake/ament_target_dependencies.cmake:42 (message):
[30.224s]   ament_target_dependencies() the first argument must be a valid target name
[30.225s] Call Stack (most recent call first):
[30.225s]   CMakeLists.txt:26 (ament_target_dependencies)
[30.225s] 
[30.226s] [0m
[30.226s] -- Configuring incomplete, errors occurred!
[30.226s] See also "/home/zzw/ws02_tools/build/cpp02_rosbag/CMakeFiles/CMakeOutput.log".
[30.384s] gmake: *** [Makefile:267: cmake_check_build_system] Error 1
[30.389s] Invoked command in '/home/zzw/ws02_tools/build/cpp02_rosbag' returned '2': CMAKE_PREFIX_PATH=/opt/ros/humble /usr/bin/cmake --build /home/zzw/ws02_tools/build/cpp02_rosbag -- -j8 -l8
