[0.975s] Invoking command in '/home/zzw/ws02_tools/src/py01_launch': PYTHONPATH=/home/zzw/ws02_tools/build/py01_launch/prefix_override:/home/zzw/ws02_tools/install/py01_launch/lib/python3.10/site-packages:${PYTHONPATH} /usr/bin/python3 setup.py egg_info --egg-base ../../build/py01_launch build --build-base /home/zzw/ws02_tools/build/py01_launch/build install --record /home/zzw/ws02_tools/build/py01_launch/install.log --single-version-externally-managed
[1.246s] running egg_info
[1.247s] writing ../../build/py01_launch/py01_launch.egg-info/PKG-INFO
[1.248s] writing dependency_links to ../../build/py01_launch/py01_launch.egg-info/dependency_links.txt
[1.249s] writing entry points to ../../build/py01_launch/py01_launch.egg-info/entry_points.txt
[1.250s] writing requirements to ../../build/py01_launch/py01_launch.egg-info/requires.txt
[1.250s] writing top-level names to ../../build/py01_launch/py01_launch.egg-info/top_level.txt
[1.254s] reading manifest file '../../build/py01_launch/py01_launch.egg-info/SOURCES.txt'
[1.256s] writing manifest file '../../build/py01_launch/py01_launch.egg-info/SOURCES.txt'
[1.256s] running build
[1.257s] running build_py
[1.257s] running install
[1.257s] /usr/lib/python3/dist-packages/setuptools/command/install.py:34: SetuptoolsDeprecationWarning: setup.py install is deprecated. Use build and pip and other standards-based tools.
[1.258s]   warnings.warn(
[1.258s] running install_lib
[1.260s] running install_data
[1.261s] running install_egg_info
[1.263s] removing '/home/zzw/ws02_tools/install/py01_launch/lib/python3.10/site-packages/py01_launch-0.0.0-py3.10.egg-info' (and everything under it)
[1.264s] Copying ../../build/py01_launch/py01_launch.egg-info to /home/zzw/ws02_tools/install/py01_launch/lib/python3.10/site-packages/py01_launch-0.0.0-py3.10.egg-info
[1.269s] running install_scripts
[1.299s] writing list of installed files to '/home/zzw/ws02_tools/build/py01_launch/install.log'
[1.347s] Invoked command in '/home/zzw/ws02_tools/src/py01_launch' returned '0': PYTHONPATH=/home/zzw/ws02_tools/build/py01_launch/prefix_override:/home/zzw/ws02_tools/install/py01_launch/lib/python3.10/site-packages:${PYTHONPATH} /usr/bin/python3 setup.py egg_info --egg-base ../../build/py01_launch build --build-base /home/zzw/ws02_tools/build/py01_launch/build install --record /home/zzw/ws02_tools/build/py01_launch/install.log --single-version-externally-managed
