running egg_info
writing ../../build/py03_tf_broadcaster/py03_tf_broadcaster.egg-info/PKG-INFO
writing dependency_links to ../../build/py03_tf_broadcaster/py03_tf_broadcaster.egg-info/dependency_links.txt
writing entry points to ../../build/py03_tf_broadcaster/py03_tf_broadcaster.egg-info/entry_points.txt
writing requirements to ../../build/py03_tf_broadcaster/py03_tf_broadcaster.egg-info/requires.txt
writing top-level names to ../../build/py03_tf_broadcaster/py03_tf_broadcaster.egg-info/top_level.txt
reading manifest file '../../build/py03_tf_broadcaster/py03_tf_broadcaster.egg-info/SOURCES.txt'
writing manifest file '../../build/py03_tf_broadcaster/py03_tf_broadcaster.egg-info/SOURCES.txt'
running build
running build_py
copying py03_tf_broadcaster/demo01_tf_static_broadcaster_py.py -> /home/zzw/ws02_tools/build/py03_tf_broadcaster/build/lib/py03_tf_broadcaster
running install
/usr/lib/python3/dist-packages/setuptools/command/install.py:34: SetuptoolsDeprecationWarning: setup.py install is deprecated. Use build and pip and other standards-based tools.
  warnings.warn(
running install_lib
copying /home/zzw/ws02_tools/build/py03_tf_broadcaster/build/lib/py03_tf_broadcaster/demo01_tf_static_broadcaster_py.py -> /home/zzw/ws02_tools/install/py03_tf_broadcaster/lib/python3.10/site-packages/py03_tf_broadcaster
byte-compiling /home/zzw/ws02_tools/install/py03_tf_broadcaster/lib/python3.10/site-packages/py03_tf_broadcaster/demo01_tf_static_broadcaster_py.py to demo01_tf_static_broadcaster_py.cpython-310.pyc
running install_data
running install_egg_info
removing '/home/zzw/ws02_tools/install/py03_tf_broadcaster/lib/python3.10/site-packages/py03_tf_broadcaster-0.0.0-py3.10.egg-info' (and everything under it)
Copying ../../build/py03_tf_broadcaster/py03_tf_broadcaster.egg-info to /home/zzw/ws02_tools/install/py03_tf_broadcaster/lib/python3.10/site-packages/py03_tf_broadcaster-0.0.0-py3.10.egg-info
running install_scripts
Installing demo01_tf_static_broadcaster_py script to /home/zzw/ws02_tools/install/py03_tf_broadcaster/lib/py03_tf_broadcaster
writing list of installed files to '/home/zzw/ws02_tools/build/py03_tf_broadcaster/install.log'
