[1.703s] Invoking command in '/home/zzw/ws02_tools/src/py01_launch': PYTHONPATH=/home/zzw/ws02_tools/build/py01_launch/prefix_override:/home/zzw/ws02_tools/install/py01_launch/lib/python3.10/site-packages:${PYTHONPATH} /usr/bin/python3 setup.py egg_info --egg-base ../../build/py01_launch build --build-base /home/zzw/ws02_tools/build/py01_launch/build install --record /home/zzw/ws02_tools/build/py01_launch/install.log --single-version-externally-managed
[1.969s] running egg_info
[1.969s] writing ../../build/py01_launch/py01_launch.egg-info/PKG-INFO
[1.970s] writing dependency_links to ../../build/py01_launch/py01_launch.egg-info/dependency_links.txt
[1.970s] writing entry points to ../../build/py01_launch/py01_launch.egg-info/entry_points.txt
[1.971s] writing requirements to ../../build/py01_launch/py01_launch.egg-info/requires.txt
[1.971s] writing top-level names to ../../build/py01_launch/py01_launch.egg-info/top_level.txt
[1.973s] reading manifest file '../../build/py01_launch/py01_launch.egg-info/SOURCES.txt'
[2.001s] writing manifest file '../../build/py01_launch/py01_launch.egg-info/SOURCES.txt'
[2.002s] running build
[2.002s] running build_py
[2.002s] running install
[2.023s] /usr/lib/python3/dist-packages/setuptools/command/install.py:34: SetuptoolsDeprecationWarning: setup.py install is deprecated. Use build and pip and other standards-based tools.
[2.023s]   warnings.warn(
[2.024s] running install_lib
[2.025s] running install_data
[2.026s] copying package.xml -> /home/zzw/ws02_tools/install/py01_launch/share/py01_launch
[2.026s] copying launch/py/py01_helloworld_launch.py -> /home/zzw/ws02_tools/install/py01_launch/share/py01_launch
[2.027s] copying launch/xml/xml01_helloworld_launch.xml -> /home/zzw/ws02_tools/install/py01_launch/share/py01_launch
[2.027s] copying launch/yaml/yaml01_helloworld_launch.yaml -> /home/zzw/ws02_tools/install/py01_launch/share/py01_launch
[2.027s] running install_egg_info
[2.029s] removing '/home/zzw/ws02_tools/install/py01_launch/lib/python3.10/site-packages/py01_launch-0.0.0-py3.10.egg-info' (and everything under it)
[2.030s] Copying ../../build/py01_launch/py01_launch.egg-info to /home/zzw/ws02_tools/install/py01_launch/lib/python3.10/site-packages/py01_launch-0.0.0-py3.10.egg-info
[2.051s] running install_scripts
[2.075s] writing list of installed files to '/home/zzw/ws02_tools/build/py01_launch/install.log'
[2.119s] Invoked command in '/home/zzw/ws02_tools/src/py01_launch' returned '0': PYTHONPATH=/home/zzw/ws02_tools/build/py01_launch/prefix_override:/home/zzw/ws02_tools/install/py01_launch/lib/python3.10/site-packages:${PYTHONPATH} /usr/bin/python3 setup.py egg_info --egg-base ../../build/py01_launch build --build-base /home/zzw/ws02_tools/build/py01_launch/build install --record /home/zzw/ws02_tools/build/py01_launch/install.log --single-version-externally-managed
