[4.706s] DEBUG:colcon:Command line arguments: ['/usr/bin/colcon', 'build', '--packages-select', 'cpp05_exercise']
[4.706s] DEBUG:colcon:Parsed command line arguments: Namespace(log_base=None, log_level=None, verb_name='build', build_base='build', install_base='install', merge_install=False, symlink_install=False, test_result_base=None, continue_on_error=False, executor='parallel', parallel_workers=8, event_handlers=None, ignore_user_meta=False, metas=['./colcon.meta'], base_paths=['.'], packages_ignore=None, packages_ignore_regex=None, paths=None, packages_up_to=None, packages_up_to_regex=None, packages_above=None, packages_above_and_dependencies=None, packages_above_depth=None, packages_select_by_dep=None, packages_skip_by_dep=None, packages_skip_up_to=None, packages_select_build_failed=False, packages_skip_build_finished=False, packages_select_test_failures=False, packages_skip_test_passed=False, packages_select=['cpp05_exercise'], packages_skip=None, packages_select_regex=None, packages_skip_regex=None, packages_start=None, packages_end=None, allow_overriding=[], cmake_args=None, cmake_target=None, cmake_target_skip_unavailable=False, cmake_clean_cache=False, cmake_clean_first=False, cmake_force_configure=False, ament_cmake_args=None, catkin_cmake_args=None, catkin_skip_building_tests=False, verb_parser=<colcon_defaults.argument_parser.defaults.DefaultArgumentsDecorator object at 0x7fe9bfc0aef0>, verb_extension=<colcon_core.verb.build.BuildVerb object at 0x7fe9c0415a20>, main=<bound method BuildVerb.main of <colcon_core.verb.build.BuildVerb object at 0x7fe9c0415a20>>)
[4.940s] Level 1:colcon.colcon_core.package_discovery:discover_packages(colcon_meta) check parameters
[4.941s] Level 1:colcon.colcon_core.package_discovery:discover_packages(recursive) check parameters
[4.941s] Level 1:colcon.colcon_core.package_discovery:discover_packages(ignore) check parameters
[4.941s] Level 1:colcon.colcon_core.package_discovery:discover_packages(path) check parameters
[4.941s] Level 1:colcon.colcon_core.package_discovery:discover_packages(colcon_meta) discover
[4.941s] Level 1:colcon.colcon_core.package_discovery:discover_packages(recursive) discover
[4.941s] INFO:colcon.colcon_core.package_discovery:Crawling recursively for packages in '/home/zzw/ws02_tools'
[4.942s] Level 1:colcon.colcon_core.package_identification:_identify(.) by extensions ['ignore', 'ignore_ament_install']
[4.942s] Level 1:colcon.colcon_core.package_identification:_identify(.) by extension 'ignore'
[4.942s] Level 1:colcon.colcon_core.package_identification:_identify(.) by extension 'ignore_ament_install'
[4.942s] Level 1:colcon.colcon_core.package_identification:_identify(.) by extensions ['colcon_pkg']
[4.942s] Level 1:colcon.colcon_core.package_identification:_identify(.) by extension 'colcon_pkg'
[4.942s] Level 1:colcon.colcon_core.package_identification:_identify(.) by extensions ['colcon_meta']
[4.942s] Level 1:colcon.colcon_core.package_identification:_identify(.) by extension 'colcon_meta'
[4.942s] Level 1:colcon.colcon_core.package_identification:_identify(.) by extensions ['ros']
[4.943s] Level 1:colcon.colcon_core.package_identification:_identify(.) by extension 'ros'
[5.017s] Level 1:colcon.colcon_core.package_identification:_identify(.) by extensions ['cmake', 'python']
[5.018s] Level 1:colcon.colcon_core.package_identification:_identify(.) by extension 'cmake'
[5.018s] Level 1:colcon.colcon_core.package_identification:_identify(.) by extension 'python'
[5.018s] Level 1:colcon.colcon_core.package_identification:_identify(.) by extensions ['python_setup_py']
[5.018s] Level 1:colcon.colcon_core.package_identification:_identify(.) by extension 'python_setup_py'
[5.019s] Level 1:colcon.colcon_core.package_identification:_identify(build) by extensions ['ignore', 'ignore_ament_install']
[5.019s] Level 1:colcon.colcon_core.package_identification:_identify(build) by extension 'ignore'
[5.020s] Level 1:colcon.colcon_core.package_identification:_identify(build) ignored
[5.020s] Level 1:colcon.colcon_core.package_identification:_identify(install) by extensions ['ignore', 'ignore_ament_install']
[5.020s] Level 1:colcon.colcon_core.package_identification:_identify(install) by extension 'ignore'
[5.021s] Level 1:colcon.colcon_core.package_identification:_identify(install) ignored
[5.021s] Level 1:colcon.colcon_core.package_identification:_identify(log) by extensions ['ignore', 'ignore_ament_install']
[5.021s] Level 1:colcon.colcon_core.package_identification:_identify(log) by extension 'ignore'
[5.021s] Level 1:colcon.colcon_core.package_identification:_identify(log) ignored
[5.022s] Level 1:colcon.colcon_core.package_identification:_identify(my_bag) by extensions ['ignore', 'ignore_ament_install']
[5.022s] Level 1:colcon.colcon_core.package_identification:_identify(my_bag) by extension 'ignore'
[5.022s] Level 1:colcon.colcon_core.package_identification:_identify(my_bag) by extension 'ignore_ament_install'
[5.022s] Level 1:colcon.colcon_core.package_identification:_identify(my_bag) by extensions ['colcon_pkg']
[5.022s] Level 1:colcon.colcon_core.package_identification:_identify(my_bag) by extension 'colcon_pkg'
[5.023s] Level 1:colcon.colcon_core.package_identification:_identify(my_bag) by extensions ['colcon_meta']
[5.023s] Level 1:colcon.colcon_core.package_identification:_identify(my_bag) by extension 'colcon_meta'
[5.023s] Level 1:colcon.colcon_core.package_identification:_identify(my_bag) by extensions ['ros']
[5.023s] Level 1:colcon.colcon_core.package_identification:_identify(my_bag) by extension 'ros'
[5.023s] Level 1:colcon.colcon_core.package_identification:_identify(my_bag) by extensions ['cmake', 'python']
[5.023s] Level 1:colcon.colcon_core.package_identification:_identify(my_bag) by extension 'cmake'
[5.023s] Level 1:colcon.colcon_core.package_identification:_identify(my_bag) by extension 'python'
[5.023s] Level 1:colcon.colcon_core.package_identification:_identify(my_bag) by extensions ['python_setup_py']
[5.023s] Level 1:colcon.colcon_core.package_identification:_identify(my_bag) by extension 'python_setup_py'
[5.024s] Level 1:colcon.colcon_core.package_identification:_identify(my_bag_py) by extensions ['ignore', 'ignore_ament_install']
[5.024s] Level 1:colcon.colcon_core.package_identification:_identify(my_bag_py) by extension 'ignore'
[5.024s] Level 1:colcon.colcon_core.package_identification:_identify(my_bag_py) by extension 'ignore_ament_install'
[5.024s] Level 1:colcon.colcon_core.package_identification:_identify(my_bag_py) by extensions ['colcon_pkg']
[5.025s] Level 1:colcon.colcon_core.package_identification:_identify(my_bag_py) by extension 'colcon_pkg'
[5.025s] Level 1:colcon.colcon_core.package_identification:_identify(my_bag_py) by extensions ['colcon_meta']
[5.025s] Level 1:colcon.colcon_core.package_identification:_identify(my_bag_py) by extension 'colcon_meta'
[5.025s] Level 1:colcon.colcon_core.package_identification:_identify(my_bag_py) by extensions ['ros']
[5.025s] Level 1:colcon.colcon_core.package_identification:_identify(my_bag_py) by extension 'ros'
[5.025s] Level 1:colcon.colcon_core.package_identification:_identify(my_bag_py) by extensions ['cmake', 'python']
[5.025s] Level 1:colcon.colcon_core.package_identification:_identify(my_bag_py) by extension 'cmake'
[5.026s] Level 1:colcon.colcon_core.package_identification:_identify(my_bag_py) by extension 'python'
[5.026s] Level 1:colcon.colcon_core.package_identification:_identify(my_bag_py) by extensions ['python_setup_py']
[5.026s] Level 1:colcon.colcon_core.package_identification:_identify(my_bag_py) by extension 'python_setup_py'
[5.026s] Level 1:colcon.colcon_core.package_identification:_identify(src) by extensions ['ignore', 'ignore_ament_install']
[5.026s] Level 1:colcon.colcon_core.package_identification:_identify(src) by extension 'ignore'
[5.026s] Level 1:colcon.colcon_core.package_identification:_identify(src) by extension 'ignore_ament_install'
[5.027s] Level 1:colcon.colcon_core.package_identification:_identify(src) by extensions ['colcon_pkg']
[5.027s] Level 1:colcon.colcon_core.package_identification:_identify(src) by extension 'colcon_pkg'
[5.027s] Level 1:colcon.colcon_core.package_identification:_identify(src) by extensions ['colcon_meta']
[5.027s] Level 1:colcon.colcon_core.package_identification:_identify(src) by extension 'colcon_meta'
[5.027s] Level 1:colcon.colcon_core.package_identification:_identify(src) by extensions ['ros']
[5.027s] Level 1:colcon.colcon_core.package_identification:_identify(src) by extension 'ros'
[5.027s] Level 1:colcon.colcon_core.package_identification:_identify(src) by extensions ['cmake', 'python']
[5.028s] Level 1:colcon.colcon_core.package_identification:_identify(src) by extension 'cmake'
[5.028s] Level 1:colcon.colcon_core.package_identification:_identify(src) by extension 'python'
[5.028s] Level 1:colcon.colcon_core.package_identification:_identify(src) by extensions ['python_setup_py']
[5.028s] Level 1:colcon.colcon_core.package_identification:_identify(src) by extension 'python_setup_py'
[5.028s] Level 1:colcon.colcon_core.package_identification:_identify(src/cpp01_launch) by extensions ['ignore', 'ignore_ament_install']
[5.029s] Level 1:colcon.colcon_core.package_identification:_identify(src/cpp01_launch) by extension 'ignore'
[5.029s] Level 1:colcon.colcon_core.package_identification:_identify(src/cpp01_launch) by extension 'ignore_ament_install'
[5.029s] Level 1:colcon.colcon_core.package_identification:_identify(src/cpp01_launch) by extensions ['colcon_pkg']
[5.029s] Level 1:colcon.colcon_core.package_identification:_identify(src/cpp01_launch) by extension 'colcon_pkg'
[5.029s] Level 1:colcon.colcon_core.package_identification:_identify(src/cpp01_launch) by extensions ['colcon_meta']
[5.029s] Level 1:colcon.colcon_core.package_identification:_identify(src/cpp01_launch) by extension 'colcon_meta'
[5.029s] Level 1:colcon.colcon_core.package_identification:_identify(src/cpp01_launch) by extensions ['ros']
[5.029s] Level 1:colcon.colcon_core.package_identification:_identify(src/cpp01_launch) by extension 'ros'
[5.050s] DEBUG:colcon.colcon_core.package_identification:Package 'src/cpp01_launch' with type 'ros.ament_cmake' and name 'cpp01_launch'
[5.051s] Level 1:colcon.colcon_core.package_identification:_identify(src/cpp02_rosbag) by extensions ['ignore', 'ignore_ament_install']
[5.051s] Level 1:colcon.colcon_core.package_identification:_identify(src/cpp02_rosbag) by extension 'ignore'
[5.051s] Level 1:colcon.colcon_core.package_identification:_identify(src/cpp02_rosbag) by extension 'ignore_ament_install'
[5.051s] Level 1:colcon.colcon_core.package_identification:_identify(src/cpp02_rosbag) by extensions ['colcon_pkg']
[5.051s] Level 1:colcon.colcon_core.package_identification:_identify(src/cpp02_rosbag) by extension 'colcon_pkg'
[5.052s] Level 1:colcon.colcon_core.package_identification:_identify(src/cpp02_rosbag) by extensions ['colcon_meta']
[5.052s] Level 1:colcon.colcon_core.package_identification:_identify(src/cpp02_rosbag) by extension 'colcon_meta'
[5.052s] Level 1:colcon.colcon_core.package_identification:_identify(src/cpp02_rosbag) by extensions ['ros']
[5.052s] Level 1:colcon.colcon_core.package_identification:_identify(src/cpp02_rosbag) by extension 'ros'
[5.066s] DEBUG:colcon.colcon_core.package_identification:Package 'src/cpp02_rosbag' with type 'ros.ament_cmake' and name 'cpp02_rosbag'
[5.067s] Level 1:colcon.colcon_core.package_identification:_identify(src/cpp03_tf_broadcaster) by extensions ['ignore', 'ignore_ament_install']
[5.067s] Level 1:colcon.colcon_core.package_identification:_identify(src/cpp03_tf_broadcaster) by extension 'ignore'
[5.068s] Level 1:colcon.colcon_core.package_identification:_identify(src/cpp03_tf_broadcaster) by extension 'ignore_ament_install'
[5.068s] Level 1:colcon.colcon_core.package_identification:_identify(src/cpp03_tf_broadcaster) by extensions ['colcon_pkg']
[5.068s] Level 1:colcon.colcon_core.package_identification:_identify(src/cpp03_tf_broadcaster) by extension 'colcon_pkg'
[5.068s] Level 1:colcon.colcon_core.package_identification:_identify(src/cpp03_tf_broadcaster) by extensions ['colcon_meta']
[5.069s] Level 1:colcon.colcon_core.package_identification:_identify(src/cpp03_tf_broadcaster) by extension 'colcon_meta'
[5.069s] Level 1:colcon.colcon_core.package_identification:_identify(src/cpp03_tf_broadcaster) by extensions ['ros']
[5.069s] Level 1:colcon.colcon_core.package_identification:_identify(src/cpp03_tf_broadcaster) by extension 'ros'
[5.084s] DEBUG:colcon.colcon_core.package_identification:Package 'src/cpp03_tf_broadcaster' with type 'ros.ament_cmake' and name 'cpp03_tf_broadcaster'
[5.084s] Level 1:colcon.colcon_core.package_identification:_identify(src/cpp04_tf_listener) by extensions ['ignore', 'ignore_ament_install']
[5.085s] Level 1:colcon.colcon_core.package_identification:_identify(src/cpp04_tf_listener) by extension 'ignore'
[5.085s] Level 1:colcon.colcon_core.package_identification:_identify(src/cpp04_tf_listener) by extension 'ignore_ament_install'
[5.085s] Level 1:colcon.colcon_core.package_identification:_identify(src/cpp04_tf_listener) by extensions ['colcon_pkg']
[5.085s] Level 1:colcon.colcon_core.package_identification:_identify(src/cpp04_tf_listener) by extension 'colcon_pkg'
[5.085s] Level 1:colcon.colcon_core.package_identification:_identify(src/cpp04_tf_listener) by extensions ['colcon_meta']
[5.085s] Level 1:colcon.colcon_core.package_identification:_identify(src/cpp04_tf_listener) by extension 'colcon_meta'
[5.085s] Level 1:colcon.colcon_core.package_identification:_identify(src/cpp04_tf_listener) by extensions ['ros']
[5.086s] Level 1:colcon.colcon_core.package_identification:_identify(src/cpp04_tf_listener) by extension 'ros'
[5.104s] DEBUG:colcon.colcon_core.package_identification:Package 'src/cpp04_tf_listener' with type 'ros.ament_cmake' and name 'cpp04_tf_listener'
[5.104s] Level 1:colcon.colcon_core.package_identification:_identify(src/cpp05_exercise) by extensions ['ignore', 'ignore_ament_install']
[5.104s] Level 1:colcon.colcon_core.package_identification:_identify(src/cpp05_exercise) by extension 'ignore'
[5.104s] Level 1:colcon.colcon_core.package_identification:_identify(src/cpp05_exercise) by extension 'ignore_ament_install'
[5.104s] Level 1:colcon.colcon_core.package_identification:_identify(src/cpp05_exercise) by extensions ['colcon_pkg']
[5.104s] Level 1:colcon.colcon_core.package_identification:_identify(src/cpp05_exercise) by extension 'colcon_pkg'
[5.105s] Level 1:colcon.colcon_core.package_identification:_identify(src/cpp05_exercise) by extensions ['colcon_meta']
[5.105s] Level 1:colcon.colcon_core.package_identification:_identify(src/cpp05_exercise) by extension 'colcon_meta'
[5.105s] Level 1:colcon.colcon_core.package_identification:_identify(src/cpp05_exercise) by extensions ['ros']
[5.105s] Level 1:colcon.colcon_core.package_identification:_identify(src/cpp05_exercise) by extension 'ros'
[5.120s] DEBUG:colcon.colcon_core.package_identification:Package 'src/cpp05_exercise' with type 'ros.ament_cmake' and name 'cpp05_exercise'
[5.120s] Level 1:colcon.colcon_core.package_identification:_identify(src/py01_launch) by extensions ['ignore', 'ignore_ament_install']
[5.120s] Level 1:colcon.colcon_core.package_identification:_identify(src/py01_launch) by extension 'ignore'
[5.121s] Level 1:colcon.colcon_core.package_identification:_identify(src/py01_launch) by extension 'ignore_ament_install'
[5.121s] Level 1:colcon.colcon_core.package_identification:_identify(src/py01_launch) by extensions ['colcon_pkg']
[5.121s] Level 1:colcon.colcon_core.package_identification:_identify(src/py01_launch) by extension 'colcon_pkg'
[5.121s] Level 1:colcon.colcon_core.package_identification:_identify(src/py01_launch) by extensions ['colcon_meta']
[5.121s] Level 1:colcon.colcon_core.package_identification:_identify(src/py01_launch) by extension 'colcon_meta'
[5.121s] Level 1:colcon.colcon_core.package_identification:_identify(src/py01_launch) by extensions ['ros']
[5.122s] Level 1:colcon.colcon_core.package_identification:_identify(src/py01_launch) by extension 'ros'
[5.132s] DEBUG:colcon.colcon_core.package_identification:Package 'src/py01_launch' with type 'ros.ament_python' and name 'py01_launch'
[5.133s] Level 1:colcon.colcon_core.package_identification:_identify(src/py02_rosbag) by extensions ['ignore', 'ignore_ament_install']
[5.133s] Level 1:colcon.colcon_core.package_identification:_identify(src/py02_rosbag) by extension 'ignore'
[5.134s] Level 1:colcon.colcon_core.package_identification:_identify(src/py02_rosbag) by extension 'ignore_ament_install'
[5.134s] Level 1:colcon.colcon_core.package_identification:_identify(src/py02_rosbag) by extensions ['colcon_pkg']
[5.134s] Level 1:colcon.colcon_core.package_identification:_identify(src/py02_rosbag) by extension 'colcon_pkg'
[5.134s] Level 1:colcon.colcon_core.package_identification:_identify(src/py02_rosbag) by extensions ['colcon_meta']
[5.134s] Level 1:colcon.colcon_core.package_identification:_identify(src/py02_rosbag) by extension 'colcon_meta'
[5.134s] Level 1:colcon.colcon_core.package_identification:_identify(src/py02_rosbag) by extensions ['ros']
[5.134s] Level 1:colcon.colcon_core.package_identification:_identify(src/py02_rosbag) by extension 'ros'
[5.150s] DEBUG:colcon.colcon_core.package_identification:Package 'src/py02_rosbag' with type 'ros.ament_python' and name 'py02_rosbag'
[5.151s] Level 1:colcon.colcon_core.package_identification:_identify(src/py03_tf_broadcaster) by extensions ['ignore', 'ignore_ament_install']
[5.152s] Level 1:colcon.colcon_core.package_identification:_identify(src/py03_tf_broadcaster) by extension 'ignore'
[5.152s] Level 1:colcon.colcon_core.package_identification:_identify(src/py03_tf_broadcaster) by extension 'ignore_ament_install'
[5.152s] Level 1:colcon.colcon_core.package_identification:_identify(src/py03_tf_broadcaster) by extensions ['colcon_pkg']
[5.152s] Level 1:colcon.colcon_core.package_identification:_identify(src/py03_tf_broadcaster) by extension 'colcon_pkg'
[5.152s] Level 1:colcon.colcon_core.package_identification:_identify(src/py03_tf_broadcaster) by extensions ['colcon_meta']
[5.153s] Level 1:colcon.colcon_core.package_identification:_identify(src/py03_tf_broadcaster) by extension 'colcon_meta'
[5.153s] Level 1:colcon.colcon_core.package_identification:_identify(src/py03_tf_broadcaster) by extensions ['ros']
[5.153s] Level 1:colcon.colcon_core.package_identification:_identify(src/py03_tf_broadcaster) by extension 'ros'
[5.156s] DEBUG:colcon.colcon_core.package_identification:Package 'src/py03_tf_broadcaster' with type 'ros.ament_python' and name 'py03_tf_broadcaster'
[5.157s] Level 1:colcon.colcon_core.package_identification:_identify(src/py04_tf_listener) by extensions ['ignore', 'ignore_ament_install']
[5.157s] Level 1:colcon.colcon_core.package_identification:_identify(src/py04_tf_listener) by extension 'ignore'
[5.157s] Level 1:colcon.colcon_core.package_identification:_identify(src/py04_tf_listener) by extension 'ignore_ament_install'
[5.157s] Level 1:colcon.colcon_core.package_identification:_identify(src/py04_tf_listener) by extensions ['colcon_pkg']
[5.158s] Level 1:colcon.colcon_core.package_identification:_identify(src/py04_tf_listener) by extension 'colcon_pkg'
[5.158s] Level 1:colcon.colcon_core.package_identification:_identify(src/py04_tf_listener) by extensions ['colcon_meta']
[5.158s] Level 1:colcon.colcon_core.package_identification:_identify(src/py04_tf_listener) by extension 'colcon_meta'
[5.158s] Level 1:colcon.colcon_core.package_identification:_identify(src/py04_tf_listener) by extensions ['ros']
[5.158s] Level 1:colcon.colcon_core.package_identification:_identify(src/py04_tf_listener) by extension 'ros'
[5.172s] DEBUG:colcon.colcon_core.package_identification:Package 'src/py04_tf_listener' with type 'ros.ament_python' and name 'py04_tf_listener'
[5.172s] Level 1:colcon.colcon_core.package_identification:_identify(src/py05_exercise) by extensions ['ignore', 'ignore_ament_install']
[5.173s] Level 1:colcon.colcon_core.package_identification:_identify(src/py05_exercise) by extension 'ignore'
[5.173s] Level 1:colcon.colcon_core.package_identification:_identify(src/py05_exercise) by extension 'ignore_ament_install'
[5.173s] Level 1:colcon.colcon_core.package_identification:_identify(src/py05_exercise) by extensions ['colcon_pkg']
[5.173s] Level 1:colcon.colcon_core.package_identification:_identify(src/py05_exercise) by extension 'colcon_pkg'
[5.174s] Level 1:colcon.colcon_core.package_identification:_identify(src/py05_exercise) by extensions ['colcon_meta']
[5.174s] Level 1:colcon.colcon_core.package_identification:_identify(src/py05_exercise) by extension 'colcon_meta'
[5.174s] Level 1:colcon.colcon_core.package_identification:_identify(src/py05_exercise) by extensions ['ros']
[5.174s] Level 1:colcon.colcon_core.package_identification:_identify(src/py05_exercise) by extension 'ros'
[5.191s] DEBUG:colcon.colcon_core.package_identification:Package 'src/py05_exercise' with type 'ros.ament_python' and name 'py05_exercise'
[5.192s] Level 1:colcon.colcon_core.package_discovery:discover_packages(recursive) using defaults
[5.192s] Level 1:colcon.colcon_core.package_discovery:discover_packages(ignore) discover
[5.192s] Level 1:colcon.colcon_core.package_discovery:discover_packages(ignore) using defaults
[5.192s] Level 1:colcon.colcon_core.package_discovery:discover_packages(path) discover
[5.192s] Level 1:colcon.colcon_core.package_discovery:discover_packages(path) using defaults
[5.388s] INFO:colcon.colcon_core.package_selection:Skipping not selected package 'cpp01_launch' in 'src/cpp01_launch'
[5.389s] INFO:colcon.colcon_core.package_selection:Skipping not selected package 'cpp02_rosbag' in 'src/cpp02_rosbag'
[5.389s] INFO:colcon.colcon_core.package_selection:Skipping not selected package 'cpp03_tf_broadcaster' in 'src/cpp03_tf_broadcaster'
[5.389s] INFO:colcon.colcon_core.package_selection:Skipping not selected package 'cpp04_tf_listener' in 'src/cpp04_tf_listener'
[5.390s] INFO:colcon.colcon_core.package_selection:Skipping not selected package 'py01_launch' in 'src/py01_launch'
[5.390s] INFO:colcon.colcon_core.package_selection:Skipping not selected package 'py02_rosbag' in 'src/py02_rosbag'
[5.390s] INFO:colcon.colcon_core.package_selection:Skipping not selected package 'py03_tf_broadcaster' in 'src/py03_tf_broadcaster'
[5.390s] INFO:colcon.colcon_core.package_selection:Skipping not selected package 'py04_tf_listener' in 'src/py04_tf_listener'
[5.390s] INFO:colcon.colcon_core.package_selection:Skipping not selected package 'py05_exercise' in 'src/py05_exercise'
[5.393s] Level 1:colcon.colcon_core.package_discovery:discover_packages(prefix_path) check parameters
[5.394s] Level 1:colcon.colcon_core.package_discovery:discover_packages(prefix_path) discover
[5.410s] DEBUG:colcon.colcon_installed_package_information.package_discovery:Found 404 installed packages in /opt/ros/humble
[5.418s] Level 1:colcon.colcon_core.package_discovery:discover_packages(prefix_path) using defaults
[5.743s] Level 5:colcon.colcon_core.verb:set package 'cpp05_exercise' build argument 'cmake_args' from command line to 'None'
[5.743s] Level 5:colcon.colcon_core.verb:set package 'cpp05_exercise' build argument 'cmake_target' from command line to 'None'
[5.743s] Level 5:colcon.colcon_core.verb:set package 'cpp05_exercise' build argument 'cmake_target_skip_unavailable' from command line to 'False'
[5.743s] Level 5:colcon.colcon_core.verb:set package 'cpp05_exercise' build argument 'cmake_clean_cache' from command line to 'False'
[5.743s] Level 5:colcon.colcon_core.verb:set package 'cpp05_exercise' build argument 'cmake_clean_first' from command line to 'False'
[5.743s] Level 5:colcon.colcon_core.verb:set package 'cpp05_exercise' build argument 'cmake_force_configure' from command line to 'False'
[5.743s] Level 5:colcon.colcon_core.verb:set package 'cpp05_exercise' build argument 'ament_cmake_args' from command line to 'None'
[5.743s] Level 5:colcon.colcon_core.verb:set package 'cpp05_exercise' build argument 'catkin_cmake_args' from command line to 'None'
[5.744s] Level 5:colcon.colcon_core.verb:set package 'cpp05_exercise' build argument 'catkin_skip_building_tests' from command line to 'False'
[5.744s] DEBUG:colcon.colcon_core.verb:Building package 'cpp05_exercise' with the following arguments: {'ament_cmake_args': None, 'build_base': '/home/zzw/ws02_tools/build/cpp05_exercise', 'catkin_cmake_args': None, 'catkin_skip_building_tests': False, 'cmake_args': None, 'cmake_clean_cache': False, 'cmake_clean_first': False, 'cmake_force_configure': False, 'cmake_target': None, 'cmake_target_skip_unavailable': False, 'install_base': '/home/zzw/ws02_tools/install/cpp05_exercise', 'merge_install': False, 'path': '/home/zzw/ws02_tools/src/cpp05_exercise', 'symlink_install': False, 'test_result_base': None}
[5.745s] INFO:colcon.colcon_core.executor:Executing jobs using 'parallel' executor
[5.755s] DEBUG:colcon.colcon_parallel_executor.executor.parallel:run_until_complete
[5.756s] INFO:colcon.colcon_ros.task.ament_cmake.build:Building ROS package in '/home/zzw/ws02_tools/src/cpp05_exercise' with build type 'ament_cmake'
[5.758s] INFO:colcon.colcon_cmake.task.cmake.build:Building CMake package in '/home/zzw/ws02_tools/src/cpp05_exercise'
[5.830s] INFO:colcon.colcon_core.plugin_system:Skipping extension 'colcon_core.shell.bat': Not used on non-Windows systems
[5.831s] INFO:colcon.colcon_core.shell:Skip shell extension 'powershell' for command environment: Not usable outside of PowerShell
[5.832s] DEBUG:colcon.colcon_core.shell:Skip shell extension 'dsv' for command environment
[5.909s] DEBUG:colcon.colcon_core.event_handler.log_command:Invoking command in '/home/zzw/ws02_tools/build/cpp05_exercise': CMAKE_PREFIX_PATH=/opt/ros/humble /usr/bin/cmake --build /home/zzw/ws02_tools/build/cpp05_exercise -- -j8 -l8
[21.973s] DEBUG:colcon.colcon_core.event_handler.log_command:Invoked command in '/home/zzw/ws02_tools/build/cpp05_exercise' returned '0': CMAKE_PREFIX_PATH=/opt/ros/humble /usr/bin/cmake --build /home/zzw/ws02_tools/build/cpp05_exercise -- -j8 -l8
[22.116s] DEBUG:colcon.colcon_core.event_handler.log_command:Invoking command in '/home/zzw/ws02_tools/build/cpp05_exercise': CMAKE_PREFIX_PATH=/opt/ros/humble /usr/bin/cmake --install /home/zzw/ws02_tools/build/cpp05_exercise
[22.369s] Level 1:colcon.colcon_core.environment:create_environment_scripts_only(cpp05_exercise)
[22.372s] DEBUG:colcon.colcon_core.event_handler.log_command:Invoked command in '/home/zzw/ws02_tools/build/cpp05_exercise' returned '0': CMAKE_PREFIX_PATH=/opt/ros/humble /usr/bin/cmake --install /home/zzw/ws02_tools/build/cpp05_exercise
[22.467s] Level 1:colcon.colcon_core.environment:checking '/home/zzw/ws02_tools/install/cpp05_exercise' for CMake module files
[22.468s] Level 1:colcon.colcon_core.environment:checking '/home/zzw/ws02_tools/install/cpp05_exercise' for CMake config files
[22.469s] Level 1:colcon.colcon_core.shell:create_environment_hook('cpp05_exercise', 'cmake_prefix_path')
[22.475s] INFO:colcon.colcon_core.shell:Creating environment hook '/home/zzw/ws02_tools/install/cpp05_exercise/share/cpp05_exercise/hook/cmake_prefix_path.ps1'
[22.483s] INFO:colcon.colcon_core.shell:Creating environment descriptor '/home/zzw/ws02_tools/install/cpp05_exercise/share/cpp05_exercise/hook/cmake_prefix_path.dsv'
[22.493s] INFO:colcon.colcon_core.shell:Creating environment hook '/home/zzw/ws02_tools/install/cpp05_exercise/share/cpp05_exercise/hook/cmake_prefix_path.sh'
[22.497s] Level 1:colcon.colcon_core.environment:checking '/home/zzw/ws02_tools/install/cpp05_exercise/lib'
[22.498s] Level 1:colcon.colcon_core.environment:checking '/home/zzw/ws02_tools/install/cpp05_exercise/bin'
[22.498s] Level 1:colcon.colcon_core.environment:checking '/home/zzw/ws02_tools/install/cpp05_exercise/lib/pkgconfig/cpp05_exercise.pc'
[22.499s] Level 1:colcon.colcon_core.environment:checking '/home/zzw/ws02_tools/install/cpp05_exercise/lib/python3.10/site-packages'
[22.500s] Level 1:colcon.colcon_core.environment:checking '/home/zzw/ws02_tools/install/cpp05_exercise/bin'
[22.505s] INFO:colcon.colcon_core.shell:Creating package script '/home/zzw/ws02_tools/install/cpp05_exercise/share/cpp05_exercise/package.ps1'
[22.509s] INFO:colcon.colcon_core.shell:Creating package descriptor '/home/zzw/ws02_tools/install/cpp05_exercise/share/cpp05_exercise/package.dsv'
[22.534s] INFO:colcon.colcon_core.shell:Creating package script '/home/zzw/ws02_tools/install/cpp05_exercise/share/cpp05_exercise/package.sh'
[22.555s] INFO:colcon.colcon_core.shell:Creating package script '/home/zzw/ws02_tools/install/cpp05_exercise/share/cpp05_exercise/package.bash'
[22.585s] INFO:colcon.colcon_core.shell:Creating package script '/home/zzw/ws02_tools/install/cpp05_exercise/share/cpp05_exercise/package.zsh'
[22.595s] Level 1:colcon.colcon_core.environment:create_file_with_runtime_dependencies(/home/zzw/ws02_tools/install/cpp05_exercise/share/colcon-core/packages/cpp05_exercise)
[22.696s] Level 1:colcon.colcon_core.environment:create_environment_scripts_only(cpp05_exercise)
[22.705s] Level 1:colcon.colcon_core.environment:checking '/home/zzw/ws02_tools/install/cpp05_exercise' for CMake module files
[22.706s] Level 1:colcon.colcon_core.environment:checking '/home/zzw/ws02_tools/install/cpp05_exercise' for CMake config files
[22.707s] Level 1:colcon.colcon_core.shell:create_environment_hook('cpp05_exercise', 'cmake_prefix_path')
[22.712s] INFO:colcon.colcon_core.shell:Creating environment hook '/home/zzw/ws02_tools/install/cpp05_exercise/share/cpp05_exercise/hook/cmake_prefix_path.ps1'
[22.725s] INFO:colcon.colcon_core.shell:Creating environment descriptor '/home/zzw/ws02_tools/install/cpp05_exercise/share/cpp05_exercise/hook/cmake_prefix_path.dsv'
[22.727s] INFO:colcon.colcon_core.shell:Creating environment hook '/home/zzw/ws02_tools/install/cpp05_exercise/share/cpp05_exercise/hook/cmake_prefix_path.sh'
[22.730s] Level 1:colcon.colcon_core.environment:checking '/home/zzw/ws02_tools/install/cpp05_exercise/lib'
[22.730s] Level 1:colcon.colcon_core.environment:checking '/home/zzw/ws02_tools/install/cpp05_exercise/bin'
[22.731s] Level 1:colcon.colcon_core.environment:checking '/home/zzw/ws02_tools/install/cpp05_exercise/lib/pkgconfig/cpp05_exercise.pc'
[22.732s] Level 1:colcon.colcon_core.environment:checking '/home/zzw/ws02_tools/install/cpp05_exercise/lib/python3.10/site-packages'
[22.732s] Level 1:colcon.colcon_core.environment:checking '/home/zzw/ws02_tools/install/cpp05_exercise/bin'
[22.736s] INFO:colcon.colcon_core.shell:Creating package script '/home/zzw/ws02_tools/install/cpp05_exercise/share/cpp05_exercise/package.ps1'
[22.738s] INFO:colcon.colcon_core.shell:Creating package descriptor '/home/zzw/ws02_tools/install/cpp05_exercise/share/cpp05_exercise/package.dsv'
[22.741s] INFO:colcon.colcon_core.shell:Creating package script '/home/zzw/ws02_tools/install/cpp05_exercise/share/cpp05_exercise/package.sh'
[22.743s] INFO:colcon.colcon_core.shell:Creating package script '/home/zzw/ws02_tools/install/cpp05_exercise/share/cpp05_exercise/package.bash'
[22.747s] INFO:colcon.colcon_core.shell:Creating package script '/home/zzw/ws02_tools/install/cpp05_exercise/share/cpp05_exercise/package.zsh'
[22.748s] Level 1:colcon.colcon_core.environment:create_file_with_runtime_dependencies(/home/zzw/ws02_tools/install/cpp05_exercise/share/colcon-core/packages/cpp05_exercise)
[22.752s] DEBUG:colcon.colcon_parallel_executor.executor.parallel:closing loop
[22.753s] DEBUG:colcon.colcon_parallel_executor.executor.parallel:loop closed
[22.753s] DEBUG:colcon.colcon_parallel_executor.executor.parallel:run_until_complete finished with '0'
[22.754s] DEBUG:colcon.colcon_core.event_reactor:joining thread
[22.883s] INFO:colcon.colcon_core.plugin_system:Skipping extension 'colcon_notification.desktop_notification.terminal_notifier': Not used on non-Darwin systems
[22.883s] INFO:colcon.colcon_core.plugin_system:Skipping extension 'colcon_notification.desktop_notification.win32': Not used on non-Windows systems
[22.884s] INFO:colcon.colcon_notification.desktop_notification:Sending desktop notification using 'notify2'
[26.339s] DEBUG:colcon.colcon_core.event_reactor:joined thread
[26.345s] INFO:colcon.colcon_core.shell:Creating prefix script '/home/zzw/ws02_tools/install/local_setup.ps1'
[26.382s] INFO:colcon.colcon_core.shell:Creating prefix util module '/home/zzw/ws02_tools/install/_local_setup_util_ps1.py'
[26.406s] INFO:colcon.colcon_core.shell:Creating prefix chain script '/home/zzw/ws02_tools/install/setup.ps1'
[26.411s] INFO:colcon.colcon_core.shell:Creating prefix script '/home/zzw/ws02_tools/install/local_setup.sh'
[26.423s] INFO:colcon.colcon_core.shell:Creating prefix util module '/home/zzw/ws02_tools/install/_local_setup_util_sh.py'
[26.424s] INFO:colcon.colcon_core.shell:Creating prefix chain script '/home/zzw/ws02_tools/install/setup.sh'
[26.440s] INFO:colcon.colcon_core.shell:Creating prefix script '/home/zzw/ws02_tools/install/local_setup.bash'
[26.448s] INFO:colcon.colcon_core.shell:Creating prefix chain script '/home/zzw/ws02_tools/install/setup.bash'
[26.475s] INFO:colcon.colcon_core.shell:Creating prefix script '/home/zzw/ws02_tools/install/local_setup.zsh'
[26.498s] INFO:colcon.colcon_core.shell:Creating prefix chain script '/home/zzw/ws02_tools/install/setup.zsh'
