[4.863s] DEBUG:colcon:Command line arguments: ['/usr/bin/colcon', 'build']
[4.863s] DEBUG:colcon:Parsed command line arguments: Namespace(log_base=None, log_level=None, verb_name='build', build_base='build', install_base='install', merge_install=False, symlink_install=False, test_result_base=None, continue_on_error=False, executor='parallel', parallel_workers=8, event_handlers=None, ignore_user_meta=False, metas=['./colcon.meta'], base_paths=['.'], packages_ignore=None, packages_ignore_regex=None, paths=None, packages_up_to=None, packages_up_to_regex=None, packages_above=None, packages_above_and_dependencies=None, packages_above_depth=None, packages_select_by_dep=None, packages_skip_by_dep=None, packages_skip_up_to=None, packages_select_build_failed=False, packages_skip_build_finished=False, packages_select_test_failures=False, packages_skip_test_passed=False, packages_select=None, packages_skip=None, packages_select_regex=None, packages_skip_regex=None, packages_start=None, packages_end=None, allow_overriding=[], cmake_args=None, cmake_target=None, cmake_target_skip_unavailable=False, cmake_clean_cache=False, cmake_clean_first=False, cmake_force_configure=False, ament_cmake_args=None, catkin_cmake_args=None, catkin_skip_building_tests=False, verb_parser=<colcon_defaults.argument_parser.defaults.DefaultArgumentsDecorator object at 0x7fad90f405e0>, verb_extension=<colcon_core.verb.build.BuildVerb object at 0x7fad918b0730>, main=<bound method BuildVerb.main of <colcon_core.verb.build.BuildVerb object at 0x7fad918b0730>>)
[5.043s] Level 1:colcon.colcon_core.package_discovery:discover_packages(colcon_meta) check parameters
[5.043s] Level 1:colcon.colcon_core.package_discovery:discover_packages(recursive) check parameters
[5.043s] Level 1:colcon.colcon_core.package_discovery:discover_packages(ignore) check parameters
[5.043s] Level 1:colcon.colcon_core.package_discovery:discover_packages(path) check parameters
[5.043s] Level 1:colcon.colcon_core.package_discovery:discover_packages(colcon_meta) discover
[5.044s] Level 1:colcon.colcon_core.package_discovery:discover_packages(recursive) discover
[5.044s] INFO:colcon.colcon_core.package_discovery:Crawling recursively for packages in '/home/zzw/ws02_tools'
[5.044s] Level 1:colcon.colcon_core.package_identification:_identify(.) by extensions ['ignore', 'ignore_ament_install']
[5.044s] Level 1:colcon.colcon_core.package_identification:_identify(.) by extension 'ignore'
[5.045s] Level 1:colcon.colcon_core.package_identification:_identify(.) by extension 'ignore_ament_install'
[5.045s] Level 1:colcon.colcon_core.package_identification:_identify(.) by extensions ['colcon_pkg']
[5.045s] Level 1:colcon.colcon_core.package_identification:_identify(.) by extension 'colcon_pkg'
[5.045s] Level 1:colcon.colcon_core.package_identification:_identify(.) by extensions ['colcon_meta']
[5.045s] Level 1:colcon.colcon_core.package_identification:_identify(.) by extension 'colcon_meta'
[5.045s] Level 1:colcon.colcon_core.package_identification:_identify(.) by extensions ['ros']
[5.045s] Level 1:colcon.colcon_core.package_identification:_identify(.) by extension 'ros'
[5.113s] Level 1:colcon.colcon_core.package_identification:_identify(.) by extensions ['cmake', 'python']
[5.113s] Level 1:colcon.colcon_core.package_identification:_identify(.) by extension 'cmake'
[5.113s] Level 1:colcon.colcon_core.package_identification:_identify(.) by extension 'python'
[5.113s] Level 1:colcon.colcon_core.package_identification:_identify(.) by extensions ['python_setup_py']
[5.113s] Level 1:colcon.colcon_core.package_identification:_identify(.) by extension 'python_setup_py'
[5.113s] Level 1:colcon.colcon_core.package_identification:_identify(build) by extensions ['ignore', 'ignore_ament_install']
[5.114s] Level 1:colcon.colcon_core.package_identification:_identify(build) by extension 'ignore'
[5.114s] Level 1:colcon.colcon_core.package_identification:_identify(build) ignored
[5.114s] Level 1:colcon.colcon_core.package_identification:_identify(install) by extensions ['ignore', 'ignore_ament_install']
[5.114s] Level 1:colcon.colcon_core.package_identification:_identify(install) by extension 'ignore'
[5.114s] Level 1:colcon.colcon_core.package_identification:_identify(install) ignored
[5.114s] Level 1:colcon.colcon_core.package_identification:_identify(log) by extensions ['ignore', 'ignore_ament_install']
[5.114s] Level 1:colcon.colcon_core.package_identification:_identify(log) by extension 'ignore'
[5.114s] Level 1:colcon.colcon_core.package_identification:_identify(log) ignored
[5.115s] Level 1:colcon.colcon_core.package_identification:_identify(src) by extensions ['ignore', 'ignore_ament_install']
[5.115s] Level 1:colcon.colcon_core.package_identification:_identify(src) by extension 'ignore'
[5.115s] Level 1:colcon.colcon_core.package_identification:_identify(src) by extension 'ignore_ament_install'
[5.115s] Level 1:colcon.colcon_core.package_identification:_identify(src) by extensions ['colcon_pkg']
[5.115s] Level 1:colcon.colcon_core.package_identification:_identify(src) by extension 'colcon_pkg'
[5.115s] Level 1:colcon.colcon_core.package_identification:_identify(src) by extensions ['colcon_meta']
[5.115s] Level 1:colcon.colcon_core.package_identification:_identify(src) by extension 'colcon_meta'
[5.115s] Level 1:colcon.colcon_core.package_identification:_identify(src) by extensions ['ros']
[5.115s] Level 1:colcon.colcon_core.package_identification:_identify(src) by extension 'ros'
[5.115s] Level 1:colcon.colcon_core.package_identification:_identify(src) by extensions ['cmake', 'python']
[5.115s] Level 1:colcon.colcon_core.package_identification:_identify(src) by extension 'cmake'
[5.116s] Level 1:colcon.colcon_core.package_identification:_identify(src) by extension 'python'
[5.116s] Level 1:colcon.colcon_core.package_identification:_identify(src) by extensions ['python_setup_py']
[5.116s] Level 1:colcon.colcon_core.package_identification:_identify(src) by extension 'python_setup_py'
[5.116s] Level 1:colcon.colcon_core.package_identification:_identify(src/cpp01_launch) by extensions ['ignore', 'ignore_ament_install']
[5.116s] Level 1:colcon.colcon_core.package_identification:_identify(src/cpp01_launch) by extension 'ignore'
[5.116s] Level 1:colcon.colcon_core.package_identification:_identify(src/cpp01_launch) by extension 'ignore_ament_install'
[5.116s] Level 1:colcon.colcon_core.package_identification:_identify(src/cpp01_launch) by extensions ['colcon_pkg']
[5.116s] Level 1:colcon.colcon_core.package_identification:_identify(src/cpp01_launch) by extension 'colcon_pkg'
[5.116s] Level 1:colcon.colcon_core.package_identification:_identify(src/cpp01_launch) by extensions ['colcon_meta']
[5.116s] Level 1:colcon.colcon_core.package_identification:_identify(src/cpp01_launch) by extension 'colcon_meta'
[5.117s] Level 1:colcon.colcon_core.package_identification:_identify(src/cpp01_launch) by extensions ['ros']
[5.117s] Level 1:colcon.colcon_core.package_identification:_identify(src/cpp01_launch) by extension 'ros'
[5.133s] DEBUG:colcon.colcon_core.package_identification:Package 'src/cpp01_launch' with type 'ros.ament_cmake' and name 'cpp01_launch'
[5.133s] Level 1:colcon.colcon_core.package_identification:_identify(src/py01_launch) by extensions ['ignore', 'ignore_ament_install']
[5.133s] Level 1:colcon.colcon_core.package_identification:_identify(src/py01_launch) by extension 'ignore'
[5.133s] Level 1:colcon.colcon_core.package_identification:_identify(src/py01_launch) by extension 'ignore_ament_install'
[5.133s] Level 1:colcon.colcon_core.package_identification:_identify(src/py01_launch) by extensions ['colcon_pkg']
[5.133s] Level 1:colcon.colcon_core.package_identification:_identify(src/py01_launch) by extension 'colcon_pkg'
[5.134s] Level 1:colcon.colcon_core.package_identification:_identify(src/py01_launch) by extensions ['colcon_meta']
[5.134s] Level 1:colcon.colcon_core.package_identification:_identify(src/py01_launch) by extension 'colcon_meta'
[5.134s] Level 1:colcon.colcon_core.package_identification:_identify(src/py01_launch) by extensions ['ros']
[5.134s] Level 1:colcon.colcon_core.package_identification:_identify(src/py01_launch) by extension 'ros'
[5.144s] DEBUG:colcon.colcon_core.package_identification:Package 'src/py01_launch' with type 'ros.ament_python' and name 'py01_launch'
[5.144s] Level 1:colcon.colcon_core.package_discovery:discover_packages(recursive) using defaults
[5.145s] Level 1:colcon.colcon_core.package_discovery:discover_packages(ignore) discover
[5.145s] Level 1:colcon.colcon_core.package_discovery:discover_packages(ignore) using defaults
[5.145s] Level 1:colcon.colcon_core.package_discovery:discover_packages(path) discover
[5.145s] Level 1:colcon.colcon_core.package_discovery:discover_packages(path) using defaults
[5.341s] Level 1:colcon.colcon_core.package_discovery:discover_packages(prefix_path) check parameters
[5.341s] Level 1:colcon.colcon_core.package_discovery:discover_packages(prefix_path) discover
[5.348s] DEBUG:colcon.colcon_installed_package_information.package_discovery:Found 327 installed packages in /opt/ros/humble
[5.350s] Level 1:colcon.colcon_core.package_discovery:discover_packages(prefix_path) using defaults
[5.436s] Level 5:colcon.colcon_core.verb:set package 'cpp01_launch' build argument 'cmake_args' from command line to 'None'
[5.436s] Level 5:colcon.colcon_core.verb:set package 'cpp01_launch' build argument 'cmake_target' from command line to 'None'
[5.436s] Level 5:colcon.colcon_core.verb:set package 'cpp01_launch' build argument 'cmake_target_skip_unavailable' from command line to 'False'
[5.436s] Level 5:colcon.colcon_core.verb:set package 'cpp01_launch' build argument 'cmake_clean_cache' from command line to 'False'
[5.436s] Level 5:colcon.colcon_core.verb:set package 'cpp01_launch' build argument 'cmake_clean_first' from command line to 'False'
[5.436s] Level 5:colcon.colcon_core.verb:set package 'cpp01_launch' build argument 'cmake_force_configure' from command line to 'False'
[5.436s] Level 5:colcon.colcon_core.verb:set package 'cpp01_launch' build argument 'ament_cmake_args' from command line to 'None'
[5.436s] Level 5:colcon.colcon_core.verb:set package 'cpp01_launch' build argument 'catkin_cmake_args' from command line to 'None'
[5.436s] Level 5:colcon.colcon_core.verb:set package 'cpp01_launch' build argument 'catkin_skip_building_tests' from command line to 'False'
[5.436s] DEBUG:colcon.colcon_core.verb:Building package 'cpp01_launch' with the following arguments: {'ament_cmake_args': None, 'build_base': '/home/zzw/ws02_tools/build/cpp01_launch', 'catkin_cmake_args': None, 'catkin_skip_building_tests': False, 'cmake_args': None, 'cmake_clean_cache': False, 'cmake_clean_first': False, 'cmake_force_configure': False, 'cmake_target': None, 'cmake_target_skip_unavailable': False, 'install_base': '/home/zzw/ws02_tools/install/cpp01_launch', 'merge_install': False, 'path': '/home/zzw/ws02_tools/src/cpp01_launch', 'symlink_install': False, 'test_result_base': None}
[5.438s] Level 5:colcon.colcon_core.verb:set package 'py01_launch' build argument 'cmake_args' from command line to 'None'
[5.438s] Level 5:colcon.colcon_core.verb:set package 'py01_launch' build argument 'cmake_target' from command line to 'None'
[5.438s] Level 5:colcon.colcon_core.verb:set package 'py01_launch' build argument 'cmake_target_skip_unavailable' from command line to 'False'
[5.438s] Level 5:colcon.colcon_core.verb:set package 'py01_launch' build argument 'cmake_clean_cache' from command line to 'False'
[5.438s] Level 5:colcon.colcon_core.verb:set package 'py01_launch' build argument 'cmake_clean_first' from command line to 'False'
[5.438s] Level 5:colcon.colcon_core.verb:set package 'py01_launch' build argument 'cmake_force_configure' from command line to 'False'
[5.438s] Level 5:colcon.colcon_core.verb:set package 'py01_launch' build argument 'ament_cmake_args' from command line to 'None'
[5.438s] Level 5:colcon.colcon_core.verb:set package 'py01_launch' build argument 'catkin_cmake_args' from command line to 'None'
[5.438s] Level 5:colcon.colcon_core.verb:set package 'py01_launch' build argument 'catkin_skip_building_tests' from command line to 'False'
[5.438s] DEBUG:colcon.colcon_core.verb:Building package 'py01_launch' with the following arguments: {'ament_cmake_args': None, 'build_base': '/home/zzw/ws02_tools/build/py01_launch', 'catkin_cmake_args': None, 'catkin_skip_building_tests': False, 'cmake_args': None, 'cmake_clean_cache': False, 'cmake_clean_first': False, 'cmake_force_configure': False, 'cmake_target': None, 'cmake_target_skip_unavailable': False, 'install_base': '/home/zzw/ws02_tools/install/py01_launch', 'merge_install': False, 'path': '/home/zzw/ws02_tools/src/py01_launch', 'symlink_install': False, 'test_result_base': None}
[5.439s] INFO:colcon.colcon_core.executor:Executing jobs using 'parallel' executor
[5.444s] DEBUG:colcon.colcon_parallel_executor.executor.parallel:run_until_complete
[5.444s] INFO:colcon.colcon_ros.task.ament_cmake.build:Building ROS package in '/home/zzw/ws02_tools/src/cpp01_launch' with build type 'ament_cmake'
[5.445s] INFO:colcon.colcon_cmake.task.cmake.build:Building CMake package in '/home/zzw/ws02_tools/src/cpp01_launch'
[5.458s] INFO:colcon.colcon_core.plugin_system:Skipping extension 'colcon_core.shell.bat': Not used on non-Windows systems
[5.458s] INFO:colcon.colcon_core.shell:Skip shell extension 'powershell' for command environment: Not usable outside of PowerShell
[5.458s] DEBUG:colcon.colcon_core.shell:Skip shell extension 'dsv' for command environment
[5.466s] INFO:colcon.colcon_ros.task.ament_python.build:Building ROS package in '/home/zzw/ws02_tools/src/py01_launch' with build type 'ament_python'
[5.466s] Level 1:colcon.colcon_core.shell:create_environment_hook('py01_launch', 'ament_prefix_path')
[5.469s] INFO:colcon.colcon_core.shell:Creating environment hook '/home/zzw/ws02_tools/install/py01_launch/share/py01_launch/hook/ament_prefix_path.ps1'
[5.471s] INFO:colcon.colcon_core.shell:Creating environment descriptor '/home/zzw/ws02_tools/install/py01_launch/share/py01_launch/hook/ament_prefix_path.dsv'
[5.473s] INFO:colcon.colcon_core.shell:Creating environment hook '/home/zzw/ws02_tools/install/py01_launch/share/py01_launch/hook/ament_prefix_path.sh'
[5.477s] INFO:colcon.colcon_core.shell:Skip shell extension 'powershell' for command environment: Not usable outside of PowerShell
[5.477s] DEBUG:colcon.colcon_core.shell:Skip shell extension 'dsv' for command environment
[5.595s] DEBUG:colcon.colcon_core.event_handler.log_command:Invoking command in '/home/zzw/ws02_tools/build/cpp01_launch': CMAKE_PREFIX_PATH=/opt/ros/humble /usr/bin/cmake --build /home/zzw/ws02_tools/build/cpp01_launch -- -j8 -l8
[5.913s] INFO:colcon.colcon_core.task.python.build:Building Python package in '/home/zzw/ws02_tools/src/py01_launch'
[5.916s] INFO:colcon.colcon_core.shell:Skip shell extension 'powershell' for command environment: Not usable outside of PowerShell
[5.916s] DEBUG:colcon.colcon_core.shell:Skip shell extension 'dsv' for command environment
[7.249s] DEBUG:colcon.colcon_core.event_handler.log_command:Invoking command in '/home/zzw/ws02_tools/src/py01_launch': PYTHONPATH=/home/zzw/ws02_tools/build/py01_launch/prefix_override:/home/zzw/ws02_tools/install/py01_launch/lib/python3.10/site-packages:${PYTHONPATH} /usr/bin/python3 setup.py egg_info --egg-base ../../build/py01_launch build --build-base /home/zzw/ws02_tools/build/py01_launch/build install --record /home/zzw/ws02_tools/build/py01_launch/install.log --single-version-externally-managed
[7.552s] DEBUG:colcon.colcon_core.event_handler.log_command:Invoked command in '/home/zzw/ws02_tools/build/cpp01_launch' returned '0': CMAKE_PREFIX_PATH=/opt/ros/humble /usr/bin/cmake --build /home/zzw/ws02_tools/build/cpp01_launch -- -j8 -l8
[7.593s] DEBUG:colcon.colcon_core.event_handler.log_command:Invoking command in '/home/zzw/ws02_tools/build/cpp01_launch': CMAKE_PREFIX_PATH=/opt/ros/humble /usr/bin/cmake --install /home/zzw/ws02_tools/build/cpp01_launch
[7.623s] Level 1:colcon.colcon_core.environment:create_environment_scripts_only(cpp01_launch)
[7.625s] DEBUG:colcon.colcon_core.event_handler.log_command:Invoked command in '/home/zzw/ws02_tools/build/cpp01_launch' returned '0': CMAKE_PREFIX_PATH=/opt/ros/humble /usr/bin/cmake --install /home/zzw/ws02_tools/build/cpp01_launch
[7.684s] Level 1:colcon.colcon_core.environment:checking '/home/zzw/ws02_tools/install/cpp01_launch' for CMake module files
[7.684s] Level 1:colcon.colcon_core.environment:checking '/home/zzw/ws02_tools/install/cpp01_launch' for CMake config files
[7.685s] Level 1:colcon.colcon_core.shell:create_environment_hook('cpp01_launch', 'cmake_prefix_path')
[7.687s] INFO:colcon.colcon_core.shell:Creating environment hook '/home/zzw/ws02_tools/install/cpp01_launch/share/cpp01_launch/hook/cmake_prefix_path.ps1'
[7.688s] INFO:colcon.colcon_core.shell:Creating environment descriptor '/home/zzw/ws02_tools/install/cpp01_launch/share/cpp01_launch/hook/cmake_prefix_path.dsv'
[7.688s] INFO:colcon.colcon_core.shell:Creating environment hook '/home/zzw/ws02_tools/install/cpp01_launch/share/cpp01_launch/hook/cmake_prefix_path.sh'
[7.689s] Level 1:colcon.colcon_core.environment:checking '/home/zzw/ws02_tools/install/cpp01_launch/bin'
[7.689s] Level 1:colcon.colcon_core.environment:checking '/home/zzw/ws02_tools/install/cpp01_launch/lib/pkgconfig/cpp01_launch.pc'
[7.690s] Level 1:colcon.colcon_core.environment:checking '/home/zzw/ws02_tools/install/cpp01_launch/lib/python3.10/site-packages'
[7.690s] Level 1:colcon.colcon_core.environment:checking '/home/zzw/ws02_tools/install/cpp01_launch/bin'
[7.692s] INFO:colcon.colcon_core.shell:Creating package script '/home/zzw/ws02_tools/install/cpp01_launch/share/cpp01_launch/package.ps1'
[7.694s] INFO:colcon.colcon_core.shell:Creating package descriptor '/home/zzw/ws02_tools/install/cpp01_launch/share/cpp01_launch/package.dsv'
[7.705s] INFO:colcon.colcon_core.shell:Creating package script '/home/zzw/ws02_tools/install/cpp01_launch/share/cpp01_launch/package.sh'
[7.706s] INFO:colcon.colcon_core.shell:Creating package script '/home/zzw/ws02_tools/install/cpp01_launch/share/cpp01_launch/package.bash'
[7.725s] INFO:colcon.colcon_core.shell:Creating package script '/home/zzw/ws02_tools/install/cpp01_launch/share/cpp01_launch/package.zsh'
[7.727s] Level 1:colcon.colcon_core.environment:create_file_with_runtime_dependencies(/home/zzw/ws02_tools/install/cpp01_launch/share/colcon-core/packages/cpp01_launch)
[7.736s] Level 1:colcon.colcon_core.environment:checking '/home/zzw/ws02_tools/install/py01_launch' for CMake module files
[7.737s] DEBUG:colcon.colcon_core.event_handler.log_command:Invoked command in '/home/zzw/ws02_tools/src/py01_launch' returned '0': PYTHONPATH=/home/zzw/ws02_tools/build/py01_launch/prefix_override:/home/zzw/ws02_tools/install/py01_launch/lib/python3.10/site-packages:${PYTHONPATH} /usr/bin/python3 setup.py egg_info --egg-base ../../build/py01_launch build --build-base /home/zzw/ws02_tools/build/py01_launch/build install --record /home/zzw/ws02_tools/build/py01_launch/install.log --single-version-externally-managed
[7.737s] Level 1:colcon.colcon_core.environment:checking '/home/zzw/ws02_tools/install/py01_launch' for CMake config files
[7.738s] Level 1:colcon.colcon_core.environment:checking '/home/zzw/ws02_tools/install/py01_launch/lib'
[7.739s] Level 1:colcon.colcon_core.environment:checking '/home/zzw/ws02_tools/install/py01_launch/bin'
[7.739s] Level 1:colcon.colcon_core.environment:checking '/home/zzw/ws02_tools/install/py01_launch/lib/pkgconfig/py01_launch.pc'
[7.739s] Level 1:colcon.colcon_core.environment:checking '/home/zzw/ws02_tools/install/py01_launch/lib/python3.10/site-packages'
[7.739s] Level 1:colcon.colcon_core.shell:create_environment_hook('py01_launch', 'pythonpath')
[7.741s] INFO:colcon.colcon_core.shell:Creating environment hook '/home/zzw/ws02_tools/install/py01_launch/share/py01_launch/hook/pythonpath.ps1'
[7.741s] INFO:colcon.colcon_core.shell:Creating environment descriptor '/home/zzw/ws02_tools/install/py01_launch/share/py01_launch/hook/pythonpath.dsv'
[7.742s] INFO:colcon.colcon_core.shell:Creating environment hook '/home/zzw/ws02_tools/install/py01_launch/share/py01_launch/hook/pythonpath.sh'
[7.743s] Level 1:colcon.colcon_core.environment:checking '/home/zzw/ws02_tools/install/py01_launch/bin'
[7.743s] Level 1:colcon.colcon_core.environment:create_environment_scripts_only(py01_launch)
[7.745s] INFO:colcon.colcon_core.shell:Creating package script '/home/zzw/ws02_tools/install/py01_launch/share/py01_launch/package.ps1'
[7.746s] INFO:colcon.colcon_core.shell:Creating package descriptor '/home/zzw/ws02_tools/install/py01_launch/share/py01_launch/package.dsv'
[7.747s] INFO:colcon.colcon_core.shell:Creating package script '/home/zzw/ws02_tools/install/py01_launch/share/py01_launch/package.sh'
[7.748s] INFO:colcon.colcon_core.shell:Creating package script '/home/zzw/ws02_tools/install/py01_launch/share/py01_launch/package.bash'
[7.748s] INFO:colcon.colcon_core.shell:Creating package script '/home/zzw/ws02_tools/install/py01_launch/share/py01_launch/package.zsh'
[7.749s] Level 1:colcon.colcon_core.environment:create_file_with_runtime_dependencies(/home/zzw/ws02_tools/install/py01_launch/share/colcon-core/packages/py01_launch)
[7.758s] Level 1:colcon.colcon_core.environment:create_environment_scripts_only(cpp01_launch)
[7.761s] Level 1:colcon.colcon_core.environment:checking '/home/zzw/ws02_tools/install/cpp01_launch' for CMake module files
[7.762s] Level 1:colcon.colcon_core.environment:checking '/home/zzw/ws02_tools/install/cpp01_launch' for CMake config files
[7.763s] Level 1:colcon.colcon_core.shell:create_environment_hook('cpp01_launch', 'cmake_prefix_path')
[7.765s] INFO:colcon.colcon_core.shell:Creating environment hook '/home/zzw/ws02_tools/install/cpp01_launch/share/cpp01_launch/hook/cmake_prefix_path.ps1'
[7.765s] INFO:colcon.colcon_core.shell:Creating environment descriptor '/home/zzw/ws02_tools/install/cpp01_launch/share/cpp01_launch/hook/cmake_prefix_path.dsv'
[7.766s] INFO:colcon.colcon_core.shell:Creating environment hook '/home/zzw/ws02_tools/install/cpp01_launch/share/cpp01_launch/hook/cmake_prefix_path.sh'
[7.767s] Level 1:colcon.colcon_core.environment:checking '/home/zzw/ws02_tools/install/cpp01_launch/bin'
[7.767s] Level 1:colcon.colcon_core.environment:checking '/home/zzw/ws02_tools/install/cpp01_launch/lib/pkgconfig/cpp01_launch.pc'
[7.767s] Level 1:colcon.colcon_core.environment:checking '/home/zzw/ws02_tools/install/cpp01_launch/lib/python3.10/site-packages'
[7.767s] Level 1:colcon.colcon_core.environment:checking '/home/zzw/ws02_tools/install/cpp01_launch/bin'
[7.769s] INFO:colcon.colcon_core.shell:Creating package script '/home/zzw/ws02_tools/install/cpp01_launch/share/cpp01_launch/package.ps1'
[7.770s] INFO:colcon.colcon_core.shell:Creating package descriptor '/home/zzw/ws02_tools/install/cpp01_launch/share/cpp01_launch/package.dsv'
[7.771s] INFO:colcon.colcon_core.shell:Creating package script '/home/zzw/ws02_tools/install/cpp01_launch/share/cpp01_launch/package.sh'
[7.771s] INFO:colcon.colcon_core.shell:Creating package script '/home/zzw/ws02_tools/install/cpp01_launch/share/cpp01_launch/package.bash'
[7.772s] INFO:colcon.colcon_core.shell:Creating package script '/home/zzw/ws02_tools/install/cpp01_launch/share/cpp01_launch/package.zsh'
[7.772s] Level 1:colcon.colcon_core.environment:create_file_with_runtime_dependencies(/home/zzw/ws02_tools/install/cpp01_launch/share/colcon-core/packages/cpp01_launch)
[7.773s] DEBUG:colcon.colcon_parallel_executor.executor.parallel:closing loop
[7.774s] DEBUG:colcon.colcon_parallel_executor.executor.parallel:loop closed
[7.775s] DEBUG:colcon.colcon_parallel_executor.executor.parallel:run_until_complete finished with '0'
[7.775s] DEBUG:colcon.colcon_core.event_reactor:joining thread
[7.874s] INFO:colcon.colcon_core.plugin_system:Skipping extension 'colcon_notification.desktop_notification.terminal_notifier': Not used on non-Darwin systems
[7.874s] INFO:colcon.colcon_core.plugin_system:Skipping extension 'colcon_notification.desktop_notification.win32': Not used on non-Windows systems
[7.874s] INFO:colcon.colcon_notification.desktop_notification:Sending desktop notification using 'notify2'
[11.298s] DEBUG:colcon.colcon_core.event_reactor:joined thread
[11.301s] INFO:colcon.colcon_core.shell:Creating prefix script '/home/zzw/ws02_tools/install/local_setup.ps1'
[11.324s] INFO:colcon.colcon_core.shell:Creating prefix util module '/home/zzw/ws02_tools/install/_local_setup_util_ps1.py'
[11.340s] INFO:colcon.colcon_core.shell:Creating prefix chain script '/home/zzw/ws02_tools/install/setup.ps1'
[11.343s] INFO:colcon.colcon_core.shell:Creating prefix script '/home/zzw/ws02_tools/install/local_setup.sh'
[11.350s] INFO:colcon.colcon_core.shell:Creating prefix util module '/home/zzw/ws02_tools/install/_local_setup_util_sh.py'
[11.351s] INFO:colcon.colcon_core.shell:Creating prefix chain script '/home/zzw/ws02_tools/install/setup.sh'
[11.368s] INFO:colcon.colcon_core.shell:Creating prefix script '/home/zzw/ws02_tools/install/local_setup.bash'
[11.381s] INFO:colcon.colcon_core.shell:Creating prefix chain script '/home/zzw/ws02_tools/install/setup.bash'
[11.383s] INFO:colcon.colcon_core.shell:Creating prefix script '/home/zzw/ws02_tools/install/local_setup.zsh'
[11.394s] INFO:colcon.colcon_core.shell:Creating prefix chain script '/home/zzw/ws02_tools/install/setup.zsh'
