[9.508s] DEBUG:colcon:Command line arguments: ['/usr/bin/colcon', 'build', '--packages-select', 'cpp02_rosbag']
[9.508s] DEBUG:colcon:Parsed command line arguments: Namespace(log_base=None, log_level=None, verb_name='build', build_base='build', install_base='install', merge_install=False, symlink_install=False, test_result_base=None, continue_on_error=False, executor='parallel', parallel_workers=8, event_handlers=None, ignore_user_meta=False, metas=['./colcon.meta'], base_paths=['.'], packages_ignore=None, packages_ignore_regex=None, paths=None, packages_up_to=None, packages_up_to_regex=None, packages_above=None, packages_above_and_dependencies=None, packages_above_depth=None, packages_select_by_dep=None, packages_skip_by_dep=None, packages_skip_up_to=None, packages_select_build_failed=False, packages_skip_build_finished=False, packages_select_test_failures=False, packages_skip_test_passed=False, packages_select=['cpp02_rosbag'], packages_skip=None, packages_select_regex=None, packages_skip_regex=None, packages_start=None, packages_end=None, allow_overriding=[], cmake_args=None, cmake_target=None, cmake_target_skip_unavailable=False, cmake_clean_cache=False, cmake_clean_first=False, cmake_force_configure=False, ament_cmake_args=None, catkin_cmake_args=None, catkin_skip_building_tests=False, verb_parser=<colcon_defaults.argument_parser.defaults.DefaultArgumentsDecorator object at 0x7f0921e42680>, verb_extension=<colcon_core.verb.build.BuildVerb object at 0x7f09227c1f00>, main=<bound method BuildVerb.main of <colcon_core.verb.build.BuildVerb object at 0x7f09227c1f00>>)
[9.868s] Level 1:colcon.colcon_core.package_discovery:discover_packages(colcon_meta) check parameters
[9.869s] Level 1:colcon.colcon_core.package_discovery:discover_packages(recursive) check parameters
[9.869s] Level 1:colcon.colcon_core.package_discovery:discover_packages(ignore) check parameters
[9.869s] Level 1:colcon.colcon_core.package_discovery:discover_packages(path) check parameters
[9.869s] Level 1:colcon.colcon_core.package_discovery:discover_packages(colcon_meta) discover
[9.870s] Level 1:colcon.colcon_core.package_discovery:discover_packages(recursive) discover
[9.870s] INFO:colcon.colcon_core.package_discovery:Crawling recursively for packages in '/home/zzw/ws02_tools'
[9.870s] Level 1:colcon.colcon_core.package_identification:_identify(.) by extensions ['ignore', 'ignore_ament_install']
[9.871s] Level 1:colcon.colcon_core.package_identification:_identify(.) by extension 'ignore'
[9.871s] Level 1:colcon.colcon_core.package_identification:_identify(.) by extension 'ignore_ament_install'
[9.871s] Level 1:colcon.colcon_core.package_identification:_identify(.) by extensions ['colcon_pkg']
[9.871s] Level 1:colcon.colcon_core.package_identification:_identify(.) by extension 'colcon_pkg'
[9.872s] Level 1:colcon.colcon_core.package_identification:_identify(.) by extensions ['colcon_meta']
[9.872s] Level 1:colcon.colcon_core.package_identification:_identify(.) by extension 'colcon_meta'
[9.872s] Level 1:colcon.colcon_core.package_identification:_identify(.) by extensions ['ros']
[9.872s] Level 1:colcon.colcon_core.package_identification:_identify(.) by extension 'ros'
[9.975s] Level 1:colcon.colcon_core.package_identification:_identify(.) by extensions ['cmake', 'python']
[9.975s] Level 1:colcon.colcon_core.package_identification:_identify(.) by extension 'cmake'
[9.975s] Level 1:colcon.colcon_core.package_identification:_identify(.) by extension 'python'
[9.976s] Level 1:colcon.colcon_core.package_identification:_identify(.) by extensions ['python_setup_py']
[9.976s] Level 1:colcon.colcon_core.package_identification:_identify(.) by extension 'python_setup_py'
[9.976s] Level 1:colcon.colcon_core.package_identification:_identify(build) by extensions ['ignore', 'ignore_ament_install']
[9.977s] Level 1:colcon.colcon_core.package_identification:_identify(build) by extension 'ignore'
[9.977s] Level 1:colcon.colcon_core.package_identification:_identify(build) ignored
[9.977s] Level 1:colcon.colcon_core.package_identification:_identify(install) by extensions ['ignore', 'ignore_ament_install']
[9.978s] Level 1:colcon.colcon_core.package_identification:_identify(install) by extension 'ignore'
[9.978s] Level 1:colcon.colcon_core.package_identification:_identify(install) ignored
[9.978s] Level 1:colcon.colcon_core.package_identification:_identify(log) by extensions ['ignore', 'ignore_ament_install']
[9.978s] Level 1:colcon.colcon_core.package_identification:_identify(log) by extension 'ignore'
[9.979s] Level 1:colcon.colcon_core.package_identification:_identify(log) ignored
[9.979s] Level 1:colcon.colcon_core.package_identification:_identify(my_bag) by extensions ['ignore', 'ignore_ament_install']
[9.979s] Level 1:colcon.colcon_core.package_identification:_identify(my_bag) by extension 'ignore'
[9.980s] Level 1:colcon.colcon_core.package_identification:_identify(my_bag) by extension 'ignore_ament_install'
[9.980s] Level 1:colcon.colcon_core.package_identification:_identify(my_bag) by extensions ['colcon_pkg']
[9.980s] Level 1:colcon.colcon_core.package_identification:_identify(my_bag) by extension 'colcon_pkg'
[9.980s] Level 1:colcon.colcon_core.package_identification:_identify(my_bag) by extensions ['colcon_meta']
[9.980s] Level 1:colcon.colcon_core.package_identification:_identify(my_bag) by extension 'colcon_meta'
[9.980s] Level 1:colcon.colcon_core.package_identification:_identify(my_bag) by extensions ['ros']
[9.981s] Level 1:colcon.colcon_core.package_identification:_identify(my_bag) by extension 'ros'
[9.981s] Level 1:colcon.colcon_core.package_identification:_identify(my_bag) by extensions ['cmake', 'python']
[9.981s] Level 1:colcon.colcon_core.package_identification:_identify(my_bag) by extension 'cmake'
[9.981s] Level 1:colcon.colcon_core.package_identification:_identify(my_bag) by extension 'python'
[9.981s] Level 1:colcon.colcon_core.package_identification:_identify(my_bag) by extensions ['python_setup_py']
[9.981s] Level 1:colcon.colcon_core.package_identification:_identify(my_bag) by extension 'python_setup_py'
[9.982s] Level 1:colcon.colcon_core.package_identification:_identify(src) by extensions ['ignore', 'ignore_ament_install']
[9.982s] Level 1:colcon.colcon_core.package_identification:_identify(src) by extension 'ignore'
[9.982s] Level 1:colcon.colcon_core.package_identification:_identify(src) by extension 'ignore_ament_install'
[9.983s] Level 1:colcon.colcon_core.package_identification:_identify(src) by extensions ['colcon_pkg']
[9.983s] Level 1:colcon.colcon_core.package_identification:_identify(src) by extension 'colcon_pkg'
[9.983s] Level 1:colcon.colcon_core.package_identification:_identify(src) by extensions ['colcon_meta']
[9.983s] Level 1:colcon.colcon_core.package_identification:_identify(src) by extension 'colcon_meta'
[9.983s] Level 1:colcon.colcon_core.package_identification:_identify(src) by extensions ['ros']
[9.983s] Level 1:colcon.colcon_core.package_identification:_identify(src) by extension 'ros'
[9.984s] Level 1:colcon.colcon_core.package_identification:_identify(src) by extensions ['cmake', 'python']
[9.984s] Level 1:colcon.colcon_core.package_identification:_identify(src) by extension 'cmake'
[9.984s] Level 1:colcon.colcon_core.package_identification:_identify(src) by extension 'python'
[9.984s] Level 1:colcon.colcon_core.package_identification:_identify(src) by extensions ['python_setup_py']
[9.984s] Level 1:colcon.colcon_core.package_identification:_identify(src) by extension 'python_setup_py'
[9.986s] Level 1:colcon.colcon_core.package_identification:_identify(src/cpp01_launch) by extensions ['ignore', 'ignore_ament_install']
[9.986s] Level 1:colcon.colcon_core.package_identification:_identify(src/cpp01_launch) by extension 'ignore'
[9.986s] Level 1:colcon.colcon_core.package_identification:_identify(src/cpp01_launch) by extension 'ignore_ament_install'
[9.987s] Level 1:colcon.colcon_core.package_identification:_identify(src/cpp01_launch) by extensions ['colcon_pkg']
[9.987s] Level 1:colcon.colcon_core.package_identification:_identify(src/cpp01_launch) by extension 'colcon_pkg'
[9.987s] Level 1:colcon.colcon_core.package_identification:_identify(src/cpp01_launch) by extensions ['colcon_meta']
[9.987s] Level 1:colcon.colcon_core.package_identification:_identify(src/cpp01_launch) by extension 'colcon_meta'
[9.987s] Level 1:colcon.colcon_core.package_identification:_identify(src/cpp01_launch) by extensions ['ros']
[9.987s] Level 1:colcon.colcon_core.package_identification:_identify(src/cpp01_launch) by extension 'ros'
[10.015s] DEBUG:colcon.colcon_core.package_identification:Package 'src/cpp01_launch' with type 'ros.ament_cmake' and name 'cpp01_launch'
[10.015s] Level 1:colcon.colcon_core.package_identification:_identify(src/cpp02_rosbag) by extensions ['ignore', 'ignore_ament_install']
[10.015s] Level 1:colcon.colcon_core.package_identification:_identify(src/cpp02_rosbag) by extension 'ignore'
[10.016s] Level 1:colcon.colcon_core.package_identification:_identify(src/cpp02_rosbag) by extension 'ignore_ament_install'
[10.016s] Level 1:colcon.colcon_core.package_identification:_identify(src/cpp02_rosbag) by extensions ['colcon_pkg']
[10.017s] Level 1:colcon.colcon_core.package_identification:_identify(src/cpp02_rosbag) by extension 'colcon_pkg'
[10.017s] Level 1:colcon.colcon_core.package_identification:_identify(src/cpp02_rosbag) by extensions ['colcon_meta']
[10.017s] Level 1:colcon.colcon_core.package_identification:_identify(src/cpp02_rosbag) by extension 'colcon_meta'
[10.018s] Level 1:colcon.colcon_core.package_identification:_identify(src/cpp02_rosbag) by extensions ['ros']
[10.018s] Level 1:colcon.colcon_core.package_identification:_identify(src/cpp02_rosbag) by extension 'ros'
[10.036s] DEBUG:colcon.colcon_core.package_identification:Package 'src/cpp02_rosbag' with type 'ros.ament_cmake' and name 'cpp02_rosbag'
[10.036s] Level 1:colcon.colcon_core.package_identification:_identify(src/py01_launch) by extensions ['ignore', 'ignore_ament_install']
[10.037s] Level 1:colcon.colcon_core.package_identification:_identify(src/py01_launch) by extension 'ignore'
[10.037s] Level 1:colcon.colcon_core.package_identification:_identify(src/py01_launch) by extension 'ignore_ament_install'
[10.037s] Level 1:colcon.colcon_core.package_identification:_identify(src/py01_launch) by extensions ['colcon_pkg']
[10.038s] Level 1:colcon.colcon_core.package_identification:_identify(src/py01_launch) by extension 'colcon_pkg'
[10.038s] Level 1:colcon.colcon_core.package_identification:_identify(src/py01_launch) by extensions ['colcon_meta']
[10.038s] Level 1:colcon.colcon_core.package_identification:_identify(src/py01_launch) by extension 'colcon_meta'
[10.038s] Level 1:colcon.colcon_core.package_identification:_identify(src/py01_launch) by extensions ['ros']
[10.038s] Level 1:colcon.colcon_core.package_identification:_identify(src/py01_launch) by extension 'ros'
[10.050s] DEBUG:colcon.colcon_core.package_identification:Package 'src/py01_launch' with type 'ros.ament_python' and name 'py01_launch'
[10.051s] Level 1:colcon.colcon_core.package_identification:_identify(src/py02_rosbag) by extensions ['ignore', 'ignore_ament_install']
[10.051s] Level 1:colcon.colcon_core.package_identification:_identify(src/py02_rosbag) by extension 'ignore'
[10.051s] Level 1:colcon.colcon_core.package_identification:_identify(src/py02_rosbag) by extension 'ignore_ament_install'
[10.052s] Level 1:colcon.colcon_core.package_identification:_identify(src/py02_rosbag) by extensions ['colcon_pkg']
[10.052s] Level 1:colcon.colcon_core.package_identification:_identify(src/py02_rosbag) by extension 'colcon_pkg'
[10.052s] Level 1:colcon.colcon_core.package_identification:_identify(src/py02_rosbag) by extensions ['colcon_meta']
[10.052s] Level 1:colcon.colcon_core.package_identification:_identify(src/py02_rosbag) by extension 'colcon_meta'
[10.052s] Level 1:colcon.colcon_core.package_identification:_identify(src/py02_rosbag) by extensions ['ros']
[10.053s] Level 1:colcon.colcon_core.package_identification:_identify(src/py02_rosbag) by extension 'ros'
[10.066s] DEBUG:colcon.colcon_core.package_identification:Package 'src/py02_rosbag' with type 'ros.ament_python' and name 'py02_rosbag'
[10.066s] Level 1:colcon.colcon_core.package_discovery:discover_packages(recursive) using defaults
[10.067s] Level 1:colcon.colcon_core.package_discovery:discover_packages(ignore) discover
[10.067s] Level 1:colcon.colcon_core.package_discovery:discover_packages(ignore) using defaults
[10.067s] Level 1:colcon.colcon_core.package_discovery:discover_packages(path) discover
[10.067s] Level 1:colcon.colcon_core.package_discovery:discover_packages(path) using defaults
[10.292s] INFO:colcon.colcon_core.package_selection:Skipping not selected package 'cpp01_launch' in 'src/cpp01_launch'
[10.293s] INFO:colcon.colcon_core.package_selection:Skipping not selected package 'py01_launch' in 'src/py01_launch'
[10.293s] INFO:colcon.colcon_core.package_selection:Skipping not selected package 'py02_rosbag' in 'src/py02_rosbag'
[10.295s] Level 1:colcon.colcon_core.package_discovery:discover_packages(prefix_path) check parameters
[10.295s] Level 1:colcon.colcon_core.package_discovery:discover_packages(prefix_path) discover
[10.310s] DEBUG:colcon.colcon_installed_package_information.package_discovery:Found 388 installed packages in /opt/ros/humble
[10.314s] Level 1:colcon.colcon_core.package_discovery:discover_packages(prefix_path) using defaults
[14.313s] Level 5:colcon.colcon_core.verb:set package 'cpp02_rosbag' build argument 'cmake_args' from command line to 'None'
[14.313s] Level 5:colcon.colcon_core.verb:set package 'cpp02_rosbag' build argument 'cmake_target' from command line to 'None'
[14.313s] Level 5:colcon.colcon_core.verb:set package 'cpp02_rosbag' build argument 'cmake_target_skip_unavailable' from command line to 'False'
[14.313s] Level 5:colcon.colcon_core.verb:set package 'cpp02_rosbag' build argument 'cmake_clean_cache' from command line to 'False'
[14.313s] Level 5:colcon.colcon_core.verb:set package 'cpp02_rosbag' build argument 'cmake_clean_first' from command line to 'False'
[14.313s] Level 5:colcon.colcon_core.verb:set package 'cpp02_rosbag' build argument 'cmake_force_configure' from command line to 'False'
[14.313s] Level 5:colcon.colcon_core.verb:set package 'cpp02_rosbag' build argument 'ament_cmake_args' from command line to 'None'
[14.313s] Level 5:colcon.colcon_core.verb:set package 'cpp02_rosbag' build argument 'catkin_cmake_args' from command line to 'None'
[14.313s] Level 5:colcon.colcon_core.verb:set package 'cpp02_rosbag' build argument 'catkin_skip_building_tests' from command line to 'False'
[14.314s] DEBUG:colcon.colcon_core.verb:Building package 'cpp02_rosbag' with the following arguments: {'ament_cmake_args': None, 'build_base': '/home/zzw/ws02_tools/build/cpp02_rosbag', 'catkin_cmake_args': None, 'catkin_skip_building_tests': False, 'cmake_args': None, 'cmake_clean_cache': False, 'cmake_clean_first': False, 'cmake_force_configure': False, 'cmake_target': None, 'cmake_target_skip_unavailable': False, 'install_base': '/home/zzw/ws02_tools/install/cpp02_rosbag', 'merge_install': False, 'path': '/home/zzw/ws02_tools/src/cpp02_rosbag', 'symlink_install': False, 'test_result_base': None}
[14.315s] INFO:colcon.colcon_core.executor:Executing jobs using 'parallel' executor
[14.322s] DEBUG:colcon.colcon_parallel_executor.executor.parallel:run_until_complete
[14.322s] INFO:colcon.colcon_ros.task.ament_cmake.build:Building ROS package in '/home/zzw/ws02_tools/src/cpp02_rosbag' with build type 'ament_cmake'
[14.323s] INFO:colcon.colcon_cmake.task.cmake.build:Building CMake package in '/home/zzw/ws02_tools/src/cpp02_rosbag'
[14.546s] INFO:colcon.colcon_core.plugin_system:Skipping extension 'colcon_core.shell.bat': Not used on non-Windows systems
[14.548s] INFO:colcon.colcon_core.shell:Skip shell extension 'powershell' for command environment: Not usable outside of PowerShell
[14.548s] DEBUG:colcon.colcon_core.shell:Skip shell extension 'dsv' for command environment
[14.729s] DEBUG:colcon.colcon_core.event_handler.log_command:Invoking command in '/home/zzw/ws02_tools/build/cpp02_rosbag': CMAKE_PREFIX_PATH=/opt/ros/humble /usr/bin/cmake --build /home/zzw/ws02_tools/build/cpp02_rosbag -- -j8 -l8
[30.359s] DEBUG:colcon.colcon_core.event_handler.log_command:Invoked command in '/home/zzw/ws02_tools/build/cpp02_rosbag' returned '0': CMAKE_PREFIX_PATH=/opt/ros/humble /usr/bin/cmake --build /home/zzw/ws02_tools/build/cpp02_rosbag -- -j8 -l8
[30.402s] DEBUG:colcon.colcon_core.event_handler.log_command:Invoking command in '/home/zzw/ws02_tools/build/cpp02_rosbag': CMAKE_PREFIX_PATH=/opt/ros/humble /usr/bin/cmake --install /home/zzw/ws02_tools/build/cpp02_rosbag
[30.571s] Level 1:colcon.colcon_core.environment:create_environment_scripts_only(cpp02_rosbag)
[30.575s] DEBUG:colcon.colcon_core.event_handler.log_command:Invoked command in '/home/zzw/ws02_tools/build/cpp02_rosbag' returned '0': CMAKE_PREFIX_PATH=/opt/ros/humble /usr/bin/cmake --install /home/zzw/ws02_tools/build/cpp02_rosbag
[30.652s] Level 1:colcon.colcon_core.environment:checking '/home/zzw/ws02_tools/install/cpp02_rosbag' for CMake module files
[30.654s] Level 1:colcon.colcon_core.environment:checking '/home/zzw/ws02_tools/install/cpp02_rosbag' for CMake config files
[30.654s] Level 1:colcon.colcon_core.shell:create_environment_hook('cpp02_rosbag', 'cmake_prefix_path')
[30.657s] INFO:colcon.colcon_core.shell:Creating environment hook '/home/zzw/ws02_tools/install/cpp02_rosbag/share/cpp02_rosbag/hook/cmake_prefix_path.ps1'
[30.661s] INFO:colcon.colcon_core.shell:Creating environment descriptor '/home/zzw/ws02_tools/install/cpp02_rosbag/share/cpp02_rosbag/hook/cmake_prefix_path.dsv'
[30.686s] INFO:colcon.colcon_core.shell:Creating environment hook '/home/zzw/ws02_tools/install/cpp02_rosbag/share/cpp02_rosbag/hook/cmake_prefix_path.sh'
[30.689s] Level 1:colcon.colcon_core.environment:checking '/home/zzw/ws02_tools/install/cpp02_rosbag/lib'
[30.689s] Level 1:colcon.colcon_core.environment:checking '/home/zzw/ws02_tools/install/cpp02_rosbag/bin'
[30.689s] Level 1:colcon.colcon_core.environment:checking '/home/zzw/ws02_tools/install/cpp02_rosbag/lib/pkgconfig/cpp02_rosbag.pc'
[30.690s] Level 1:colcon.colcon_core.environment:checking '/home/zzw/ws02_tools/install/cpp02_rosbag/lib/python3.10/site-packages'
[30.690s] Level 1:colcon.colcon_core.environment:checking '/home/zzw/ws02_tools/install/cpp02_rosbag/bin'
[30.693s] INFO:colcon.colcon_core.shell:Creating package script '/home/zzw/ws02_tools/install/cpp02_rosbag/share/cpp02_rosbag/package.ps1'
[30.695s] INFO:colcon.colcon_core.shell:Creating package descriptor '/home/zzw/ws02_tools/install/cpp02_rosbag/share/cpp02_rosbag/package.dsv'
[30.697s] INFO:colcon.colcon_core.shell:Creating package script '/home/zzw/ws02_tools/install/cpp02_rosbag/share/cpp02_rosbag/package.sh'
[30.699s] INFO:colcon.colcon_core.shell:Creating package script '/home/zzw/ws02_tools/install/cpp02_rosbag/share/cpp02_rosbag/package.bash'
[30.714s] INFO:colcon.colcon_core.shell:Creating package script '/home/zzw/ws02_tools/install/cpp02_rosbag/share/cpp02_rosbag/package.zsh'
[30.716s] Level 1:colcon.colcon_core.environment:create_file_with_runtime_dependencies(/home/zzw/ws02_tools/install/cpp02_rosbag/share/colcon-core/packages/cpp02_rosbag)
[30.757s] Level 1:colcon.colcon_core.environment:create_environment_scripts_only(cpp02_rosbag)
[30.761s] Level 1:colcon.colcon_core.environment:checking '/home/zzw/ws02_tools/install/cpp02_rosbag' for CMake module files
[30.762s] Level 1:colcon.colcon_core.environment:checking '/home/zzw/ws02_tools/install/cpp02_rosbag' for CMake config files
[30.762s] Level 1:colcon.colcon_core.shell:create_environment_hook('cpp02_rosbag', 'cmake_prefix_path')
[30.764s] INFO:colcon.colcon_core.shell:Creating environment hook '/home/zzw/ws02_tools/install/cpp02_rosbag/share/cpp02_rosbag/hook/cmake_prefix_path.ps1'
[30.764s] INFO:colcon.colcon_core.shell:Creating environment descriptor '/home/zzw/ws02_tools/install/cpp02_rosbag/share/cpp02_rosbag/hook/cmake_prefix_path.dsv'
[30.765s] INFO:colcon.colcon_core.shell:Creating environment hook '/home/zzw/ws02_tools/install/cpp02_rosbag/share/cpp02_rosbag/hook/cmake_prefix_path.sh'
[30.766s] Level 1:colcon.colcon_core.environment:checking '/home/zzw/ws02_tools/install/cpp02_rosbag/lib'
[30.766s] Level 1:colcon.colcon_core.environment:checking '/home/zzw/ws02_tools/install/cpp02_rosbag/bin'
[30.766s] Level 1:colcon.colcon_core.environment:checking '/home/zzw/ws02_tools/install/cpp02_rosbag/lib/pkgconfig/cpp02_rosbag.pc'
[30.766s] Level 1:colcon.colcon_core.environment:checking '/home/zzw/ws02_tools/install/cpp02_rosbag/lib/python3.10/site-packages'
[30.767s] Level 1:colcon.colcon_core.environment:checking '/home/zzw/ws02_tools/install/cpp02_rosbag/bin'
[30.769s] INFO:colcon.colcon_core.shell:Creating package script '/home/zzw/ws02_tools/install/cpp02_rosbag/share/cpp02_rosbag/package.ps1'
[30.769s] INFO:colcon.colcon_core.shell:Creating package descriptor '/home/zzw/ws02_tools/install/cpp02_rosbag/share/cpp02_rosbag/package.dsv'
[30.770s] INFO:colcon.colcon_core.shell:Creating package script '/home/zzw/ws02_tools/install/cpp02_rosbag/share/cpp02_rosbag/package.sh'
[30.771s] INFO:colcon.colcon_core.shell:Creating package script '/home/zzw/ws02_tools/install/cpp02_rosbag/share/cpp02_rosbag/package.bash'
[30.772s] INFO:colcon.colcon_core.shell:Creating package script '/home/zzw/ws02_tools/install/cpp02_rosbag/share/cpp02_rosbag/package.zsh'
[30.772s] Level 1:colcon.colcon_core.environment:create_file_with_runtime_dependencies(/home/zzw/ws02_tools/install/cpp02_rosbag/share/colcon-core/packages/cpp02_rosbag)
[30.773s] DEBUG:colcon.colcon_parallel_executor.executor.parallel:closing loop
[30.775s] DEBUG:colcon.colcon_parallel_executor.executor.parallel:loop closed
[30.775s] DEBUG:colcon.colcon_parallel_executor.executor.parallel:run_until_complete finished with '0'
[30.775s] DEBUG:colcon.colcon_core.event_reactor:joining thread
[30.898s] INFO:colcon.colcon_core.plugin_system:Skipping extension 'colcon_notification.desktop_notification.terminal_notifier': Not used on non-Darwin systems
[30.898s] INFO:colcon.colcon_core.plugin_system:Skipping extension 'colcon_notification.desktop_notification.win32': Not used on non-Windows systems
[30.899s] INFO:colcon.colcon_notification.desktop_notification:Sending desktop notification using 'notify2'
[31.817s] DEBUG:colcon.colcon_core.event_reactor:joined thread
[31.820s] INFO:colcon.colcon_core.shell:Creating prefix script '/home/zzw/ws02_tools/install/local_setup.ps1'
[31.823s] INFO:colcon.colcon_core.shell:Creating prefix util module '/home/zzw/ws02_tools/install/_local_setup_util_ps1.py'
[31.825s] INFO:colcon.colcon_core.shell:Creating prefix chain script '/home/zzw/ws02_tools/install/setup.ps1'
[31.837s] INFO:colcon.colcon_core.shell:Creating prefix script '/home/zzw/ws02_tools/install/local_setup.sh'
[31.839s] INFO:colcon.colcon_core.shell:Creating prefix util module '/home/zzw/ws02_tools/install/_local_setup_util_sh.py'
[31.840s] INFO:colcon.colcon_core.shell:Creating prefix chain script '/home/zzw/ws02_tools/install/setup.sh'
[31.842s] INFO:colcon.colcon_core.shell:Creating prefix script '/home/zzw/ws02_tools/install/local_setup.bash'
[31.844s] INFO:colcon.colcon_core.shell:Creating prefix chain script '/home/zzw/ws02_tools/install/setup.bash'
[31.846s] INFO:colcon.colcon_core.shell:Creating prefix script '/home/zzw/ws02_tools/install/local_setup.zsh'
[31.848s] INFO:colcon.colcon_core.shell:Creating prefix chain script '/home/zzw/ws02_tools/install/setup.zsh'
