[0.859s] Invoking command in '/home/zzw/ws02_tools/src/py05_exercise': PYTHONPATH=/home/zzw/ws02_tools/build/py05_exercise/prefix_override:/home/zzw/ws02_tools/install/py05_exercise/lib/python3.10/site-packages:${PYTHONPATH} /usr/bin/python3 setup.py egg_info --egg-base ../../build/py05_exercise build --build-base /home/zzw/ws02_tools/build/py05_exercise/build install --record /home/zzw/ws02_tools/build/py05_exercise/install.log --single-version-externally-managed
[1.140s] running egg_info
[1.142s] writing ../../build/py05_exercise/py05_exercise.egg-info/PKG-INFO
[1.142s] writing dependency_links to ../../build/py05_exercise/py05_exercise.egg-info/dependency_links.txt
[1.142s] writing entry points to ../../build/py05_exercise/py05_exercise.egg-info/entry_points.txt
[1.142s] writing requirements to ../../build/py05_exercise/py05_exercise.egg-info/requires.txt
[1.143s] writing top-level names to ../../build/py05_exercise/py05_exercise.egg-info/top_level.txt
[1.144s] reading manifest file '../../build/py05_exercise/py05_exercise.egg-info/SOURCES.txt'
[1.145s] writing manifest file '../../build/py05_exercise/py05_exercise.egg-info/SOURCES.txt'
[1.146s] running build
[1.146s] running build_py
[1.147s] copying py05_exercise/exer01_spawn_py.py -> /home/zzw/ws02_tools/build/py05_exercise/build/lib/py05_exercise
[1.147s] running install
[1.147s] /usr/lib/python3/dist-packages/setuptools/command/install.py:34: SetuptoolsDeprecationWarning: setup.py install is deprecated. Use build and pip and other standards-based tools.
[1.148s]   warnings.warn(
[1.148s] running install_lib
[1.148s] copying /home/zzw/ws02_tools/build/py05_exercise/build/lib/py05_exercise/exer01_spawn_py.py -> /home/zzw/ws02_tools/install/py05_exercise/lib/python3.10/site-packages/py05_exercise
[1.149s] byte-compiling /home/zzw/ws02_tools/install/py05_exercise/lib/python3.10/site-packages/py05_exercise/exer01_spawn_py.py to exer01_spawn_py.cpython-310.pyc
[1.150s] running install_data
[1.151s] running install_egg_info
[1.153s] removing '/home/zzw/ws02_tools/install/py05_exercise/lib/python3.10/site-packages/py05_exercise-0.0.0-py3.10.egg-info' (and everything under it)
[1.153s] Copying ../../build/py05_exercise/py05_exercise.egg-info to /home/zzw/ws02_tools/install/py05_exercise/lib/python3.10/site-packages/py05_exercise-0.0.0-py3.10.egg-info
[1.154s] running install_scripts
[1.177s] Installing exer01_spawn_py script to /home/zzw/ws02_tools/install/py05_exercise/lib/py05_exercise
[1.178s] Installing exer02_tf_broadcaster_py script to /home/zzw/ws02_tools/install/py05_exercise/lib/py05_exercise
[1.178s] Installing exer03_tf_listener_py script to /home/zzw/ws02_tools/install/py05_exercise/lib/py05_exercise
[1.178s] writing list of installed files to '/home/zzw/ws02_tools/build/py05_exercise/install.log'
[1.223s] Invoked command in '/home/zzw/ws02_tools/src/py05_exercise' returned '0': PYTHONPATH=/home/zzw/ws02_tools/build/py05_exercise/prefix_override:/home/zzw/ws02_tools/install/py05_exercise/lib/python3.10/site-packages:${PYTHONPATH} /usr/bin/python3 setup.py egg_info --egg-base ../../build/py05_exercise build --build-base /home/zzw/ws02_tools/build/py05_exercise/build install --record /home/zzw/ws02_tools/build/py05_exercise/install.log --single-version-externally-managed
