[1.524s] Invoking command in '/home/zzw/ws02_tools/src/py01_launch': PYTHONPATH=/home/zzw/ws02_tools/build/py01_launch/prefix_override:/home/zzw/ws02_tools/install/py01_launch/lib/python3.10/site-packages:${PYTHONPATH} /usr/bin/python3 setup.py egg_info --egg-base ../../build/py01_launch build --build-base /home/zzw/ws02_tools/build/py01_launch/build install --record /home/zzw/ws02_tools/build/py01_launch/install.log --single-version-externally-managed
[2.025s] running egg_info
[2.026s] writing ../../build/py01_launch/py01_launch.egg-info/PKG-INFO
[2.026s] writing dependency_links to ../../build/py01_launch/py01_launch.egg-info/dependency_links.txt
[2.027s] writing entry points to ../../build/py01_launch/py01_launch.egg-info/entry_points.txt
[2.027s] writing requirements to ../../build/py01_launch/py01_launch.egg-info/requires.txt
[2.028s] writing top-level names to ../../build/py01_launch/py01_launch.egg-info/top_level.txt
[2.034s] reading manifest file '../../build/py01_launch/py01_launch.egg-info/SOURCES.txt'
[2.035s] writing manifest file '../../build/py01_launch/py01_launch.egg-info/SOURCES.txt'
[2.036s] running build
[2.036s] running build_py
[2.037s] running install
[2.037s] /usr/lib/python3/dist-packages/setuptools/command/install.py:34: SetuptoolsDeprecationWarning: setup.py install is deprecated. Use build and pip and other standards-based tools.
[2.037s]   warnings.warn(
[2.037s] running install_lib
[2.040s] running install_data
[2.041s] running install_egg_info
[2.044s] removing '/home/zzw/ws02_tools/install/py01_launch/lib/python3.10/site-packages/py01_launch-0.0.0-py3.10.egg-info' (and everything under it)
[2.045s] Copying ../../build/py01_launch/py01_launch.egg-info to /home/zzw/ws02_tools/install/py01_launch/lib/python3.10/site-packages/py01_launch-0.0.0-py3.10.egg-info
[2.053s] running install_scripts
[2.102s] writing list of installed files to '/home/zzw/ws02_tools/build/py01_launch/install.log'
[2.188s] Invoked command in '/home/zzw/ws02_tools/src/py01_launch' returned '0': PYTHONPATH=/home/zzw/ws02_tools/build/py01_launch/prefix_override:/home/zzw/ws02_tools/install/py01_launch/lib/python3.10/site-packages:${PYTHONPATH} /usr/bin/python3 setup.py egg_info --egg-base ../../build/py01_launch build --build-base /home/zzw/ws02_tools/build/py01_launch/build install --record /home/zzw/ws02_tools/build/py01_launch/install.log --single-version-externally-managed
