[3.404s] Invoking command in '/home/zzw/ws02_tools/src/py01_launch': PYTHONPATH=/home/zzw/ws02_tools/build/py01_launch/prefix_override:/home/zzw/ws02_tools/install/py01_launch/lib/python3.10/site-packages:${PYTHONPATH} /usr/bin/python3 setup.py egg_info --egg-base ../../build/py01_launch build --build-base /home/zzw/ws02_tools/build/py01_launch/build install --record /home/zzw/ws02_tools/build/py01_launch/install.log --single-version-externally-managed
[3.672s] running egg_info
[3.674s] writing ../../build/py01_launch/py01_launch.egg-info/PKG-INFO
[3.675s] writing dependency_links to ../../build/py01_launch/py01_launch.egg-info/dependency_links.txt
[3.679s] writing entry points to ../../build/py01_launch/py01_launch.egg-info/entry_points.txt
[3.680s] writing requirements to ../../build/py01_launch/py01_launch.egg-info/requires.txt
[3.682s] writing top-level names to ../../build/py01_launch/py01_launch.egg-info/top_level.txt
[3.687s] reading manifest file '../../build/py01_launch/py01_launch.egg-info/SOURCES.txt'
[3.696s] writing manifest file '../../build/py01_launch/py01_launch.egg-info/SOURCES.txt'
[3.696s] running build
[3.697s] running build_py
[3.697s] running install
[3.709s] /usr/lib/python3/dist-packages/setuptools/command/install.py:34: SetuptoolsDeprecationWarning: setup.py install is deprecated. Use build and pip and other standards-based tools.
[3.709s]   warnings.warn(
[3.710s] running install_lib
[3.712s] running install_data
[3.713s] running install_egg_info
[3.716s] removing '/home/zzw/ws02_tools/install/py01_launch/lib/python3.10/site-packages/py01_launch-0.0.0-py3.10.egg-info' (and everything under it)
[3.743s] Copying ../../build/py01_launch/py01_launch.egg-info to /home/zzw/ws02_tools/install/py01_launch/lib/python3.10/site-packages/py01_launch-0.0.0-py3.10.egg-info
[3.773s] running install_scripts
[3.804s] writing list of installed files to '/home/zzw/ws02_tools/build/py01_launch/install.log'
[3.854s] Invoked command in '/home/zzw/ws02_tools/src/py01_launch' returned '0': PYTHONPATH=/home/zzw/ws02_tools/build/py01_launch/prefix_override:/home/zzw/ws02_tools/install/py01_launch/lib/python3.10/site-packages:${PYTHONPATH} /usr/bin/python3 setup.py egg_info --egg-base ../../build/py01_launch build --build-base /home/zzw/ws02_tools/build/py01_launch/build install --record /home/zzw/ws02_tools/build/py01_launch/install.log --single-version-externally-managed
