[3.507s] Invoking command in '/home/zzw/ws02_tools/src/py03_tf_broadcaster': PYTHONPATH=/home/zzw/ws02_tools/build/py03_tf_broadcaster/prefix_override:/home/zzw/ws02_tools/install/py03_tf_broadcaster/lib/python3.10/site-packages:${PYTHONPATH} /usr/bin/python3 setup.py egg_info --egg-base ../../build/py03_tf_broadcaster build --build-base /home/zzw/ws02_tools/build/py03_tf_broadcaster/build install --record /home/zzw/ws02_tools/build/py03_tf_broadcaster/install.log --single-version-externally-managed
[4.027s] running egg_info
[4.029s] writing ../../build/py03_tf_broadcaster/py03_tf_broadcaster.egg-info/PKG-INFO
[4.030s] writing dependency_links to ../../build/py03_tf_broadcaster/py03_tf_broadcaster.egg-info/dependency_links.txt
[4.030s] writing entry points to ../../build/py03_tf_broadcaster/py03_tf_broadcaster.egg-info/entry_points.txt
[4.032s] writing requirements to ../../build/py03_tf_broadcaster/py03_tf_broadcaster.egg-info/requires.txt
[4.032s] writing top-level names to ../../build/py03_tf_broadcaster/py03_tf_broadcaster.egg-info/top_level.txt
[4.037s] reading manifest file '../../build/py03_tf_broadcaster/py03_tf_broadcaster.egg-info/SOURCES.txt'
[4.056s] writing manifest file '../../build/py03_tf_broadcaster/py03_tf_broadcaster.egg-info/SOURCES.txt'
[4.057s] running build
[4.057s] running build_py
[4.058s] copying py03_tf_broadcaster/demo02_tf_dynamic_broadcaster_py copy.py -> /home/zzw/ws02_tools/build/py03_tf_broadcaster/build/lib/py03_tf_broadcaster
[4.059s] copying py03_tf_broadcaster/demo03_tf_point_broadcaster_py.py -> /home/zzw/ws02_tools/build/py03_tf_broadcaster/build/lib/py03_tf_broadcaster
[4.059s] running install
[4.072s] /usr/lib/python3/dist-packages/setuptools/command/install.py:34: SetuptoolsDeprecationWarning: setup.py install is deprecated. Use build and pip and other standards-based tools.
[4.073s]   warnings.warn(
[4.073s] running install_lib
[4.075s] copying /home/zzw/ws02_tools/build/py03_tf_broadcaster/build/lib/py03_tf_broadcaster/demo02_tf_dynamic_broadcaster_py copy.py -> /home/zzw/ws02_tools/install/py03_tf_broadcaster/lib/python3.10/site-packages/py03_tf_broadcaster
[4.076s] copying /home/zzw/ws02_tools/build/py03_tf_broadcaster/build/lib/py03_tf_broadcaster/demo03_tf_point_broadcaster_py.py -> /home/zzw/ws02_tools/install/py03_tf_broadcaster/lib/python3.10/site-packages/py03_tf_broadcaster
[4.077s] byte-compiling /home/zzw/ws02_tools/install/py03_tf_broadcaster/lib/python3.10/site-packages/py03_tf_broadcaster/demo02_tf_dynamic_broadcaster_py copy.py to demo02_tf_dynamic_broadcaster_py copy.cpython-310.pyc
[4.078s] byte-compiling /home/zzw/ws02_tools/install/py03_tf_broadcaster/lib/python3.10/site-packages/py03_tf_broadcaster/demo03_tf_point_broadcaster_py.py to demo03_tf_point_broadcaster_py.cpython-310.pyc
[4.078s] running install_data
[4.079s] running install_egg_info
[4.082s] removing '/home/zzw/ws02_tools/install/py03_tf_broadcaster/lib/python3.10/site-packages/py03_tf_broadcaster-0.0.0-py3.10.egg-info' (and everything under it)
[4.083s] Copying ../../build/py03_tf_broadcaster/py03_tf_broadcaster.egg-info to /home/zzw/ws02_tools/install/py03_tf_broadcaster/lib/python3.10/site-packages/py03_tf_broadcaster-0.0.0-py3.10.egg-info
[4.094s] running install_scripts
[4.145s] Installing demo01_tf_static_broadcaster_py script to /home/zzw/ws02_tools/install/py03_tf_broadcaster/lib/py03_tf_broadcaster
[4.145s] Installing demo02_tf_dynamic_broadcaster_py script to /home/zzw/ws02_tools/install/py03_tf_broadcaster/lib/py03_tf_broadcaster
[4.146s] Installing demo03_tf_point_broadcaster_py script to /home/zzw/ws02_tools/install/py03_tf_broadcaster/lib/py03_tf_broadcaster
[4.146s] writing list of installed files to '/home/zzw/ws02_tools/build/py03_tf_broadcaster/install.log'
[4.230s] Invoked command in '/home/zzw/ws02_tools/src/py03_tf_broadcaster' returned '0': PYTHONPATH=/home/zzw/ws02_tools/build/py03_tf_broadcaster/prefix_override:/home/zzw/ws02_tools/install/py03_tf_broadcaster/lib/python3.10/site-packages:${PYTHONPATH} /usr/bin/python3 setup.py egg_info --egg-base ../../build/py03_tf_broadcaster build --build-base /home/zzw/ws02_tools/build/py03_tf_broadcaster/build install --record /home/zzw/ws02_tools/build/py03_tf_broadcaster/install.log --single-version-externally-managed
