[4.806s] DEBUG:colcon:Command line arguments: ['/usr/bin/colcon', 'build', '--packages-select', 'py03_tf_broadcaster']
[4.807s] DEBUG:colcon:Parsed command line arguments: Namespace(log_base=None, log_level=None, verb_name='build', build_base='build', install_base='install', merge_install=False, symlink_install=False, test_result_base=None, continue_on_error=False, executor='parallel', parallel_workers=8, event_handlers=None, ignore_user_meta=False, metas=['./colcon.meta'], base_paths=['.'], packages_ignore=None, packages_ignore_regex=None, paths=None, packages_up_to=None, packages_up_to_regex=None, packages_above=None, packages_above_and_dependencies=None, packages_above_depth=None, packages_select_by_dep=None, packages_skip_by_dep=None, packages_skip_up_to=None, packages_select_build_failed=False, packages_skip_build_finished=False, packages_select_test_failures=False, packages_skip_test_passed=False, packages_select=['py03_tf_broadcaster'], packages_skip=None, packages_select_regex=None, packages_skip_regex=None, packages_start=None, packages_end=None, allow_overriding=[], cmake_args=None, cmake_target=None, cmake_target_skip_unavailable=False, cmake_clean_cache=False, cmake_clean_first=False, cmake_force_configure=False, ament_cmake_args=None, catkin_cmake_args=None, catkin_skip_building_tests=False, verb_parser=<colcon_defaults.argument_parser.defaults.DefaultArgumentsDecorator object at 0x7f0502ff3280>, verb_extension=<colcon_core.verb.build.BuildVerb object at 0x7f05039806a0>, main=<bound method BuildVerb.main of <colcon_core.verb.build.BuildVerb object at 0x7f05039806a0>>)
[4.966s] Level 1:colcon.colcon_core.package_discovery:discover_packages(colcon_meta) check parameters
[4.967s] Level 1:colcon.colcon_core.package_discovery:discover_packages(recursive) check parameters
[4.967s] Level 1:colcon.colcon_core.package_discovery:discover_packages(ignore) check parameters
[4.967s] Level 1:colcon.colcon_core.package_discovery:discover_packages(path) check parameters
[4.967s] Level 1:colcon.colcon_core.package_discovery:discover_packages(colcon_meta) discover
[4.967s] Level 1:colcon.colcon_core.package_discovery:discover_packages(recursive) discover
[4.967s] INFO:colcon.colcon_core.package_discovery:Crawling recursively for packages in '/home/zzw/ws02_tools'
[4.967s] Level 1:colcon.colcon_core.package_identification:_identify(.) by extensions ['ignore', 'ignore_ament_install']
[4.967s] Level 1:colcon.colcon_core.package_identification:_identify(.) by extension 'ignore'
[4.968s] Level 1:colcon.colcon_core.package_identification:_identify(.) by extension 'ignore_ament_install'
[4.968s] Level 1:colcon.colcon_core.package_identification:_identify(.) by extensions ['colcon_pkg']
[4.968s] Level 1:colcon.colcon_core.package_identification:_identify(.) by extension 'colcon_pkg'
[4.968s] Level 1:colcon.colcon_core.package_identification:_identify(.) by extensions ['colcon_meta']
[4.968s] Level 1:colcon.colcon_core.package_identification:_identify(.) by extension 'colcon_meta'
[4.968s] Level 1:colcon.colcon_core.package_identification:_identify(.) by extensions ['ros']
[4.968s] Level 1:colcon.colcon_core.package_identification:_identify(.) by extension 'ros'
[5.041s] Level 1:colcon.colcon_core.package_identification:_identify(.) by extensions ['cmake', 'python']
[5.041s] Level 1:colcon.colcon_core.package_identification:_identify(.) by extension 'cmake'
[5.041s] Level 1:colcon.colcon_core.package_identification:_identify(.) by extension 'python'
[5.041s] Level 1:colcon.colcon_core.package_identification:_identify(.) by extensions ['python_setup_py']
[5.042s] Level 1:colcon.colcon_core.package_identification:_identify(.) by extension 'python_setup_py'
[5.042s] Level 1:colcon.colcon_core.package_identification:_identify(build) by extensions ['ignore', 'ignore_ament_install']
[5.042s] Level 1:colcon.colcon_core.package_identification:_identify(build) by extension 'ignore'
[5.042s] Level 1:colcon.colcon_core.package_identification:_identify(build) ignored
[5.043s] Level 1:colcon.colcon_core.package_identification:_identify(install) by extensions ['ignore', 'ignore_ament_install']
[5.043s] Level 1:colcon.colcon_core.package_identification:_identify(install) by extension 'ignore'
[5.043s] Level 1:colcon.colcon_core.package_identification:_identify(install) ignored
[5.043s] Level 1:colcon.colcon_core.package_identification:_identify(log) by extensions ['ignore', 'ignore_ament_install']
[5.043s] Level 1:colcon.colcon_core.package_identification:_identify(log) by extension 'ignore'
[5.044s] Level 1:colcon.colcon_core.package_identification:_identify(log) ignored
[5.044s] Level 1:colcon.colcon_core.package_identification:_identify(my_bag) by extensions ['ignore', 'ignore_ament_install']
[5.044s] Level 1:colcon.colcon_core.package_identification:_identify(my_bag) by extension 'ignore'
[5.044s] Level 1:colcon.colcon_core.package_identification:_identify(my_bag) by extension 'ignore_ament_install'
[5.044s] Level 1:colcon.colcon_core.package_identification:_identify(my_bag) by extensions ['colcon_pkg']
[5.044s] Level 1:colcon.colcon_core.package_identification:_identify(my_bag) by extension 'colcon_pkg'
[5.044s] Level 1:colcon.colcon_core.package_identification:_identify(my_bag) by extensions ['colcon_meta']
[5.045s] Level 1:colcon.colcon_core.package_identification:_identify(my_bag) by extension 'colcon_meta'
[5.045s] Level 1:colcon.colcon_core.package_identification:_identify(my_bag) by extensions ['ros']
[5.045s] Level 1:colcon.colcon_core.package_identification:_identify(my_bag) by extension 'ros'
[5.045s] Level 1:colcon.colcon_core.package_identification:_identify(my_bag) by extensions ['cmake', 'python']
[5.045s] Level 1:colcon.colcon_core.package_identification:_identify(my_bag) by extension 'cmake'
[5.045s] Level 1:colcon.colcon_core.package_identification:_identify(my_bag) by extension 'python'
[5.045s] Level 1:colcon.colcon_core.package_identification:_identify(my_bag) by extensions ['python_setup_py']
[5.045s] Level 1:colcon.colcon_core.package_identification:_identify(my_bag) by extension 'python_setup_py'
[5.046s] Level 1:colcon.colcon_core.package_identification:_identify(my_bag_py) by extensions ['ignore', 'ignore_ament_install']
[5.046s] Level 1:colcon.colcon_core.package_identification:_identify(my_bag_py) by extension 'ignore'
[5.046s] Level 1:colcon.colcon_core.package_identification:_identify(my_bag_py) by extension 'ignore_ament_install'
[5.046s] Level 1:colcon.colcon_core.package_identification:_identify(my_bag_py) by extensions ['colcon_pkg']
[5.046s] Level 1:colcon.colcon_core.package_identification:_identify(my_bag_py) by extension 'colcon_pkg'
[5.046s] Level 1:colcon.colcon_core.package_identification:_identify(my_bag_py) by extensions ['colcon_meta']
[5.046s] Level 1:colcon.colcon_core.package_identification:_identify(my_bag_py) by extension 'colcon_meta'
[5.046s] Level 1:colcon.colcon_core.package_identification:_identify(my_bag_py) by extensions ['ros']
[5.046s] Level 1:colcon.colcon_core.package_identification:_identify(my_bag_py) by extension 'ros'
[5.047s] Level 1:colcon.colcon_core.package_identification:_identify(my_bag_py) by extensions ['cmake', 'python']
[5.047s] Level 1:colcon.colcon_core.package_identification:_identify(my_bag_py) by extension 'cmake'
[5.047s] Level 1:colcon.colcon_core.package_identification:_identify(my_bag_py) by extension 'python'
[5.047s] Level 1:colcon.colcon_core.package_identification:_identify(my_bag_py) by extensions ['python_setup_py']
[5.047s] Level 1:colcon.colcon_core.package_identification:_identify(my_bag_py) by extension 'python_setup_py'
[5.047s] Level 1:colcon.colcon_core.package_identification:_identify(src) by extensions ['ignore', 'ignore_ament_install']
[5.047s] Level 1:colcon.colcon_core.package_identification:_identify(src) by extension 'ignore'
[5.047s] Level 1:colcon.colcon_core.package_identification:_identify(src) by extension 'ignore_ament_install'
[5.047s] Level 1:colcon.colcon_core.package_identification:_identify(src) by extensions ['colcon_pkg']
[5.047s] Level 1:colcon.colcon_core.package_identification:_identify(src) by extension 'colcon_pkg'
[5.047s] Level 1:colcon.colcon_core.package_identification:_identify(src) by extensions ['colcon_meta']
[5.048s] Level 1:colcon.colcon_core.package_identification:_identify(src) by extension 'colcon_meta'
[5.048s] Level 1:colcon.colcon_core.package_identification:_identify(src) by extensions ['ros']
[5.048s] Level 1:colcon.colcon_core.package_identification:_identify(src) by extension 'ros'
[5.048s] Level 1:colcon.colcon_core.package_identification:_identify(src) by extensions ['cmake', 'python']
[5.048s] Level 1:colcon.colcon_core.package_identification:_identify(src) by extension 'cmake'
[5.048s] Level 1:colcon.colcon_core.package_identification:_identify(src) by extension 'python'
[5.048s] Level 1:colcon.colcon_core.package_identification:_identify(src) by extensions ['python_setup_py']
[5.048s] Level 1:colcon.colcon_core.package_identification:_identify(src) by extension 'python_setup_py'
[5.049s] Level 1:colcon.colcon_core.package_identification:_identify(src/cpp01_launch) by extensions ['ignore', 'ignore_ament_install']
[5.049s] Level 1:colcon.colcon_core.package_identification:_identify(src/cpp01_launch) by extension 'ignore'
[5.049s] Level 1:colcon.colcon_core.package_identification:_identify(src/cpp01_launch) by extension 'ignore_ament_install'
[5.049s] Level 1:colcon.colcon_core.package_identification:_identify(src/cpp01_launch) by extensions ['colcon_pkg']
[5.049s] Level 1:colcon.colcon_core.package_identification:_identify(src/cpp01_launch) by extension 'colcon_pkg'
[5.049s] Level 1:colcon.colcon_core.package_identification:_identify(src/cpp01_launch) by extensions ['colcon_meta']
[5.049s] Level 1:colcon.colcon_core.package_identification:_identify(src/cpp01_launch) by extension 'colcon_meta'
[5.049s] Level 1:colcon.colcon_core.package_identification:_identify(src/cpp01_launch) by extensions ['ros']
[5.049s] Level 1:colcon.colcon_core.package_identification:_identify(src/cpp01_launch) by extension 'ros'
[5.086s] DEBUG:colcon.colcon_core.package_identification:Package 'src/cpp01_launch' with type 'ros.ament_cmake' and name 'cpp01_launch'
[5.087s] Level 1:colcon.colcon_core.package_identification:_identify(src/cpp02_rosbag) by extensions ['ignore', 'ignore_ament_install']
[5.087s] Level 1:colcon.colcon_core.package_identification:_identify(src/cpp02_rosbag) by extension 'ignore'
[5.087s] Level 1:colcon.colcon_core.package_identification:_identify(src/cpp02_rosbag) by extension 'ignore_ament_install'
[5.087s] Level 1:colcon.colcon_core.package_identification:_identify(src/cpp02_rosbag) by extensions ['colcon_pkg']
[5.088s] Level 1:colcon.colcon_core.package_identification:_identify(src/cpp02_rosbag) by extension 'colcon_pkg'
[5.088s] Level 1:colcon.colcon_core.package_identification:_identify(src/cpp02_rosbag) by extensions ['colcon_meta']
[5.088s] Level 1:colcon.colcon_core.package_identification:_identify(src/cpp02_rosbag) by extension 'colcon_meta'
[5.088s] Level 1:colcon.colcon_core.package_identification:_identify(src/cpp02_rosbag) by extensions ['ros']
[5.088s] Level 1:colcon.colcon_core.package_identification:_identify(src/cpp02_rosbag) by extension 'ros'
[5.096s] DEBUG:colcon.colcon_core.package_identification:Package 'src/cpp02_rosbag' with type 'ros.ament_cmake' and name 'cpp02_rosbag'
[5.096s] Level 1:colcon.colcon_core.package_identification:_identify(src/cpp03_tf_broadcaster) by extensions ['ignore', 'ignore_ament_install']
[5.096s] Level 1:colcon.colcon_core.package_identification:_identify(src/cpp03_tf_broadcaster) by extension 'ignore'
[5.096s] Level 1:colcon.colcon_core.package_identification:_identify(src/cpp03_tf_broadcaster) by extension 'ignore_ament_install'
[5.097s] Level 1:colcon.colcon_core.package_identification:_identify(src/cpp03_tf_broadcaster) by extensions ['colcon_pkg']
[5.097s] Level 1:colcon.colcon_core.package_identification:_identify(src/cpp03_tf_broadcaster) by extension 'colcon_pkg'
[5.097s] Level 1:colcon.colcon_core.package_identification:_identify(src/cpp03_tf_broadcaster) by extensions ['colcon_meta']
[5.097s] Level 1:colcon.colcon_core.package_identification:_identify(src/cpp03_tf_broadcaster) by extension 'colcon_meta'
[5.097s] Level 1:colcon.colcon_core.package_identification:_identify(src/cpp03_tf_broadcaster) by extensions ['ros']
[5.097s] Level 1:colcon.colcon_core.package_identification:_identify(src/cpp03_tf_broadcaster) by extension 'ros'
[5.112s] DEBUG:colcon.colcon_core.package_identification:Package 'src/cpp03_tf_broadcaster' with type 'ros.ament_cmake' and name 'cpp03_tf_broadcaster'
[5.112s] Level 1:colcon.colcon_core.package_identification:_identify(src/py01_launch) by extensions ['ignore', 'ignore_ament_install']
[5.112s] Level 1:colcon.colcon_core.package_identification:_identify(src/py01_launch) by extension 'ignore'
[5.112s] Level 1:colcon.colcon_core.package_identification:_identify(src/py01_launch) by extension 'ignore_ament_install'
[5.113s] Level 1:colcon.colcon_core.package_identification:_identify(src/py01_launch) by extensions ['colcon_pkg']
[5.113s] Level 1:colcon.colcon_core.package_identification:_identify(src/py01_launch) by extension 'colcon_pkg'
[5.113s] Level 1:colcon.colcon_core.package_identification:_identify(src/py01_launch) by extensions ['colcon_meta']
[5.113s] Level 1:colcon.colcon_core.package_identification:_identify(src/py01_launch) by extension 'colcon_meta'
[5.113s] Level 1:colcon.colcon_core.package_identification:_identify(src/py01_launch) by extensions ['ros']
[5.113s] Level 1:colcon.colcon_core.package_identification:_identify(src/py01_launch) by extension 'ros'
[5.129s] DEBUG:colcon.colcon_core.package_identification:Package 'src/py01_launch' with type 'ros.ament_python' and name 'py01_launch'
[5.130s] Level 1:colcon.colcon_core.package_identification:_identify(src/py02_rosbag) by extensions ['ignore', 'ignore_ament_install']
[5.130s] Level 1:colcon.colcon_core.package_identification:_identify(src/py02_rosbag) by extension 'ignore'
[5.130s] Level 1:colcon.colcon_core.package_identification:_identify(src/py02_rosbag) by extension 'ignore_ament_install'
[5.131s] Level 1:colcon.colcon_core.package_identification:_identify(src/py02_rosbag) by extensions ['colcon_pkg']
[5.131s] Level 1:colcon.colcon_core.package_identification:_identify(src/py02_rosbag) by extension 'colcon_pkg'
[5.131s] Level 1:colcon.colcon_core.package_identification:_identify(src/py02_rosbag) by extensions ['colcon_meta']
[5.131s] Level 1:colcon.colcon_core.package_identification:_identify(src/py02_rosbag) by extension 'colcon_meta'
[5.131s] Level 1:colcon.colcon_core.package_identification:_identify(src/py02_rosbag) by extensions ['ros']
[5.131s] Level 1:colcon.colcon_core.package_identification:_identify(src/py02_rosbag) by extension 'ros'
[5.146s] DEBUG:colcon.colcon_core.package_identification:Package 'src/py02_rosbag' with type 'ros.ament_python' and name 'py02_rosbag'
[5.146s] Level 1:colcon.colcon_core.package_identification:_identify(src/py03_tf_broadcaster) by extensions ['ignore', 'ignore_ament_install']
[5.147s] Level 1:colcon.colcon_core.package_identification:_identify(src/py03_tf_broadcaster) by extension 'ignore'
[5.147s] Level 1:colcon.colcon_core.package_identification:_identify(src/py03_tf_broadcaster) by extension 'ignore_ament_install'
[5.147s] Level 1:colcon.colcon_core.package_identification:_identify(src/py03_tf_broadcaster) by extensions ['colcon_pkg']
[5.147s] Level 1:colcon.colcon_core.package_identification:_identify(src/py03_tf_broadcaster) by extension 'colcon_pkg'
[5.147s] Level 1:colcon.colcon_core.package_identification:_identify(src/py03_tf_broadcaster) by extensions ['colcon_meta']
[5.147s] Level 1:colcon.colcon_core.package_identification:_identify(src/py03_tf_broadcaster) by extension 'colcon_meta'
[5.147s] Level 1:colcon.colcon_core.package_identification:_identify(src/py03_tf_broadcaster) by extensions ['ros']
[5.147s] Level 1:colcon.colcon_core.package_identification:_identify(src/py03_tf_broadcaster) by extension 'ros'
[5.150s] DEBUG:colcon.colcon_core.package_identification:Package 'src/py03_tf_broadcaster' with type 'ros.ament_python' and name 'py03_tf_broadcaster'
[5.150s] Level 1:colcon.colcon_core.package_discovery:discover_packages(recursive) using defaults
[5.150s] Level 1:colcon.colcon_core.package_discovery:discover_packages(ignore) discover
[5.150s] Level 1:colcon.colcon_core.package_discovery:discover_packages(ignore) using defaults
[5.150s] Level 1:colcon.colcon_core.package_discovery:discover_packages(path) discover
[5.150s] Level 1:colcon.colcon_core.package_discovery:discover_packages(path) using defaults
[5.313s] INFO:colcon.colcon_core.package_selection:Skipping not selected package 'cpp01_launch' in 'src/cpp01_launch'
[5.313s] INFO:colcon.colcon_core.package_selection:Skipping not selected package 'cpp02_rosbag' in 'src/cpp02_rosbag'
[5.313s] INFO:colcon.colcon_core.package_selection:Skipping not selected package 'cpp03_tf_broadcaster' in 'src/cpp03_tf_broadcaster'
[5.313s] INFO:colcon.colcon_core.package_selection:Skipping not selected package 'py01_launch' in 'src/py01_launch'
[5.313s] INFO:colcon.colcon_core.package_selection:Skipping not selected package 'py02_rosbag' in 'src/py02_rosbag'
[5.315s] Level 1:colcon.colcon_core.package_discovery:discover_packages(prefix_path) check parameters
[5.315s] Level 1:colcon.colcon_core.package_discovery:discover_packages(prefix_path) discover
[5.323s] DEBUG:colcon.colcon_installed_package_information.package_discovery:Found 404 installed packages in /opt/ros/humble
[5.328s] Level 1:colcon.colcon_core.package_discovery:discover_packages(prefix_path) using defaults
[5.515s] Level 5:colcon.colcon_core.verb:set package 'py03_tf_broadcaster' build argument 'cmake_args' from command line to 'None'
[5.515s] Level 5:colcon.colcon_core.verb:set package 'py03_tf_broadcaster' build argument 'cmake_target' from command line to 'None'
[5.515s] Level 5:colcon.colcon_core.verb:set package 'py03_tf_broadcaster' build argument 'cmake_target_skip_unavailable' from command line to 'False'
[5.516s] Level 5:colcon.colcon_core.verb:set package 'py03_tf_broadcaster' build argument 'cmake_clean_cache' from command line to 'False'
[5.516s] Level 5:colcon.colcon_core.verb:set package 'py03_tf_broadcaster' build argument 'cmake_clean_first' from command line to 'False'
[5.516s] Level 5:colcon.colcon_core.verb:set package 'py03_tf_broadcaster' build argument 'cmake_force_configure' from command line to 'False'
[5.516s] Level 5:colcon.colcon_core.verb:set package 'py03_tf_broadcaster' build argument 'ament_cmake_args' from command line to 'None'
[5.516s] Level 5:colcon.colcon_core.verb:set package 'py03_tf_broadcaster' build argument 'catkin_cmake_args' from command line to 'None'
[5.516s] Level 5:colcon.colcon_core.verb:set package 'py03_tf_broadcaster' build argument 'catkin_skip_building_tests' from command line to 'False'
[5.516s] DEBUG:colcon.colcon_core.verb:Building package 'py03_tf_broadcaster' with the following arguments: {'ament_cmake_args': None, 'build_base': '/home/zzw/ws02_tools/build/py03_tf_broadcaster', 'catkin_cmake_args': None, 'catkin_skip_building_tests': False, 'cmake_args': None, 'cmake_clean_cache': False, 'cmake_clean_first': False, 'cmake_force_configure': False, 'cmake_target': None, 'cmake_target_skip_unavailable': False, 'install_base': '/home/zzw/ws02_tools/install/py03_tf_broadcaster', 'merge_install': False, 'path': '/home/zzw/ws02_tools/src/py03_tf_broadcaster', 'symlink_install': False, 'test_result_base': None}
[5.517s] INFO:colcon.colcon_core.executor:Executing jobs using 'parallel' executor
[5.523s] DEBUG:colcon.colcon_parallel_executor.executor.parallel:run_until_complete
[5.524s] INFO:colcon.colcon_ros.task.ament_python.build:Building ROS package in '/home/zzw/ws02_tools/src/py03_tf_broadcaster' with build type 'ament_python'
[5.525s] Level 1:colcon.colcon_core.shell:create_environment_hook('py03_tf_broadcaster', 'ament_prefix_path')
[5.581s] INFO:colcon.colcon_core.plugin_system:Skipping extension 'colcon_core.shell.bat': Not used on non-Windows systems
[5.581s] INFO:colcon.colcon_core.shell:Creating environment hook '/home/zzw/ws02_tools/install/py03_tf_broadcaster/share/py03_tf_broadcaster/hook/ament_prefix_path.ps1'
[5.588s] INFO:colcon.colcon_core.shell:Creating environment descriptor '/home/zzw/ws02_tools/install/py03_tf_broadcaster/share/py03_tf_broadcaster/hook/ament_prefix_path.dsv'
[5.596s] INFO:colcon.colcon_core.shell:Creating environment hook '/home/zzw/ws02_tools/install/py03_tf_broadcaster/share/py03_tf_broadcaster/hook/ament_prefix_path.sh'
[5.600s] INFO:colcon.colcon_core.shell:Skip shell extension 'powershell' for command environment: Not usable outside of PowerShell
[5.600s] DEBUG:colcon.colcon_core.shell:Skip shell extension 'dsv' for command environment
[5.999s] INFO:colcon.colcon_core.task.python.build:Building Python package in '/home/zzw/ws02_tools/src/py03_tf_broadcaster'
[6.001s] INFO:colcon.colcon_core.shell:Skip shell extension 'powershell' for command environment: Not usable outside of PowerShell
[6.002s] DEBUG:colcon.colcon_core.shell:Skip shell extension 'dsv' for command environment
[7.349s] DEBUG:colcon.colcon_core.event_handler.log_command:Invoking command in '/home/zzw/ws02_tools/src/py03_tf_broadcaster': PYTHONPATH=/home/zzw/ws02_tools/build/py03_tf_broadcaster/prefix_override:/home/zzw/ws02_tools/install/py03_tf_broadcaster/lib/python3.10/site-packages:${PYTHONPATH} /usr/bin/python3 setup.py egg_info --egg-base ../../build/py03_tf_broadcaster build --build-base /home/zzw/ws02_tools/build/py03_tf_broadcaster/build install --record /home/zzw/ws02_tools/build/py03_tf_broadcaster/install.log --single-version-externally-managed
[7.902s] DEBUG:colcon.colcon_core.event_handler.log_command:Invoked command in '/home/zzw/ws02_tools/src/py03_tf_broadcaster' returned '0': PYTHONPATH=/home/zzw/ws02_tools/build/py03_tf_broadcaster/prefix_override:/home/zzw/ws02_tools/install/py03_tf_broadcaster/lib/python3.10/site-packages:${PYTHONPATH} /usr/bin/python3 setup.py egg_info --egg-base ../../build/py03_tf_broadcaster build --build-base /home/zzw/ws02_tools/build/py03_tf_broadcaster/build install --record /home/zzw/ws02_tools/build/py03_tf_broadcaster/install.log --single-version-externally-managed
[8.036s] Level 1:colcon.colcon_core.environment:checking '/home/zzw/ws02_tools/install/py03_tf_broadcaster' for CMake module files
[8.038s] Level 1:colcon.colcon_core.environment:checking '/home/zzw/ws02_tools/install/py03_tf_broadcaster' for CMake config files
[8.040s] Level 1:colcon.colcon_core.environment:checking '/home/zzw/ws02_tools/install/py03_tf_broadcaster/lib'
[8.040s] Level 1:colcon.colcon_core.environment:checking '/home/zzw/ws02_tools/install/py03_tf_broadcaster/bin'
[8.041s] Level 1:colcon.colcon_core.environment:checking '/home/zzw/ws02_tools/install/py03_tf_broadcaster/lib/pkgconfig/py03_tf_broadcaster.pc'
[8.041s] Level 1:colcon.colcon_core.environment:checking '/home/zzw/ws02_tools/install/py03_tf_broadcaster/lib/python3.10/site-packages'
[8.042s] Level 1:colcon.colcon_core.shell:create_environment_hook('py03_tf_broadcaster', 'pythonpath')
[8.045s] INFO:colcon.colcon_core.shell:Creating environment hook '/home/zzw/ws02_tools/install/py03_tf_broadcaster/share/py03_tf_broadcaster/hook/pythonpath.ps1'
[8.046s] INFO:colcon.colcon_core.shell:Creating environment descriptor '/home/zzw/ws02_tools/install/py03_tf_broadcaster/share/py03_tf_broadcaster/hook/pythonpath.dsv'
[8.047s] INFO:colcon.colcon_core.shell:Creating environment hook '/home/zzw/ws02_tools/install/py03_tf_broadcaster/share/py03_tf_broadcaster/hook/pythonpath.sh'
[8.049s] Level 1:colcon.colcon_core.environment:checking '/home/zzw/ws02_tools/install/py03_tf_broadcaster/bin'
[8.049s] Level 1:colcon.colcon_core.environment:create_environment_scripts_only(py03_tf_broadcaster)
[8.053s] INFO:colcon.colcon_core.shell:Creating package script '/home/zzw/ws02_tools/install/py03_tf_broadcaster/share/py03_tf_broadcaster/package.ps1'
[8.056s] INFO:colcon.colcon_core.shell:Creating package descriptor '/home/zzw/ws02_tools/install/py03_tf_broadcaster/share/py03_tf_broadcaster/package.dsv'
[8.070s] INFO:colcon.colcon_core.shell:Creating package script '/home/zzw/ws02_tools/install/py03_tf_broadcaster/share/py03_tf_broadcaster/package.sh'
[8.074s] INFO:colcon.colcon_core.shell:Creating package script '/home/zzw/ws02_tools/install/py03_tf_broadcaster/share/py03_tf_broadcaster/package.bash'
[8.092s] INFO:colcon.colcon_core.shell:Creating package script '/home/zzw/ws02_tools/install/py03_tf_broadcaster/share/py03_tf_broadcaster/package.zsh'
[8.095s] Level 1:colcon.colcon_core.environment:create_file_with_runtime_dependencies(/home/zzw/ws02_tools/install/py03_tf_broadcaster/share/colcon-core/packages/py03_tf_broadcaster)
[8.097s] DEBUG:colcon.colcon_parallel_executor.executor.parallel:closing loop
[8.098s] DEBUG:colcon.colcon_parallel_executor.executor.parallel:loop closed
[8.098s] DEBUG:colcon.colcon_parallel_executor.executor.parallel:run_until_complete finished with '0'
[8.099s] DEBUG:colcon.colcon_core.event_reactor:joining thread
[8.256s] INFO:colcon.colcon_core.plugin_system:Skipping extension 'colcon_notification.desktop_notification.terminal_notifier': Not used on non-Darwin systems
[8.257s] INFO:colcon.colcon_core.plugin_system:Skipping extension 'colcon_notification.desktop_notification.win32': Not used on non-Windows systems
[8.257s] INFO:colcon.colcon_notification.desktop_notification:Sending desktop notification using 'notify2'
[9.407s] DEBUG:colcon.colcon_core.event_reactor:joined thread
[9.411s] INFO:colcon.colcon_core.shell:Creating prefix script '/home/zzw/ws02_tools/install/local_setup.ps1'
[9.413s] INFO:colcon.colcon_core.shell:Creating prefix util module '/home/zzw/ws02_tools/install/_local_setup_util_ps1.py'
[9.417s] INFO:colcon.colcon_core.shell:Creating prefix chain script '/home/zzw/ws02_tools/install/setup.ps1'
[9.421s] INFO:colcon.colcon_core.shell:Creating prefix script '/home/zzw/ws02_tools/install/local_setup.sh'
[9.424s] INFO:colcon.colcon_core.shell:Creating prefix util module '/home/zzw/ws02_tools/install/_local_setup_util_sh.py'
[9.425s] INFO:colcon.colcon_core.shell:Creating prefix chain script '/home/zzw/ws02_tools/install/setup.sh'
[9.429s] INFO:colcon.colcon_core.shell:Creating prefix script '/home/zzw/ws02_tools/install/local_setup.bash'
[9.431s] INFO:colcon.colcon_core.shell:Creating prefix chain script '/home/zzw/ws02_tools/install/setup.bash'
[9.443s] INFO:colcon.colcon_core.shell:Creating prefix script '/home/zzw/ws02_tools/install/local_setup.zsh'
[9.457s] INFO:colcon.colcon_core.shell:Creating prefix chain script '/home/zzw/ws02_tools/install/setup.zsh'
