[0.123s] Invoking command in '/home/zzw/ws02_tools/build/cpp01_launch': CMAKE_PREFIX_PATH=/opt/ros/humble /usr/bin/cmake /home/zzw/ws02_tools/src/cpp01_launch -DCMAKE_INSTALL_PREFIX=/home/zzw/ws02_tools/install/cpp01_launch
[2.879s] -- The C compiler identification is GNU 11.3.0
[4.751s] -- The CXX compiler identification is GNU 11.3.0
[6.065s] -- Detecting C compiler ABI info
[6.687s] -- Detecting C compiler ABI info - done
[6.702s] -- Check for working C compiler: /usr/bin/cc - skipped
[6.723s] -- Detecting C compile features
[6.771s] -- Detecting C compile features - done
[6.776s] -- Detecting CXX compiler ABI info
[7.368s] -- Detecting CXX compiler ABI info - done
[7.388s] -- Check for working CXX compiler: /usr/bin/c++ - skipped
[7.389s] -- Detecting CXX compile features
[7.390s] -- Detecting CXX compile features - done
[7.678s] -- Found ament_cmake: 1.3.3 (/opt/ros/humble/share/ament_cmake/cmake)
[8.085s] -- Found Python3: /usr/bin/python3.10 (found version "3.10.6") found components: Interpreter 
[8.494s] -- Found rclcpp: 16.0.2 (/opt/ros/humble/share/rclcpp/cmake)
[9.788s] -- Found rosidl_generator_c: 3.1.4 (/opt/ros/humble/share/rosidl_generator_c/cmake)
[9.863s] -- Found rosidl_adapter: 3.1.4 (/opt/ros/humble/share/rosidl_adapter/cmake)
[9.942s] -- Found rosidl_generator_cpp: 3.1.4 (/opt/ros/humble/share/rosidl_generator_cpp/cmake)
[10.185s] -- Using all available rosidl_typesupport_c: rosidl_typesupport_fastrtps_c;rosidl_typesupport_introspection_c
[10.300s] -- Using all available rosidl_typesupport_cpp: rosidl_typesupport_fastrtps_cpp;rosidl_typesupport_introspection_cpp
[10.706s] -- Found rmw_implementation_cmake: 6.1.1 (/opt/ros/humble/share/rmw_implementation_cmake/cmake)
[10.725s] -- Found rmw_fastrtps_cpp: 6.2.2 (/opt/ros/humble/share/rmw_fastrtps_cpp/cmake)
[17.020s] -- Found OpenSSL: /usr/lib/x86_64-linux-gnu/libcrypto.so (found version "3.0.2")  
[20.987s] -- Found FastRTPS: /opt/ros/humble/include  
[27.909s] -- Using RMW implementation 'rmw_fastrtps_cpp' as default
[28.094s] -- Looking for pthread.h
[28.647s] -- Looking for pthread.h - found
[28.647s] -- Performing Test CMAKE_HAVE_LIBC_PTHREAD
[29.055s] -- Performing Test CMAKE_HAVE_LIBC_PTHREAD - Success
[29.057s] -- Found Threads: TRUE  
[29.805s] -- Found ament_lint_auto: 0.12.4 (/opt/ros/humble/share/ament_lint_auto/cmake)
[30.111s] -- Added test 'lint_cmake' to check CMake code style
[30.115s] -- Added test 'xmllint' to check XML markup files
[30.131s] -- Configuring done
[30.140s] -- Generating done
[30.144s] -- Build files have been written to: /home/zzw/ws02_tools/build/cpp01_launch
[30.159s] Invoked command in '/home/zzw/ws02_tools/build/cpp01_launch' returned '0': CMAKE_PREFIX_PATH=/opt/ros/humble /usr/bin/cmake /home/zzw/ws02_tools/src/cpp01_launch -DCMAKE_INSTALL_PREFIX=/home/zzw/ws02_tools/install/cpp01_launch
[30.162s] Invoking command in '/home/zzw/ws02_tools/build/cpp01_launch': CMAKE_PREFIX_PATH=/opt/ros/humble /usr/bin/cmake --build /home/zzw/ws02_tools/build/cpp01_launch -- -j8 -l8
[30.212s] Invoked command in '/home/zzw/ws02_tools/build/cpp01_launch' returned '0': CMAKE_PREFIX_PATH=/opt/ros/humble /usr/bin/cmake --build /home/zzw/ws02_tools/build/cpp01_launch -- -j8 -l8
[30.249s] Invoking command in '/home/zzw/ws02_tools/build/cpp01_launch': CMAKE_PREFIX_PATH=/opt/ros/humble /usr/bin/cmake --install /home/zzw/ws02_tools/build/cpp01_launch
[30.260s] -- Install configuration: ""
[30.261s] -- Installing: /home/zzw/ws02_tools/install/cpp01_launch/share/ament_index/resource_index/package_run_dependencies/cpp01_launch
[30.262s] -- Installing: /home/zzw/ws02_tools/install/cpp01_launch/share/ament_index/resource_index/parent_prefix_path/cpp01_launch
[30.263s] -- Installing: /home/zzw/ws02_tools/install/cpp01_launch/share/cpp01_launch/environment/ament_prefix_path.sh
[30.263s] -- Installing: /home/zzw/ws02_tools/install/cpp01_launch/share/cpp01_launch/environment/ament_prefix_path.dsv
[30.264s] -- Installing: /home/zzw/ws02_tools/install/cpp01_launch/share/cpp01_launch/environment/path.sh
[30.264s] -- Installing: /home/zzw/ws02_tools/install/cpp01_launch/share/cpp01_launch/environment/path.dsv
[30.265s] -- Installing: /home/zzw/ws02_tools/install/cpp01_launch/share/cpp01_launch/local_setup.bash
[30.265s] -- Installing: /home/zzw/ws02_tools/install/cpp01_launch/share/cpp01_launch/local_setup.sh
[30.266s] -- Installing: /home/zzw/ws02_tools/install/cpp01_launch/share/cpp01_launch/local_setup.zsh
[30.266s] -- Installing: /home/zzw/ws02_tools/install/cpp01_launch/share/cpp01_launch/local_setup.dsv
[30.266s] -- Installing: /home/zzw/ws02_tools/install/cpp01_launch/share/cpp01_launch/package.dsv
[30.269s] -- Installing: /home/zzw/ws02_tools/install/cpp01_launch/share/ament_index/resource_index/packages/cpp01_launch
[30.270s] -- Installing: /home/zzw/ws02_tools/install/cpp01_launch/share/cpp01_launch/cmake/cpp01_launchConfig.cmake
[30.270s] -- Installing: /home/zzw/ws02_tools/install/cpp01_launch/share/cpp01_launch/cmake/cpp01_launchConfig-version.cmake
[30.271s] -- Installing: /home/zzw/ws02_tools/install/cpp01_launch/share/cpp01_launch/package.xml
[30.279s] Invoked command in '/home/zzw/ws02_tools/build/cpp01_launch' returned '0': CMAKE_PREFIX_PATH=/opt/ros/humble /usr/bin/cmake --install /home/zzw/ws02_tools/build/cpp01_launch
