[0.637s] DEBUG:colcon:Command line arguments: ['/usr/bin/colcon', 'build', '--packages-select', 'cpp03_tf_broadcaster']
[0.637s] DEBUG:colcon:Parsed command line arguments: Namespace(log_base=None, log_level=None, verb_name='build', build_base='build', install_base='install', merge_install=False, symlink_install=False, test_result_base=None, continue_on_error=False, executor='parallel', parallel_workers=8, event_handlers=None, ignore_user_meta=False, metas=['./colcon.meta'], base_paths=['.'], packages_ignore=None, packages_ignore_regex=None, paths=None, packages_up_to=None, packages_up_to_regex=None, packages_above=None, packages_above_and_dependencies=None, packages_above_depth=None, packages_select_by_dep=None, packages_skip_by_dep=None, packages_skip_up_to=None, packages_select_build_failed=False, packages_skip_build_finished=False, packages_select_test_failures=False, packages_skip_test_passed=False, packages_select=['cpp03_tf_broadcaster'], packages_skip=None, packages_select_regex=None, packages_skip_regex=None, packages_start=None, packages_end=None, allow_overriding=[], cmake_args=None, cmake_target=None, cmake_target_skip_unavailable=False, cmake_clean_cache=False, cmake_clean_first=False, cmake_force_configure=False, ament_cmake_args=None, catkin_cmake_args=None, catkin_skip_building_tests=False, verb_parser=<colcon_defaults.argument_parser.defaults.DefaultArgumentsDecorator object at 0x7fb8c020a560>, verb_extension=<colcon_core.verb.build.BuildVerb object at 0x7fb8c0b96260>, main=<bound method BuildVerb.main of <colcon_core.verb.build.BuildVerb object at 0x7fb8c0b96260>>)
[0.664s] Level 1:colcon.colcon_core.package_discovery:discover_packages(colcon_meta) check parameters
[0.664s] Level 1:colcon.colcon_core.package_discovery:discover_packages(recursive) check parameters
[0.664s] Level 1:colcon.colcon_core.package_discovery:discover_packages(ignore) check parameters
[0.664s] Level 1:colcon.colcon_core.package_discovery:discover_packages(path) check parameters
[0.664s] Level 1:colcon.colcon_core.package_discovery:discover_packages(colcon_meta) discover
[0.664s] Level 1:colcon.colcon_core.package_discovery:discover_packages(recursive) discover
[0.664s] INFO:colcon.colcon_core.package_discovery:Crawling recursively for packages in '/home/zzw/ws02_tools'
[0.664s] Level 1:colcon.colcon_core.package_identification:_identify(.) by extensions ['ignore', 'ignore_ament_install']
[0.665s] Level 1:colcon.colcon_core.package_identification:_identify(.) by extension 'ignore'
[0.665s] Level 1:colcon.colcon_core.package_identification:_identify(.) by extension 'ignore_ament_install'
[0.665s] Level 1:colcon.colcon_core.package_identification:_identify(.) by extensions ['colcon_pkg']
[0.665s] Level 1:colcon.colcon_core.package_identification:_identify(.) by extension 'colcon_pkg'
[0.665s] Level 1:colcon.colcon_core.package_identification:_identify(.) by extensions ['colcon_meta']
[0.665s] Level 1:colcon.colcon_core.package_identification:_identify(.) by extension 'colcon_meta'
[0.665s] Level 1:colcon.colcon_core.package_identification:_identify(.) by extensions ['ros']
[0.665s] Level 1:colcon.colcon_core.package_identification:_identify(.) by extension 'ros'
[0.693s] Level 1:colcon.colcon_core.package_identification:_identify(.) by extensions ['cmake', 'python']
[0.693s] Level 1:colcon.colcon_core.package_identification:_identify(.) by extension 'cmake'
[0.693s] Level 1:colcon.colcon_core.package_identification:_identify(.) by extension 'python'
[0.693s] Level 1:colcon.colcon_core.package_identification:_identify(.) by extensions ['python_setup_py']
[0.693s] Level 1:colcon.colcon_core.package_identification:_identify(.) by extension 'python_setup_py'
[0.693s] Level 1:colcon.colcon_core.package_identification:_identify(build) by extensions ['ignore', 'ignore_ament_install']
[0.693s] Level 1:colcon.colcon_core.package_identification:_identify(build) by extension 'ignore'
[0.693s] Level 1:colcon.colcon_core.package_identification:_identify(build) ignored
[0.694s] Level 1:colcon.colcon_core.package_identification:_identify(install) by extensions ['ignore', 'ignore_ament_install']
[0.694s] Level 1:colcon.colcon_core.package_identification:_identify(install) by extension 'ignore'
[0.694s] Level 1:colcon.colcon_core.package_identification:_identify(install) ignored
[0.694s] Level 1:colcon.colcon_core.package_identification:_identify(log) by extensions ['ignore', 'ignore_ament_install']
[0.694s] Level 1:colcon.colcon_core.package_identification:_identify(log) by extension 'ignore'
[0.694s] Level 1:colcon.colcon_core.package_identification:_identify(log) ignored
[0.694s] Level 1:colcon.colcon_core.package_identification:_identify(my_bag) by extensions ['ignore', 'ignore_ament_install']
[0.694s] Level 1:colcon.colcon_core.package_identification:_identify(my_bag) by extension 'ignore'
[0.695s] Level 1:colcon.colcon_core.package_identification:_identify(my_bag) by extension 'ignore_ament_install'
[0.695s] Level 1:colcon.colcon_core.package_identification:_identify(my_bag) by extensions ['colcon_pkg']
[0.695s] Level 1:colcon.colcon_core.package_identification:_identify(my_bag) by extension 'colcon_pkg'
[0.695s] Level 1:colcon.colcon_core.package_identification:_identify(my_bag) by extensions ['colcon_meta']
[0.695s] Level 1:colcon.colcon_core.package_identification:_identify(my_bag) by extension 'colcon_meta'
[0.695s] Level 1:colcon.colcon_core.package_identification:_identify(my_bag) by extensions ['ros']
[0.695s] Level 1:colcon.colcon_core.package_identification:_identify(my_bag) by extension 'ros'
[0.695s] Level 1:colcon.colcon_core.package_identification:_identify(my_bag) by extensions ['cmake', 'python']
[0.695s] Level 1:colcon.colcon_core.package_identification:_identify(my_bag) by extension 'cmake'
[0.695s] Level 1:colcon.colcon_core.package_identification:_identify(my_bag) by extension 'python'
[0.695s] Level 1:colcon.colcon_core.package_identification:_identify(my_bag) by extensions ['python_setup_py']
[0.695s] Level 1:colcon.colcon_core.package_identification:_identify(my_bag) by extension 'python_setup_py'
[0.695s] Level 1:colcon.colcon_core.package_identification:_identify(my_bag_py) by extensions ['ignore', 'ignore_ament_install']
[0.696s] Level 1:colcon.colcon_core.package_identification:_identify(my_bag_py) by extension 'ignore'
[0.696s] Level 1:colcon.colcon_core.package_identification:_identify(my_bag_py) by extension 'ignore_ament_install'
[0.696s] Level 1:colcon.colcon_core.package_identification:_identify(my_bag_py) by extensions ['colcon_pkg']
[0.696s] Level 1:colcon.colcon_core.package_identification:_identify(my_bag_py) by extension 'colcon_pkg'
[0.696s] Level 1:colcon.colcon_core.package_identification:_identify(my_bag_py) by extensions ['colcon_meta']
[0.696s] Level 1:colcon.colcon_core.package_identification:_identify(my_bag_py) by extension 'colcon_meta'
[0.696s] Level 1:colcon.colcon_core.package_identification:_identify(my_bag_py) by extensions ['ros']
[0.696s] Level 1:colcon.colcon_core.package_identification:_identify(my_bag_py) by extension 'ros'
[0.696s] Level 1:colcon.colcon_core.package_identification:_identify(my_bag_py) by extensions ['cmake', 'python']
[0.696s] Level 1:colcon.colcon_core.package_identification:_identify(my_bag_py) by extension 'cmake'
[0.696s] Level 1:colcon.colcon_core.package_identification:_identify(my_bag_py) by extension 'python'
[0.696s] Level 1:colcon.colcon_core.package_identification:_identify(my_bag_py) by extensions ['python_setup_py']
[0.696s] Level 1:colcon.colcon_core.package_identification:_identify(my_bag_py) by extension 'python_setup_py'
[0.697s] Level 1:colcon.colcon_core.package_identification:_identify(src) by extensions ['ignore', 'ignore_ament_install']
[0.697s] Level 1:colcon.colcon_core.package_identification:_identify(src) by extension 'ignore'
[0.697s] Level 1:colcon.colcon_core.package_identification:_identify(src) by extension 'ignore_ament_install'
[0.697s] Level 1:colcon.colcon_core.package_identification:_identify(src) by extensions ['colcon_pkg']
[0.697s] Level 1:colcon.colcon_core.package_identification:_identify(src) by extension 'colcon_pkg'
[0.697s] Level 1:colcon.colcon_core.package_identification:_identify(src) by extensions ['colcon_meta']
[0.697s] Level 1:colcon.colcon_core.package_identification:_identify(src) by extension 'colcon_meta'
[0.697s] Level 1:colcon.colcon_core.package_identification:_identify(src) by extensions ['ros']
[0.697s] Level 1:colcon.colcon_core.package_identification:_identify(src) by extension 'ros'
[0.697s] Level 1:colcon.colcon_core.package_identification:_identify(src) by extensions ['cmake', 'python']
[0.697s] Level 1:colcon.colcon_core.package_identification:_identify(src) by extension 'cmake'
[0.697s] Level 1:colcon.colcon_core.package_identification:_identify(src) by extension 'python'
[0.697s] Level 1:colcon.colcon_core.package_identification:_identify(src) by extensions ['python_setup_py']
[0.697s] Level 1:colcon.colcon_core.package_identification:_identify(src) by extension 'python_setup_py'
[0.698s] Level 1:colcon.colcon_core.package_identification:_identify(src/cpp01_launch) by extensions ['ignore', 'ignore_ament_install']
[0.698s] Level 1:colcon.colcon_core.package_identification:_identify(src/cpp01_launch) by extension 'ignore'
[0.698s] Level 1:colcon.colcon_core.package_identification:_identify(src/cpp01_launch) by extension 'ignore_ament_install'
[0.698s] Level 1:colcon.colcon_core.package_identification:_identify(src/cpp01_launch) by extensions ['colcon_pkg']
[0.698s] Level 1:colcon.colcon_core.package_identification:_identify(src/cpp01_launch) by extension 'colcon_pkg'
[0.698s] Level 1:colcon.colcon_core.package_identification:_identify(src/cpp01_launch) by extensions ['colcon_meta']
[0.698s] Level 1:colcon.colcon_core.package_identification:_identify(src/cpp01_launch) by extension 'colcon_meta'
[0.698s] Level 1:colcon.colcon_core.package_identification:_identify(src/cpp01_launch) by extensions ['ros']
[0.698s] Level 1:colcon.colcon_core.package_identification:_identify(src/cpp01_launch) by extension 'ros'
[0.701s] DEBUG:colcon.colcon_core.package_identification:Package 'src/cpp01_launch' with type 'ros.ament_cmake' and name 'cpp01_launch'
[0.701s] Level 1:colcon.colcon_core.package_identification:_identify(src/cpp02_rosbag) by extensions ['ignore', 'ignore_ament_install']
[0.701s] Level 1:colcon.colcon_core.package_identification:_identify(src/cpp02_rosbag) by extension 'ignore'
[0.701s] Level 1:colcon.colcon_core.package_identification:_identify(src/cpp02_rosbag) by extension 'ignore_ament_install'
[0.702s] Level 1:colcon.colcon_core.package_identification:_identify(src/cpp02_rosbag) by extensions ['colcon_pkg']
[0.702s] Level 1:colcon.colcon_core.package_identification:_identify(src/cpp02_rosbag) by extension 'colcon_pkg'
[0.702s] Level 1:colcon.colcon_core.package_identification:_identify(src/cpp02_rosbag) by extensions ['colcon_meta']
[0.702s] Level 1:colcon.colcon_core.package_identification:_identify(src/cpp02_rosbag) by extension 'colcon_meta'
[0.702s] Level 1:colcon.colcon_core.package_identification:_identify(src/cpp02_rosbag) by extensions ['ros']
[0.702s] Level 1:colcon.colcon_core.package_identification:_identify(src/cpp02_rosbag) by extension 'ros'
[0.703s] DEBUG:colcon.colcon_core.package_identification:Package 'src/cpp02_rosbag' with type 'ros.ament_cmake' and name 'cpp02_rosbag'
[0.703s] Level 1:colcon.colcon_core.package_identification:_identify(src/cpp03_tf_broadcaster) by extensions ['ignore', 'ignore_ament_install']
[0.703s] Level 1:colcon.colcon_core.package_identification:_identify(src/cpp03_tf_broadcaster) by extension 'ignore'
[0.703s] Level 1:colcon.colcon_core.package_identification:_identify(src/cpp03_tf_broadcaster) by extension 'ignore_ament_install'
[0.703s] Level 1:colcon.colcon_core.package_identification:_identify(src/cpp03_tf_broadcaster) by extensions ['colcon_pkg']
[0.703s] Level 1:colcon.colcon_core.package_identification:_identify(src/cpp03_tf_broadcaster) by extension 'colcon_pkg'
[0.703s] Level 1:colcon.colcon_core.package_identification:_identify(src/cpp03_tf_broadcaster) by extensions ['colcon_meta']
[0.703s] Level 1:colcon.colcon_core.package_identification:_identify(src/cpp03_tf_broadcaster) by extension 'colcon_meta'
[0.703s] Level 1:colcon.colcon_core.package_identification:_identify(src/cpp03_tf_broadcaster) by extensions ['ros']
[0.704s] Level 1:colcon.colcon_core.package_identification:_identify(src/cpp03_tf_broadcaster) by extension 'ros'
[0.705s] DEBUG:colcon.colcon_core.package_identification:Package 'src/cpp03_tf_broadcaster' with type 'ros.ament_cmake' and name 'cpp03_tf_broadcaster'
[0.705s] Level 1:colcon.colcon_core.package_identification:_identify(src/py01_launch) by extensions ['ignore', 'ignore_ament_install']
[0.705s] Level 1:colcon.colcon_core.package_identification:_identify(src/py01_launch) by extension 'ignore'
[0.705s] Level 1:colcon.colcon_core.package_identification:_identify(src/py01_launch) by extension 'ignore_ament_install'
[0.705s] Level 1:colcon.colcon_core.package_identification:_identify(src/py01_launch) by extensions ['colcon_pkg']
[0.705s] Level 1:colcon.colcon_core.package_identification:_identify(src/py01_launch) by extension 'colcon_pkg'
[0.705s] Level 1:colcon.colcon_core.package_identification:_identify(src/py01_launch) by extensions ['colcon_meta']
[0.705s] Level 1:colcon.colcon_core.package_identification:_identify(src/py01_launch) by extension 'colcon_meta'
[0.705s] Level 1:colcon.colcon_core.package_identification:_identify(src/py01_launch) by extensions ['ros']
[0.705s] Level 1:colcon.colcon_core.package_identification:_identify(src/py01_launch) by extension 'ros'
[0.706s] DEBUG:colcon.colcon_core.package_identification:Package 'src/py01_launch' with type 'ros.ament_python' and name 'py01_launch'
[0.706s] Level 1:colcon.colcon_core.package_identification:_identify(src/py02_rosbag) by extensions ['ignore', 'ignore_ament_install']
[0.706s] Level 1:colcon.colcon_core.package_identification:_identify(src/py02_rosbag) by extension 'ignore'
[0.706s] Level 1:colcon.colcon_core.package_identification:_identify(src/py02_rosbag) by extension 'ignore_ament_install'
[0.706s] Level 1:colcon.colcon_core.package_identification:_identify(src/py02_rosbag) by extensions ['colcon_pkg']
[0.707s] Level 1:colcon.colcon_core.package_identification:_identify(src/py02_rosbag) by extension 'colcon_pkg'
[0.707s] Level 1:colcon.colcon_core.package_identification:_identify(src/py02_rosbag) by extensions ['colcon_meta']
[0.707s] Level 1:colcon.colcon_core.package_identification:_identify(src/py02_rosbag) by extension 'colcon_meta'
[0.707s] Level 1:colcon.colcon_core.package_identification:_identify(src/py02_rosbag) by extensions ['ros']
[0.707s] Level 1:colcon.colcon_core.package_identification:_identify(src/py02_rosbag) by extension 'ros'
[0.708s] DEBUG:colcon.colcon_core.package_identification:Package 'src/py02_rosbag' with type 'ros.ament_python' and name 'py02_rosbag'
[0.708s] Level 1:colcon.colcon_core.package_identification:_identify(src/py03_tf_broadcaster) by extensions ['ignore', 'ignore_ament_install']
[0.708s] Level 1:colcon.colcon_core.package_identification:_identify(src/py03_tf_broadcaster) by extension 'ignore'
[0.708s] Level 1:colcon.colcon_core.package_identification:_identify(src/py03_tf_broadcaster) by extension 'ignore_ament_install'
[0.708s] Level 1:colcon.colcon_core.package_identification:_identify(src/py03_tf_broadcaster) by extensions ['colcon_pkg']
[0.708s] Level 1:colcon.colcon_core.package_identification:_identify(src/py03_tf_broadcaster) by extension 'colcon_pkg'
[0.708s] Level 1:colcon.colcon_core.package_identification:_identify(src/py03_tf_broadcaster) by extensions ['colcon_meta']
[0.708s] Level 1:colcon.colcon_core.package_identification:_identify(src/py03_tf_broadcaster) by extension 'colcon_meta'
[0.708s] Level 1:colcon.colcon_core.package_identification:_identify(src/py03_tf_broadcaster) by extensions ['ros']
[0.708s] Level 1:colcon.colcon_core.package_identification:_identify(src/py03_tf_broadcaster) by extension 'ros'
[0.709s] DEBUG:colcon.colcon_core.package_identification:Package 'src/py03_tf_broadcaster' with type 'ros.ament_python' and name 'py03_tf_broadcaster'
[0.709s] Level 1:colcon.colcon_core.package_discovery:discover_packages(recursive) using defaults
[0.709s] Level 1:colcon.colcon_core.package_discovery:discover_packages(ignore) discover
[0.710s] Level 1:colcon.colcon_core.package_discovery:discover_packages(ignore) using defaults
[0.710s] Level 1:colcon.colcon_core.package_discovery:discover_packages(path) discover
[0.710s] Level 1:colcon.colcon_core.package_discovery:discover_packages(path) using defaults
[0.740s] INFO:colcon.colcon_core.package_selection:Skipping not selected package 'cpp01_launch' in 'src/cpp01_launch'
[0.740s] INFO:colcon.colcon_core.package_selection:Skipping not selected package 'cpp02_rosbag' in 'src/cpp02_rosbag'
[0.740s] INFO:colcon.colcon_core.package_selection:Skipping not selected package 'py01_launch' in 'src/py01_launch'
[0.740s] INFO:colcon.colcon_core.package_selection:Skipping not selected package 'py02_rosbag' in 'src/py02_rosbag'
[0.740s] INFO:colcon.colcon_core.package_selection:Skipping not selected package 'py03_tf_broadcaster' in 'src/py03_tf_broadcaster'
[0.741s] Level 1:colcon.colcon_core.package_discovery:discover_packages(prefix_path) check parameters
[0.741s] Level 1:colcon.colcon_core.package_discovery:discover_packages(prefix_path) discover
[0.744s] DEBUG:colcon.colcon_installed_package_information.package_discovery:Found 6 installed packages in /home/zzw/ws02_tools/install
[0.747s] DEBUG:colcon.colcon_installed_package_information.package_discovery:Found 404 installed packages in /opt/ros/humble
[0.749s] Level 1:colcon.colcon_core.package_discovery:discover_packages(prefix_path) using defaults
[0.900s] Level 5:colcon.colcon_core.verb:set package 'cpp03_tf_broadcaster' build argument 'cmake_args' from command line to 'None'
[0.900s] Level 5:colcon.colcon_core.verb:set package 'cpp03_tf_broadcaster' build argument 'cmake_target' from command line to 'None'
[0.900s] Level 5:colcon.colcon_core.verb:set package 'cpp03_tf_broadcaster' build argument 'cmake_target_skip_unavailable' from command line to 'False'
[0.900s] Level 5:colcon.colcon_core.verb:set package 'cpp03_tf_broadcaster' build argument 'cmake_clean_cache' from command line to 'False'
[0.900s] Level 5:colcon.colcon_core.verb:set package 'cpp03_tf_broadcaster' build argument 'cmake_clean_first' from command line to 'False'
[0.900s] Level 5:colcon.colcon_core.verb:set package 'cpp03_tf_broadcaster' build argument 'cmake_force_configure' from command line to 'False'
[0.900s] Level 5:colcon.colcon_core.verb:set package 'cpp03_tf_broadcaster' build argument 'ament_cmake_args' from command line to 'None'
[0.900s] Level 5:colcon.colcon_core.verb:set package 'cpp03_tf_broadcaster' build argument 'catkin_cmake_args' from command line to 'None'
[0.901s] Level 5:colcon.colcon_core.verb:set package 'cpp03_tf_broadcaster' build argument 'catkin_skip_building_tests' from command line to 'False'
[0.901s] DEBUG:colcon.colcon_core.verb:Building package 'cpp03_tf_broadcaster' with the following arguments: {'ament_cmake_args': None, 'build_base': '/home/zzw/ws02_tools/build/cpp03_tf_broadcaster', 'catkin_cmake_args': None, 'catkin_skip_building_tests': False, 'cmake_args': None, 'cmake_clean_cache': False, 'cmake_clean_first': False, 'cmake_force_configure': False, 'cmake_target': None, 'cmake_target_skip_unavailable': False, 'install_base': '/home/zzw/ws02_tools/install/cpp03_tf_broadcaster', 'merge_install': False, 'path': '/home/zzw/ws02_tools/src/cpp03_tf_broadcaster', 'symlink_install': False, 'test_result_base': None}
[0.901s] INFO:colcon.colcon_core.executor:Executing jobs using 'parallel' executor
[0.907s] DEBUG:colcon.colcon_parallel_executor.executor.parallel:run_until_complete
[0.907s] INFO:colcon.colcon_ros.task.ament_cmake.build:Building ROS package in '/home/zzw/ws02_tools/src/cpp03_tf_broadcaster' with build type 'ament_cmake'
[0.907s] INFO:colcon.colcon_cmake.task.cmake.build:Building CMake package in '/home/zzw/ws02_tools/src/cpp03_tf_broadcaster'
[0.918s] INFO:colcon.colcon_core.plugin_system:Skipping extension 'colcon_core.shell.bat': Not used on non-Windows systems
[0.918s] INFO:colcon.colcon_core.shell:Skip shell extension 'powershell' for command environment: Not usable outside of PowerShell
[0.919s] DEBUG:colcon.colcon_core.shell:Skip shell extension 'dsv' for command environment
[0.943s] DEBUG:colcon.colcon_core.event_handler.log_command:Invoking command in '/home/zzw/ws02_tools/build/cpp03_tf_broadcaster': CMAKE_PREFIX_PATH=${CMAKE_PREFIX_PATH}:/home/zzw/ws02_tools/install/py03_tf_broadcaster:/home/zzw/ws02_tools/install/py02_rosbag:/home/zzw/ws02_tools/install/py01_launch:/opt/ros/humble /usr/bin/cmake --build /home/zzw/ws02_tools/build/cpp03_tf_broadcaster -- -j8 -l8
[18.664s] DEBUG:colcon.colcon_core.event_handler.log_command:Invoked command in '/home/zzw/ws02_tools/build/cpp03_tf_broadcaster' returned '0': CMAKE_PREFIX_PATH=${CMAKE_PREFIX_PATH}:/home/zzw/ws02_tools/install/py03_tf_broadcaster:/home/zzw/ws02_tools/install/py02_rosbag:/home/zzw/ws02_tools/install/py01_launch:/opt/ros/humble /usr/bin/cmake --build /home/zzw/ws02_tools/build/cpp03_tf_broadcaster -- -j8 -l8
[18.711s] DEBUG:colcon.colcon_core.event_handler.log_command:Invoking command in '/home/zzw/ws02_tools/build/cpp03_tf_broadcaster': CMAKE_PREFIX_PATH=${CMAKE_PREFIX_PATH}:/home/zzw/ws02_tools/install/py03_tf_broadcaster:/home/zzw/ws02_tools/install/py02_rosbag:/home/zzw/ws02_tools/install/py01_launch:/opt/ros/humble /usr/bin/cmake --install /home/zzw/ws02_tools/build/cpp03_tf_broadcaster
[18.746s] Level 1:colcon.colcon_core.environment:create_environment_scripts_only(cpp03_tf_broadcaster)
[18.750s] DEBUG:colcon.colcon_core.event_handler.log_command:Invoked command in '/home/zzw/ws02_tools/build/cpp03_tf_broadcaster' returned '0': CMAKE_PREFIX_PATH=${CMAKE_PREFIX_PATH}:/home/zzw/ws02_tools/install/py03_tf_broadcaster:/home/zzw/ws02_tools/install/py02_rosbag:/home/zzw/ws02_tools/install/py01_launch:/opt/ros/humble /usr/bin/cmake --install /home/zzw/ws02_tools/build/cpp03_tf_broadcaster
[18.754s] Level 1:colcon.colcon_core.environment:checking '/home/zzw/ws02_tools/install/cpp03_tf_broadcaster' for CMake module files
[18.754s] Level 1:colcon.colcon_core.environment:checking '/home/zzw/ws02_tools/install/cpp03_tf_broadcaster' for CMake config files
[18.755s] Level 1:colcon.colcon_core.shell:create_environment_hook('cpp03_tf_broadcaster', 'cmake_prefix_path')
[18.756s] INFO:colcon.colcon_core.shell:Creating environment hook '/home/zzw/ws02_tools/install/cpp03_tf_broadcaster/share/cpp03_tf_broadcaster/hook/cmake_prefix_path.ps1'
[18.757s] INFO:colcon.colcon_core.shell:Creating environment descriptor '/home/zzw/ws02_tools/install/cpp03_tf_broadcaster/share/cpp03_tf_broadcaster/hook/cmake_prefix_path.dsv'
[18.758s] INFO:colcon.colcon_core.shell:Creating environment hook '/home/zzw/ws02_tools/install/cpp03_tf_broadcaster/share/cpp03_tf_broadcaster/hook/cmake_prefix_path.sh'
[18.759s] Level 1:colcon.colcon_core.environment:checking '/home/zzw/ws02_tools/install/cpp03_tf_broadcaster/lib'
[18.759s] Level 1:colcon.colcon_core.environment:checking '/home/zzw/ws02_tools/install/cpp03_tf_broadcaster/bin'
[18.760s] Level 1:colcon.colcon_core.environment:checking '/home/zzw/ws02_tools/install/cpp03_tf_broadcaster/lib/pkgconfig/cpp03_tf_broadcaster.pc'
[18.760s] Level 1:colcon.colcon_core.environment:checking '/home/zzw/ws02_tools/install/cpp03_tf_broadcaster/lib/python3.10/site-packages'
[18.760s] Level 1:colcon.colcon_core.environment:checking '/home/zzw/ws02_tools/install/cpp03_tf_broadcaster/bin'
[18.762s] INFO:colcon.colcon_core.shell:Creating package script '/home/zzw/ws02_tools/install/cpp03_tf_broadcaster/share/cpp03_tf_broadcaster/package.ps1'
[18.763s] INFO:colcon.colcon_core.shell:Creating package descriptor '/home/zzw/ws02_tools/install/cpp03_tf_broadcaster/share/cpp03_tf_broadcaster/package.dsv'
[18.764s] INFO:colcon.colcon_core.shell:Creating package script '/home/zzw/ws02_tools/install/cpp03_tf_broadcaster/share/cpp03_tf_broadcaster/package.sh'
[18.765s] INFO:colcon.colcon_core.shell:Creating package script '/home/zzw/ws02_tools/install/cpp03_tf_broadcaster/share/cpp03_tf_broadcaster/package.bash'
[18.766s] INFO:colcon.colcon_core.shell:Creating package script '/home/zzw/ws02_tools/install/cpp03_tf_broadcaster/share/cpp03_tf_broadcaster/package.zsh'
[18.767s] Level 1:colcon.colcon_core.environment:create_file_with_runtime_dependencies(/home/zzw/ws02_tools/install/cpp03_tf_broadcaster/share/colcon-core/packages/cpp03_tf_broadcaster)
[18.807s] Level 1:colcon.colcon_core.environment:create_environment_scripts_only(cpp03_tf_broadcaster)
[18.811s] Level 1:colcon.colcon_core.environment:checking '/home/zzw/ws02_tools/install/cpp03_tf_broadcaster' for CMake module files
[18.811s] Level 1:colcon.colcon_core.environment:checking '/home/zzw/ws02_tools/install/cpp03_tf_broadcaster' for CMake config files
[18.812s] Level 1:colcon.colcon_core.shell:create_environment_hook('cpp03_tf_broadcaster', 'cmake_prefix_path')
[18.814s] INFO:colcon.colcon_core.shell:Creating environment hook '/home/zzw/ws02_tools/install/cpp03_tf_broadcaster/share/cpp03_tf_broadcaster/hook/cmake_prefix_path.ps1'
[18.815s] INFO:colcon.colcon_core.shell:Creating environment descriptor '/home/zzw/ws02_tools/install/cpp03_tf_broadcaster/share/cpp03_tf_broadcaster/hook/cmake_prefix_path.dsv'
[18.815s] INFO:colcon.colcon_core.shell:Creating environment hook '/home/zzw/ws02_tools/install/cpp03_tf_broadcaster/share/cpp03_tf_broadcaster/hook/cmake_prefix_path.sh'
[18.816s] Level 1:colcon.colcon_core.environment:checking '/home/zzw/ws02_tools/install/cpp03_tf_broadcaster/lib'
[18.816s] Level 1:colcon.colcon_core.environment:checking '/home/zzw/ws02_tools/install/cpp03_tf_broadcaster/bin'
[18.816s] Level 1:colcon.colcon_core.environment:checking '/home/zzw/ws02_tools/install/cpp03_tf_broadcaster/lib/pkgconfig/cpp03_tf_broadcaster.pc'
[18.817s] Level 1:colcon.colcon_core.environment:checking '/home/zzw/ws02_tools/install/cpp03_tf_broadcaster/lib/python3.10/site-packages'
[18.817s] Level 1:colcon.colcon_core.environment:checking '/home/zzw/ws02_tools/install/cpp03_tf_broadcaster/bin'
[18.819s] INFO:colcon.colcon_core.shell:Creating package script '/home/zzw/ws02_tools/install/cpp03_tf_broadcaster/share/cpp03_tf_broadcaster/package.ps1'
[18.819s] INFO:colcon.colcon_core.shell:Creating package descriptor '/home/zzw/ws02_tools/install/cpp03_tf_broadcaster/share/cpp03_tf_broadcaster/package.dsv'
[18.820s] INFO:colcon.colcon_core.shell:Creating package script '/home/zzw/ws02_tools/install/cpp03_tf_broadcaster/share/cpp03_tf_broadcaster/package.sh'
[18.821s] INFO:colcon.colcon_core.shell:Creating package script '/home/zzw/ws02_tools/install/cpp03_tf_broadcaster/share/cpp03_tf_broadcaster/package.bash'
[18.822s] INFO:colcon.colcon_core.shell:Creating package script '/home/zzw/ws02_tools/install/cpp03_tf_broadcaster/share/cpp03_tf_broadcaster/package.zsh'
[18.822s] Level 1:colcon.colcon_core.environment:create_file_with_runtime_dependencies(/home/zzw/ws02_tools/install/cpp03_tf_broadcaster/share/colcon-core/packages/cpp03_tf_broadcaster)
[18.823s] DEBUG:colcon.colcon_parallel_executor.executor.parallel:closing loop
[18.824s] DEBUG:colcon.colcon_parallel_executor.executor.parallel:loop closed
[18.825s] DEBUG:colcon.colcon_parallel_executor.executor.parallel:run_until_complete finished with '0'
[18.826s] DEBUG:colcon.colcon_core.event_reactor:joining thread
[18.839s] INFO:colcon.colcon_core.plugin_system:Skipping extension 'colcon_notification.desktop_notification.terminal_notifier': Not used on non-Darwin systems
[18.839s] INFO:colcon.colcon_core.plugin_system:Skipping extension 'colcon_notification.desktop_notification.win32': Not used on non-Windows systems
[18.839s] INFO:colcon.colcon_notification.desktop_notification:Sending desktop notification using 'notify2'
[18.854s] DEBUG:colcon.colcon_core.event_reactor:joined thread
[18.859s] INFO:colcon.colcon_core.shell:Creating prefix script '/home/zzw/ws02_tools/install/local_setup.ps1'
[18.862s] INFO:colcon.colcon_core.shell:Creating prefix util module '/home/zzw/ws02_tools/install/_local_setup_util_ps1.py'
[18.865s] INFO:colcon.colcon_core.shell:Creating prefix chain script '/home/zzw/ws02_tools/install/setup.ps1'
[18.870s] INFO:colcon.colcon_core.shell:Creating prefix script '/home/zzw/ws02_tools/install/local_setup.sh'
[18.881s] INFO:colcon.colcon_core.shell:Creating prefix util module '/home/zzw/ws02_tools/install/_local_setup_util_sh.py'
[18.888s] INFO:colcon.colcon_core.shell:Creating prefix chain script '/home/zzw/ws02_tools/install/setup.sh'
[18.929s] INFO:colcon.colcon_core.shell:Creating prefix script '/home/zzw/ws02_tools/install/local_setup.bash'
[18.941s] INFO:colcon.colcon_core.shell:Creating prefix chain script '/home/zzw/ws02_tools/install/setup.bash'
[18.947s] INFO:colcon.colcon_core.shell:Creating prefix script '/home/zzw/ws02_tools/install/local_setup.zsh'
[18.950s] INFO:colcon.colcon_core.shell:Creating prefix chain script '/home/zzw/ws02_tools/install/setup.zsh'
