[0.176s] Invoking command in '/home/zzw/ws02_tools/build/cpp02_rosbag': CMAKE_PREFIX_PATH=/opt/ros/humble /usr/bin/cmake /home/zzw/ws02_tools/src/cpp02_rosbag -DCMAKE_INSTALL_PREFIX=/home/zzw/ws02_tools/install/cpp02_rosbag
[0.550s] -- The C compiler identification is GNU 11.3.0
[2.292s] -- The CXX compiler identification is GNU 11.3.0
[3.354s] -- Detecting C compiler ABI info
[3.670s] -- Detecting C compiler ABI info - done
[3.681s] -- Check for working C compiler: /usr/bin/cc - skipped
[3.681s] -- Detecting C compile features
[3.681s] -- Detecting C compile features - done
[3.685s] -- Detecting CXX compiler ABI info
[4.014s] -- Detecting CXX compiler ABI info - done
[4.027s] -- Check for working CXX compiler: /usr/bin/c++ - skipped
[4.027s] -- Detecting CXX compile features
[4.028s] -- Detecting CXX compile features - done
[4.031s] -- Found ament_cmake: 1.3.3 (/opt/ros/humble/share/ament_cmake/cmake)
[4.219s] -- Found Python3: /usr/bin/python3.10 (found version "3.10.6") found components: Interpreter 
[4.328s] -- Found rclcpp: 16.0.2 (/opt/ros/humble/share/rclcpp/cmake)
[4.716s] -- Found rosidl_generator_c: 3.1.4 (/opt/ros/humble/share/rosidl_generator_c/cmake)
[4.722s] -- Found rosidl_adapter: 3.1.4 (/opt/ros/humble/share/rosidl_adapter/cmake)
[4.731s] -- Found rosidl_generator_cpp: 3.1.4 (/opt/ros/humble/share/rosidl_generator_cpp/cmake)
[4.747s] -- Using all available rosidl_typesupport_c: rosidl_typesupport_fastrtps_c;rosidl_typesupport_introspection_c
[4.770s] -- Using all available rosidl_typesupport_cpp: rosidl_typesupport_fastrtps_cpp;rosidl_typesupport_introspection_cpp
[4.853s] -- Found rmw_implementation_cmake: 6.1.1 (/opt/ros/humble/share/rmw_implementation_cmake/cmake)
[4.856s] -- Found rmw_fastrtps_cpp: 6.2.2 (/opt/ros/humble/share/rmw_fastrtps_cpp/cmake)
[8.332s] -- Found OpenSSL: /usr/lib/x86_64-linux-gnu/libcrypto.so (found version "3.0.2")  
[12.271s] -- Found FastRTPS: /opt/ros/humble/include  
[19.294s] -- Using RMW implementation 'rmw_fastrtps_cpp' as default
[19.308s] -- Looking for pthread.h
[19.625s] -- Looking for pthread.h - found
[19.626s] -- Performing Test CMAKE_HAVE_LIBC_PTHREAD
[19.929s] -- Performing Test CMAKE_HAVE_LIBC_PTHREAD - Success
[19.931s] -- Found Threads: TRUE  
[20.168s] -- Found rosbag2_cpp: 0.15.3 (/opt/ros/humble/share/rosbag2_cpp/cmake)
[23.954s] -- Found geometry_msgs: 4.2.2 (/opt/ros/humble/share/geometry_msgs/cmake)
[24.018s] -- Found ament_lint_auto: 0.12.4 (/opt/ros/humble/share/ament_lint_auto/cmake)
[24.106s] -- Added test 'cppcheck' to perform static code analysis on C / C++ code
[24.106s] -- Configured cppcheck include dirs: $<BUILD_INTERFACE:/home/zzw/ws02_tools/src/cpp02_rosbag/include>
[24.107s] -- Configured cppcheck exclude dirs and/or files: 
[24.107s] -- Added test 'lint_cmake' to check CMake code style
[24.109s] -- Added test 'uncrustify' to check C / C++ code style
[24.109s] -- Configured uncrustify additional arguments: 
[24.110s] -- Added test 'xmllint' to check XML markup files
[24.112s] -- Configuring done
[24.270s] -- Generating done
[24.272s] -- Build files have been written to: /home/zzw/ws02_tools/build/cpp02_rosbag
[24.286s] Invoked command in '/home/zzw/ws02_tools/build/cpp02_rosbag' returned '0': CMAKE_PREFIX_PATH=/opt/ros/humble /usr/bin/cmake /home/zzw/ws02_tools/src/cpp02_rosbag -DCMAKE_INSTALL_PREFIX=/home/zzw/ws02_tools/install/cpp02_rosbag
[24.288s] Invoking command in '/home/zzw/ws02_tools/build/cpp02_rosbag': CMAKE_PREFIX_PATH=/opt/ros/humble /usr/bin/cmake --build /home/zzw/ws02_tools/build/cpp02_rosbag -- -j8 -l8
[24.340s] [ 50%] [32mBuilding CXX object CMakeFiles/demo01_writer.dir/src/demo01_writer.cpp.o[0m
[24.762s] [100%] [32m[1mLinking CXX executable demo01_writer[0m
[25.797s] [100%] Built target demo01_writer
[25.811s] Invoked command in '/home/zzw/ws02_tools/build/cpp02_rosbag' returned '0': CMAKE_PREFIX_PATH=/opt/ros/humble /usr/bin/cmake --build /home/zzw/ws02_tools/build/cpp02_rosbag -- -j8 -l8
[25.840s] Invoking command in '/home/zzw/ws02_tools/build/cpp02_rosbag': CMAKE_PREFIX_PATH=/opt/ros/humble /usr/bin/cmake --install /home/zzw/ws02_tools/build/cpp02_rosbag
[25.847s] -- Install configuration: ""
[25.848s] -- Installing: /home/zzw/ws02_tools/install/cpp02_rosbag/lib/cpp02_rosbag/demo01_writer
[25.848s] -- Set runtime path of "/home/zzw/ws02_tools/install/cpp02_rosbag/lib/cpp02_rosbag/demo01_writer" to ""
[25.848s] -- Installing: /home/zzw/ws02_tools/install/cpp02_rosbag/share/ament_index/resource_index/package_run_dependencies/cpp02_rosbag
[25.849s] -- Installing: /home/zzw/ws02_tools/install/cpp02_rosbag/share/ament_index/resource_index/parent_prefix_path/cpp02_rosbag
[25.849s] -- Installing: /home/zzw/ws02_tools/install/cpp02_rosbag/share/cpp02_rosbag/environment/ament_prefix_path.sh
[25.849s] -- Installing: /home/zzw/ws02_tools/install/cpp02_rosbag/share/cpp02_rosbag/environment/ament_prefix_path.dsv
[25.850s] -- Installing: /home/zzw/ws02_tools/install/cpp02_rosbag/share/cpp02_rosbag/environment/path.sh
[25.850s] -- Installing: /home/zzw/ws02_tools/install/cpp02_rosbag/share/cpp02_rosbag/environment/path.dsv
[25.851s] -- Installing: /home/zzw/ws02_tools/install/cpp02_rosbag/share/cpp02_rosbag/local_setup.bash
[25.851s] -- Installing: /home/zzw/ws02_tools/install/cpp02_rosbag/share/cpp02_rosbag/local_setup.sh
[25.851s] -- Installing: /home/zzw/ws02_tools/install/cpp02_rosbag/share/cpp02_rosbag/local_setup.zsh
[25.851s] -- Installing: /home/zzw/ws02_tools/install/cpp02_rosbag/share/cpp02_rosbag/local_setup.dsv
[25.852s] -- Installing: /home/zzw/ws02_tools/install/cpp02_rosbag/share/cpp02_rosbag/package.dsv
[25.852s] -- Installing: /home/zzw/ws02_tools/install/cpp02_rosbag/share/ament_index/resource_index/packages/cpp02_rosbag
[25.853s] -- Installing: /home/zzw/ws02_tools/install/cpp02_rosbag/share/cpp02_rosbag/cmake/cpp02_rosbagConfig.cmake
[25.853s] -- Installing: /home/zzw/ws02_tools/install/cpp02_rosbag/share/cpp02_rosbag/cmake/cpp02_rosbagConfig-version.cmake
[25.853s] -- Installing: /home/zzw/ws02_tools/install/cpp02_rosbag/share/cpp02_rosbag/package.xml
[25.857s] Invoked command in '/home/zzw/ws02_tools/build/cpp02_rosbag' returned '0': CMAKE_PREFIX_PATH=/opt/ros/humble /usr/bin/cmake --install /home/zzw/ws02_tools/build/cpp02_rosbag
