[0.753s] DEBUG:colcon:Command line arguments: ['/usr/bin/colcon', 'build']
[0.753s] DEBUG:colcon:Parsed command line arguments: Namespace(log_base=None, log_level=None, verb_name='build', build_base='build', install_base='install', merge_install=False, symlink_install=False, test_result_base=None, continue_on_error=False, executor='parallel', parallel_workers=8, event_handlers=None, ignore_user_meta=False, metas=['./colcon.meta'], base_paths=['.'], packages_ignore=None, packages_ignore_regex=None, paths=None, packages_up_to=None, packages_up_to_regex=None, packages_above=None, packages_above_and_dependencies=None, packages_above_depth=None, packages_select_by_dep=None, packages_skip_by_dep=None, packages_skip_up_to=None, packages_select_build_failed=False, packages_skip_build_finished=False, packages_select_test_failures=False, packages_skip_test_passed=False, packages_select=None, packages_skip=None, packages_select_regex=None, packages_skip_regex=None, packages_start=None, packages_end=None, allow_overriding=[], cmake_args=None, cmake_target=None, cmake_target_skip_unavailable=False, cmake_clean_cache=False, cmake_clean_first=False, cmake_force_configure=False, ament_cmake_args=None, catkin_cmake_args=None, catkin_skip_building_tests=False, verb_parser=<colcon_defaults.argument_parser.defaults.DefaultArgumentsDecorator object at 0x7f4b50d006a0>, verb_extension=<colcon_core.verb.build.BuildVerb object at 0x7f4b51674670>, main=<bound method BuildVerb.main of <colcon_core.verb.build.BuildVerb object at 0x7f4b51674670>>)
[0.799s] Level 1:colcon.colcon_core.package_discovery:discover_packages(colcon_meta) check parameters
[0.799s] Level 1:colcon.colcon_core.package_discovery:discover_packages(recursive) check parameters
[0.799s] Level 1:colcon.colcon_core.package_discovery:discover_packages(ignore) check parameters
[0.799s] Level 1:colcon.colcon_core.package_discovery:discover_packages(path) check parameters
[0.799s] Level 1:colcon.colcon_core.package_discovery:discover_packages(colcon_meta) discover
[0.799s] Level 1:colcon.colcon_core.package_discovery:discover_packages(recursive) discover
[0.799s] INFO:colcon.colcon_core.package_discovery:Crawling recursively for packages in '/home/zzw/ws02_tools'
[0.799s] Level 1:colcon.colcon_core.package_identification:_identify(.) by extensions ['ignore', 'ignore_ament_install']
[0.800s] Level 1:colcon.colcon_core.package_identification:_identify(.) by extension 'ignore'
[0.800s] Level 1:colcon.colcon_core.package_identification:_identify(.) by extension 'ignore_ament_install'
[0.800s] Level 1:colcon.colcon_core.package_identification:_identify(.) by extensions ['colcon_pkg']
[0.800s] Level 1:colcon.colcon_core.package_identification:_identify(.) by extension 'colcon_pkg'
[0.800s] Level 1:colcon.colcon_core.package_identification:_identify(.) by extensions ['colcon_meta']
[0.800s] Level 1:colcon.colcon_core.package_identification:_identify(.) by extension 'colcon_meta'
[0.800s] Level 1:colcon.colcon_core.package_identification:_identify(.) by extensions ['ros']
[0.800s] Level 1:colcon.colcon_core.package_identification:_identify(.) by extension 'ros'
[0.837s] Level 1:colcon.colcon_core.package_identification:_identify(.) by extensions ['cmake', 'python']
[0.837s] Level 1:colcon.colcon_core.package_identification:_identify(.) by extension 'cmake'
[0.837s] Level 1:colcon.colcon_core.package_identification:_identify(.) by extension 'python'
[0.837s] Level 1:colcon.colcon_core.package_identification:_identify(.) by extensions ['python_setup_py']
[0.837s] Level 1:colcon.colcon_core.package_identification:_identify(.) by extension 'python_setup_py'
[0.837s] Level 1:colcon.colcon_core.package_identification:_identify(build) by extensions ['ignore', 'ignore_ament_install']
[0.837s] Level 1:colcon.colcon_core.package_identification:_identify(build) by extension 'ignore'
[0.838s] Level 1:colcon.colcon_core.package_identification:_identify(build) ignored
[0.838s] Level 1:colcon.colcon_core.package_identification:_identify(install) by extensions ['ignore', 'ignore_ament_install']
[0.838s] Level 1:colcon.colcon_core.package_identification:_identify(install) by extension 'ignore'
[0.838s] Level 1:colcon.colcon_core.package_identification:_identify(install) ignored
[0.838s] Level 1:colcon.colcon_core.package_identification:_identify(log) by extensions ['ignore', 'ignore_ament_install']
[0.838s] Level 1:colcon.colcon_core.package_identification:_identify(log) by extension 'ignore'
[0.838s] Level 1:colcon.colcon_core.package_identification:_identify(log) ignored
[0.838s] Level 1:colcon.colcon_core.package_identification:_identify(src) by extensions ['ignore', 'ignore_ament_install']
[0.838s] Level 1:colcon.colcon_core.package_identification:_identify(src) by extension 'ignore'
[0.839s] Level 1:colcon.colcon_core.package_identification:_identify(src) by extension 'ignore_ament_install'
[0.839s] Level 1:colcon.colcon_core.package_identification:_identify(src) by extensions ['colcon_pkg']
[0.839s] Level 1:colcon.colcon_core.package_identification:_identify(src) by extension 'colcon_pkg'
[0.839s] Level 1:colcon.colcon_core.package_identification:_identify(src) by extensions ['colcon_meta']
[0.839s] Level 1:colcon.colcon_core.package_identification:_identify(src) by extension 'colcon_meta'
[0.839s] Level 1:colcon.colcon_core.package_identification:_identify(src) by extensions ['ros']
[0.839s] Level 1:colcon.colcon_core.package_identification:_identify(src) by extension 'ros'
[0.839s] Level 1:colcon.colcon_core.package_identification:_identify(src) by extensions ['cmake', 'python']
[0.839s] Level 1:colcon.colcon_core.package_identification:_identify(src) by extension 'cmake'
[0.839s] Level 1:colcon.colcon_core.package_identification:_identify(src) by extension 'python'
[0.839s] Level 1:colcon.colcon_core.package_identification:_identify(src) by extensions ['python_setup_py']
[0.839s] Level 1:colcon.colcon_core.package_identification:_identify(src) by extension 'python_setup_py'
[0.839s] Level 1:colcon.colcon_core.package_identification:_identify(src/cpp01_launch) by extensions ['ignore', 'ignore_ament_install']
[0.840s] Level 1:colcon.colcon_core.package_identification:_identify(src/cpp01_launch) by extension 'ignore'
[0.840s] Level 1:colcon.colcon_core.package_identification:_identify(src/cpp01_launch) by extension 'ignore_ament_install'
[0.840s] Level 1:colcon.colcon_core.package_identification:_identify(src/cpp01_launch) by extensions ['colcon_pkg']
[0.840s] Level 1:colcon.colcon_core.package_identification:_identify(src/cpp01_launch) by extension 'colcon_pkg'
[0.840s] Level 1:colcon.colcon_core.package_identification:_identify(src/cpp01_launch) by extensions ['colcon_meta']
[0.840s] Level 1:colcon.colcon_core.package_identification:_identify(src/cpp01_launch) by extension 'colcon_meta'
[0.840s] Level 1:colcon.colcon_core.package_identification:_identify(src/cpp01_launch) by extensions ['ros']
[0.840s] Level 1:colcon.colcon_core.package_identification:_identify(src/cpp01_launch) by extension 'ros'
[0.846s] DEBUG:colcon.colcon_core.package_identification:Package 'src/cpp01_launch' with type 'ros.ament_cmake' and name 'cpp01_launch'
[0.846s] Level 1:colcon.colcon_core.package_identification:_identify(src/py01_launch) by extensions ['ignore', 'ignore_ament_install']
[0.846s] Level 1:colcon.colcon_core.package_identification:_identify(src/py01_launch) by extension 'ignore'
[0.846s] Level 1:colcon.colcon_core.package_identification:_identify(src/py01_launch) by extension 'ignore_ament_install'
[0.846s] Level 1:colcon.colcon_core.package_identification:_identify(src/py01_launch) by extensions ['colcon_pkg']
[0.847s] Level 1:colcon.colcon_core.package_identification:_identify(src/py01_launch) by extension 'colcon_pkg'
[0.847s] Level 1:colcon.colcon_core.package_identification:_identify(src/py01_launch) by extensions ['colcon_meta']
[0.847s] Level 1:colcon.colcon_core.package_identification:_identify(src/py01_launch) by extension 'colcon_meta'
[0.847s] Level 1:colcon.colcon_core.package_identification:_identify(src/py01_launch) by extensions ['ros']
[0.847s] Level 1:colcon.colcon_core.package_identification:_identify(src/py01_launch) by extension 'ros'
[0.848s] DEBUG:colcon.colcon_core.package_identification:Package 'src/py01_launch' with type 'ros.ament_python' and name 'py01_launch'
[0.848s] Level 1:colcon.colcon_core.package_discovery:discover_packages(recursive) using defaults
[0.848s] Level 1:colcon.colcon_core.package_discovery:discover_packages(ignore) discover
[0.848s] Level 1:colcon.colcon_core.package_discovery:discover_packages(ignore) using defaults
[0.848s] Level 1:colcon.colcon_core.package_discovery:discover_packages(path) discover
[0.848s] Level 1:colcon.colcon_core.package_discovery:discover_packages(path) using defaults
[0.893s] Level 1:colcon.colcon_core.package_discovery:discover_packages(prefix_path) check parameters
[0.894s] Level 1:colcon.colcon_core.package_discovery:discover_packages(prefix_path) discover
[0.898s] DEBUG:colcon.colcon_installed_package_information.package_discovery:Found 327 installed packages in /opt/ros/humble
[0.900s] Level 1:colcon.colcon_core.package_discovery:discover_packages(prefix_path) using defaults
[0.986s] Level 5:colcon.colcon_core.verb:set package 'cpp01_launch' build argument 'cmake_args' from command line to 'None'
[0.986s] Level 5:colcon.colcon_core.verb:set package 'cpp01_launch' build argument 'cmake_target' from command line to 'None'
[0.987s] Level 5:colcon.colcon_core.verb:set package 'cpp01_launch' build argument 'cmake_target_skip_unavailable' from command line to 'False'
[0.987s] Level 5:colcon.colcon_core.verb:set package 'cpp01_launch' build argument 'cmake_clean_cache' from command line to 'False'
[0.987s] Level 5:colcon.colcon_core.verb:set package 'cpp01_launch' build argument 'cmake_clean_first' from command line to 'False'
[0.987s] Level 5:colcon.colcon_core.verb:set package 'cpp01_launch' build argument 'cmake_force_configure' from command line to 'False'
[0.987s] Level 5:colcon.colcon_core.verb:set package 'cpp01_launch' build argument 'ament_cmake_args' from command line to 'None'
[0.987s] Level 5:colcon.colcon_core.verb:set package 'cpp01_launch' build argument 'catkin_cmake_args' from command line to 'None'
[0.987s] Level 5:colcon.colcon_core.verb:set package 'cpp01_launch' build argument 'catkin_skip_building_tests' from command line to 'False'
[0.987s] DEBUG:colcon.colcon_core.verb:Building package 'cpp01_launch' with the following arguments: {'ament_cmake_args': None, 'build_base': '/home/zzw/ws02_tools/build/cpp01_launch', 'catkin_cmake_args': None, 'catkin_skip_building_tests': False, 'cmake_args': None, 'cmake_clean_cache': False, 'cmake_clean_first': False, 'cmake_force_configure': False, 'cmake_target': None, 'cmake_target_skip_unavailable': False, 'install_base': '/home/zzw/ws02_tools/install/cpp01_launch', 'merge_install': False, 'path': '/home/zzw/ws02_tools/src/cpp01_launch', 'symlink_install': False, 'test_result_base': None}
[0.988s] Level 5:colcon.colcon_core.verb:set package 'py01_launch' build argument 'cmake_args' from command line to 'None'
[0.989s] Level 5:colcon.colcon_core.verb:set package 'py01_launch' build argument 'cmake_target' from command line to 'None'
[0.989s] Level 5:colcon.colcon_core.verb:set package 'py01_launch' build argument 'cmake_target_skip_unavailable' from command line to 'False'
[0.989s] Level 5:colcon.colcon_core.verb:set package 'py01_launch' build argument 'cmake_clean_cache' from command line to 'False'
[0.989s] Level 5:colcon.colcon_core.verb:set package 'py01_launch' build argument 'cmake_clean_first' from command line to 'False'
[0.989s] Level 5:colcon.colcon_core.verb:set package 'py01_launch' build argument 'cmake_force_configure' from command line to 'False'
[0.989s] Level 5:colcon.colcon_core.verb:set package 'py01_launch' build argument 'ament_cmake_args' from command line to 'None'
[0.989s] Level 5:colcon.colcon_core.verb:set package 'py01_launch' build argument 'catkin_cmake_args' from command line to 'None'
[0.989s] Level 5:colcon.colcon_core.verb:set package 'py01_launch' build argument 'catkin_skip_building_tests' from command line to 'False'
[0.989s] DEBUG:colcon.colcon_core.verb:Building package 'py01_launch' with the following arguments: {'ament_cmake_args': None, 'build_base': '/home/zzw/ws02_tools/build/py01_launch', 'catkin_cmake_args': None, 'catkin_skip_building_tests': False, 'cmake_args': None, 'cmake_clean_cache': False, 'cmake_clean_first': False, 'cmake_force_configure': False, 'cmake_target': None, 'cmake_target_skip_unavailable': False, 'install_base': '/home/zzw/ws02_tools/install/py01_launch', 'merge_install': False, 'path': '/home/zzw/ws02_tools/src/py01_launch', 'symlink_install': False, 'test_result_base': None}
[0.990s] INFO:colcon.colcon_core.executor:Executing jobs using 'parallel' executor
[0.996s] DEBUG:colcon.colcon_parallel_executor.executor.parallel:run_until_complete
[0.998s] INFO:colcon.colcon_ros.task.ament_cmake.build:Building ROS package in '/home/zzw/ws02_tools/src/cpp01_launch' with build type 'ament_cmake'
[0.999s] INFO:colcon.colcon_cmake.task.cmake.build:Building CMake package in '/home/zzw/ws02_tools/src/cpp01_launch'
[1.012s] INFO:colcon.colcon_core.plugin_system:Skipping extension 'colcon_core.shell.bat': Not used on non-Windows systems
[1.013s] INFO:colcon.colcon_core.shell:Skip shell extension 'powershell' for command environment: Not usable outside of PowerShell
[1.013s] DEBUG:colcon.colcon_core.shell:Skip shell extension 'dsv' for command environment
[1.020s] INFO:colcon.colcon_ros.task.ament_python.build:Building ROS package in '/home/zzw/ws02_tools/src/py01_launch' with build type 'ament_python'
[1.020s] Level 1:colcon.colcon_core.shell:create_environment_hook('py01_launch', 'ament_prefix_path')
[1.023s] INFO:colcon.colcon_core.shell:Creating environment hook '/home/zzw/ws02_tools/install/py01_launch/share/py01_launch/hook/ament_prefix_path.ps1'
[1.025s] INFO:colcon.colcon_core.shell:Creating environment descriptor '/home/zzw/ws02_tools/install/py01_launch/share/py01_launch/hook/ament_prefix_path.dsv'
[1.026s] INFO:colcon.colcon_core.shell:Creating environment hook '/home/zzw/ws02_tools/install/py01_launch/share/py01_launch/hook/ament_prefix_path.sh'
[1.029s] INFO:colcon.colcon_core.shell:Skip shell extension 'powershell' for command environment: Not usable outside of PowerShell
[1.029s] DEBUG:colcon.colcon_core.shell:Skip shell extension 'dsv' for command environment
[1.050s] DEBUG:colcon.colcon_core.event_handler.log_command:Invoking command in '/home/zzw/ws02_tools/build/cpp01_launch': CMAKE_PREFIX_PATH=/opt/ros/humble /usr/bin/cmake --build /home/zzw/ws02_tools/build/cpp01_launch -- -j8 -l8
[1.421s] INFO:colcon.colcon_core.task.python.build:Building Python package in '/home/zzw/ws02_tools/src/py01_launch'
[1.423s] INFO:colcon.colcon_core.shell:Skip shell extension 'powershell' for command environment: Not usable outside of PowerShell
[1.424s] DEBUG:colcon.colcon_core.shell:Skip shell extension 'dsv' for command environment
[2.025s] DEBUG:colcon.colcon_core.event_handler.log_command:Invoking command in '/home/zzw/ws02_tools/src/py01_launch': PYTHONPATH=/home/zzw/ws02_tools/build/py01_launch/prefix_override:/home/zzw/ws02_tools/install/py01_launch/lib/python3.10/site-packages:${PYTHONPATH} /usr/bin/python3 setup.py egg_info --egg-base ../../build/py01_launch build --build-base /home/zzw/ws02_tools/build/py01_launch/build install --record /home/zzw/ws02_tools/build/py01_launch/install.log --single-version-externally-managed
[2.422s] DEBUG:colcon.colcon_core.event_handler.log_command:Invoked command in '/home/zzw/ws02_tools/src/py01_launch' returned '0': PYTHONPATH=/home/zzw/ws02_tools/build/py01_launch/prefix_override:/home/zzw/ws02_tools/install/py01_launch/lib/python3.10/site-packages:${PYTHONPATH} /usr/bin/python3 setup.py egg_info --egg-base ../../build/py01_launch build --build-base /home/zzw/ws02_tools/build/py01_launch/build install --record /home/zzw/ws02_tools/build/py01_launch/install.log --single-version-externally-managed
[2.434s] Level 1:colcon.colcon_core.environment:checking '/home/zzw/ws02_tools/install/py01_launch' for CMake module files
[2.434s] Level 1:colcon.colcon_core.environment:checking '/home/zzw/ws02_tools/install/py01_launch' for CMake config files
[2.435s] Level 1:colcon.colcon_core.environment:checking '/home/zzw/ws02_tools/install/py01_launch/lib'
[2.436s] Level 1:colcon.colcon_core.environment:checking '/home/zzw/ws02_tools/install/py01_launch/bin'
[2.436s] Level 1:colcon.colcon_core.environment:checking '/home/zzw/ws02_tools/install/py01_launch/lib/pkgconfig/py01_launch.pc'
[2.436s] Level 1:colcon.colcon_core.environment:checking '/home/zzw/ws02_tools/install/py01_launch/lib/python3.10/site-packages'
[2.436s] Level 1:colcon.colcon_core.shell:create_environment_hook('py01_launch', 'pythonpath')
[2.438s] INFO:colcon.colcon_core.shell:Creating environment hook '/home/zzw/ws02_tools/install/py01_launch/share/py01_launch/hook/pythonpath.ps1'
[2.439s] INFO:colcon.colcon_core.shell:Creating environment descriptor '/home/zzw/ws02_tools/install/py01_launch/share/py01_launch/hook/pythonpath.dsv'
[2.440s] INFO:colcon.colcon_core.shell:Creating environment hook '/home/zzw/ws02_tools/install/py01_launch/share/py01_launch/hook/pythonpath.sh'
[2.442s] Level 1:colcon.colcon_core.environment:checking '/home/zzw/ws02_tools/install/py01_launch/bin'
[2.442s] Level 1:colcon.colcon_core.environment:create_environment_scripts_only(py01_launch)
[2.444s] INFO:colcon.colcon_core.shell:Creating package script '/home/zzw/ws02_tools/install/py01_launch/share/py01_launch/package.ps1'
[2.446s] INFO:colcon.colcon_core.shell:Creating package descriptor '/home/zzw/ws02_tools/install/py01_launch/share/py01_launch/package.dsv'
[2.447s] INFO:colcon.colcon_core.shell:Creating package script '/home/zzw/ws02_tools/install/py01_launch/share/py01_launch/package.sh'
[2.449s] INFO:colcon.colcon_core.shell:Creating package script '/home/zzw/ws02_tools/install/py01_launch/share/py01_launch/package.bash'
[2.451s] INFO:colcon.colcon_core.shell:Creating package script '/home/zzw/ws02_tools/install/py01_launch/share/py01_launch/package.zsh'
[2.453s] Level 1:colcon.colcon_core.environment:create_file_with_runtime_dependencies(/home/zzw/ws02_tools/install/py01_launch/share/colcon-core/packages/py01_launch)
[16.571s] DEBUG:colcon.colcon_core.event_handler.log_command:Invoked command in '/home/zzw/ws02_tools/build/cpp01_launch' returned '0': CMAKE_PREFIX_PATH=/opt/ros/humble /usr/bin/cmake --build /home/zzw/ws02_tools/build/cpp01_launch -- -j8 -l8
[16.606s] DEBUG:colcon.colcon_core.event_handler.log_command:Invoking command in '/home/zzw/ws02_tools/build/cpp01_launch': CMAKE_PREFIX_PATH=/opt/ros/humble /usr/bin/cmake --install /home/zzw/ws02_tools/build/cpp01_launch
[16.629s] Level 1:colcon.colcon_core.environment:create_environment_scripts_only(cpp01_launch)
[16.632s] Level 1:colcon.colcon_core.environment:checking '/home/zzw/ws02_tools/install/cpp01_launch' for CMake module files
[16.633s] DEBUG:colcon.colcon_core.event_handler.log_command:Invoked command in '/home/zzw/ws02_tools/build/cpp01_launch' returned '0': CMAKE_PREFIX_PATH=/opt/ros/humble /usr/bin/cmake --install /home/zzw/ws02_tools/build/cpp01_launch
[16.633s] Level 1:colcon.colcon_core.environment:checking '/home/zzw/ws02_tools/install/cpp01_launch' for CMake config files
[16.634s] Level 1:colcon.colcon_core.shell:create_environment_hook('cpp01_launch', 'cmake_prefix_path')
[16.637s] INFO:colcon.colcon_core.shell:Creating environment hook '/home/zzw/ws02_tools/install/cpp01_launch/share/cpp01_launch/hook/cmake_prefix_path.ps1'
[16.638s] INFO:colcon.colcon_core.shell:Creating environment descriptor '/home/zzw/ws02_tools/install/cpp01_launch/share/cpp01_launch/hook/cmake_prefix_path.dsv'
[16.639s] INFO:colcon.colcon_core.shell:Creating environment hook '/home/zzw/ws02_tools/install/cpp01_launch/share/cpp01_launch/hook/cmake_prefix_path.sh'
[16.641s] Level 1:colcon.colcon_core.environment:checking '/home/zzw/ws02_tools/install/cpp01_launch/bin'
[16.641s] Level 1:colcon.colcon_core.environment:checking '/home/zzw/ws02_tools/install/cpp01_launch/lib/pkgconfig/cpp01_launch.pc'
[16.641s] Level 1:colcon.colcon_core.environment:checking '/home/zzw/ws02_tools/install/cpp01_launch/lib/python3.10/site-packages'
[16.641s] Level 1:colcon.colcon_core.environment:checking '/home/zzw/ws02_tools/install/cpp01_launch/bin'
[16.643s] INFO:colcon.colcon_core.shell:Creating package script '/home/zzw/ws02_tools/install/cpp01_launch/share/cpp01_launch/package.ps1'
[16.645s] INFO:colcon.colcon_core.shell:Creating package descriptor '/home/zzw/ws02_tools/install/cpp01_launch/share/cpp01_launch/package.dsv'
[16.646s] INFO:colcon.colcon_core.shell:Creating package script '/home/zzw/ws02_tools/install/cpp01_launch/share/cpp01_launch/package.sh'
[16.648s] INFO:colcon.colcon_core.shell:Creating package script '/home/zzw/ws02_tools/install/cpp01_launch/share/cpp01_launch/package.bash'
[16.649s] INFO:colcon.colcon_core.shell:Creating package script '/home/zzw/ws02_tools/install/cpp01_launch/share/cpp01_launch/package.zsh'
[16.649s] Level 1:colcon.colcon_core.environment:create_file_with_runtime_dependencies(/home/zzw/ws02_tools/install/cpp01_launch/share/colcon-core/packages/cpp01_launch)
[16.675s] Level 1:colcon.colcon_core.environment:create_environment_scripts_only(cpp01_launch)
[16.678s] Level 1:colcon.colcon_core.environment:checking '/home/zzw/ws02_tools/install/cpp01_launch' for CMake module files
[16.678s] Level 1:colcon.colcon_core.environment:checking '/home/zzw/ws02_tools/install/cpp01_launch' for CMake config files
[16.678s] Level 1:colcon.colcon_core.shell:create_environment_hook('cpp01_launch', 'cmake_prefix_path')
[16.680s] INFO:colcon.colcon_core.shell:Creating environment hook '/home/zzw/ws02_tools/install/cpp01_launch/share/cpp01_launch/hook/cmake_prefix_path.ps1'
[16.680s] INFO:colcon.colcon_core.shell:Creating environment descriptor '/home/zzw/ws02_tools/install/cpp01_launch/share/cpp01_launch/hook/cmake_prefix_path.dsv'
[16.681s] INFO:colcon.colcon_core.shell:Creating environment hook '/home/zzw/ws02_tools/install/cpp01_launch/share/cpp01_launch/hook/cmake_prefix_path.sh'
[16.682s] Level 1:colcon.colcon_core.environment:checking '/home/zzw/ws02_tools/install/cpp01_launch/bin'
[16.682s] Level 1:colcon.colcon_core.environment:checking '/home/zzw/ws02_tools/install/cpp01_launch/lib/pkgconfig/cpp01_launch.pc'
[16.682s] Level 1:colcon.colcon_core.environment:checking '/home/zzw/ws02_tools/install/cpp01_launch/lib/python3.10/site-packages'
[16.682s] Level 1:colcon.colcon_core.environment:checking '/home/zzw/ws02_tools/install/cpp01_launch/bin'
[16.684s] INFO:colcon.colcon_core.shell:Creating package script '/home/zzw/ws02_tools/install/cpp01_launch/share/cpp01_launch/package.ps1'
[16.685s] INFO:colcon.colcon_core.shell:Creating package descriptor '/home/zzw/ws02_tools/install/cpp01_launch/share/cpp01_launch/package.dsv'
[16.685s] INFO:colcon.colcon_core.shell:Creating package script '/home/zzw/ws02_tools/install/cpp01_launch/share/cpp01_launch/package.sh'
[16.686s] INFO:colcon.colcon_core.shell:Creating package script '/home/zzw/ws02_tools/install/cpp01_launch/share/cpp01_launch/package.bash'
[16.686s] INFO:colcon.colcon_core.shell:Creating package script '/home/zzw/ws02_tools/install/cpp01_launch/share/cpp01_launch/package.zsh'
[16.687s] Level 1:colcon.colcon_core.environment:create_file_with_runtime_dependencies(/home/zzw/ws02_tools/install/cpp01_launch/share/colcon-core/packages/cpp01_launch)
[16.687s] DEBUG:colcon.colcon_parallel_executor.executor.parallel:closing loop
[16.688s] DEBUG:colcon.colcon_parallel_executor.executor.parallel:loop closed
[16.689s] DEBUG:colcon.colcon_parallel_executor.executor.parallel:run_until_complete finished with '0'
[16.689s] DEBUG:colcon.colcon_core.event_reactor:joining thread
[16.711s] INFO:colcon.colcon_core.plugin_system:Skipping extension 'colcon_notification.desktop_notification.terminal_notifier': Not used on non-Darwin systems
[16.711s] INFO:colcon.colcon_core.plugin_system:Skipping extension 'colcon_notification.desktop_notification.win32': Not used on non-Windows systems
[16.711s] INFO:colcon.colcon_notification.desktop_notification:Sending desktop notification using 'notify2'
[16.893s] DEBUG:colcon.colcon_core.event_reactor:joined thread
[16.897s] INFO:colcon.colcon_core.shell:Creating prefix script '/home/zzw/ws02_tools/install/local_setup.ps1'
[16.899s] INFO:colcon.colcon_core.shell:Creating prefix util module '/home/zzw/ws02_tools/install/_local_setup_util_ps1.py'
[16.902s] INFO:colcon.colcon_core.shell:Creating prefix chain script '/home/zzw/ws02_tools/install/setup.ps1'
[16.905s] INFO:colcon.colcon_core.shell:Creating prefix script '/home/zzw/ws02_tools/install/local_setup.sh'
[16.907s] INFO:colcon.colcon_core.shell:Creating prefix util module '/home/zzw/ws02_tools/install/_local_setup_util_sh.py'
[16.909s] INFO:colcon.colcon_core.shell:Creating prefix chain script '/home/zzw/ws02_tools/install/setup.sh'
[16.911s] INFO:colcon.colcon_core.shell:Creating prefix script '/home/zzw/ws02_tools/install/local_setup.bash'
[16.912s] INFO:colcon.colcon_core.shell:Creating prefix chain script '/home/zzw/ws02_tools/install/setup.bash'
[16.915s] INFO:colcon.colcon_core.shell:Creating prefix script '/home/zzw/ws02_tools/install/local_setup.zsh'
[16.916s] INFO:colcon.colcon_core.shell:Creating prefix chain script '/home/zzw/ws02_tools/install/setup.zsh'
