[1.384s] Invoking command in '/home/zzw/ws02_tools/src/py05_exercise': PYTHONPATH=/home/zzw/ws02_tools/build/py05_exercise/prefix_override:/home/zzw/ws02_tools/install/py05_exercise/lib/python3.10/site-packages:${PYTHONPATH} /usr/bin/python3 setup.py egg_info --egg-base ../../build/py05_exercise build --build-base /home/zzw/ws02_tools/build/py05_exercise/build install --record /home/zzw/ws02_tools/build/py05_exercise/install.log --single-version-externally-managed
[1.657s] running egg_info
[1.658s] writing ../../build/py05_exercise/py05_exercise.egg-info/PKG-INFO
[1.658s] writing dependency_links to ../../build/py05_exercise/py05_exercise.egg-info/dependency_links.txt
[1.659s] writing entry points to ../../build/py05_exercise/py05_exercise.egg-info/entry_points.txt
[1.659s] writing requirements to ../../build/py05_exercise/py05_exercise.egg-info/requires.txt
[1.659s] writing top-level names to ../../build/py05_exercise/py05_exercise.egg-info/top_level.txt
[1.661s] reading manifest file '../../build/py05_exercise/py05_exercise.egg-info/SOURCES.txt'
[1.685s] writing manifest file '../../build/py05_exercise/py05_exercise.egg-info/SOURCES.txt'
[1.685s] running build
[1.686s] running build_py
[1.686s] copying py05_exercise/exer01_spawn_py.py -> /home/zzw/ws02_tools/build/py05_exercise/build/lib/py05_exercise
[1.686s] running install
[1.696s] /usr/lib/python3/dist-packages/setuptools/command/install.py:34: SetuptoolsDeprecationWarning: setup.py install is deprecated. Use build and pip and other standards-based tools.
[1.696s]   warnings.warn(
[1.697s] running install_lib
[1.698s] copying /home/zzw/ws02_tools/build/py05_exercise/build/lib/py05_exercise/exer01_spawn_py.py -> /home/zzw/ws02_tools/install/py05_exercise/lib/python3.10/site-packages/py05_exercise
[1.699s] byte-compiling /home/zzw/ws02_tools/install/py05_exercise/lib/python3.10/site-packages/py05_exercise/exer01_spawn_py.py to exer01_spawn_py.cpython-310.pyc
[1.700s] running install_data
[1.701s] copying launch/follow.launch.xml -> /home/zzw/ws02_tools/install/py05_exercise/share/py05_exercise
[1.701s] running install_egg_info
[1.704s] removing '/home/zzw/ws02_tools/install/py05_exercise/lib/python3.10/site-packages/py05_exercise-0.0.0-py3.10.egg-info' (and everything under it)
[1.704s] Copying ../../build/py05_exercise/py05_exercise.egg-info to /home/zzw/ws02_tools/install/py05_exercise/lib/python3.10/site-packages/py05_exercise-0.0.0-py3.10.egg-info
[1.715s] running install_scripts
[1.741s] Installing exer01_spawn_py script to /home/zzw/ws02_tools/install/py05_exercise/lib/py05_exercise
[1.742s] Installing exer02_tf_broadcaster_py script to /home/zzw/ws02_tools/install/py05_exercise/lib/py05_exercise
[1.742s] Installing exer03_tf_listener_py script to /home/zzw/ws02_tools/install/py05_exercise/lib/py05_exercise
[1.742s] writing list of installed files to '/home/zzw/ws02_tools/build/py05_exercise/install.log'
[1.780s] Invoked command in '/home/zzw/ws02_tools/src/py05_exercise' returned '0': PYTHONPATH=/home/zzw/ws02_tools/build/py05_exercise/prefix_override:/home/zzw/ws02_tools/install/py05_exercise/lib/python3.10/site-packages:${PYTHONPATH} /usr/bin/python3 setup.py egg_info --egg-base ../../build/py05_exercise build --build-base /home/zzw/ws02_tools/build/py05_exercise/build install --record /home/zzw/ws02_tools/build/py05_exercise/install.log --single-version-externally-managed
