[0.049s] Invoking command in '/home/zzw/ws02_tools/build/cpp01_launch': CMAKE_PREFIX_PATH=${CMAKE_PREFIX_PATH}:/home/zzw/ws02_tools/install/py01_launch:/opt/ros/humble /usr/bin/cmake --build /home/zzw/ws02_tools/build/cpp01_launch -- -j8 -l8
[0.368s] Invoked command in '/home/zzw/ws02_tools/build/cpp01_launch' returned '0': CMAKE_PREFIX_PATH=${CMAKE_PREFIX_PATH}:/home/zzw/ws02_tools/install/py01_launch:/opt/ros/humble /usr/bin/cmake --build /home/zzw/ws02_tools/build/cpp01_launch -- -j8 -l8
[0.405s] Invoking command in '/home/zzw/ws02_tools/build/cpp01_launch': CMAKE_PREFIX_PATH=${CMAKE_PREFIX_PATH}:/home/zzw/ws02_tools/install/py01_launch:/opt/ros/humble /usr/bin/cmake --install /home/zzw/ws02_tools/build/cpp01_launch
[0.413s] -- Install configuration: ""
[0.414s] -- Up-to-date: /home/zzw/ws02_tools/install/cpp01_launch/share/cpp01_launch/launch
[0.415s] -- Up-to-date: /home/zzw/ws02_tools/install/cpp01_launch/share/cpp01_launch/launch/yaml
[0.415s] -- Up-to-date: /home/zzw/ws02_tools/install/cpp01_launch/share/cpp01_launch/launch/yaml/yaml01_helloworld_launch.yaml
[0.416s] -- Up-to-date: /home/zzw/ws02_tools/install/cpp01_launch/share/cpp01_launch/launch/py
[0.416s] -- Installing: /home/zzw/ws02_tools/install/cpp01_launch/share/cpp01_launch/launch/py/py02_node_launch.py
[0.417s] -- Up-to-date: /home/zzw/ws02_tools/install/cpp01_launch/share/cpp01_launch/launch/py/py01_helloworld_launch.py
[0.417s] -- Up-to-date: /home/zzw/ws02_tools/install/cpp01_launch/share/cpp01_launch/launch/xml
[0.417s] -- Up-to-date: /home/zzw/ws02_tools/install/cpp01_launch/share/cpp01_launch/launch/xml/xm01_helloworld_launch.xml
[0.417s] -- Up-to-date: /home/zzw/ws02_tools/install/cpp01_launch/share/cpp01_launch/config
[0.418s] -- Up-to-date: /home/zzw/ws02_tools/install/cpp01_launch/share/cpp01_launch/config/turtle2.yaml
[0.418s] -- Up-to-date: /home/zzw/ws02_tools/install/cpp01_launch/share/ament_index/resource_index/package_run_dependencies/cpp01_launch
[0.420s] -- Up-to-date: /home/zzw/ws02_tools/install/cpp01_launch/share/ament_index/resource_index/parent_prefix_path/cpp01_launch
[0.423s] -- Up-to-date: /home/zzw/ws02_tools/install/cpp01_launch/share/cpp01_launch/environment/ament_prefix_path.sh
[0.426s] -- Up-to-date: /home/zzw/ws02_tools/install/cpp01_launch/share/cpp01_launch/environment/ament_prefix_path.dsv
[0.427s] -- Up-to-date: /home/zzw/ws02_tools/install/cpp01_launch/share/cpp01_launch/environment/path.sh
[0.429s] -- Up-to-date: /home/zzw/ws02_tools/install/cpp01_launch/share/cpp01_launch/environment/path.dsv
[0.430s] -- Up-to-date: /home/zzw/ws02_tools/install/cpp01_launch/share/cpp01_launch/local_setup.bash
[0.433s] -- Up-to-date: /home/zzw/ws02_tools/install/cpp01_launch/share/cpp01_launch/local_setup.sh
[0.434s] -- Up-to-date: /home/zzw/ws02_tools/install/cpp01_launch/share/cpp01_launch/local_setup.zsh
[0.437s] -- Up-to-date: /home/zzw/ws02_tools/install/cpp01_launch/share/cpp01_launch/local_setup.dsv
[0.438s] -- Installing: /home/zzw/ws02_tools/install/cpp01_launch/share/cpp01_launch/package.dsv
[0.438s] -- Up-to-date: /home/zzw/ws02_tools/install/cpp01_launch/share/ament_index/resource_index/packages/cpp01_launch
[0.439s] -- Up-to-date: /home/zzw/ws02_tools/install/cpp01_launch/share/cpp01_launch/cmake/cpp01_launchConfig.cmake
[0.440s] -- Up-to-date: /home/zzw/ws02_tools/install/cpp01_launch/share/cpp01_launch/cmake/cpp01_launchConfig-version.cmake
[0.440s] -- Up-to-date: /home/zzw/ws02_tools/install/cpp01_launch/share/cpp01_launch/package.xml
[0.441s] Invoked command in '/home/zzw/ws02_tools/build/cpp01_launch' returned '0': CMAKE_PREFIX_PATH=${CMAKE_PREFIX_PATH}:/home/zzw/ws02_tools/install/py01_launch:/opt/ros/humble /usr/bin/cmake --install /home/zzw/ws02_tools/build/cpp01_launch
